1 1362594587 CA32C6B4-868B-11E2-99AF-E40F90A2CD6A !  0 0 0 3697408 22312 69952 0 0 0 0 95 141 0 0 100 0
2 1362594602 D33131F6-868B-11E2-99AF-E40F90A2CD6A !  0 0 0 3689692 22356 70004 0 0 0 6 148 222 0 0 100 0
3 1362594617 DC20F404-868B-11E2-99AF-E40F90A2CD6A !  0 0 0 3682364 22388 70052 0 0 0 38 210 311 0 0 98 2
4 1362594632 E5089AEA-868B-11E2-99AF-E40F90A2CD6A !  0 0 0 3675064 22420 70104 0 0 0 11 263 382 0 0 100 0
5 1362594647 EDF46FF8-868B-11E2-99AF-E40F90A2CD6A !  0 0 0 3667784 22456 70148 0 0 0 8 325 471 0 0 100 0
6 1362594662 F6E08408-868B-11E2-99AF-E40F90A2CD6A !  0 0 0 3660132 22488 70192 0 0 0 11 384 549 0 0 100 0
7 1362594677 FFCD2F3A-868B-11E2-99AF-E40F90A2CD6A !  0 0 0 3648960 22516 70244 0 0 0 8 442 632 0 0 100 0
8 1362594692 08B55744-868C-11E2-99AF-E40F90A2CD6A !  0 0 0 3641680 22548 70288 0 0 0 12 502 712 0 0 100 0
9 1362594707 119E1F26-868C-11E2-99AF-E40F90A2CD6A !  0 0 0 3634216 22572 70336 0 0 0 9 560 794 0 0 100 0
10 1362594722 1A8880C2-868C-11E2-99AF-E40F90A2CD6A !  0 0 0 3626708 22604 70380 0 0 0 6 619 874 0 0 100 0
11 1362594737 236FFD46-868C-11E2-99AF-E40F90A2CD6A !  0 0 0 3619380 22624 70424 0 0 0 6 679 955 0 0 100 0
12 1362594752 2C5BF2F2-868C-11E2-99AF-E40F90A2CD6A !  1 0 0 3610196 22652 70468 0 0 0 6 739 1037 0 0 100 0
13 1362594767 35461262-868C-11E2-99AF-E40F90A2CD6A !  0 0 0 3601068 22680 70512 0 0 0 1 794 1117 0 0 100 0
14 1362594782 3E2DFBBA-868C-11E2-99AF-E40F90A2CD6A !  0 0 0 3593384 22712 70560 0 0 0 6 858 1200 0 0 100 0
15 1362594797 471B5DBC-868C-11E2-99AF-E40F90A2CD6A !  0 0 0 3585464 22736 70608 0 0 0 28 914 1288 0 0 100 0
16 1362594812 501C2A5E-868C-11E2-99AF-E40F90A2CD6A !  0 0 0 3578888 22768 70652 0 0 0 6 976 1365 0 0 100 0
17 1362594827 5906F900-868C-11E2-99AF-E40F90A2CD6A !  0 0 0 3571272 22792 70696 0 0 0 6 1030 1443 0 0 100 0
18 1362594842 61ED6108-868C-11E2-99AF-E40F90A2CD6A !  0 0 0 3563736 22820 70744 0 0 0 6 1091 1526 0 0 99 0
19 1362594857 6AD8593A-868C-11E2-99AF-E40F90A2CD6A !  0 0 0 3556596 22852 70792 0 0 0 0 1147 1602 0 0 100 0
20 1362594871 73C4329E-868C-11E2-99AF-E40F90A2CD6A !  0 0 0 3544648 22888 70844 0 0 0 30 1210 1689 0 0 100 0
21 1362594886 7CAC6DFE-868C-11E2-99AF-E40F90A2CD6A !  0 0 0 3537872 22916 70892 0 0 0 6 1269 1772 0 0 99 0
22 1362594901 8595456C-868C-11E2-99AF-E40F90A2CD6A !  0 0 0 3530164 22940 70944 0 0 0 6 1325 1851 0 0 100 0
23 1362594916 8E80A572-868C-11E2-99AF-E40F90A2CD6A !  0 0 0 3522892 22968 71000 0 0 0 1 1379 1928 0 0 99 0
24 1362594931 976BFB78-868C-11E2-99AF-E40F90A2CD6A !  0 0 0 3515420 23004 71044 0 0 0 8 1446 2016 0 1 99 0
25 1362594946 A059C328-868C-11E2-99AF-E40F90A2CD6A !  0 0 0 3507896 23032 71088 0 0 0 33 1507 2091 0 0 99 0
26 1362594961 A945176C-868C-11E2-99AF-E40F90A2CD6A !  0 0 0 3498904 23056 71136 0 0 0 6 1560 2181 0 0 99 0
27 1362594976 B22FD402-868C-11E2-99AF-E40F90A2CD6A !  0 0 0 3489088 23080 71184 0 0 0 6 1625 2263 0 1 99 0
28 1362594991 BB1F0984-868C-11E2-99AF-E40F90A2CD6A !  0 0 0 3481836 23104 71236 0 0 0 6 1682 2344 0 0 99 0
29 1362595006 C4098538-868C-11E2-99AF-E40F90A2CD6A !  0 0 0 3474284 23124 71284 0 0 0 0 1735 2418 0 0 100 0
30 1362595021 CCF44778-868C-11E2-99AF-E40F90A2CD6A !  0 0 0 3466588 23156 71332 0 0 0 29 1805 2513 0 1 99 0
31 1362595036 D5E0A0FC-868C-11E2-99AF-E40F90A2CD6A !  0 0 0 3459192 23176 71380 0 0 0 0 1858 2586 0 1 99 0
32 1362595051 DECB3CAE-868C-11E2-99AF-E40F90A2CD6A !  0 0 0 3451764 23212 71432 0 0 0 6 1915 2669 0 0 99 0
33 1362595066 E7B35252-868C-11E2-99AF-E40F90A2CD6A !  0 0 0 3440324 23236 71480 0 0 0 6 1977 2746 0 1 99 0
34 1362595081 F0A089D4-868C-11E2-99AF-E40F90A2CD6A !  1 0 0 3432956 23256 71532 0 0 0 0 2041 2836 0 1 99 0
35 1362595096 F989481A-868C-11E2-99AF-E40F90A2CD6A !  0 0 0 3425260 23288 71580 0 0 0 6 2091 2914 0 1 99 0
36 1362595111 02760D82-868D-11E2-99AF-E40F90A2CD6A !  0 0 0 3418184 23312 71628 0 0 0 6 2161 3003 0 1 98 0
37 1362595126 0B64AD18-868D-11E2-99AF-E40F90A2CD6A !  0 0 0 3410748 23332 71676 0 0 0 30 2209 3074 0 1 99 0
38 1362595141 144F2980-868D-11E2-99AF-E40F90A2CD6A !  0 0 0 3403336 23360 71724 0 0 0 6 2269 3161 0 1 99 0
39 1362595156 1D3DB0F2-868D-11E2-99AF-E40F90A2CD6A !  0 0 0 3396016 23384 71776 0 0 0 0 2328 3239 0 1 99 0
40 1362595171 262C9336-868D-11E2-99AF-E40F90A2CD6A !  0 0 0 3384520 23416 71832 0 0 0 6 2388 3316 0 1 99 0
41 1362595186 2F17FA8A-868D-11E2-99AF-E40F90A2CD6A !  0 0 0 3377464 23436 71880 0 0 0 7 2455 3403 0 1 99 0
42 1362595201 37FFF49A-868D-11E2-99AF-E40F90A2CD6A !  0 0 0 3369576 23456 71928 0 0 0 23 2511 3487 0 1 98 0
43 1362595216 40F81258-868D-11E2-99AF-E40F90A2CD6A !  0 0 0 3362232 23488 71976 0 0 0 8 2567 3570 0 1 99 0
44 1362595231 49E1CA6C-868D-11E2-99AF-E40F90A2CD6A !  0 0 0 3354976 23508 72020 0 0 0 0 2622 3641 0 1 99 0
45 1362595246 52CB73EE-868D-11E2-99AF-E40F90A2CD6A !  1 0 0 3346896 23532 72072 0 0 0 6 2686 3732 0 1 98 0
46 1362595261 5BB826D2-868D-11E2-99AF-E40F90A2CD6A !  0 0 0 3338176 23556 72116 0 0 0 0 2740 3800 0 1 99 0
47 1362595276 64A2002E-868D-11E2-99AF-E40F90A2CD6A !  0 0 0 3329184 23588 72164 0 0 0 6 2808 3902 0 1 99 0
48 1362595291 6D8EFB06-868D-11E2-99AF-E40F90A2CD6A !  0 0 0 3321976 23612 72208 0 0 0 1 2861 3972 0 2 98 0
49 1362595305 7677E70A-868D-11E2-99AF-E40F90A2CD6A !  0 0 0 3314584 23636 72252 0 0 0 22 2921 4055 0 1 99 0
50 1362595320 7F5D2DC6-868D-11E2-99AF-E40F90A2CD6A !  0 0 0 3307468 23664 72300 0 0 0 6 2975 4135 0 1 99 0
51 1362595335 8849DA56-868D-11E2-99AF-E40F90A2CD6A !  0 0 0 3299752 23684 72348 0 0 0 6 3040 4230 0 2 98 0
52 1362595350 91300C8A-868D-11E2-99AF-E40F90A2CD6A !  0 0 0 3292344 23708 72392 0 0 0 0 3088 4290 0 1 99 0
53 1362595365 9A17CA7C-868D-11E2-99AF-E40F90A2CD6A !  0 0 0 3280960 23740 72440 0 0 0 6 3152 4389 0 1 98 0
54 1362595380 A2FFBD84-868D-11E2-99AF-E40F90A2CD6A !  0 0 0 3273548 23760 72484 0 0 0 25 3218 4463 0 2 98 0
55 1362595395 ABE903B0-868D-11E2-99AF-E40F90A2CD6A !  0 0 0 3266020 23784 72532 0 0 0 6 3288 4533 0 1 98 0
56 1362595410 B4D16224-868D-11E2-99AF-E40F90A2CD6A !  0 0 0 3258204 23808 72576 0 0 0 0 3305 4596 0 1 98 0
57 1362595425 BDBD9DEE-868D-11E2-99AF-E40F90A2CD6A !  0 0 0 3251128 23836 72624 0 0 0 6 3377 4692 0 2 98 0
58 1362595440 C6A7D76C-868D-11E2-99AF-E40F90A2CD6A !  0 0 0 3243704 23856 72668 0 0 0 1 3435 4751 0 1 98 0
59 1362595455 CF8EC37C-868D-11E2-99AF-E40F90A2CD6A !  0 0 0 3235352 23876 72716 0 0 0 2 3489 4857 0 1 98 0
60 1362595470 D87A5E9C-868D-11E2-99AF-E40F90A2CD6A !  0 0 0 3224520 23904 72760 0 0 0 6 3565 4926 0 2 98 0
61 1362595485 E165AAAC-868D-11E2-99AF-E40F90A2CD6A !  0 0 0 3217236 23924 72808 0 0 0 0 3609 5008 0 1 98 0
62 1362595500 EA4D3EFA-868D-11E2-99AF-E40F90A2CD6A !  0 0 0 3209876 23956 72852 0 0 0 7 3675 5088 0 2 98 0
63 1362595515 F336E638-868D-11E2-99AF-E40F90A2CD6A !  0 0 0 3202496 23980 72896 0 0 0 1 3719 5167 0 2 98 0
64 1362595530 FC1F882C-868D-11E2-99AF-E40F90A2CD6A !  0 0 0 3194688 24012 72944 0 0 0 8 3749 5229 0 2 98 0
65 1362595545 051BEC9A-868E-11E2-99AF-E40F90A2CD6A !  0 0 0 3187920 24028 72996 0 0 0 0 3797 5315 1 2 98 0
66 1362595560 0E0945E6-868E-11E2-99AF-E40F90A2CD6A !  0 0 0 3177672 24052 73040 0 0 0 30 3865 5373 0 2 98 0
67 1362595575 16EEDF4A-868E-11E2-99AF-E40F90A2CD6A !  0 0 0 3168856 24076 73084 0 0 0 0 3941 5429 0 2 98 0
68 1362595590 1FDB229E-868E-11E2-99AF-E40F90A2CD6A !  0 0 0 3161520 24104 73128 0 0 0 6 3991 5554 0 2 97 0
69 1362595605 28C34968-868E-11E2-99AF-E40F90A2CD6A !  1 0 0 3154052 24124 73172 0 0 0 2 4063 5619 0 2 98 0
70 1362595620 31A6A66A-868E-11E2-99AF-E40F90A2CD6A !  0 0 0 3146804 24156 73224 0 0 0 6 4113 5697 0 2 98 0
71 1362595634 3A8F7838-868E-11E2-99AF-E40F90A2CD6A !  0 0 0 3139068 24176 73276 0 0 0 18 4173 5774 1 2 97 0
72 1362595649 4376480A-868E-11E2-99AF-E40F90A2CD6A !  0 0 0 3131688 24212 73320 0 0 0 6 4238 5860 0 3 97 0
73 1362595664 4C60B702-868E-11E2-99AF-E40F90A2CD6A !  0 0 0 3120308 24228 73364 0 0 0 1 4270 5929 0 2 98 0
74 1362595679 55484BE6-868E-11E2-99AF-E40F90A2CD6A !  0 0 0 3113272 24244 73408 0 0 0 2 4321 6015 1 2 97 0
75 1362595694 5E2F7090-868E-11E2-99AF-E40F90A2CD6A !  0 0 0 3106212 24272 73456 0 0 0 6 4391 6092 0 2 97 0
76 1362595709 67171C08-868E-11E2-99AF-E40F90A2CD6A !  0 0 0 3098652 24292 73504 0 0 0 0 4467 6184 1 2 98 0
77 1362595724 6FFED6B2-868E-11E2-99AF-E40F90A2CD6A !  0 0 0 3091296 24320 73548 0 0 0 6 4483 6261 1 2 97 0
78 1362595739 78EB4F9E-868E-11E2-99AF-E40F90A2CD6A !  0 0 0 3083984 24340 73600 0 0 0 22 4570 6336 0 2 97 0
79 1362595754 81D6A0FE-868E-11E2-99AF-E40F90A2CD6A !  0 0 0 3075208 24360 73644 0 0 0 2 4601 6397 0 2 98 0
80 1362595769 8AC08478-868E-11E2-99AF-E40F90A2CD6A !  0 0 0 3065112 24388 73692 0 0 0 6 4666 6506 1 2 97 0
81 1362595784 93AA721A-868E-11E2-99AF-E40F90A2CD6A !  0 0 0 3057992 24404 73736 0 0 0 0 4715 6578 0 3 97 0
82 1362595799 9C940A30-868E-11E2-99AF-E40F90A2CD6A !  1 0 0 3050176 24432 73784 0 0 0 6 4791 6668 1 2 98 0
83 1362595814 A57BB472-868E-11E2-99AF-E40F90A2CD6A !  0 0 0 3042932 24448 73828 0 0 0 21 4839 6732 1 2 97 0
84 1362595829 AE64E054-868E-11E2-99AF-E40F90A2CD6A !  0 0 0 3035144 24468 73876 0 0 0 2 4915 6830 0 3 97 0
85 1362595844 B7508E8E-868E-11E2-99AF-E40F90A2CD6A !  0 0 0 3028076 24496 73924 0 0 0 6 4954 6895 0 2 97 0
86 1362595859 C047CAB6-868E-11E2-99AF-E40F90A2CD6A !  0 0 0 3016988 24512 73968 0 0 0 0 5015 6984 1 3 96 0
87 1362595874 C92F8240-868E-11E2-99AF-E40F90A2CD6A !  0 0 0 3009344 24536 74012 0 0 0 6 5046 7064 0 3 96 0
88 1362595889 D21AF4FC-868E-11E2-99AF-E40F90A2CD6A !  0 0 0 3002008 24564 74056 0 0 0 18 5076 7097 0 2 97 0
89 1362595904 DB076BFE-868E-11E2-99AF-E40F90A2CD6A !  0 0 0 2994560 24584 74104 0 0 0 2 5140 7200 0 3 97 0
90 1362595919 E3F04DEE-868E-11E2-99AF-E40F90A2CD6A !  0 0 0 2987188 24612 74156 0 0 0 6 5216 7282 0 3 96 0
91 1362595934 ECDA4BA8-868E-11E2-99AF-E40F90A2CD6A !  0 0 0 2979712 24628 74200 0 0 0 0 5258 7354 0 2 97 0
92 1362595949 F5C28384-868E-11E2-99AF-E40F90A2CD6A !  0 0 0 2972720 24656 74244 0 0 0 6 5291 7405 1 3 96 0
93 1362595963 FEA7DF26-868E-11E2-99AF-E40F90A2CD6A !  0 0 0 2961164 24680 74288 0 0 0 21 5369 7510 0 3 96 0
94 1362595978 078F48F4-868F-11E2-99AF-E40F90A2CD6A !  0 0 0 2953976 24696 74332 0 0 0 2 5406 7570 0 2 97 0
95 1362595993 107BE7F6-868F-11E2-99AF-E40F90A2CD6A !  0 0 0 2946196 24728 74384 0 0 0 6 5476 7665 1 3 96 0
96 1362596008 1963D720-868F-11E2-99AF-E40F90A2CD6A !  0 0 0 2938884 24756 74432 0 0 0 0 5540 7738 1 3 96 0
97 1362596023 224D61D0-868F-11E2-99AF-E40F90A2CD6A !  0 0 0 2931412 24788 74476 0 0 0 6 5607 7838 0 3 97 0
98 1362596038 2B39754A-868F-11E2-99AF-E40F90A2CD6A !  0 0 0 2924256 24804 74520 0 0 0 22 5660 7917 1 3 96 0
99 1362596053 342183AA-868F-11E2-99AF-E40F90A2CD6A !  0 0 0 2915128 24824 74564 0 0 0 2 5724 7985 1 3 97 0
100 1362596068 3D0C59E0-868F-11E2-99AF-E40F90A2CD6A !  0 0 0 2905400 24852 74612 0 0 0 6 5758 8054 1 3 97 0
