1 1362596636 8F4D5E6A-8690-11E2-BCE0-9AE8C5D46209 !  0 0 0 3680116 39104 69928 0 0 0 10 100 143 0 0 100 0
2 1362596651 9841B4D0-8690-11E2-BCE0-9AE8C5D46209 !  0 0 0 3672428 39112 69976 0 0 0 7 148 221 0 0 100 0
3 1362596666 A1319966-8690-11E2-BCE0-9AE8C5D46209 !  0 0 0 3665536 39124 70032 0 0 0 2 206 302 0 0 100 0
4 1362596681 AA200DC8-8690-11E2-BCE0-9AE8C5D46209 !  0 0 0 3658276 39124 70084 0 0 0 0 265 382 0 0 100 0
5 1362596696 B308621E-8690-11E2-BCE0-9AE8C5D46209 !  0 0 0 3650980 39128 70128 0 0 0 6 327 468 0 0 100 0
6 1362596711 BBF313F6-8690-11E2-BCE0-9AE8C5D46209 !  0 0 0 3643188 39136 70176 0 0 0 0 382 543 0 0 100 0
7 1362596726 C4DD36A4-8690-11E2-BCE0-9AE8C5D46209 !  0 0 0 3632236 39140 70224 0 0 0 30 443 628 0 0 100 0
8 1362596741 CDCCCACC-8690-11E2-BCE0-9AE8C5D46209 !  0 0 0 3624984 39144 70272 0 0 0 6 501 714 0 0 100 0
9 1362596755 D6B6E474-8690-11E2-BCE0-9AE8C5D46209 !  0 0 0 3617528 39144 70320 0 0 0 0 558 787 0 0 100 0
10 1362596770 DF9DD962-8690-11E2-BCE0-9AE8C5D46209 !  0 0 0 3610380 39152 70368 0 0 0 6 620 874 0 0 100 0
11 1362596785 E88CC8E4-8690-11E2-BCE0-9AE8C5D46209 !  0 0 0 3602672 39152 70412 0 0 0 1 677 952 0 0 100 0
12 1362596800 F1750AD4-8690-11E2-BCE0-9AE8C5D46209 !  0 0 0 3593576 39152 70460 0 0 0 30 741 1038 0 0 100 0
13 1362596815 FA5E2108-8690-11E2-BCE0-9AE8C5D46209 !  0 0 0 3584544 39152 70504 0 0 0 1 794 1114 0 0 100 0
14 1362596830 03497CF4-8691-11E2-BCE0-9AE8C5D46209 !  0 0 0 3576808 39160 70552 0 0 0 0 854 1195 0 0 100 0
15 1362596845 0C3395CA-8691-11E2-BCE0-9AE8C5D46209 !  0 0 0 3569256 39164 70596 0 0 0 6 914 1282 0 0 99 0
16 1362596860 151F3DEC-8691-11E2-BCE0-9AE8C5D46209 !  0 0 0 3562224 39168 70640 0 0 0 0 978 1370 0 0 100 0
17 1362596875 1E086B7C-8691-11E2-BCE0-9AE8C5D46209 !  0 0 0 3554668 39176 70684 0 0 0 29 1034 1443 0 0 99 0
18 1362596890 26F1D0A2-8691-11E2-BCE0-9AE8C5D46209 !  0 0 0 3547388 39176 70732 0 0 0 1 1092 1525 0 1 99 0
19 1362596905 2FDA9D7A-8691-11E2-BCE0-9AE8C5D46209 !  0 0 0 3540124 39180 70776 0 0 0 1 1151 1606 0 1 99 0
20 1362596920 38C6DEF8-8691-11E2-BCE0-9AE8C5D46209 !  0 0 0 3528684 39192 70824 0 0 0 6 1212 1693 0 1 99 0
21 1362596935 41B16A9C-8691-11E2-BCE0-9AE8C5D46209 !  0 0 0 3521512 39200 70868 0 0 0 0 1266 1769 0 1 99 0
22 1362596950 4AAE78E2-8691-11E2-BCE0-9AE8C5D46209 !  0 0 0 3513820 39204 70912 0 0 0 31 1331 1856 0 1 99 0
23 1362596965 5398A6EE-8691-11E2-BCE0-9AE8C5D46209 !  0 0 0 3506384 39204 70956 0 0 0 1 1385 1935 0 1 99 0
24 1362596980 5C88755E-8691-11E2-BCE0-9AE8C5D46209 !  0 0 0 3499164 39208 71004 0 0 0 1 1445 2014 0 1 99 0
25 1362596995 6570993A-8691-11E2-BCE0-9AE8C5D46209 !  0 0 0 3492008 39212 71048 0 0 0 6 1506 2097 0 1 99 0
26 1362597010 6E5AB940-8691-11E2-BCE0-9AE8C5D46209 !  0 0 0 3482696 39216 71096 0 0 0 0 1565 2182 0 1 99 0
27 1362597025 77439D4C-8691-11E2-BCE0-9AE8C5D46209 !  0 0 0 3473112 39220 71140 0 0 0 40 1623 2261 0 1 99 0
28 1362597040 802D4F84-8691-11E2-BCE0-9AE8C5D46209 !  0 0 0 3465652 39228 71184 0 0 0 1 1701 2323 0 1 99 0
29 1362597055 89119434-8691-11E2-BCE0-9AE8C5D46209 !  1 0 0 3458296 39232 71228 0 0 0 6 1753 2409 0 1 99 0
30 1362597070 91FBD758-8691-11E2-BCE0-9AE8C5D46209 !  0 0 0 3451092 39232 71272 0 0 0 1 1810 2484 0 1 99 0
31 1362597085 9AE7DEB6-8691-11E2-BCE0-9AE8C5D46209 !  1 0 0 3443480 39236 71320 0 0 0 6 1842 2580 0 1 99 0
32 1362597100 A3D0AA3A-8691-11E2-BCE0-9AE8C5D46209 !  0 0 0 3436236 39240 71368 0 0 0 19 1899 2655 0 1 99 0
33 1362597115 ACB9AE4E-8691-11E2-BCE0-9AE8C5D46209 !  0 0 0 3424396 39244 71412 0 0 0 6 1982 2741 0 1 99 0
34 1362597129 B5A650B6-8691-11E2-BCE0-9AE8C5D46209 !  0 0 0 3417364 39248 71456 0 0 0 1 2042 2812 0 1 99 0
35 1362597144 BE8FA88A-8691-11E2-BCE0-9AE8C5D46209 !  1 0 0 3410448 39252 71500 0 0 0 6 2098 2910 0 1 99 0
36 1362597159 C776CA14-8691-11E2-BCE0-9AE8C5D46209 !  0 0 0 3402424 39260 71544 0 0 0 0 2165 2972 0 1 99 0
37 1362597174 D06067AC-8691-11E2-BCE0-9AE8C5D46209 !  0 0 0 3394968 39260 71592 0 0 0 6 2201 3073 0 1 99 0
38 1362597189 D94BAD04-8691-11E2-BCE0-9AE8C5D46209 !  0 0 0 3387756 39264 71636 0 0 0 1 2285 3141 0 1 99 0
39 1362597204 E236ACFC-8691-11E2-BCE0-9AE8C5D46209 !  0 0 0 3380260 39272 71684 0 0 0 20 2339 3222 0 1 99 0
40 1362597219 EB1C883C-8691-11E2-BCE0-9AE8C5D46209 !  0 0 0 3369028 39276 71732 0 0 0 6 2378 3305 0 1 99 0
41 1362597234 F406B81E-8691-11E2-BCE0-9AE8C5D46209 !  0 0 0 3361916 39280 71776 0 0 0 0 2466 3387 0 1 99 0
42 1362597249 FCEFE194-8691-11E2-BCE0-9AE8C5D46209 !  0 0 0 3354160 39280 71820 0 0 0 6 2507 3465 0 1 98 0
43 1362597264 05DA2F62-8692-11E2-BCE0-9AE8C5D46209 !  1 0 0 3346808 39284 71868 0 0 0 1 2559 3562 0 1 99 0
44 1362597279 0EC1FD12-8692-11E2-BCE0-9AE8C5D46209 !  0 0 0 3339412 39288 71916 0 0 0 1 2624 3627 0 1 99 0
45 1362597294 17A8B92A-8692-11E2-BCE0-9AE8C5D46209 !  0 0 0 3333176 39288 71964 0 0 0 6 2681 3724 0 1 99 0
46 1362597309 2093F248-8692-11E2-BCE0-9AE8C5D46209 !  0 0 0 3322864 39288 72012 0 0 0 0 2723 3786 0 1 99 0
47 1362597324 297D0DF4-8692-11E2-BCE0-9AE8C5D46209 !  0 0 0 3313964 39292 72060 0 0 0 6 2816 3882 0 1 99 0
48 1362597339 3268B9F4-8692-11E2-BCE0-9AE8C5D46209 !  0 0 0 3307144 39292 72108 0 0 0 1 2846 3968 0 2 98 0
49 1362597354 3B5776E0-8692-11E2-BCE0-9AE8C5D46209 !  0 0 0 3299644 39296 72160 0 0 0 7 2896 4044 0 1 98 0
50 1362597369 44409BEC-8692-11E2-BCE0-9AE8C5D46209 !  0 0 0 3292100 39296 72204 0 0 0 1 2997 4132 0 1 98 0
51 1362597384 4D2D042A-8692-11E2-BCE0-9AE8C5D46209 !  0 0 0 3284588 39296 72256 0 0 0 32 3043 4206 0 2 98 0
52 1362597399 561304A4-8692-11E2-BCE0-9AE8C5D46209 !  0 0 0 3276840 39300 72304 0 0 0 0 3106 4287 0 1 99 0
53 1362597414 5EFD2950-8692-11E2-BCE0-9AE8C5D46209 !  0 0 0 3265568 39300 72352 0 0 0 6 3161 4367 0 1 98 0
54 1362597429 67E91330-8692-11E2-BCE0-9AE8C5D46209 !  0 0 0 3257764 39304 72404 0 0 0 1 3244 4463 0 1 98 0
55 1362597444 70D46A12-8692-11E2-BCE0-9AE8C5D46209 !  0 0 0 3250056 39304 72448 0 0 0 6 3253 4524 0 1 98 0
56 1362597458 79B9A3A4-8692-11E2-BCE0-9AE8C5D46209 !  0 0 0 3243096 39304 72500 0 0 0 22 3323 4620 0 1 98 0
57 1362597473 82A26E24-8692-11E2-BCE0-9AE8C5D46209 !  0 0 0 3235700 39308 72552 0 0 0 6 3389 4693 0 1 98 0
58 1362597488 8B922E20-8692-11E2-BCE0-9AE8C5D46209 !  0 0 0 3228568 39308 72600 0 0 0 1 3458 4782 0 1 98 0
59 1362597503 947B5A16-8692-11E2-BCE0-9AE8C5D46209 !  0 0 0 3219952 39312 72648 0 0 0 1 3504 4853 1 2 98 0
60 1362597518 9D668448-8692-11E2-BCE0-9AE8C5D46209 !  0 0 0 3209212 39320 72692 0 0 0 6 3555 4948 0 1 98 0
61 1362597533 A64DFCA8-8692-11E2-BCE0-9AE8C5D46209 !  0 0 0 3202468 39320 72736 0 0 0 0 3615 5014 0 2 98 0
62 1362597548 AF3858E0-8692-11E2-BCE0-9AE8C5D46209 !  0 0 0 3195084 39320 72788 0 0 0 6 3672 5113 0 2 98 0
63 1362597563 B81E668E-8692-11E2-BCE0-9AE8C5D46209 !  0 0 0 3187588 39320 72840 0 0 0 22 3749 5182 0 2 98 0
64 1362597578 C10BC872-8692-11E2-BCE0-9AE8C5D46209 !  0 0 0 3180020 39320 72888 0 0 0 1 3792 5264 0 2 98 0
65 1362597593 C9F3B314-8692-11E2-BCE0-9AE8C5D46209 !  0 0 0 3172904 39324 72932 0 0 0 6 3850 5338 0 2 98 0
66 1362597608 D2D9A498-8692-11E2-BCE0-9AE8C5D46209 !  0 0 0 3161372 39324 72980 0 0 0 0 3912 5445 0 2 98 0
67 1362597623 DBBD4A6A-8692-11E2-BCE0-9AE8C5D46209 !  0 0 0 3153648 39324 73028 0 0 0 6 3961 5507 0 2 98 0
68 1362597638 E4A42AC2-8692-11E2-BCE0-9AE8C5D46209 !  0 0 0 3146804 39332 73080 0 0 0 11 4028 5611 0 2 98 0
69 1362597653 ED8D4308-8692-11E2-BCE0-9AE8C5D46209 !  0 0 0 3139192 39336 73128 0 0 0 9 4090 5690 0 2 98 0
70 1362597668 F6751D88-8692-11E2-BCE0-9AE8C5D46209 !  0 0 0 3131584 39340 73176 0 0 0 9 4135 5746 0 2 98 0
71 1362597683 FF5F434C-8692-11E2-BCE0-9AE8C5D46209 !  0 0 0 3124380 39348 73220 0 0 0 9 4201 5845 0 2 98 0
72 1362597698 08467714-8693-11E2-BCE0-9AE8C5D46209 !  0 0 0 3117352 39348 73268 0 0 0 11 4260 5909 0 2 97 0
73 1362597713 1130AF52-8693-11E2-BCE0-9AE8C5D46209 !  0 0 0 3105680 39348 73316 0 0 0 9 4324 6007 0 2 98 0
74 1362597728 1A17D5A0-8693-11E2-BCE0-9AE8C5D46209 !  0 0 0 3098116 39348 73368 0 0 0 9 4371 6079 1 2 97 0
75 1362597742 23029326-8693-11E2-BCE0-9AE8C5D46209 !  0 0 0 3090960 39352 73412 0 0 0 9 4441 6175 0 3 97 0
76 1362597757 2BEB626A-8693-11E2-BCE0-9AE8C5D46209 !  0 0 0 3083584 39356 73464 0 0 0 9 4473 6236 1 2 98 0
77 1362597772 34D4634A-8693-11E2-BCE0-9AE8C5D46209 !  0 0 0 3075788 39360 73512 0 0 0 11 4539 6298 0 2 97 0
78 1362597787 3DC00B12-8693-11E2-BCE0-9AE8C5D46209 !  0 0 0 3068812 39360 73564 0 0 0 9 4586 6369 0 2 97 0
79 1362597802 46A7CD14-8693-11E2-BCE0-9AE8C5D46209 !  0 0 0 3059136 39360 73612 0 0 0 0 4662 6460 1 2 97 0
80 1362597817 4F90E424-8693-11E2-BCE0-9AE8C5D46209 !  0 0 0 3050172 39364 73656 0 0 0 10 4709 6534 1 3 96 0
81 1362597832 5877EED4-8693-11E2-BCE0-9AE8C5D46209 !  0 0 0 3042792 39364 73708 0 0 0 10 4778 6627 0 3 97 0
82 1362597847 616362A8-8693-11E2-BCE0-9AE8C5D46209 !  0 0 0 3035444 39368 73760 0 0 0 12 4821 6689 0 2 97 0
83 1362597862 6A4F1FF6-8693-11E2-BCE0-9AE8C5D46209 !  0 0 0 3028012 39372 73808 0 0 0 11 4875 6778 0 2 97 0
84 1362597877 7349F978-8693-11E2-BCE0-9AE8C5D46209 !  0 0 0 3020384 39380 73856 0 0 0 9 4925 6837 1 2 97 0
85 1362597892 7C3441EC-8693-11E2-BCE0-9AE8C5D46209 !  1 0 0 3013328 39388 73900 0 0 0 9 4977 6929 0 2 97 0
86 1362597907 851B5ED0-8693-11E2-BCE0-9AE8C5D46209 !  0 0 0 3001832 39392 73948 0 0 0 9 5012 6993 1 2 97 0
87 1362597922 8E064852-8693-11E2-BCE0-9AE8C5D46209 !  0 0 0 2994124 39392 74000 0 0 0 9 5105 7085 0 3 97 0
88 1362597937 96ECF484-8693-11E2-BCE0-9AE8C5D46209 !  0 0 0 2987460 39392 74052 0 0 0 11 5133 7151 1 3 97 0
89 1362597952 9FD57EFE-8693-11E2-BCE0-9AE8C5D46209 !  0 0 0 2979576 39392 74100 0 0 0 9 5219 7254 0 3 96 0
90 1362597967 A8C074EC-8693-11E2-BCE0-9AE8C5D46209 !  1 0 0 2972084 39392 74144 0 0 0 9 5261 7313 1 3 97 0
91 1362597982 B1A90C54-8693-11E2-BCE0-9AE8C5D46209 !  0 0 0 2964968 39396 74192 0 0 0 9 5323 7401 0 3 97 0
92 1362597997 BA97BC66-8693-11E2-BCE0-9AE8C5D46209 !  0 0 0 2957320 39400 74240 0 0 0 10 5375 7489 0 3 96 0
93 1362598012 C37D2550-8693-11E2-BCE0-9AE8C5D46209 !  0 0 0 2946056 39400 74292 0 0 0 11 5434 7547 1 3 96 0
94 1362598027 CC67466E-8693-11E2-BCE0-9AE8C5D46209 !  0 0 0 2938728 39400 74340 0 0 0 10 5499 7656 0 4 96 0
95 1362598042 D552B7EA-8693-11E2-BCE0-9AE8C5D46209 !  1 0 0 2931696 39400 74388 0 0 0 0 5552 7708 1 3 97 0
96 1362598057 DE3B547A-8693-11E2-BCE0-9AE8C5D46209 !  0 0 0 2924128 39400 74436 0 0 0 6 5598 7809 0 3 97 0
97 1362598072 E722B434-8693-11E2-BCE0-9AE8C5D46209 !  0 0 0 2916300 39404 74484 0 0 0 0 5633 7855 1 3 96 0
98 1362598086 F0130A1C-8693-11E2-BCE0-9AE8C5D46209 !  0 0 0 2909112 39404 74532 0 0 0 28 5702 7953 0 3 96 0
99 1362598101 F8FAAA4A-8693-11E2-BCE0-9AE8C5D46209 !  0 0 0 2899432 39404 74584 0 0 0 7 5746 7990 1 3 96 0
100 1362598116 01EB50F0-8694-11E2-BCE0-9AE8C5D46209 !  0 0 0 2890348 39416 74628 0 0 0 23 5823 8105 0 4 96 0
