1 1362510827 C58F7300-85C8-11E2-881C-96C337F37E13 !  0 0 0 3644044 73348 70664 0 0 0 0 96 145 0 0 100 0
2 1362510842 CE7E5E22-85C8-11E2-881C-96C337F37E13 !  0 0 0 3639344 73356 70712 0 0 0 0 145 218 0 0 100 0
3 1362510857 D762287A-85C8-11E2-881C-96C337F37E13 !  0 0 0 3634720 73364 70756 0 0 0 51 210 304 0 0 98 2
4 1362510872 E044EBBC-85C8-11E2-881C-96C337F37E13 !  0 0 0 3630048 73364 70804 0 0 0 10 264 382 0 0 100 0
5 1362510887 E9272394-85C8-11E2-881C-96C337F37E13 !  0 0 0 3625532 73368 70852 0 0 0 9 322 466 0 0 100 0
6 1362510902 F205821C-85C8-11E2-881C-96C337F37E13 !  0 0 0 3620928 73372 70900 0 0 0 9 380 541 0 0 100 0
7 1362510917 FAE25A54-85C8-11E2-881C-96C337F37E13 !  0 0 0 3616276 73376 70944 0 0 0 10 441 624 0 0 100 0
8 1362510932 03C21916-85C9-11E2-881C-96C337F37E13 !  0 0 0 3611828 73376 70988 0 0 0 10 498 706 0 0 100 0
9 1362510947 0C9EC322-85C9-11E2-881C-96C337F37E13 !  0 0 0 3607348 73376 71032 0 0 0 6 558 785 0 0 100 0
10 1362510961 157F2338-85C9-11E2-881C-96C337F37E13 !  0 0 0 3602828 73384 71076 0 0 0 6 614 864 0 0 100 0
11 1362510976 1E5A95FA-85C9-11E2-881C-96C337F37E13 !  0 0 0 3598240 73384 71124 0 0 0 6 672 946 0 0 100 0
12 1362510991 273CA212-85C9-11E2-881C-96C337F37E13 !  0 0 0 3593632 73384 71172 0 0 0 7 732 1028 0 0 100 0
13 1362511006 301EC446-85C9-11E2-881C-96C337F37E13 !  0 0 0 3588824 73388 71228 0 0 0 1 791 1109 0 0 100 0
14 1362511021 38FCCB26-85C9-11E2-881C-96C337F37E13 !  0 0 0 3584492 73388 71276 0 0 0 0 848 1186 0 0 100 0
15 1362511036 41DA1A28-85C9-11E2-881C-96C337F37E13 !  0 0 0 3579840 73392 71328 0 0 0 0 909 1271 0 0 100 0
16 1362511051 4AB93E6C-85C9-11E2-881C-96C337F37E13 !  0 0 0 3575048 73396 71380 0 0 0 0 965 1348 0 0 99 0
17 1362511066 539B46B0-85C9-11E2-881C-96C337F37E13 !  0 0 0 3570256 73400 71432 0 0 0 0 1024 1430 0 0 100 0
18 1362511080 5C7B2B7E-85C9-11E2-881C-96C337F37E13 !  0 0 0 3565768 73408 71476 0 0 0 1 1084 1518 0 0 100 0
19 1362511095 655AE144-85C9-11E2-881C-96C337F37E13 !  0 0 0 3560980 73412 71520 0 0 0 0 1145 1595 0 0 99 0
20 1362511110 6E3D1458-85C9-11E2-881C-96C337F37E13 !  0 0 0 3556464 73416 71564 0 0 0 0 1198 1671 0 0 100 0
21 1362511125 771C11B4-85C9-11E2-881C-96C337F37E13 !  0 0 0 3551976 73424 71608 0 0 0 0 1260 1755 0 0 100 0
22 1362511140 7FFBEF2A-85C9-11E2-881C-96C337F37E13 !  0 0 0 3547440 73424 71652 0 0 0 0 1320 1837 0 0 99 0
23 1362511155 88D9C810-85C9-11E2-881C-96C337F37E13 !  0 0 0 3542952 73424 71696 0 0 0 1 1375 1916 0 0 100 0
24 1362511170 91B72B44-85C9-11E2-881C-96C337F37E13 !  0 0 0 3538292 73432 71744 0 0 0 0 1438 1998 0 0 99 0
25 1362511185 9A9643B2-85C9-11E2-881C-96C337F37E13 !  0 0 0 3533632 73432 71792 0 0 0 0 1495 2081 0 1 99 0
26 1362511200 A3781F46-85C9-11E2-881C-96C337F37E13 !  0 0 0 3528716 73436 71840 0 0 0 0 1555 2159 0 0 100 0
27 1362511214 AC596674-85C9-11E2-881C-96C337F37E13 !  0 0 0 3524256 73436 71884 0 0 0 0 1602 2219 0 1 99 0
28 1362511229 B532DCEE-85C9-11E2-881C-96C337F37E13 !  0 0 0 3519360 73436 71928 0 0 0 1 1666 2299 0 1 99 0
29 1362511244 BE0FB436-85C9-11E2-881C-96C337F37E13 !  0 0 0 3514844 73436 71972 0 0 0 0 1720 2383 0 0 100 0
30 1362511259 C6EB4AC0-85C9-11E2-881C-96C337F37E13 !  0 0 0 3510284 73436 72016 0 0 0 0 1793 2458 0 1 99 0
31 1362511274 CFCCE1DA-85C9-11E2-881C-96C337F37E13 !  0 0 0 3505288 73440 72060 0 0 0 0 1853 2542 0 1 99 0
32 1362511289 D8AB4904-85C9-11E2-881C-96C337F37E13 !  0 0 0 3500848 73440 72104 0 0 0 0 1911 2620 0 1 99 0
33 1362511304 E188B192-85C9-11E2-881C-96C337F37E13 !  0 0 0 3496244 73440 72148 0 0 0 1 1971 2706 0 1 99 0
34 1362511319 EA65DA42-85C9-11E2-881C-96C337F37E13 !  1 0 0 3491488 73444 72192 0 0 0 0 2031 2786 0 1 99 0
35 1362511333 F3432AFC-85C9-11E2-881C-96C337F37E13 !  0 0 0 3486992 73444 72240 0 0 0 0 2080 2866 0 1 99 0
36 1362511348 FC22508A-85C9-11E2-881C-96C337F37E13 !  0 0 0 3482396 73444 72284 0 0 0 0 2144 2949 0 1 99 0
37 1362511363 05017A78-85CA-11E2-881C-96C337F37E13 !  1 0 0 3477944 73444 72332 0 0 0 0 2204 3031 0 1 99 0
38 1362511378 0DE392E8-85CA-11E2-881C-96C337F37E13 !  0 0 0 3473268 73448 72376 0 0 0 1 2268 3113 0 1 99 0
39 1362511393 16C2B614-85CA-11E2-881C-96C337F37E13 !  2 0 0 3468404 73448 72420 0 0 0 0 2322 3191 0 1 99 0
40 1362511408 1FA26AE0-85CA-11E2-881C-96C337F37E13 !  0 0 0 3463884 73448 72468 0 0 0 0 2369 3274 0 1 99 0
41 1362511423 2884501A-85CA-11E2-881C-96C337F37E13 !  0 0 0 3459300 73448 72512 0 0 0 9 2422 3347 0 1 99 0
42 1362511438 315F9690-85CA-11E2-881C-96C337F37E13 !  0 0 0 3454780 73452 72556 0 0 0 9 2479 3430 0 1 99 0
43 1362511453 3A3CCE72-85CA-11E2-881C-96C337F37E13 !  0 0 0 3450012 73452 72600 0 0 0 30 2536 3506 0 1 98 1
44 1362511467 431DC79E-85CA-11E2-881C-96C337F37E13 !  0 0 0 3445640 73452 72644 0 0 0 9 2593 3587 0 1 99 0
45 1362511482 4BF9D40C-85CA-11E2-881C-96C337F37E13 !  0 0 0 3441036 73452 72688 0 0 0 10 2649 3666 0 1 99 0
46 1362511497 54D393BA-85CA-11E2-881C-96C337F37E13 !  0 0 0 3436248 73456 72732 0 0 0 8 2715 3753 0 1 99 0
47 1362511512 5DAF83F4-85CA-11E2-881C-96C337F37E13 !  0 0 0 3431440 73456 72776 0 0 0 8 2769 3828 0 1 99 0
48 1362511527 668CB1F4-85CA-11E2-881C-96C337F37E13 !  0 0 0 3426820 73456 72820 0 0 0 8 2829 3913 0 1 99 0
49 1362511542 6F6DA0E4-85CA-11E2-881C-96C337F37E13 !  0 0 0 3422120 73456 72864 0 0 0 8 2888 3992 0 1 98 0
50 1362511557 7848CB3A-85CA-11E2-881C-96C337F37E13 !  0 0 0 3417584 73460 72908 0 0 0 9 2942 4068 0 1 99 0
51 1362511572 8128F5C2-85CA-11E2-881C-96C337F37E13 !  0 0 0 3413088 73460 72952 0 0 0 6 2998 4148 0 1 99 0
52 1362511586 8A07547C-85CA-11E2-881C-96C337F37E13 !  0 0 0 3408356 73460 72996 0 0 0 6 3067 4240 0 1 98 0
53 1362511601 92E68004-85CA-11E2-881C-96C337F37E13 !  0 0 0 3403820 73460 73040 0 0 0 6 3123 4316 0 1 99 0
54 1362511616 9BC11928-85CA-11E2-881C-96C337F37E13 !  0 0 0 3399044 73460 73084 0 0 0 6 3181 4398 0 1 99 0
55 1362511631 A499FFCE-85CA-11E2-881C-96C337F37E13 !  0 0 0 3394320 73460 73132 0 0 0 1 3242 4477 0 1 98 0
56 1362511646 AD75BB56-85CA-11E2-881C-96C337F37E13 !  1 0 0 3389672 73460 73180 0 0 0 0 3293 4555 0 1 99 0
57 1362511661 B653B642-85CA-11E2-881C-96C337F37E13 !  0 0 0 3385004 73460 73224 0 0 0 0 3357 4641 0 1 99 0
58 1362511676 BF2EA7FE-85CA-11E2-881C-96C337F37E13 !  0 0 0 3380284 73464 73268 0 0 0 0 3410 4723 0 2 98 0
59 1362511690 C80B656A-85CA-11E2-881C-96C337F37E13 !  0 0 0 3375804 73464 73312 0 0 0 0 3472 4799 0 1 99 0
60 1362511705 D0EB71E8-85CA-11E2-881C-96C337F37E13 !  1 0 0 3371096 73464 73356 0 0 0 1 3528 4885 0 1 98 0
61 1362511720 D9CDB280-85CA-11E2-881C-96C337F37E13 !  0 0 0 3366012 73464 73400 0 0 0 0 3581 4957 0 2 98 0
62 1362511735 E2AC1FD6-85CA-11E2-881C-96C337F37E13 !  0 0 0 3361528 73464 73444 0 0 0 0 3645 5043 0 1 99 0
63 1362511750 EB8CC8C6-85CA-11E2-881C-96C337F37E13 !  0 0 0 3357000 73464 73488 0 0 0 0 3691 5109 0 1 98 0
64 1362511765 F46AD596-85CA-11E2-881C-96C337F37E13 !  0 0 0 3352508 73464 73532 0 0 0 0 3755 5197 0 2 98 0
65 1362511780 FD4BB7A2-85CA-11E2-881C-96C337F37E13 !  0 0 0 3347732 73464 73576 0 0 0 1 3818 5284 0 1 99 0
66 1362511795 06276970-85CB-11E2-881C-96C337F37E13 !  0 0 0 3343268 73468 73620 0 0 0 0 3879 5374 0 2 98 0
67 1362511809 0F055B9C-85CB-11E2-881C-96C337F37E13 !  0 0 0 3338788 73472 73664 0 0 0 0 3936 5448 0 2 98 0
68 1362511824 17E0E5E2-85CB-11E2-881C-96C337F37E13 !  0 0 0 3334192 73488 73708 0 0 0 0 3989 5527 0 2 98 0
69 1362511839 20BE62DE-85CB-11E2-881C-96C337F37E13 !  0 0 0 3330228 73504 73752 0 0 0 0 4047 5602 0 1 98 0
70 1362511854 299CE038-85CB-11E2-881C-96C337F37E13 !  0 0 0 3325720 73520 73796 0 0 0 1 4110 5693 0 2 98 0
71 1362511869 327B6616-85CB-11E2-881C-96C337F37E13 !  1 0 0 3320920 73536 73840 0 0 0 0 4168 5768 0 2 98 0
72 1362511884 3B59A144-85CB-11E2-881C-96C337F37E13 !  0 0 0 3316756 73552 73884 0 0 0 0 4231 5860 0 2 97 0
73 1362511899 443D67DC-85CB-11E2-881C-96C337F37E13 !  0 0 0 3311552 73568 73928 0 0 0 0 4279 5931 0 2 98 0
74 1362511914 4D1F667A-85CB-11E2-881C-96C337F37E13 !  2 0 0 3306860 73588 73976 0 0 0 0 4312 5983 0 2 98 0
75 1362511929 55F96AFC-85CB-11E2-881C-96C337F37E13 !  0 0 0 3302232 73604 74020 0 0 0 1 4377 6066 0 2 98 0
76 1362511943 5ED72326-85CB-11E2-881C-96C337F37E13 !  0 0 0 3297920 73620 74068 0 0 0 0 4439 6154 0 2 98 0
77 1362511958 67B7C6C6-85CB-11E2-881C-96C337F37E13 !  0 0 0 3293152 73636 74112 0 0 0 0 4483 6205 0 2 98 0
78 1362511973 70980968-85CB-11E2-881C-96C337F37E13 !  0 0 0 3288220 73652 74160 0 0 0 0 4526 6272 1 2 97 0
79 1362511988 79764C98-85CB-11E2-881C-96C337F37E13 !  0 0 0 3284068 73668 74204 0 0 0 0 4583 6348 0 2 98 0
80 1362512003 82534AB4-85CB-11E2-881C-96C337F37E13 !  0 0 0 3279336 73684 74248 0 0 0 0 4633 6414 0 2 98 0
81 1362512018 8B3185B0-85CB-11E2-881C-96C337F37E13 !  0 0 0 3274592 73708 74292 0 0 0 8 4698 6512 0 2 97 0
82 1362512033 940E8DFE-85CB-11E2-881C-96C337F37E13 !  0 0 0 3269988 73728 74336 0 0 0 8 4763 6600 0 2 97 0
83 1362512048 9CEC8D68-85CB-11E2-881C-96C337F37E13 !  0 0 0 3265336 73744 74380 0 0 0 30 4812 6670 0 2 97 0
84 1362512062 A5CAAB2C-85CB-11E2-881C-96C337F37E13 !  0 0 0 3260840 73760 74424 0 0 0 9 4856 6736 0 3 97 0
85 1362512077 AEA61312-85CB-11E2-881C-96C337F37E13 !  0 0 0 3256012 73776 74468 0 0 0 10 4915 6810 1 2 97 0
86 1362512092 B7807F0E-85CB-11E2-881C-96C337F37E13 !  0 0 0 3251172 73792 74512 0 0 0 8 4970 6889 0 2 98 0
87 1362512107 C05F850C-85CB-11E2-881C-96C337F37E13 !  0 0 0 3246544 73808 74556 0 0 0 8 5031 6979 1 2 97 0
88 1362512122 C9415EB6-85CB-11E2-881C-96C337F37E13 !  0 0 0 3241712 73824 74600 0 0 0 8 5084 7057 0 3 97 0
89 1362512137 D2207E54-85CB-11E2-881C-96C337F37E13 !  1 0 0 3237212 73840 74644 0 0 0 8 5145 7130 0 2 97 0
90 1362512152 DB022356-85CB-11E2-881C-96C337F37E13 !  0 0 0 3232388 73860 74688 0 0 0 9 5209 7222 0 3 97 0
91 1362512167 E3E3FC6A-85CB-11E2-881C-96C337F37E13 !  0 0 0 3227516 73876 74732 0 0 0 8 5258 7302 1 2 97 0
92 1362512182 ECC58006-85CB-11E2-881C-96C337F37E13 !  0 0 0 3222920 73896 74776 0 0 0 8 5321 7381 0 2 97 0
93 1362512196 F5A30B4E-85CB-11E2-881C-96C337F37E13 !  0 0 0 3218376 73912 74820 0 0 0 6 5362 7443 1 2 97 0
94 1362512211 FE81A9DC-85CB-11E2-881C-96C337F37E13 !  0 0 0 3213676 73928 74868 0 0 0 6 5422 7533 1 3 97 0
95 1362512226 0761F3F4-85CC-11E2-881C-96C337F37E13 !  0 0 0 3209164 73944 74912 0 0 0 6 5479 7613 0 3 97 0
96 1362512241 10462738-85CC-11E2-881C-96C337F37E13 !  1 0 0 3204456 73960 74960 0 0 0 6 5537 7689 0 3 97 0
97 1362512256 1925FD10-85CC-11E2-881C-96C337F37E13 !  0 0 0 3199896 73968 75004 0 0 0 1 5590 7765 1 2 97 0
98 1362512271 2202FBD6-85CC-11E2-881C-96C337F37E13 !  0 0 0 3195484 73988 75048 0 0 0 0 5649 7847 0 2 97 0
99 1362512286 2AE06590-85CC-11E2-881C-96C337F37E13 !  0 0 0 3190840 74004 75092 0 0 0 0 5711 7932 0 3 97 0
100 1362512301 33C34DE4-85CC-11E2-881C-96C337F37E13 !  0 0 0 3186492 74020 75136 0 0 0 0 5772 8015 1 3 96 0
