956 1362640420 802A119C-86F6-11E2-A360-DD629E4401D4 !  3 0 4046756 195580 30956 83852 0 0 0 6 47584 67242 8 24 68 0
957 1362640436 89FB7544-86F6-11E2-A360-DD629E4401D4 !  4 0 4046756 183032 30972 83900 0 0 0 7 47534 67309 8 23 69 0
958 1362640451 93378A80-86F6-11E2-A360-DD629E4401D4 ! 10 0 4046756 171212 30988 83944 0 0 0 1 47529 67311 8 23 69 0
959 1362640467 9C7682EA-86F6-11E2-A360-DD629E4401D4 !  5 0 4046756 159140 31012 83988 0 0 0 6 47670 67298 8 23 69 0
960 1362640483 A5DD47A6-86F6-11E2-A360-DD629E4401D4 !  4 0 4046756 147216 31028 84032 0 0 0 2 47640 67422 8 23 69 0
961 1362640498 AF1C62FC-86F6-11E2-A360-DD629E4401D4 !  3 0 4046756 134896 31052 84080 0 0 0 6 47691 67418 8 24 68 0
962 1362640514 B8645FCC-86F6-11E2-A360-DD629E4401D4 !  8 0 4046756 122888 31068 84128 0 0 0 0 47687 67415 8 23 69 0
963 1362640529 C1A3352C-86F6-11E2-A360-DD629E4401D4 !  1 0 4046756 110692 31092 84172 0 0 0 6 47690 67434 7 23 69 0
964 1362640546 CADBD644-86F6-11E2-A360-DD629E4401D4 !  6 0 4046840 144656 14172 63184 0 0 0 0 47869 67742 7 24 68 0
965 1362640562 D50CEE8C-86F6-11E2-A360-DD629E4401D4 !  4 0 4046840 131728 14348 64172 0 0 34 27 47866 67714 7 24 68 0
966 1362640578 DE6971A8-86F6-11E2-A360-DD629E4401D4 !  2 0 4046840 119772 14376 64188 0 0 0 0 47989 67818 7 24 70 0
967 1362640593 E79C8558-86F6-11E2-A360-DD629E4401D4 !  2 1 4046844 126912 8376 51688 0 0 489 10 38810 58016 9 46 23 22
968 1362640612 F0E9C4D6-86F6-11E2-A360-DD629E4401D4 !  3 0 4046844 125560 8476 40660 0 0 106 9 44474 65504 8 31 59 2
969 1362640629 FC533118-86F6-11E2-A360-DD629E4401D4 !  8 0 4046844 118116 4948 42876 0 0 0 14 34065 54895 8 58 19 15
970 1362640646 062DCAAE-86F7-11E2-A360-DD629E4401D4 !  0 0 4046844 139520 132 22792 0 0 236 7 31062 60052 7 58 34 1
971 1362640665 109D61AC-86F7-11E2-A360-DD629E4401D4 ! 10 0 4046844 110484 356 42748 0 0 0 8 40906 60585 10 42 26 22
972 1362640682 1B93C3F8-86F7-11E2-A360-DD629E4401D4 !  2 0 4046844 124028 100 22484 0 0 386 25 23684 55415 8 73 18 2
973 1362640703 25F29AD6-86F7-11E2-A360-DD629E4401D4 !  3 0 4046844 117752 96 24604 0 0 590 24 21219 49206 9 78 13 0
974 1362640725 327DA278-86F7-11E2-A360-DD629E4401D4 !  3 0 4046844 108776 240 25924 0 0 62 8 48420 68220 8 24 68 0
975 1362640748 3F7FA03E-86F7-11E2-A360-DD629E4401D4 !  7 0 4046844 106472 116 22548 0 0 236 17 37514 60252 9 44 47 0
976 1362640777 4CF05768-86F7-11E2-A360-DD629E4401D4 !  1 0 4046844 103928 104 22644 0 0 582 10 34194 58590 9 57 22 12
977 1362640868 5E601F7E-86F7-11E2-A360-DD629E4401D4 !  5 0 4046844 103764 244 30860 0 0 0 6 48351 68245 9 24 68 0
978 1362640911 9487A608-86F7-11E2-A360-DD629E4401D4 !  4 0 4046844 103868 376 29136 0 0 27 10 48396 68359 8 24 67 0
979 1362640960 AE778060-86F7-11E2-A360-DD629E4401D4 !  7 0 4046844 109684 252 27336 0 0 26 10 48341 68354 7 26 66 0
980 1362641004 CBBA612E-86F7-11E2-A360-DD629E4401D4 !  7 0 4046844 104256 252 27364 0 0 0 6 48647 68728 9 24 67 0
981 1362641061 E5EB333E-86F7-11E2-A360-DD629E4401D4 !  2 0 4046844 105696 104 22692 0 0 267 10 39588 64164 8 42 49 1
982 1362641116 07C07906-86F8-11E2-A360-DD629E4401D4 !  9 0 4046844 94556 96 22724 0 0 415 6 42080 63949 9 40 50 0
983 1362641186 28992EDE-86F8-11E2-A360-DD629E4401D4 !  4 0 4046844 107440 104 22712 0 0 387 14 42568 64556 9 37 51 3
984 1362641251 523C1422-86F8-11E2-A360-DD629E4401D4 !  6 0 4046844 100436 96 22696 0 0 270 0 45951 67464 8 30 62 0
985 1362641310 793D8498-86F8-11E2-A360-DD629E4401D4 !  5 1 4046844 97132 140 22856 19 1034 12387 1046 35336 56995 14 57 2 27
986 1362641387 9C045402-86F8-11E2-A360-DD629E4401D4 ! 60 0 4046844 96204 96 22544 0 0 534 12 37117 60039 9 50 41 0
987 1362641469 CA2F8DF6-86F8-11E2-A360-DD629E4401D4 ! 
