1 CA43E8C2-7C31-11E2-A30C-D87795AEF6EE !  0  0      0 3704456  18508  69568    0    0     0     1   91  113  0  0 100  0
2 D0CAEF2E-7C31-11E2-A30C-D87795AEF6EE !  0  0      0 3699296  18524  69616    0    0     0     0  143  215  0  0 100  0
3 D7404340-7C31-11E2-A30C-D87795AEF6EE !  0  0      0 3694160  18544  69660    0    0     0     1  203  299  0  0 100  0
4 DDC0AD2C-7C31-11E2-A30C-D87795AEF6EE !  0  0      0 3688864  18560  69708    0    0     0    28  264  375  0  0 100  0
5 E43FFFE0-7C31-11E2-A30C-D87795AEF6EE !  0  0      0 3682092  18576  69752    0    0     0     0  320  457  0  0 100  0
6 EAB921F8-7C31-11E2-A30C-D87795AEF6EE !  0  0      0 3674472  18592  69796    0    0     0     3  378  540  0  0 100  0
7 F1341394-7C31-11E2-A30C-D87795AEF6EE !  0  0      0 3669544  18608  69840    0    0     0    20  441  620  0  0 100  0
8 F7AE5C0C-7C31-11E2-A30C-D87795AEF6EE !  0  0      0 3664100  18624  69884    0    0     0     2  498  703  0  0 99  0
9 FE2823D8-7C31-11E2-A30C-D87795AEF6EE !  0  0      0 3659272  18640  69928    0    0     0     0  555  784  0  0 99  0
10 049F842C-7C32-11E2-A30C-D87795AEF6EE !  0  0      0 3652084  18656  69972    0    0     0     0  613  864  0  0 100  0
11 0B19A210-7C32-11E2-A30C-D87795AEF6EE !  0  0      0 3644772  18672  70020    0    0     0     0  673  946  0  0 100  0
12 1192239C-7C32-11E2-A30C-D87795AEF6EE !  0  0      0 3639648  18688  70064    0    0     0     3  731 1026  0  0 100  0
13 180DBF92-7C32-11E2-A30C-D87795AEF6EE !  0  0      0 3634668  18704  70108    0    0     0     3  790 1107  0  0 100  0
14 1E8A0088-7C32-11E2-A30C-D87795AEF6EE !  0  0      0 3629224  18720  70152    0    0     0     2  849 1184  0  0 100  0
15 2503A392-7C32-11E2-A30C-D87795AEF6EE !  0  0      0 3621260  18736  70196    0    0     0     0  906 1269  0  0 100  0
16 2B7F2E80-7C32-11E2-A30C-D87795AEF6EE !  0  0      0 3614572  18752  70240    0    0     0     0  967 1352  0  0 99  0
17 31F84CA6-7C32-11E2-A30C-D87795AEF6EE !  0  0      0 3609720  18768  70284    0    0     0    18 1029 1431  0  0 100  0
18 38729726-7C32-11E2-A30C-D87795AEF6EE !  0  0      0 3604680  18784  70328    0    0     0     3 1085 1511  0  0 100  0
19 3EED1AD6-7C32-11E2-A30C-D87795AEF6EE !  0  0      0 3599360  18800  70372    0    0     0     3 1144 1594  0  0 100  0
20 456617C8-7C32-11E2-A30C-D87795AEF6EE !  0  0      0 3594492  18816  70416    0    0     0    18 1203 1675  0  1 99  0
21 4BDC1E5E-7C32-11E2-A30C-D87795AEF6EE !  0  0      0 3585384  18832  70460    0    0     0     0 1260 1757  0  0 99  0
22 5254C420-7C32-11E2-A30C-D87795AEF6EE !  0  0      0 3579792  18848  70504    0    0     0     0 1318 1837  0  0 100  0
23 58CDE19C-7C32-11E2-A30C-D87795AEF6EE !  0  0      0 3574940  18864  70548    0    0     0     0 1379 1922  0  1 99  0
24 5F4A107C-7C32-11E2-A30C-D87795AEF6EE !  0  0      0 3569708  18880  70596    0    0     0     3 1436 2001  0  1 99  0
25 65C3C6A0-7C32-11E2-A30C-D87795AEF6EE !  0  0      0 3564568  18896  70640    0    0     0     4 1500 2082  0  1 99  0
26 6C3A7916-7C32-11E2-A30C-D87795AEF6EE !  1  0      0 3557656  18912  70684    0    0     0     0 1556 2164  0  1 99  0
27 72B1DD52-7C32-11E2-A30C-D87795AEF6EE !  0  0      0 3550668  18928  70728    0    0     0    20 1618 2244  0  1 99  0
28 792C11A2-7C32-11E2-A30C-D87795AEF6EE !  0  0      0 3545240  18944  70772    0    0     0     0 1677 2333  0  1 99  0
29 7FA47880-7C32-11E2-A30C-D87795AEF6EE !  0  0      0 3539656  18960  70816    0    0     0     3 1732 2406  0  1 99  0
30 861E622A-7C32-11E2-A30C-D87795AEF6EE !  0  0      0 3534828  18988  70872    0    0     0    20 1794 2486  0  1 99  0
31 8C9A706C-7C32-11E2-A30C-D87795AEF6EE !  0  0      0 3527572  19004  70916    0    0     0     3 1850 2572  0  1 99  0
32 931598C2-7C32-11E2-A30C-D87795AEF6EE !  0  0      0 3520340  19020  70960    0    0     0     0 1909 2656  0  1 99  0
33 998DE33A-7C32-11E2-A30C-D87795AEF6EE !  0  0      0 3515344  19036  71004    0    0     0     0 1964 2726  0  1 99  0
34 A00AA5AE-7C32-11E2-A30C-D87795AEF6EE !  0  0      0 3509956  19052  71048    0    0     0     0 2023 2809  0  1 99  0
35 A683FB74-7C32-11E2-A30C-D87795AEF6EE !  0  0      0 3505096  19068  71096    0    0     0     3 2080 2893  0  1 99  0
36 AD012FE4-7C32-11E2-A30C-D87795AEF6EE !  0  0      0 3497504  19084  71140    0    0     0     4 2131 2963  0  1 99  0
37 B37FE3C4-7C32-11E2-A30C-D87795AEF6EE !  0  0      0 3490368  19100  71184    0    0     0     2 2192 3051  0  1 99  0
38 B9FADDB2-7C32-11E2-A30C-D87795AEF6EE !  0  0      0 3485496  19116  71228    0    0     0     0 2240 3124  0  1 99  0
39 C073EFEE-7C32-11E2-A30C-D87795AEF6EE !  0  0      0 3480540  19132  71272    0    0     0     0 2301 3208  0  1 99  0
40 C6F0D954-7C32-11E2-A30C-D87795AEF6EE !  0  0      0 3475104  19148  71316    0    0     0    18 2364 3287  0  1 99  0
41 CD6A06A2-7C32-11E2-A30C-D87795AEF6EE !  0  0      0 3467904  19164  71360    0    0     0     3 2420 3366  0  1 99  0
42 D3E49236-7C32-11E2-A30C-D87795AEF6EE !  0  0      0 3460632  19180  71404    0    0     0     3 2480 3449  0  1 99  0
43 DA601946-7C32-11E2-A30C-D87795AEF6EE !  0  0      0 3455388  19196  71448    0    0     0    17 2537 3528  0  1 99  0
44 E0DBAAEC-7C32-11E2-A30C-D87795AEF6EE !  0  0      0 3450620  19212  71496    0    0     0     0 2596 3606  0  1 99  0
45 E75999F6-7C32-11E2-A30C-D87795AEF6EE !  0  0      0 3445044  19228  71540    0    0     0     0 2650 3691  0  1 99  0
46 EDD441AA-7C32-11E2-A30C-D87795AEF6EE !  0  0      0 3440192  19244  71584    0    0     0     0 2714 3772  0  1 99  0
47 F4486228-7C32-11E2-A30C-D87795AEF6EE !  0  0      0 3431060  19260  71628    0    0     0     3 2771 3856  0  1 99  0
48 FAC21608-7C32-11E2-A30C-D87795AEF6EE !  0  0      0 3425672  19276  71672    0    0     0     3 2835 3937  0  1 99  0
49 013C6132-7C33-11E2-A30C-D87795AEF6EE !  0  0      0 3420576  19292  71716    0    0     0     0 2889 4009  0  1 99  0
50 07B4E020-7C33-11E2-A30C-D87795AEF6EE !  0  0      0 3415264  19308  71764    0    0     0     1 2945 4090  0  1 99  0
51 0E3041B0-7C33-11E2-A30C-D87795AEF6EE !  0  0      0 3410328  19324  71808    0    0     0     0 3001 4168  0  1 99  0
52 14AB83EC-7C33-11E2-A30C-D87795AEF6EE !  0  0      0 3401020  19340  71852    0    0     0     3 3066 4255  0  1 98  0
53 1B2516DE-7C33-11E2-A30C-D87795AEF6EE !  0  0      0 3395680  19356  71896    0    0     0     4 3133 4349  0  2 98  0
54 219D925C-7C33-11E2-A30C-D87795AEF6EE !  0  0      0 3390788  19372  71940    0    0     0     3 3183 4420  0  1 98  0
55 281410E8-7C33-11E2-A30C-D87795AEF6EE !  0  0      0 3385408  19388  71984    0    0     0     0 3237 4496  0  1 99  0
56 2E8DB41A-7C33-11E2-A30C-D87795AEF6EE !  0  0      0 3380436  19404  72028    0    0     0    17 3299 4569  1  1 98  0
57 3507A9B8-7C33-11E2-A30C-D87795AEF6EE !  0  0      0 3374220  19420  72072    0    0     0     0 3362 4663  0  2 98  0
58 3B813A70-7C33-11E2-A30C-D87795AEF6EE !  0  0      0 3366132  19436  72116    0    0     0     3 3424 4750  0  1 98  0
59 41FC81FC-7C33-11E2-A30C-D87795AEF6EE !  1  0      0 3360780  19452  72160    0    0     0    18 3461 4814  0  1 98  0
60 4877F85E-7C33-11E2-A30C-D87795AEF6EE !  0  0      0 3355516  19468  72204    0    0     0     2 3545 4883  0  2 98  0
61 4EF24EDC-7C33-11E2-A30C-D87795AEF6EE !  0  0      0 3350648  19484  72248    0    0     0     0 3578 4986  0  2 97  0
62 556AEB84-7C33-11E2-A30C-D87795AEF6EE !  0  0      0 3344188  19500  72292    0    0     0     0 3660 5049  0  2 98  0
63 5BE4D1F0-7C33-11E2-A30C-D87795AEF6EE !  0  0      0 3336484  19516  72340    0    0     0     1 3709 5135  0  1 98  0
64 625CEDBA-7C33-11E2-A30C-D87795AEF6EE !  0  0      0 3331880  19536  72384    0    0     0     3 3755 5221  1  2 97  0
65 68D317BE-7C33-11E2-A30C-D87795AEF6EE !  0  0      0 3326676  19552  72428    0    0     0     4 3825 5297  0  2 97  0
66 6F4F164C-7C33-11E2-A30C-D87795AEF6EE !  0  0      0 3321332  19568  72472    0    0     0     2 3882 5367  0  2 98  0
67 75C6478E-7C33-11E2-A30C-D87795AEF6EE !  0  0      0 3314192  19584  72516    0    0     0     0 3908 5442  0  2 97  0
68 7C403BCE-7C33-11E2-A30C-D87795AEF6EE !  0  0      0 3306500  19600  72560    0    0     0     0 4001 5524  1  2 97  0
69 82B64B88-7C33-11E2-A30C-D87795AEF6EE !  0  0      0 3301452  19620  72612    0    0     0    23 4047 5606  0  2 98  0
70 892FC2E6-7C33-11E2-A30C-D87795AEF6EE !  0  0      0 3296388  19636  72656    0    0     0     3 4103 5674  0  2 98  0
71 8FA61C38-7C33-11E2-A30C-D87795AEF6EE !  0  0      0 3291132  19652  72700    0    0     0     3 4150 5762  0  2 98  0
72 961F8B3A-7C33-11E2-A30C-D87795AEF6EE !  0  0      0 3284520  19668  72744    0    0     0    16 4227 5842  1  3 97  0
73 9C98C3D2-7C33-11E2-A30C-D87795AEF6EE !  0  0      0 3276672  19684  72788    0    0     0     1 4271 5935  1  2 97  0
74 A3148DB8-7C33-11E2-A30C-D87795AEF6EE !  0  0      0 3271540  19700  72832    0    0     0     0 4336 6010  1  2 97  0
75 A98C5D6A-7C33-11E2-A30C-D87795AEF6EE !  0  0      0 3266700  19716  72876    0    0     0     0 4381 6089  0  2 97  0
76 B00C1A18-7C33-11E2-A30C-D87795AEF6EE !  0  0      0 3261584  19732  72920    0    0     0     4 4425 6161  1  2 97  0
77 B6849668-7C33-11E2-A30C-D87795AEF6EE !  0  0      0 3256504  19748  72964    0    0     0     3 4462 6215  0  3 97  0
78 BCFDB556-7C33-11E2-A30C-D87795AEF6EE !  0  0      0 3246984  19764  73008    0    0     0     0 4531 6305  1  2 97  0
79 C37497D8-7C33-11E2-A30C-D87795AEF6EE !  0  0      0 3240988  19780  73052    0    0     0    18 4578 6375  0  2 97  0
80 C9EEBBA2-7C33-11E2-A30C-D87795AEF6EE !  0  0      0 3236444  19796  73096    0    0     0     0 4639 6457  1  2 97  0
81 D0671F06-7C33-11E2-A30C-D87795AEF6EE !  0  0      0 3230964  19812  73140    0    0     0     3 4691 6546  1  3 97  0
82 D6DF3EB8-7C33-11E2-A30C-D87795AEF6EE !  0  0      0 3225964  19828  73184    0    0     0    22 4747 6621  0  3 96  0
83 DD6149CA-7C33-11E2-A30C-D87795AEF6EE !  0  0      0 3219952  19844  73232    0    0     0     4 4809 6696  0  3 97  0
84 E3DB782A-7C33-11E2-A30C-D87795AEF6EE !  0  0      0 3212332  19860  73276    0    0     0     0 4870 6777  1  2 97  0
85 EA4F57D0-7C33-11E2-A30C-D87795AEF6EE !  0  0      0 3206416  19876  73320    0    0     0     0 4910 6848  0  2 97  0
86 F0C67A58-7C33-11E2-A30C-D87795AEF6EE !  0  0      0 3201244  19892  73364    0    0     0     1 4970 6922  0  3 97  0
87 F73FE28E-7C33-11E2-A30C-D87795AEF6EE !  1  0      0 3196136  19908  73408    0    0     0     3 5022 7004  0  3 96  0
88 FDBF6904-7C33-11E2-A30C-D87795AEF6EE !  0  0      0 3190752  19924  73452    0    0     0     3 5087 7084  1  3 96  0
89 04396CB2-7C34-11E2-A30C-D87795AEF6EE !  0  0      0 3181972  19940  73500    0    0     0     2 5153 7186  0  3 96  0
90 0AAE30F0-7C34-11E2-A30C-D87795AEF6EE !  0  0      0 3177116  19956  73544    0    0     0     0 5206 7251  1  2 97  0
91 1128E4AC-7C34-11E2-A30C-D87795AEF6EE !  0  0      0 3170964  19972  73588    0    0     0     0 5261 7337  1  3 97  0
92 17A06788-7C34-11E2-A30C-D87795AEF6EE !  0  0      0 3166492  19988  73632    0    0     0    20 5317 7400  1  3 96  0
93 1E15FB8C-7C34-11E2-A30C-D87795AEF6EE !  0  0      0 3160204  20004  73676    0    0     0     3 5356 7464  1  3 96  0
94 249290E2-7C34-11E2-A30C-D87795AEF6EE !  1  0      0 3152668  20020  73720    0    0     0     3 5411 7549  1  3 96  0
95 2B0E65CC-7C34-11E2-A30C-D87795AEF6EE !  0  0      0 3146848  20036  73764    0    0     0    18 5470 7631  1  3 96  0
96 31860810-7C34-11E2-A30C-D87795AEF6EE !  0  0      0 3141988  20052  73808    0    0     0     1 5534 7712  1  3 96  0
97 3803D7E4-7C34-11E2-A30C-D87795AEF6EE !  0  0      0 3136244  20068  73852    0    0     0     0 5575 7777  1  3 96  0
98 3E7DAA3C-7C34-11E2-A30C-D87795AEF6EE !  0  0      0 3131056  20084  73896    0    0     0     0 5635 7861  0  4 96  0
99 44F666E2-7C34-11E2-A30C-D87795AEF6EE !  0  0      0 3122484  20100  73940    0    0     0     4 5703 7939  1  3 96  0
100 4B70E736-7C34-11E2-A30C-D87795AEF6EE !  0  0      0 3117016  20116  73984    0    0     0     3 5753 8024  1  3 96  0
101 51EBABAA-7C34-11E2-A30C-D87795AEF6EE !  0  0      0 3112032  20132  74028    0    0     0     2 5808 8114  1  3 96  0
102 5866210E-7C34-11E2-A30C-D87795AEF6EE !  0  0      0 3106752  20148  74076    0    0     0    20 5884 8191  0  4 96  0
103 5EDF88D6-7C34-11E2-A30C-D87795AEF6EE !  0  0      0 3100228  20164  74124    0    0     0     0 5932 8266  1  3 96  0
104 655A4BC4-7C34-11E2-A30C-D87795AEF6EE !  0  0      0 3092376  20180  74168    0    0     0     0 5988 8348  1  3 96  0
105 6BD3B3D2-7C34-11E2-A30C-D87795AEF6EE !  0  0      0 3087028  20196  74212    0    0     0    22 6054 8433  1  3 96  0
106 724A5130-7C34-11E2-A30C-D87795AEF6EE !  0  0      0 3081924  20212  74256    0    0     0     3 6101 8502  1  3 96  0
107 78C617F6-7C34-11E2-A30C-D87795AEF6EE !  1  0      0 3076824  20228  74300    0    0     0     0 6169 8597  1  4 96  0
108 7F3D4A3C-7C34-11E2-A30C-D87795AEF6EE !  0  0      0 3071668  20244  74348    0    0     0     0 6199 8648  1  4 96  0
109 85BD2788-7C34-11E2-A30C-D87795AEF6EE !  0  0      0 3062520  20260  74392    0    0     0     1 6275 8743  1  4 96  0
110 8C3865A0-7C34-11E2-A30C-D87795AEF6EE !  0  0      0 3057092  20276  74436    0    0     0     3 6337 8827  1  4 96  0
111 92B40FBA-7C34-11E2-A30C-D87795AEF6EE !  2  0      0 3052084  20292  74480    0    0     0     3 6387 8910  1  4 95  0
112 9930583A-7C34-11E2-A30C-D87795AEF6EE !  0  0      0 3046592  20308  74524    0    0     0     4 6445 8977  1  4 95  0
113 9FA892A4-7C34-11E2-A30C-D87795AEF6EE !  0  0      0 3041764  20324  74568    0    0     0     0 6504 9068  1  4 95  0
114 A625F7F2-7C34-11E2-A30C-D87795AEF6EE !  0  0      0 3036676  20340  74612    0    0     0     0 6557 9133  1  4 95  0
115 ACA14DD4-7C34-11E2-A30C-D87795AEF6EE !  0  0      0 3027236  20356  74656    0    0     0    19 6595 9200  1  4 95  0
116 B319E680-7C34-11E2-A30C-D87795AEF6EE !  0  0      0 3021872  20372  74700    0    0     0     3 6665 9294  1  4 95  0
117 B996E5C6-7C34-11E2-A30C-D87795AEF6EE !  0  0      0 3016812  20388  74744    0    0     0     3 6705 9364  1  4 95  0
118 C0152FB6-7C34-11E2-A30C-D87795AEF6EE !  0  0      0 3011696  20404  74788    0    0     0    21 6775 9443  1  5 95  0
119 C690CEE0-7C34-11E2-A30C-D87795AEF6EE !  1  0      0 3006788  20420  74832    0    0     0     1 6788 9487  1  4 95  0
120 CD087070-7C34-11E2-A30C-D87795AEF6EE !  0  0      0 2998656  20436  74876    0    0     0     0 6829 9574  1  4 95  0
121 D3843E98-7C34-11E2-A30C-D87795AEF6EE !  0  0      0 2992528  20452  74920    0    0     0     0 6920 9658  1  4 95  0
122 D9FB5C5C-7C34-11E2-A30C-D87795AEF6EE !  2  0      0 2987180  20468  74968    0    0     0     5 6968 9729  1  4 95  0
123 E0794FD0-7C34-11E2-A30C-D87795AEF6EE !  1  0      0 2982240  20484  75012    0    0     0     3 7010 9800  1  4 95  0
124 E6F3DDA8-7C34-11E2-A30C-D87795AEF6EE !  0  0      0 2977180  20500  75056    0    0     0     2 7064 9871  1  4 95  0
125 ED764FE4-7C34-11E2-A30C-D87795AEF6EE !  0  0      0 2968352  20516  75100    0    0     0    20 7120 9958  1  4 95  0
126 F3EEB172-7C34-11E2-A30C-D87795AEF6EE !  0  0      0 2962552  20532  75144    0    0     0     0 7181 10039  1  4 95  0
127 FA6A5A10-7C34-11E2-A30C-D87795AEF6EE !  1  0      0 2957668  20560  75196    0    0     0     3 7237 10111  1  4 95  0
128 00E4996E-7C35-11E2-A30C-D87795AEF6EE !  1  0      0 2952248  20576  75244    0    0     0    23 7271 10187  1  5 94  0
129 07649E92-7C35-11E2-A30C-D87795AEF6EE !  2  0      0 2947456  20592  75288    0    0     0     4 7339 10275  1  4 95  0
130 0DE0C6BA-7C35-11E2-A30C-D87795AEF6EE !  0  0      0 2939136  20608  75332    0    0     0     0 7405 10360  1  4 95  0
131 14601C52-7C35-11E2-A30C-D87795AEF6EE !  1  0      0 2932756  20624  75376    0    0     0     0 7465 10441  1  4 95  0
132 1ADD5874-7C35-11E2-A30C-D87795AEF6EE !  0  0      0 2927808  20640  75420    0    0     0     1 7526 10523  1  4 95  0
133 21574304-7C35-11E2-A30C-D87795AEF6EE !  0  0      0 2922768  20660  75464    0    0     0     3 7588 10599  1  4 95  0
134 27D3B10E-7C35-11E2-A30C-D87795AEF6EE !  0  0      0 2917416  20676  75508    0    0     0     3 7637 10670  1  5 94  0
135 2E4F8332-7C35-11E2-A30C-D87795AEF6EE !  0  0      0 2909392  20692  75552    0    0     0     2 7690 10746  1  4 95  0
136 34D06FC8-7C35-11E2-A30C-D87795AEF6EE !  0  0      0 2902676  20708  75600    0    0     0     0 7748 10838  1  5 94  0
137 3B513990-7C35-11E2-A30C-D87795AEF6EE !  0  0      0 2897760  20724  75644    0    0     0     0 7820 10925  1  5 95  0
138 41D07060-7C35-11E2-A30C-D87795AEF6EE !  0  0      0 2892900  20740  75688    0    0     0    21 7878 10998  1  4 94  0
139 484CB854-7C35-11E2-A30C-D87795AEF6EE !  1  0      0 2887516  20760  75732    0    0     0     3 7940 11071  1  4 95  0
140 4EC9958A-7C35-11E2-A30C-D87795AEF6EE !  0  0      0 2879720  20776  75776    0    0     0     3 7982 11161  1  5 95  0
141 55446548-7C35-11E2-A30C-D87795AEF6EE !  0  0      0 2873108  20792  75824    0    0     0     2 8047 11246  1  4 95  0
142 5BC16CEA-7C35-11E2-A30C-D87795AEF6EE !  0  0      0 2868012  20808  75868    0    0     0    22 8094 11314  1  4 95  0
143 623E7518-7C35-11E2-A30C-D87795AEF6EE !  0  0      0 2863220  20824  75912    0    0     0     0 8167 11403  1  5 94  0
144 68BAC4FA-7C35-11E2-A30C-D87795AEF6EE !  0  0      0 2857824  20844  75956    0    0     0     3 8231 11481  1  5 94  0
145 6F338524-7C35-11E2-A30C-D87795AEF6EE !  0  0      0 2852892  20868  76000    0    0     0    24 8269 11549  1  4 95  0
146 75B00616-7C35-11E2-A30C-D87795AEF6EE !  1  0      0 2843536  20884  76044    0    0     0     3 8335 11639  1  4 94  0
147 7C2953B2-7C35-11E2-A30C-D87795AEF6EE !  0  0      0 2838232  20900  76088    0    0     0     0 8393 11723  1  5 94  0
148 82A66E00-7C35-11E2-A30C-D87795AEF6EE !  0  0      0 2833112  20916  76136    0    0     0     0 8467 11818  1  5 95  0
149 8927DBC4-7C35-11E2-A30C-D87795AEF6EE !  0  0      0 2827808  20932  76180    0    0     0     0 8489 11867  1  4 95  0
150 8FA50670-7C35-11E2-A30C-D87795AEF6EE !  0  0      0 2822940  20948  76224    0    0     0     3 8561 11960  2  4 94  0
151 962195C2-7C35-11E2-A30C-D87795AEF6EE !  0  0      0 2816596  20964  76268    0    0     0     3 8605 12014  1  4 95  0
152 9C9FA7D6-7C35-11E2-A30C-D87795AEF6EE !  0  0      0 2808728  20980  76312    0    0     0     2 8667 12091  1  4 94  0
153 A31C4BF0-7C35-11E2-A30C-D87795AEF6EE !  0  0      0 2803376  20996  76356    0    0     0     0 8707 12175  1  5 94  0
154 A991D6DA-7C35-11E2-A30C-D87795AEF6EE !  0  0      0 2797840  21012  76400    0    0     0     0 8784 12259  1  5 93  0
155 B00BF95A-7C35-11E2-A30C-D87795AEF6EE !  0  0      0 2793032  21028  76444    0    0     0    22 8842 12345  1  5 94  0
156 B687A8BA-7C35-11E2-A30C-D87795AEF6EE !  0  0      0 2786396  21044  76488    0    0     0     3 8888 12419  1  4 95  0
157 BD06A966-7C35-11E2-A30C-D87795AEF6EE !  0  0      0 2778640  21060  76532    0    0     0     3 8938 12485  1  5 95  0
158 C3852B3C-7C35-11E2-A30C-D87795AEF6EE !  1  0      0 2773228  21076  76576    0    0     0    20 9002 12569  1  5 94  0
159 CA0115F2-7C35-11E2-A30C-D87795AEF6EE !  0  0      0 2767996  21092  76620    0    0     0     0 9056 12642  1  5 94  0
160 D07D68CC-7C35-11E2-A30C-D87795AEF6EE !  1  0      0 2762884  21108  76664    0    0     0     0 9114 12718  1  5 94  0
161 D6F87AAC-7C35-11E2-A30C-D87795AEF6EE !  0  0      0 2756684  21124  76712    0    0     0    19 9159 12792  1  5 94  0
162 DD739BB4-7C35-11E2-A30C-D87795AEF6EE !  0  0      0 2748900  21140  76756    0    0     0     3 9220 12885  1  5 94  0
163 E3F028A4-7C35-11E2-A30C-D87795AEF6EE !  0  0      0 2743448  21156  76800    0    0     0     4 9274 12959  1  5 94  1
164 EA697B7C-7C35-11E2-A30C-D87795AEF6EE !  0  0      0 2738208  21176  76844    0    0     0     0 9347 13048  1  5 93  0
165 F0E548A0-7C35-11E2-A30C-D87795AEF6EE !  1  0      0 2733152  21192  76888    0    0     0     0 9382 13083  1  5 94  0
166 F7611100-7C35-11E2-A30C-D87795AEF6EE !  0  0      0 2726732  21208  76932    0    0     0     0 9424 13148  1  5 94  0
167 FDDBF09A-7C35-11E2-A30C-D87795AEF6EE !  0  0      0 2719128  21236  76988    0    0     0     3 9500 13253  1  5 94  0
168 045C5DCE-7C36-11E2-A30C-D87795AEF6EE !  2  0      0 2713608  21252  77032    0    0     0     3 9558 13339  1  5 94  0
169 0ADD64FE-7C36-11E2-A30C-D87795AEF6EE !  0  0      0 2708604  21268  77076    0    0     0     2 9618 13408  1  5 94  0
170 1156B0E2-7C36-11E2-A30C-D87795AEF6EE !  0  0      0 2703388  21284  77124    0    0     0     0 9664 13486  1  5 94  0
171 17D456E0-7C36-11E2-A30C-D87795AEF6EE !  0  0      0 2697176  21300  77168    0    0     0    22 9747 13578  1  5 94  0
172 1E4F9B38-7C36-11E2-A30C-D87795AEF6EE !  0  0      0 2688964  21320  77212    0    0     0     0 9785 13662  2  5 94  0
173 24C55476-7C36-11E2-A30C-D87795AEF6EE !  1  0      0 2683724  21336  77256    0    0     0     3 9858 13750  1  5 94  0
174 2B469F1C-7C36-11E2-A30C-D87795AEF6EE !  0  0      0 2678720  21352  77300    0    0     0     4 9865 13781  1  5 94  0
175 31C230E0-7C36-11E2-A30C-D87795AEF6EE !  0  0      0 2673032  21368  77344    0    0     0     2 9911 13854  1  6 93  0
176 3840CEAE-7C36-11E2-A30C-D87795AEF6EE !  1  0      0 2667304  21384  77388    0    0     0     0 9946 13915  1  5 94  0
177 3EBD1E5E-7C36-11E2-A30C-D87795AEF6EE !  0  0      0 2658948  21400  77432    0    0     0     0 10014 14013  1  5 94  0
178 4536940E-7C36-11E2-A30C-D87795AEF6EE !  2  0      0 2653608  21416  77476    0    0     0     3 10085 14096  1  5 94  0
179 4BAF6900-7C36-11E2-A30C-D87795AEF6EE !  0  0      0 2648792  21432  77520    0    0     0     3 10142 14169  1  5 93  0
180 522A4BD8-7C36-11E2-A30C-D87795AEF6EE !  0  0      0 2643340  21448  77568    0    0     0     3 10181 14238  1  5 94  0
181 58A83EE8-7C36-11E2-A30C-D87795AEF6EE !  0  0      0 2638400  21464  77612    0    0     0     1 10209 14267  1  4 95  0
182 5F21BB3C-7C36-11E2-A30C-D87795AEF6EE !  0  0      0 2629292  21480  77656    0    0     0     0 10293 14362  1  4 95  0
183 659D2AFA-7C36-11E2-A30C-D87795AEF6EE !  0  0      0 2623716  21496  77700    0    0     0     0 10356 14452  1  5 94  0
184 6C19152E-7C36-11E2-A30C-D87795AEF6EE !  0  0      0 2618840  21512  77744    0    0     0     4 10394 14516  2  5 94  0
185 729D3B50-7C36-11E2-A30C-D87795AEF6EE !  0  0      0 2613452  21528  77788    0    0     0     3 10393 14554  1  5 94  0
186 7917F98E-7C36-11E2-A30C-D87795AEF6EE !  0  0      0 2608364  21544  77832    0    0     0     2 10456 14626  1  5 94  0
187 7F967ACE-7C36-11E2-A30C-D87795AEF6EE !  0  0      0 2603472  21564  77880    0    0     0     0 10524 14714  1  5 93  0
188 861467F8-7C36-11E2-A30C-D87795AEF6EE !  0  0      0 2594284  21580  77924    0    0     0    22 10572 14810  1  5 93  0
189 8C8B2680-7C36-11E2-A30C-D87795AEF6EE !  1  0      0 2588928  21596  77968    0    0     0     0 10643 14887  1  6 93  0
190 9303E8D0-7C36-11E2-A30C-D87795AEF6EE !  0  0      0 2583456  21612  78012    0    0     0     3 10705 14988  1  5 93  0
191 997DF994-7C36-11E2-A30C-D87795AEF6EE !  1  0      0 2578644  21628  78056    0    0     0     3 10749 15034  1  5 93  0
192 A00023B4-7C36-11E2-A30C-D87795AEF6EE !  0  0      0 2573744  21644  78100    0    0     0     2 10810 15113  1  5 94  0
193 A67D08A6-7C36-11E2-A30C-D87795AEF6EE !  0  0      0 2564896  21660  78144    0    0     0     0 10858 15205  1  6 93  0
194 ACF9293A-7C36-11E2-A30C-D87795AEF6EE !  1  0      0 2559080  21676  78188    0    0     0     1 10908 15277  1  5 94  0
195 B375BDC8-7C36-11E2-A30C-D87795AEF6EE !  0  0      0 2553888  21696  78232    0    0     0     3 10962 15351  1  5 93  0
196 B9F2D690-7C36-11E2-A30C-D87795AEF6EE !  1  0      0 2548948  21712  78276    0    0     0     3 11007 15416  1  5 93  0
197 C0737164-7C36-11E2-A30C-D87795AEF6EE !  0  0      0 2543844  21728  78320    0    0     0     4 11059 15494  1  6 93  0
198 C6ECD0F8-7C36-11E2-A30C-D87795AEF6EE !  0  0      0 2535428  21744  78364    0    0     0    22 11150 15595  1  4 95  0
199 CD698764-7C36-11E2-A30C-D87795AEF6EE !  2  0      0 2529324  21760  78408    0    0     0     0 11215 15679  1  5 93  0
200 D3E4D15C-7C36-11E2-A30C-D87795AEF6EE !  0  0      0 2524424  21776  78456    0    0     0     0 11288 15768  1  5 94  0
201 DA658DFA-7C36-11E2-A30C-D87795AEF6EE !  0  0      0 2518932  21792  78500    0    0     0    24 11329 15806  1  5 94  0
202 E0EADC98-7C36-11E2-A30C-D87795AEF6EE !  1  0      0 2513992  21808  78544    0    0     0     3 11321 15868  1  5 94  0
203 E76BD96E-7C36-11E2-A30C-D87795AEF6EE !  0  0      0 2506100  21828  78592    0    0     0     2 11415 15963  2  5 93  0
204 EDE80B14-7C36-11E2-A30C-D87795AEF6EE !  0  0      0 2499428  21844  78636    0    0     0     1 11455 16036  1  5 94  0
205 F46A6D06-7C36-11E2-A30C-D87795AEF6EE !  0  0      0 2494464  21860  78680    0    0     0     0 11508 16114  1  5 93  0
206 FAE65F14-7C36-11E2-A30C-D87795AEF6EE !  0  0      0 2489120  21876  78728    0    0     0     0 11558 16200  1  5 93  0
207 0167A92E-7C37-11E2-A30C-D87795AEF6EE !  1  0      0 2484096  21892  78772    0    0     0     4 11618 16249  2  5 93  0
208 07E93A92-7C37-11E2-A30C-D87795AEF6EE !  0  0      0 2476372  21908  78816    0    0     0     3 11642 16312  2  5 93  0
209 0E67E0D0-7C37-11E2-A30C-D87795AEF6EE !  0  0      0 2469736  21924  78860    0    0     0     0 11707 16406  1  5 93  0
210 14E0731E-7C37-11E2-A30C-D87795AEF6EE !  0  0      0 2464588  21940  78904    0    0     0     0 11790 16482  1  5 93  0
211 1B5E1CA0-7C37-11E2-A30C-D87795AEF6EE !  0  0      0 2459500  21960  78948    0    0     0    24 11838 16583  1  6 92  0
212 21DDCE9A-7C37-11E2-A30C-D87795AEF6EE !  1  0      0 2454144  21976  78992    0    0     0     3 11878 16639  1  6 93  0
213 285FE06E-7C37-11E2-A30C-D87795AEF6EE !  0  0      0 2447192  21992  79036    0    0     0     3 11930 16708  2  5 94  0
214 2EDEEB10-7C37-11E2-A30C-D87795AEF6EE !  0  0      0 2440148  22008  79080    0    0     0    23 12004 16813  2  5 93  0
215 3561919A-7C37-11E2-A30C-D87795AEF6EE !  0  0      0 2434752  22024  79124    0    0     0     0 12074 16903  2  6 93  0
216 3BE0EB24-7C37-11E2-A30C-D87795AEF6EE !  0  0      0 2429704  22040  79168    0    0     0     0 12090 16945  1  6 93  0
217 4260106A-7C37-11E2-A30C-D87795AEF6EE !  0  0      0 2424272  22056  79212    0    0     0     1 12136 17014  1  5 93  0
218 48DE576C-7C37-11E2-A30C-D87795AEF6EE !  0  0      0 2417484  22072  79256    0    0     0     3 12200 17088  1  5 94  0
219 4F5A398A-7C37-11E2-A30C-D87795AEF6EE !  0  0      0 2410376  22092  79304    0    0     0     3 12229 17143  2  6 93  0
220 55D47C58-7C37-11E2-A30C-D87795AEF6EE !  0  0      0 2404948  22108  79348    0    0     0     2 12304 17254  1  6 93  0
221 5C51ECF0-7C37-11E2-A30C-D87795AEF6EE !  1  0      0 2399860  22124  79392    0    0     0    23 12363 17327  1  6 93  0
222 62CEB4FA-7C37-11E2-A30C-D87795AEF6EE !  0  0      0 2394532  22140  79436    0    0     0     0 12392 17388  1  5 93  0
223 6949C798-7C37-11E2-A30C-D87795AEF6EE !  2  0      0 2389772  22156  79480    0    0     0     4 12461 17458  2  6 93  0
224 6FC9E86E-7C37-11E2-A30C-D87795AEF6EE !  0  0      0 2380352  22172  79524    0    0     0    22 12528 17559  1  7 92  0
225 7642800C-7C37-11E2-A30C-D87795AEF6EE !  0  0      0 2374964  22188  79568    0    0     0     3 12579 17621  1  5 93  0
226 7CC08DAC-7C37-11E2-A30C-D87795AEF6EE !  0  0      0 2369796  22204  79616    0    0     0     0 12656 17707  1  6 93  0
227 833E09F2-7C37-11E2-A30C-D87795AEF6EE !  0  0      0 2364712  22224  79660    0    0     0     0 12711 17794  2  6 92  0
228 89BD1BBA-7C37-11E2-A30C-D87795AEF6EE !  0  0      0 2359788  22240  79704    0    0     0     0 12735 17844  1  6 93  0
229 903B0042-7C37-11E2-A30C-D87795AEF6EE !  0  0      0 2354532  22256  79748    0    0     0     3 12831 17949  2  5 93  0
230 96BBD46E-7C37-11E2-A30C-D87795AEF6EE !  0  0      0 2345864  22272  79792    0    0     0     3 12890 18034  1  6 93  0
231 9D3A7A70-7C37-11E2-A30C-D87795AEF6EE !  1  0      0 2340328  22288  79836    0    0     0     2 12922 18090  1  6 93  0
232 A3B8913E-7C37-11E2-A30C-D87795AEF6EE !  0  0      0 2334932  22304  79880    0    0     0     0 12994 18138  1  6 92  0
233 AA37EBE0-7C37-11E2-A30C-D87795AEF6EE !  1  0      0 2329928  22320  79924    0    0     0     1 13005 18189  1  6 92  0
234 B0B79380-7C37-11E2-A30C-D87795AEF6EE !  0  0      0 2325132  22336  79968    0    0     0     5 13076 18274  1  6 93  0
235 B73C3A58-7C37-11E2-A30C-D87795AEF6EE !  0  0      0 2316136  22356  80012    0    0     0     3 13141 18392  2  6 92  0
236 BDBF702A-7C37-11E2-A30C-D87795AEF6EE !  0  0      0 2310220  22372  80060    0    0     0     4 13195 18461  1  6 93  0
237 C43A9740-7C37-11E2-A30C-D87795AEF6EE !  3  0      0 2305072  22388  80104    0    0     0     1 13255 18550  2  5 93  0
238 CAB8FF08-7C37-11E2-A30C-D87795AEF6EE !  2  0      0 2299804  22404  80148    0    0     0     0 13303 18596  2  6 93  0
239 D13890BE-7C37-11E2-A30C-D87795AEF6EE !  1  0      0 2295000  22420  80196    0    0     0     0 13338 18660  2  5 93  0
240 D7B40FFE-7C37-11E2-A30C-D87795AEF6EE !  0  0      0 2286044  22436  80240    0    0     0     3 13396 18746  2  6 92  0
241 DE32ED5A-7C37-11E2-A30C-D87795AEF6EE !  0  0      0 2280204  22452  80284    0    0     0     3 13448 18802  2  6 92  0
242 E4B3AE1C-7C37-11E2-A30C-D87795AEF6EE !  0  0      0 2274956  22468  80328    0    0     0     2 13499 18906  2  6 92  0
243 EB33207E-7C37-11E2-A30C-D87795AEF6EE !  0  0      0 2270040  22492  80372    0    0     0    26 13563 18976  1  6 92  0
244 F1B1D080-7C37-11E2-A30C-D87795AEF6EE !  0  0      0 2264900  22508  80416    0    0     0     0 13630 19070  1  6 92  0
245 F8308CB2-7C37-11E2-A30C-D87795AEF6EE !  1  0      0 2256628  22524  80464    0    0     0     0 13712 19148  2  6 92  0
246 FEAD771C-7C37-11E2-A30C-D87795AEF6EE !  2  0      0 2250400  22540  80508    0    0     0    25 13762 19223  2  7 92  0
247 052CC1D8-7C38-11E2-A30C-D87795AEF6EE !  0  0      0 2245408  22556  80552    0    0     0     3 13781 19286  1  6 93  0
248 0BADAD7E-7C38-11E2-A30C-D87795AEF6EE !  0  0      0 2239916  22572  80596    0    0     0     2 13814 19356  2  6 92  0
249 122E12C4-7C38-11E2-A30C-D87795AEF6EE !  1  0      0 2234960  22588  80640    0    0     0     0 13887 19427  2  6 92  0
250 18B2B15E-7C38-11E2-A30C-D87795AEF6EE !  0  0      0 2227176  22604  80684    0    0     0     0 13964 19523  2  6 93  0
251 1F33955C-7C38-11E2-A30C-D87795AEF6EE !  1  0      0 2220556  22624  80728    0    0     0     3 14043 19609  2  5 93  0
252 25B1EC76-7C38-11E2-A30C-D87795AEF6EE !  0  0      0 2215524  22640  80772    0    0     0     3 14103 19711  2  7 92  0
253 2C32B936-7C38-11E2-A30C-D87795AEF6EE !  0  0      0 2210460  22664  80816    0    0     0     2 14124 19747  2  6 92  0
254 32AEAB4E-7C38-11E2-A30C-D87795AEF6EE !  0  0      0 2205264  22680  80860    0    0     0     0 14127 19766  1  6 92  0
255 392DFF7E-7C38-11E2-A30C-D87795AEF6EE !  0  0      0 2197660  22696  80904    0    0     0     0 14197 19862  2  6 92  0
256 3FA66422-7C38-11E2-A30C-D87795AEF6EE !  2  0      0 2190880  22716  80948    0    0     0    27 14266 19959  2  6 92  0
257 462F2D92-7C38-11E2-A30C-D87795AEF6EE !  0  0      0 2185592  22732  80992    0    0     0     3 14332 20047  2  6 92  0
258 4CB26062-7C38-11E2-A30C-D87795AEF6EE !  1  0      0 2180528  22748  81040    0    0     0     3 14393 20126  2  7 91  0
259 5330E0F8-7C38-11E2-A30C-D87795AEF6EE !  0  0      0 2175212  22768  81084    0    0     0    22 14399 20170  2  6 92  0
260 59B0FA12-7C38-11E2-A30C-D87795AEF6EE !  0  0      0 2168132  22784  81128    0    0     0     0 14491 20231  2  7 91  0
261 6034B072-7C38-11E2-A30C-D87795AEF6EE !  0  0      0 2161272  22800  81172    0    0     0     0 14524 20330  2  7 92  0
262 66B43A80-7C38-11E2-A30C-D87795AEF6EE !  4  0      0 2155400  22816  81216    0    0     0    23 14587 20422  2  6 92  0
263 6D339B4E-7C38-11E2-A30C-D87795AEF6EE !  1  0      0 2150552  22832  81260    0    0     0     3 14647 20487  2  6 92  0
264 73B35C48-7C38-11E2-A30C-D87795AEF6EE !  1  0      0 2145256  22848  81304    0    0     0     2 14679 20527  2  7 91  0
265 7A374660-7C38-11E2-A30C-D87795AEF6EE !  0  0      0 2138844  22864  81352    0    0     0     0 14753 20645  2  6 91  0
266 80B51256-7C38-11E2-A30C-D87795AEF6EE !  1  0      0 2131288  22880  81396    0    0     0     0 14851 20740  2  6 92  0
267 8735988A-7C38-11E2-A30C-D87795AEF6EE !  0  0      0 2125740  22904  81448    0    0     0     0 14878 20790  2  6 93  0
268 8DB73B00-7C38-11E2-A30C-D87795AEF6EE !  0  0      0 2120800  22920  81492    0    0     0     3 14943 20891  2  6 92  0
269 9439216E-7C38-11E2-A30C-D87795AEF6EE !  0  0      0 2115472  22936  81540    0    0     0     4 15009 20960  2  7 91  0
270 9ABA7CFE-7C38-11E2-A30C-D87795AEF6EE !  0  0      0 2110548  22952  81584    0    0     0     2 15028 21004  2  7 92  0
271 A13F5612-7C38-11E2-A30C-D87795AEF6EE !  0  0      0 2101308  22968  81628    0    0     0     0 15094 21118  2  6 92  0
272 A7BAA21C-7C38-11E2-A30C-D87795AEF6EE !  0  0      0 2095832  22984  81672    0    0     0    25 15130 21177  2  7 91  0
273 AE3B795E-7C38-11E2-A30C-D87795AEF6EE !  0  0      0 2091056  23000  81716    0    0     0     3 15209 21272  2  7 91  0
274 B4B9ECB6-7C38-11E2-A30C-D87795AEF6EE !  2  0      0 2085580  23016  81760    0    0     0     3 15284 21364  2  7 91  0
275 BB3ED254-7C38-11E2-A30C-D87795AEF6EE !  0  0      0 2080760  23036  81804    0    0     0    21 15324 21418  1  7 92  0
276 C1BCF070-7C38-11E2-A30C-D87795AEF6EE !  0  0      0 2075924  23052  81848    0    0     0     0 15370 21501  2  7 91  0
277 C839507E-7C38-11E2-A30C-D87795AEF6EE !  2  0      0 2066784  23068  81892    0    0     0     0 15436 21592  2  7 91  0
278 CEBF0D9E-7C38-11E2-A30C-D87795AEF6EE !  2  0      0 2061176  23084  81940    0    0     0     0 15497 21645  2  7 91  0
279 D5424C12-7C38-11E2-A30C-D87795AEF6EE !  3  0      0 2055944  23104  81984    0    0     0     3 15567 21742  2  7 92  0
280 DBC4A5C6-7C38-11E2-A30C-D87795AEF6EE !  1  0      0 2050932  23124  82028    0    0     0     3 15609 21782  2  7 91  0
281 E2486ED2-7C38-11E2-A30C-D87795AEF6EE !  0  0      0 2046080  23140  82072    0    0     0     2 15636 21854  2  7 91  0
282 E8C45FAA-7C38-11E2-A30C-D87795AEF6EE !  0  0      0 2038220  23156  82116    0    0     0    30 15734 21991  2  7 91  0
283 EF47B818-7C38-11E2-A30C-D87795AEF6EE !  0  0      0 2031828  23176  82160    0    0     0     0 15778 22060  2  6 93  0
284 F5C9EAC6-7C38-11E2-A30C-D87795AEF6EE !  0  0      0 2026168  23192  82208    0    0     0     3 15846 22148  2  7 91  0
285 FC50F9A2-7C38-11E2-A30C-D87795AEF6EE !  1  0      0 2021152  23208  82252    0    0     0    22 15891 22204  2  7 91  0
286 02CE76D8-7C39-11E2-A30C-D87795AEF6EE !  0  0      0 2015976  23224  82296    0    0     0     2 15940 22283  2  7 91  0
287 09508C6C-7C39-11E2-A30C-D87795AEF6EE !  1  0      0 2008720  23240  82340    0    0     0     0 15981 22331  2  7 91  0
288 0FD4A9CE-7C39-11E2-A30C-D87795AEF6EE !  1  0      0 2001912  23256  82384    0    0     0     0 16037 22422  2  7 91  0
289 1657E9DC-7C39-11E2-A30C-D87795AEF6EE !  1  0      0 1996572  23272  82428    0    0     0     0 16086 22483  2  7 91  0
290 1CD5FDE4-7C39-11E2-A30C-D87795AEF6EE !  2  0      0 1991120  23288  82472    0    0     0     3 16122 22545  2  7 91  0
291 23558FB8-7C39-11E2-A30C-D87795AEF6EE !  0  0      0 1986344  23308  82516    0    0     0     3 16203 22630  2  6 92  0
292 29D78E04-7C39-11E2-A30C-D87795AEF6EE !  0  0      0 1979184  23324  82560    0    0     0     0 16227 22686  2  7 91  0
293 3056EFAE-7C39-11E2-A30C-D87795AEF6EE !  1  0      0 1971916  23340  82604    0    0     0     0 16328 22795  2  7 91  0
294 36D4DD8C-7C39-11E2-A30C-D87795AEF6EE !  2  0      0 1966800  23356  82648    0    0     0     0 16346 22855  2  7 91  0
295 3D556A96-7C39-11E2-A30C-D87795AEF6EE !  0  0      0 1961324  23372  82692    0    0     0     3 16451 22965  2  7 91  0
296 43D9FE04-7C39-11E2-A30C-D87795AEF6EE !  0  0      0 1956472  23392  82736    0    0     0     3 16504 23040  2  7 91  0
297 4A54DF2E-7C39-11E2-A30C-D87795AEF6EE !  2  0      0 1949492  23412  82784    0    0     0     2 16569 23137  2  7 92  0
298 50D3E3C2-7C39-11E2-A30C-D87795AEF6EE !  0  0      0 1941996  23428  82828    0    0     0     1 16610 23196  2  7 91  0
299 57570120-7C39-11E2-A30C-D87795AEF6EE !  0  0      0 1936836  23448  82872    0    0     0     0 16665 23285  2  6 92  0
300 5DDB1A22-7C39-11E2-A30C-D87795AEF6EE !  0  0      0 1931684  23468  82916    0    0     0     0 16734 23377  2  6 92  0
301 645E4C70-7C39-11E2-A30C-D87795AEF6EE !  0  0      0 1926204  23484  82960    0    0     0     4 16726 23395  2  7 92  0
302 6AE1025E-7C39-11E2-A30C-D87795AEF6EE !  1  0      0 1920468  23500  83012    0    0     0     4 16775 23464  2  7 91  0
303 716614C0-7C39-11E2-A30C-D87795AEF6EE !  0  0      0 1912164  23516  83056    0    0     0     0 16812 23528  2  7 92  0
304 77E52688-7C39-11E2-A30C-D87795AEF6EE !  1  0      0 1906768  23532  83100    0    0     0    28 16837 23589  2  6 92  0
305 7E697A7C-7C39-11E2-A30C-D87795AEF6EE !  1  0      0 1901744  23548  83144    0    0     0     0 16887 23676  2  7 91  0
306 84EAA560-7C39-11E2-A30C-D87795AEF6EE !  1  0      0 1896528  23564  83188    0    0     0     3 16827 23629  2  8 90  0
307 8B6DE4A6-7C39-11E2-A30C-D87795AEF6EE !  0  0      0 1891008  23584  83232    0    0     0    27 16922 23727  2  7 91  0
308 91EF126E-7C39-11E2-A30C-D87795AEF6EE !  0  0      0 1882340  23604  83276    0    0     0     2 17003 23844  2  7 91  0
309 9870A27E-7C39-11E2-A30C-D87795AEF6EE !  2  0      0 1876716  23620  83320    0    0     0     0 17061 23911  3  7 91  0
310 9EF8801C-7C39-11E2-A30C-D87795AEF6EE !  0  0      0 1871884  23636  83364    0    0     0     0 17105 24002  2  7 90  0
311 A578364E-7C39-11E2-A30C-D87795AEF6EE !  0  0      0 1866520  23652  83408    0    0     0     3 17141 24046  2  7 91  0
312 ABFBFAF0-7C39-11E2-A30C-D87795AEF6EE !  1  0      0 1861500  23668  83452    0    0     0     3 17173 24094  2  7 92  0
313 B27CDD5E-7C39-11E2-A30C-D87795AEF6EE !  0  0      0 1852412  23688  83496    0    0     0     3 17258 24220  2  7 90  0
314 B9031D96-7C39-11E2-A30C-D87795AEF6EE !  0  0      0 1846536  23708  83544    0    0     2    28 17321 24303  2  7 90  0
315 BF856CC8-7C39-11E2-A30C-D87795AEF6EE !  0  0      0 1841908  23728  83588    0    0     0     0 17350 24342  2  7 91  0
316 C60ACF0C-7C39-11E2-A30C-D87795AEF6EE !  0  0      0 1836796  23744  83632    0    0     0     0 17427 24442  2  7 91  0
317 CC8BB7CE-7C39-11E2-A30C-D87795AEF6EE !  1  0      0 1831632  23760  83680    0    0     0    23 17469 24504  2  8 90  0
318 D30B623E-7C39-11E2-A30C-D87795AEF6EE !  0  0      0 1823448  23776  83724    0    0     0     4 17533 24591  2  7 90  0
319 D98CBBDA-7C39-11E2-A30C-D87795AEF6EE !  0  0      0 1817112  23792  83768    0    0     0     2 17594 24663  2  7 91  0
320 E00C27F2-7C39-11E2-A30C-D87795AEF6EE !  1  0      0 1812220  23808  83812    0    0     0     0 17628 24698  2  6 91  0
321 E688BAA0-7C39-11E2-A30C-D87795AEF6EE !  5  0      0 1807188  23824  83860    0    0     0     0 17658 24776  2  7 91  0
322 ED09F240-7C39-11E2-A30C-D87795AEF6EE !  0  0      0 1801780  23840  83904    0    0     0     3 17688 24825  2  8 90  0
323 F38337B2-7C39-11E2-A30C-D87795AEF6EE !  0  0      0 1794120  23860  83948    0    0     0     4 17777 24930  2  7 90  0
324 F9FF4162-7C39-11E2-A30C-D87795AEF6EE !  1  0      0 1787260  23876  83992    0    0     0     3 17820 24999  2  7 90  0
325 007C4E18-7C3A-11E2-A30C-D87795AEF6EE !  1  0      0 1782272  23892  84036    0    0     0     0 17889 25087  2  8 90  0
326 06FE6762-7C3A-11E2-A30C-D87795AEF6EE !  0  0      0 1777296  23908  84080    0    0     0     0 17962 25190  2  8 90  0
327 0D7FA998-7C3A-11E2-A30C-D87795AEF6EE !  0  0      0 1771976  23924  84124    0    0     0    26 17996 25240  2  7 91  0
328 14048D88-7C3A-11E2-A30C-D87795AEF6EE !  2  0      0 1766860  23944  84168    0    0     0     3 18030 25293  2  7 90  0
329 1A849B6C-7C3A-11E2-A30C-D87795AEF6EE !  0  0      0 1757916  23960  84212    0    0     0     3 18134 25399  3  7 90  0
330 2104627E-7C3A-11E2-A30C-D87795AEF6EE !  1  0      0 1752484  23976  84256    0    0     0    26 18180 25503  3  8 90  0
331 2781B656-7C3A-11E2-A30C-D87795AEF6EE !  1  0      0 1747292  23996  84300    0    0     0     0 18258 25569  2  7 91  0
332 2E008750-7C3A-11E2-A30C-D87795AEF6EE !  0  0      0 1742160  24012  84344    0    0     0     0 18285 25611  2  8 91  0
333 34893388-7C3A-11E2-A30C-D87795AEF6EE !  1  0      0 1737300  24028  84388    0    0     0    24 18336 25685  3  6 91  0
334 3B0D257A-7C3A-11E2-A30C-D87795AEF6EE !  1  0      0 1727940  24044  84432    0    0     0     3 18401 25788  2  8 90  0
335 4190EC2E-7C3A-11E2-A30C-D87795AEF6EE !  0  0      0 1722332  24060  84480    0    0     0     4 18440 25846  2  7 90  1
336 480D9B06-7C3A-11E2-A30C-D87795AEF6EE !  0  0      0 1717456  24076  84528    0    0     0     0 18481 25911  2  7 91  0
337 4E901788-7C3A-11E2-A30C-D87795AEF6EE !  0  0      0 1712192  24092  84572    0    0     0     0 18543 26003  2  8 90  0
338 5513F282-7C3A-11E2-A30C-D87795AEF6EE !  1  0      0 1707180  24108  84616    0    0     0     0 18546 26028  2  8 90  0
339 5B9ADF8A-7C3A-11E2-A30C-D87795AEF6EE !  3  0      0 1702120  24128  84660    0    0     0     3 18656 26173  2  8 90  0
340 621AA476-7C3A-11E2-A30C-D87795AEF6EE !  0  0      0 1693180  24144  84704    0    0     0     3 18708 26224  2  7 90  0
341 689E4DD4-7C3A-11E2-A30C-D87795AEF6EE !  0  0      0 1687908  24160  84752    0    0     0     2 18782 26323  2  8 89  0
342 6F1DEFA2-7C3A-11E2-A30C-D87795AEF6EE !  0  0      0 1682404  24176  84796    0    0     0     0 18768 26351  2  9 90  0
343 75A545C8-7C3A-11E2-A30C-D87795AEF6EE !  2  0      0 1677292  24192  84840    0    0     0    26 18795 26405  2  8 90  0
344 7C25490C-7C3A-11E2-A30C-D87795AEF6EE !  0  0      0 1672524  24208  84884    0    0     0     3 18858 26495  2  7 91  0
345 82A5F240-7C3A-11E2-A30C-D87795AEF6EE !  1  0      0 1663384  24224  84928    0    0     0     3 18915 26576  3  8 89  0
346 892BD99A-7C3A-11E2-A30C-D87795AEF6EE !  0  0      0 1657800  24240  84972    0    0     0    22 18951 26642  2  8 90  0
347 8FAF404A-7C3A-11E2-A30C-D87795AEF6EE !  1  0      0 1652824  24260  85016    0    0     0     0 19023 26750  2  8 90  0
348 963BBA9C-7C3A-11E2-A30C-D87795AEF6EE !  0  0      0 1647736  24276  85060    0    0     0     0 19033 26778  3  6 91  0
349 9CC238AA-7C3A-11E2-A30C-D87795AEF6EE !  0  0      0 1642680  24292  85104    0    0     0     0 19066 26835  2  8 89  0
350 A34060DA-7C3A-11E2-A30C-D87795AEF6EE !  1  0      0 1634904  24308  85148    0    0     0     3 19177 26954  2  8 90  0
351 A9C1DFCE-7C3A-11E2-A30C-D87795AEF6EE !  1  0      0 1628012  24324  85192    0    0     0     3 19444 27217  2  8 90  0
352 B04984DC-7C3A-11E2-A30C-D87795AEF6EE !  0  0      0 1622708  24340  85236    0    0     0     0 19471 27265  2  7 91  0
353 B6CB05E2-7C3A-11E2-A30C-D87795AEF6EE !  1  0      0 1617752  24356  85280    0    0     0     1 19506 27334  2  7 90  0
354 BD4E54FA-7C3A-11E2-A30C-D87795AEF6EE !  0  0      0 1612860  24372  85324    0    0     0     0 19547 27395  2  8 90  0
355 C3D4370E-7C3A-11E2-A30C-D87795AEF6EE !  0  0      0 1605540  24392  85368    0    0     0     3 19638 27505  3  8 90  0
356 CA58E516-7C3A-11E2-A30C-D87795AEF6EE !  0  0      0 1598612  24408  85416    0    0     0     4 19697 27579  2  7 90  0
357 D0DE2FD6-7C3A-11E2-A30C-D87795AEF6EE !  1  0      0 1593324  24424  85460    0    0     0     2 19754 27634  3  7 90  0
358 D7620EC2-7C3A-11E2-A30C-D87795AEF6EE !  0  0      0 1587812  24440  85504    0    0     0     0 19786 27718  2  8 90  0
359 DDE4FCBE-7C3A-11E2-A30C-D87795AEF6EE !  1  0      0 1583088  24456  85548    0    0     0    26 19840 27771  2  8 89  0
360 E468F6C6-7C3A-11E2-A30C-D87795AEF6EE !  0  0      0 1576312  24472  85596    0    0     0     3 19917 27867  3  7 90  0
361 EAEA2CA4-7C3A-11E2-A30C-D87795AEF6EE !  1  0      0 1568712  24492  85640    0    0     0     3 19972 27973  2  7 90  0
362 F16877DE-7C3A-11E2-A30C-D87795AEF6EE !  0  0      0 1563244  24508  85684    0    0     0    30 20036 28057  2  8 89  0
363 F7F1B96C-7C3A-11E2-A30C-D87795AEF6EE !  0  0      0 1557908  24528  85728    0    0     0     1 20089 28114  3  8 89  0
364 FE6B5690-7C3A-11E2-A30C-D87795AEF6EE !  0  0      0 1552796  24544  85772    0    0     0     0 20096 28159  2  8 90  0
365 04F32E70-7C3B-11E2-A30C-D87795AEF6EE !  3  0      0 1546556  24560  85816    0    0     0     0 20154 28231  3  7 90  0
366 0B71A38A-7C3B-11E2-A30C-D87795AEF6EE !  0  0      0 1538760  24576  85860    0    0     0     4 20269 28350  3  7 90  0
367 11F4414A-7C3B-11E2-A30C-D87795AEF6EE !  1  0      0 1533252  24592  85904    0    0     0     3 20299 28430  3  8 89  0
368 1877C762-7C3B-11E2-A30C-D87795AEF6EE !  2  0      0 1528352  24608  85952    0    0     0     2 20330 28473  2  8 90  0
369 1F00C11A-7C3B-11E2-A30C-D87795AEF6EE !  0  0      0 1523104  24624  85996    0    0     0    22 20388 28525  3  8 89  0
370 25838662-7C3B-11E2-A30C-D87795AEF6EE !  0  0      0 1517144  24640  86040    0    0     0     0 20377 28569  2  8 89  0
371 2C02BDC8-7C3B-11E2-A30C-D87795AEF6EE !  0  0      0 1509024  24660  86084    0    0     0     3 20465 28690  2  8 89  0
372 328655A6-7C3B-11E2-A30C-D87795AEF6EE !  2  0      0 1503456  24676  86128    0    0     0    30 20556 28787  3  8 89  0
373 39080168-7C3B-11E2-A30C-D87795AEF6EE !  0  0      0 1498444  24692  86172    0    0     0     2 20577 28851  3  7 90  0
374 3F8C2B9A-7C3B-11E2-A30C-D87795AEF6EE !  1  0      0 1493140  24708  86216    0    0     0     0 20630 28896  2  9 89  0
375 461199BE-7C3B-11E2-A30C-D87795AEF6EE !  0  0      0 1488180  24724  86264    0    0     0     0 20670 28972  3  8 89  0
376 4C9666FC-7C3B-11E2-A30C-D87795AEF6EE !  0  0      0 1479408  24740  86308    0    0     0     1 20744 29050  3  7 89  0
377 531B50F0-7C3B-11E2-A30C-D87795AEF6EE !  1  0      0 1473648  24760  86352    0    0     0     3 20749 29107  3  8 89  0
378 599D1F80-7C3B-11E2-A30C-D87795AEF6EE !  1  0      0 1468640  24776  86396    0    0     0     3 20833 29193  3  8 89  0
379 6026C176-7C3B-11E2-A30C-D87795AEF6EE !  0  0      0 1463632  24796  86440    0    0     0     1 20872 29277  2  9 89  0
380 66AA8276-7C3B-11E2-A30C-D87795AEF6EE !  1  0      0 1458344  24812  86488    0    0     0     0 20908 29310  2  8 90  0
381 6D35A33C-7C3B-11E2-A30C-D87795AEF6EE !  1  0      0 1450428  24828  86532    0    0     0     0 20954 29414  2  8 90  0
382 73BDCFF4-7C3B-11E2-A30C-D87795AEF6EE !  4  0      0 1444124  24844  86576    0    0     0     4 21029 29507  3  8 89  0
383 7A419126-7C3B-11E2-A30C-D87795AEF6EE !  2  0      0 1438836  24860  86620    0    0     0     3 21114 29603  3  8 89  0
384 80C7E81A-7C3B-11E2-A30C-D87795AEF6EE !  1  0      0 1434068  24876  86664    0    0     0     2 21172 29684  3  8 90  0
385 874F920A-7C3B-11E2-A30C-D87795AEF6EE !  2  0      0 1428548  24892  86708    0    0     0     0 21182 29716  2  8 89  0
386 8DD59DB8-7C3B-11E2-A30C-D87795AEF6EE !  0  0      0 1421544  24908  86752    0    0     0     0 21235 29823  3  9 88  0
387 945BE458-7C3B-11E2-A30C-D87795AEF6EE !  0  0      0 1414204  24928  86796    0    0     0     3 21336 29903  3  9 89  0
388 9ADE412C-7C3B-11E2-A30C-D87795AEF6EE !  0  0      0 1409072  24944  86840    0    0     0     3 21383 29974  3  8 89  0
389 A1644528-7C3B-11E2-A30C-D87795AEF6EE !  0  0      0 1403968  24960  86884    0    0     0     2 21438 30038  2  8 90  0
390 A7E3CCE8-7C3B-11E2-A30C-D87795AEF6EE !  1  0      0 1398772  24976  86928    0    0     0     0 21489 30116  3  9 88  0
391 AE674A4A-7C3B-11E2-A30C-D87795AEF6EE !  1  0      0 1392188  24992  86972    0    0     0     0 21566 30190  3  9 88  0
392 B4E97726-7C3B-11E2-A30C-D87795AEF6EE !  6  0      0 1384568  25008  87016    0    0     0     3 21644 30286  2  8 89  0
393 BB757856-7C3B-11E2-A30C-D87795AEF6EE !  1  0      0 1379024  25024  87060    0    0     0     3 21630 30346  2  8 90  0
394 C1FBB438-7C3B-11E2-A30C-D87795AEF6EE !  0  0      0 1374144  25044  87104    0    0     0     3 21684 30394  3  8 89  0
395 C87F3AA0-7C3B-11E2-A30C-D87795AEF6EE !  0  0      0 1368872  25064  87152    0    0     0    28 21747 30477  2  9 88  0
396 CF0355AA-7C3B-11E2-A30C-D87795AEF6EE !  2  0      0 1363312  25080  87196    0    0     0     0 21783 30528  3  8 89  0
397 D58D158C-7C3B-11E2-A30C-D87795AEF6EE !  2  0      0 1354472  25096  87240    0    0     0     0 21846 30613  3  8 90  0
398 DC0EBFAA-7C3B-11E2-A30C-D87795AEF6EE !  1  0      0 1349044  25112  87284    0    0     0    25 21878 30691  3  9 88  0
399 E2988C2A-7C3B-11E2-A30C-D87795AEF6EE !  1  0      0 1344184  25128  87332    0    0     0     4 21925 30773  3  9 88  0
400 E91B2800-7C3B-11E2-A30C-D87795AEF6EE !  0  0      0 1338808  25144  87376    0    0     0     2 21965 30825  3  8 89  0
401 EF9D2390-7C3B-11E2-A30C-D87795AEF6EE !  1  0      0 1333908  25160  87424    0    0     0     0 22009 30880  3  8 89  0
402 F6237A5C-7C3B-11E2-A30C-D87795AEF6EE !  0  0      0 1325232  25176  87468    0    0     0     0 22069 31002  3  9 88  0
403 FCA8A316-7C3B-11E2-A30C-D87795AEF6EE !  0  0      0 1319216  25196  87512    0    0     0     3 22153 31063  3 10 88  0
404 032C866C-7C3C-11E2-A30C-D87795AEF6EE !  1  0      0 1314504  25212  87556    0    0     0     3 22229 31144  3  8 89  0
405 09B1808C-7C3C-11E2-A30C-D87795AEF6EE !  2  0      0 1309464  25228  87600    0    0     0     2 22248 31226  3  8 89  0
406 1035D5D4-7C3C-11E2-A30C-D87795AEF6EE !  5  0      0 1303884  25244  87644    0    0     0     0 22319 31298  3  8 88  0
407 16BB9588-7C3C-11E2-A30C-D87795AEF6EE !  1  0      0 1299156  25260  87688    0    0     0     0 22371 31361  2  9 88  0
408 1D39E98C-7C3C-11E2-A30C-D87795AEF6EE !  1  0      0 1289932  25276  87732    0    0     0     3 22443 31458  3  8 89  0
409 23C58180-7C3C-11E2-A30C-D87795AEF6EE !  2  0      0 1284300  25292  87776    0    0     0     3 22507 31531  2  8 89  0
410 2A488444-7C3C-11E2-A30C-D87795AEF6EE !  1  0      0 1279516  25308  87820    0    0     0     3 22537 31591  3  8 88  0
411 30CD1C30-7C3C-11E2-A30C-D87795AEF6EE !  0  0      0 1274260  25328  87864    0    0     0     1 22565 31682  3  9 88  0
412 3753886E-7C3C-11E2-A30C-D87795AEF6EE !  1  0      0 1269244  25344  87908    0    0     0     0 22641 31695  3  9 88  0
413 3DDC3366-7C3C-11E2-A30C-D87795AEF6EE !  2  0      0 1259924  25360  87952    0    0     0     0 22710 31844  3  8 89  0
414 445DA51C-7C3C-11E2-A30C-D87795AEF6EE !  0  0      0 1254684  25376  88000    0    0     0     4 22805 31931  3  9 88  0
415 4AE3EA18-7C3C-11E2-A30C-D87795AEF6EE !  1  0      0 1249580  25392  88044    0    0     0     4 22859 32028  3  9 88  0
416 516A5890-7C3C-11E2-A30C-D87795AEF6EE !  1  0      0 1244284  25408  88088    0    0     0     2 22904 32068  3  9 88  0
417 57ECBD7A-7C3C-11E2-A30C-D87795AEF6EE !  1  0      0 1239360  25424  88132    0    0     0     0 22899 32108  3  9 89  0
418 5E73E9D4-7C3C-11E2-A30C-D87795AEF6EE !  2  0      0 1230180  25440  88176    0    0     0     0 22983 32233  3  9 88  0
419 64F6440A-7C3C-11E2-A30C-D87795AEF6EE !  2  0      0 1224840  25460  88224    0    0     0     3 23041 32308  3  9 88  0
420 6B7F6428-7C3C-11E2-A30C-D87795AEF6EE !  0  0      0 1219868  25476  88268    0    0     0     4 23103 32380  3  9 88  0
421 7202107A-7C3C-11E2-A30C-D87795AEF6EE !  0  0      0 1214448  25492  88312    0    0     0     2 23083 32402  3  8 89  0
422 788A0C36-7C3C-11E2-A30C-D87795AEF6EE !  2  0      0 1209648  25508  88356    0    0     0     0 23127 32474  3  9 88  0
423 7F0C5122-7C3C-11E2-A30C-D87795AEF6EE !  0  0      0 1204480  25524  88400    0    0     0     0 23199 32544  3  9 88  0
424 85919CC8-7C3C-11E2-A30C-D87795AEF6EE !  3  0      0 1194828  25540  88444    0    0     0     3 23265 32639  3  9 88  0
425 8C1CFE70-7C3C-11E2-A30C-D87795AEF6EE !  2  0      0 1189712  25556  88488    0    0     0     3 23321 32708  3  8 89  0
426 92A4B5EE-7C3C-11E2-A30C-D87795AEF6EE !  1  0      0 1184680  25572  88532    0    0     0     3 23392 32782  3  8 89  0
427 992D5D08-7C3C-11E2-A30C-D87795AEF6EE !  2  0      0 1179444  25592  88576    0    0     0    29 23401 32846  3 10 87  0
428 9FB04F00-7C3C-11E2-A30C-D87795AEF6EE !  0  0      0 1174404  25608  88620    0    0     0     0 23464 32912  3  9 87  0
429 A63C38D4-7C3C-11E2-A30C-D87795AEF6EE !  1  0      0 1165548  25624  88664    0    0     0     0 23539 33016  3  9 88  0
430 ACC485C6-7C3C-11E2-A30C-D87795AEF6EE !  4  0      0 1159840  25640  88708    0    0     0    24 23636 33119  3  9 88  0
431 B3493A86-7C3C-11E2-A30C-D87795AEF6EE !  0  0      0 1155056  25656  88752    0    0     0     3 23660 33185  3 10 87  0
432 B9D1A82A-7C3C-11E2-A30C-D87795AEF6EE !  2  0      0 1149620  25672  88796    0    0     0     0 23662 33188  3 10 87  0
433 C0553BE4-7C3C-11E2-A30C-D87795AEF6EE !  3  0      0 1144600  25688  88840    0    0     0     0 23705 33278  3  9 88  0
434 C6DC5592-7C3C-11E2-A30C-D87795AEF6EE !  1  0      0 1137796  25704  88892    0    0     0     0 23772 33346  3  9 88  0
435 CD5B9A86-7C3C-11E2-A30C-D87795AEF6EE !  1  0      0 1130476  25724  88936    0    0     0     3 23861 33454  3  9 87  0
436 D3E30740-7C3C-11E2-A30C-D87795AEF6EE !  1  0      0 1124944  25740  88980    0    0     0     4 23932 33547  3  9 88  0
437 DA65AAF0-7C3C-11E2-A30C-D87795AEF6EE !  1  0      0 1119844  25756  89024    0    0     0     2 23952 33585  3  9 88  0
438 E0EFAC04-7C3C-11E2-A30C-D87795AEF6EE !  0  0      0 1114844  25772  89072    0    0     0     0 23990 33619  3  9 88  0
439 E77923B6-7C3C-11E2-A30C-D87795AEF6EE !  1  0      0 1108840  25788  89116    0    0     0     0 24077 33746  4  9 87  0
440 EDFD36DC-7C3C-11E2-A30C-D87795AEF6EE !  1  0      0 1100368  25804  89160    0    0     0     3 24113 33850  3 10 87  0
441 F48A5886-7C3C-11E2-A30C-D87795AEF6EE !  0  0      0 1094956  25820  89204    0    0     0     3 24123 33857  3  9 88  0
442 FB0BD61C-7C3C-11E2-A30C-D87795AEF6EE !  3  0      0 1089640  25836  89248    0    0     0     2 24151 33898  3  9 88  0
443 0195A5BC-7C3D-11E2-A30C-D87795AEF6EE !  1  0      0 1084568  25856  89292    0    0     0    26 24154 33964  3 10 87  0
444 08155126-7C3D-11E2-A30C-D87795AEF6EE !  0  0      0 1079668  25872  89336    0    0     0     0 24251 34024  3 10 87  0
445 0E9B773C-7C3D-11E2-A30C-D87795AEF6EE !  0  0      0 1070960  25888  89380    0    0     0     0 24265 34093  3 10 87  0
446 151DA76A-7C3D-11E2-A30C-D87795AEF6EE !  1  0      0 1065280  25904  89424    0    0     0    23 24375 34181  3  9 88  0
447 1B9FFA20-7C3D-11E2-A30C-D87795AEF6EE !  1  0      0 1060016  25920  89468    0    0     0     3 24423 34251  3 10 87  0
448 2220EE22-7C3D-11E2-A30C-D87795AEF6EE !  4  0      0 1055028  25936  89512    0    0     0     0 24427 34313  3 10 87  0
449 28A42F3E-7C3D-11E2-A30C-D87795AEF6EE !  1  0      0 1050168  25952  89556    0    0     0     0 24505 34403  3  9 88  0
450 2F2C571E-7C3D-11E2-A30C-D87795AEF6EE !  0  0      0 1041756  25968  89600    0    0     0     0 24557 34482  3 10 87  0
451 35B46932-7C3D-11E2-A30C-D87795AEF6EE !  4  0      0 1035604  25988  89644    0    0     0     3 24647 34591  3 10 87  0
452 3C3AF564-7C3D-11E2-A30C-D87795AEF6EE !  1  0      0 1030000  26004  89688    0    0     0     3 24716 34647  3 10 86  0
453 42BD6DA4-7C3D-11E2-A30C-D87795AEF6EE !  1  0      0 1025072  26020  89736    0    0     0     2 24741 34724  3  9 88  0
454 494852C4-7C3D-11E2-A30C-D87795AEF6EE !  2  0      0 1020100  26036  89780    0    0     0     0 24811 34773  4  9 88  0
455 4FD36BD8-7C3D-11E2-A30C-D87795AEF6EE !  1  0      0 1012876  26052  89824    0    0     0     0 24854 34875  3  9 87  0
456 5658D132-7C3D-11E2-A30C-D87795AEF6EE !  1  0      0 1005844  26068  89868    0    0     0     3 24874 34935  4 10 86  0
457 5CE75A32-7C3D-11E2-A30C-D87795AEF6EE !  1  0      0 1000592  26084  89912    0    0     0     3 24940 35019  3 10 87  0
458 6371FDEE-7C3D-11E2-A30C-D87795AEF6EE !  0  0      0 995296  26100  89960    0    0     0     2 24973 35079  3  9 87  0
459 69F7AB78-7C3D-11E2-A30C-D87795AEF6EE !  1  0      0 990468  26120  90004    0    0     0    25 25042 35148  3 10 86  0
460 7081D694-7C3D-11E2-A30C-D87795AEF6EE !  1  0      0 983960  26136  90048    0    0     0     0 25114 35254  3 11 86  0
461 770D6FAA-7C3D-11E2-A30C-D87795AEF6EE !  1  0      0 976380  26152  90092    0    0     0     3 25161 35333  3 10 88  0
462 7D9AAE28-7C3D-11E2-A30C-D87795AEF6EE !  1  0      0 970488  26168  90136    0    0     0    26 25223 35401  2 10 88  0
463 84258B00-7C3D-11E2-A30C-D87795AEF6EE !  1  0      0 965184  26184  90180    0    0     0     3 25271 35433  3 10 87  0
464 8AABA860-7C3D-11E2-A30C-D87795AEF6EE !  1  0      0 960440  26200  90224    0    0     0     0 25222 35453  3 11 85  0
465 91318038-7C3D-11E2-A30C-D87795AEF6EE !  3  0      0 954924  26216  90268    0    0     0     0 25231 35523  3 10 87  0
466 97BAAC22-7C3D-11E2-A30C-D87795AEF6EE !  2  0      0 946488  26232  90312    0    0     0     3 25342 35622  3  9 88  0
467 9E405D80-7C3D-11E2-A30C-D87795AEF6EE !  1  0      0 940628  26252  90360    0    0     0     3 25365 35684  3 10 86  0
468 A4C63B7A-7C3D-11E2-A30C-D87795AEF6EE !  2  0      0 935528  26268  90404    0    0     0     3 25435 35760  3 11 86  0
469 AB55C5C8-7C3D-11E2-A30C-D87795AEF6EE !  0  0      0 930492  26284  90452    0    0     0    28 25487 35797  3 10 86  0
470 B1DC0CC2-7C3D-11E2-A30C-D87795AEF6EE !  1  0      0 925664  26300  90496    0    0     0     0 25530 35862  3 10 87  0
471 B866BBDC-7C3D-11E2-A30C-D87795AEF6EE !  1  0      0 917312  26316  90540    0    0     0     0 25638 36030  4 10 86  0
472 BEF13DCE-7C3D-11E2-A30C-D87795AEF6EE !  2  0      0 910804  26332  90584    0    0     0     4 25682 36087  3 12 85  0
473 C57A7B42-7C3D-11E2-A30C-D87795AEF6EE !  1  0      0 905828  26348  90628    0    0     0     3 25722 36142  3 10 87  0
474 CC0360D2-7C3D-11E2-A30C-D87795AEF6EE !  0  0      0 900500  26364  90676    0    0     0     2 25722 36184  3 10 87  0
475 D28ACB52-7C3D-11E2-A30C-D87795AEF6EE !  0  0      0 895544  26384  90720    0    0     0     0 25770 36237  4 10 86  0
476 D911DCD6-7C3D-11E2-A30C-D87795AEF6EE !  2  0      0 888220  26400  90764    0    0     0    26 25849 36342  4 11 85  0
477 DF98AC38-7C3D-11E2-A30C-D87795AEF6EE !  1  0      0 881188  26416  90808    0    0     0     3 25937 36435  3 10 87  0
478 E61AEB20-7C3D-11E2-A30C-D87795AEF6EE !  2  0      0 875968  26432  90852    0    0     0     3 26010 36508  3  9 88  0
479 ECA05520-7C3D-11E2-A30C-D87795AEF6EE !  0  0      0 870580  26448  90896    0    0     0    26 25986 36556  4 10 86  0
480 F32804D8-7C3D-11E2-A30C-D87795AEF6EE !  5  0      0 865768  26464  90940    0    0     0     0 26075 36642  4 11 85  0
481 F9AF6030-7C3D-11E2-A30C-D87795AEF6EE !  1  0      0 859028  26480  90984    0    0     0     0 26068 36672  3 10 86  0
482 0035C142-7C3E-11E2-A30C-D87795AEF6EE !  2  0      0 851468  26496  91028    0    0     0    27 26137 36798  3 10 87  0
483 06BADF7A-7C3E-11E2-A30C-D87795AEF6EE !  0  0      0 846048  26516  91072    0    0     0     3 26170 36826  4 10 86  0
484 0D435A2A-7C3E-11E2-A30C-D87795AEF6EE !  2  0      0 840720  26536  91116    0    0     0     2 26244 36909  4 11 85  0
485 13CA19A6-7C3E-11E2-A30C-D87795AEF6EE !  1  0      0 835896  26552  91160    0    0     0     1 26256 36922  3 11 86  0
486 1A4AFF48-7C3E-11E2-A30C-D87795AEF6EE !  1  0      0 830240  26568  91204    0    0     0     0 26320 36988  3 10 86  0
487 20D46F5C-7C3E-11E2-A30C-D87795AEF6EE !  1  0      0 821660  26584  91248    0    0     0     3 26392 37125  4 10 86  0
488 27613C74-7C3E-11E2-A30C-D87795AEF6EE !  0  0      0 816196  26600  91292    0    0     0     4 26453 37187  4 11 85  0
489 2DEB9DE6-7C3E-11E2-A30C-D87795AEF6EE !  1  0      0 811232  26616  91340    0    0     0     4 26475 37217  3 11 87  0
490 347571FA-7C3E-11E2-A30C-D87795AEF6EE !  0  0      0 805804  26632  91384    0    0     0     0 26411 37217  3  9 87  0
491 3AF8EB4C-7C3E-11E2-A30C-D87795AEF6EE !  3  0      0 800840  26656  91428    0    0     0     0 26478 37340  4 10 86  0
492 4183985E-7C3E-11E2-A30C-D87795AEF6EE !  1  0      0 792392  26672  91472    0    0     0    32 26595 37417  3 11 85  0
493 48088FCC-7C3E-11E2-A30C-D87795AEF6EE !  1  0      0 786224  26688  91520    0    0     0     3 26633 37519  3 11 86  0
494 4E8EC94C-7C3E-11E2-A30C-D87795AEF6EE !  5  0      0 781264  26704  91564    0    0     0     4 26624 37557  4 10 87  0
495 5516579E-7C3E-11E2-A30C-D87795AEF6EE !  0  0      0 776008  26720  91608    0    0     0     2 26721 37612  4 10 86  0
496 5B9E6B2E-7C3E-11E2-A30C-D87795AEF6EE !  0  0      0 770880  26736  91652    0    0     0    30 26757 37695  4 11 85  0
497 62215326-7C3E-11E2-A30C-D87795AEF6EE !  1  0      0 762800  26752  91696    0    0     0     0 26821 37813  3 11 86  0
498 68A3B9C8-7C3E-11E2-A30C-D87795AEF6EE !  0  0      0 756288  26768  91740    0    0     0     3 26915 37886  4 10 86  0
499 6F270E12-7C3E-11E2-A30C-D87795AEF6EE !  2  0      0 751144  26788  91784    0    0     0    29 26927 37912  3 11 86  0
500 75A8951C-7C3E-11E2-A30C-D87795AEF6EE !  4  0      0 745848  26808  91832    0    0     0     2 26968 37968  4 11 85  0
501 7C2E514C-7C3E-11E2-A30C-D87795AEF6EE !  5  0      0 740952  26824  91876    0    0     0     1 26977 38047  3 11 86  0
502 82BC49E2-7C3E-11E2-A30C-D87795AEF6EE !  1  0      0 733900  26840  91920    0    0     0     0 27065 38130  4 10 87  0
503 8947064E-7C3E-11E2-A30C-D87795AEF6EE !  1  0      0 726792  26856  91964    0    0     0     3 27167 38244  4 11 85  0
504 8FD09098-7C3E-11E2-A30C-D87795AEF6EE !  0  0      0 721548  26872  92008    0    0     0     4 27190 38301  4 11 85  0
505 96584E88-7C3E-11E2-A30C-D87795AEF6EE !  1  0      0 716424  26888  92052    0    0     0     2 27236 38407  3 11 85  0
506 9CE1973C-7C3E-11E2-A30C-D87795AEF6EE !  0  0      0 711280  26904  92096    0    0     0    26 27238 38389  4 10 87  0
507 A36BB1BE-7C3E-11E2-A30C-D87795AEF6EE !  0  0      0 705152  26928  92140    0    0     0     0 27286 38501  4 10 86  0
508 A9F38642-7C3E-11E2-A30C-D87795AEF6EE !  1  0      0 696884  26944  92188    0    0     0     3 27432 38626  4 11 85  0
509 B07F1CE2-7C3E-11E2-A30C-D87795AEF6EE !  2  0      0 691488  26960  92232    0    0     0    30 27456 38705  3 11 85  0
510 B70903FC-7C3E-11E2-A30C-D87795AEF6EE !  2  0      0 686540  26976  92276    0    0     0     4 27496 38755  3 11 86  0
511 BD8ECDA6-7C3E-11E2-A30C-D87795AEF6EE !  1  0      0 681300  26992  92320    0    0     0     1 27463 38741  4 10 85  0
512 C41300FC-7C3E-11E2-A30C-D87795AEF6EE !  0  0      0 676120  27008  92364    0    0     0     0 27510 38813  4 11 85  0
513 CA9E04BC-7C3E-11E2-A30C-D87795AEF6EE !  1  0      0 667532  27024  92412    0    0     0     0 27636 38951  3 12 84  0
514 D12870F6-7C3E-11E2-A30C-D87795AEF6EE !  0  0      0 661644  27040  92456    0    0     0     4 27696 39040  4 10 86  0
515 D7B19150-7C3E-11E2-A30C-D87795AEF6EE !  2  0      0 656680  27060  92500    0    0     0     4 27711 39130  3 11 85  0
516 DE38A432-7C3E-11E2-A30C-D87795AEF6EE !  1  0      0 651728  27076  92544    0    0     0     0 27799 39179  4 11 85  0
517 E4BA1098-7C3E-11E2-A30C-D87795AEF6EE !  1  0      0 646492  27092  92588    0    0     0     0 27838 39198  4 11 85  0
518 EB41B86C-7C3E-11E2-A30C-D87795AEF6EE !  1  0      0 638708  27108  92632    0    0     0     0 27879 39292  4 11 85  0
519 F1CB1CE6-7C3E-11E2-A30C-D87795AEF6EE !  1  0      0 631712  27128  92676    0    0     0     3 27969 39411  4 11 86  0
520 F8569BD0-7C3E-11E2-A30C-D87795AEF6EE !  0  0      0 626616  27144  92720    0    0     0     3 27998 39438  4 11 85  0
521 FED55320-7C3E-11E2-A30C-D87795AEF6EE !  2  0      0 622012  27160  92764    0    0     0     2 28090 39570  4 12 84  0
522 05623848-7C3F-11E2-A30C-D87795AEF6EE !  0  0      0 616500  27176  92808    0    0     0    29 28026 39539  3 11 86  0
523 0BE4348C-7C3F-11E2-A30C-D87795AEF6EE !  0  0      0 610016  27196  92852    0    0     0     0 28178 39643  4 10 86  0
524 12705088-7C3F-11E2-A30C-D87795AEF6EE !  1  0      0 602592  27212  92896    0    0     0     3 28211 39757  4 12 85  0
525 18F29A60-7C3F-11E2-A30C-D87795AEF6EE !  2  0      0 597512  27228  92940    0    0     0    28 28225 39832  4 12 84  0
526 1F7FECCA-7C3F-11E2-A30C-D87795AEF6EE !  1  0      0 592440  27244  92984    0    0     0     2 28366 39863  3 12 85  0
527 260CF844-7C3F-11E2-A30C-D87795AEF6EE !  1  0      0 587284  27260  93028    0    0     0     1 28343 39884  3 13 84  0
528 2C9AFB20-7C3F-11E2-A30C-D87795AEF6EE !  1  0      0 581172  27276  93076    0    0     0     0 28376 39948  3 13 84  0
529 33275114-7C3F-11E2-A30C-D87795AEF6EE !  5  0      0 572428  27292  93120    0    0     0     3 28508 40116  4 11 85  0
530 39B6EFD0-7C3F-11E2-A30C-D87795AEF6EE !  1  0      0 567404  27308  93164    0    0     0     4 28540 40178  4 11 86  0
531 403C578C-7C3F-11E2-A30C-D87795AEF6EE !  1  0      0 562276  27332  93208    0    0     0     2 28602 40257  4 12 85  0
532 46C16610-7C3F-11E2-A30C-D87795AEF6EE !  3  0      0 556876  27348  93256    0    0     0    29 28643 40324  4 12 84  0
533 4D4B2F7A-7C3F-11E2-A30C-D87795AEF6EE !  1  0      0 552348  27364  93300    0    0     0     0 28669 40362  4 13 84  0
534 53DB76EC-7C3F-11E2-A30C-D87795AEF6EE !  1  0      0 543464  27388  93348    0    0     0     3 28668 40472  3 11 86  0
535 5A655078-7C3F-11E2-A30C-D87795AEF6EE !  2  0      0 537184  27404  93392    0    0     0    32 28795 40550  3 11 86  0
536 60EEF73C-7C3F-11E2-A30C-D87795AEF6EE !  1  0      0 532160  27420  93436    0    0     0     4 28814 40604  5 11 84  0
537 67762418-7C3F-11E2-A30C-D87795AEF6EE !  2  0      0 527716  27436  93480    0    0     0     1 28836 40653  4 13 84  0
538 6E030706-7C3F-11E2-A30C-D87795AEF6EE !  0  0      0 522032  27452  93524    0    0     0     0 28925 40700  3 12 85  0
539 7486ABFA-7C3F-11E2-A30C-D87795AEF6EE !  2  0      0 514636  27472  93568    0    0     0     0 28998 40807  5 10 85  0
540 7B108E50-7C3F-11E2-A30C-D87795AEF6EE !  1  0      0 507340  27488  93612    0    0     0     4 28992 40880  4 12 83  0
541 819E177E-7C3F-11E2-A30C-D87795AEF6EE !  2  0      0 502448  27504  93656    0    0     0     3 29007 40922  4 13 83  0
542 8826D612-7C3F-11E2-A30C-D87795AEF6EE !  2  0      0 497608  27520  93700    0    0     0     0 29104 40965  4 11 85  0
543 8EAEA8D4-7C3F-11E2-A30C-D87795AEF6EE !  0  0      0 492412  27536  93744    0    0     0     0 29119 40975  3 12 84  0
544 953EB036-7C3F-11E2-A30C-D87795AEF6EE !  3  0      0 486068  27552  93788    0    0     0     0 29127 41092  4 12 84  0
545 9BC9CA76-7C3F-11E2-A30C-D87795AEF6EE !  2  0      0 477912  27568  93832    0    0     0     3 29148 41137  4 13 84  0
546 A25BF24C-7C3F-11E2-A30C-D87795AEF6EE !  3  0      0 472832  27584  93876    0    0     0     3 29204 41222  3 11 85  0
547 A8E74D3C-7C3F-11E2-A30C-D87795AEF6EE !  1  0      0 467084  27604  93924    0    0     0     0 29244 41230  4 11 85  0
548 AF762AE2-7C3F-11E2-A30C-D87795AEF6EE !  0  0      0 462588  27620  93968    0    0     0    29 29309 41286  4 13 83  0
549 B607A73C-7C3F-11E2-A30C-D87795AEF6EE !  1  0      0 457216  27636  94012    0    0     0     0 29353 41389  4 13 83  0
550 BC95FEC8-7C3F-11E2-A30C-D87795AEF6EE !  1  0      0 448532  27652  94056    0    0     0     3 29415 41531  4 11 85  0
551 C32458CA-7C3F-11E2-A30C-D87795AEF6EE !  1  0      0 442500  27668  94104    0    0     0    27 29480 41589  4 12 84  0
552 C9ADE850-7C3F-11E2-A30C-D87795AEF6EE !  3  0      0 437664  27684  94148    0    0     0     0 29545 41693  4 13 83  0
553 D03296EE-7C3F-11E2-A30C-D87795AEF6EE !  2  0      0 432348  27704  94192    0    0     0     1 29677 41755  4 13 83  0
554 D6C5D76E-7C3F-11E2-A30C-D87795AEF6EE !  0  0      0 427112  27720  94236    0    0     0     0 29640 41794  4 11 85  0
555 DD4FBC9E-7C3F-11E2-A30C-D87795AEF6EE !  2  0      0 419696  27740  94280    0    0     0     3 29636 41856  5 11 85  0
556 E3DC48A2-7C3F-11E2-A30C-D87795AEF6EE !  1  0      0 412428  27756  94324    0    0     0     4 29722 41937  4 12 84  0
557 EA694EE0-7C3F-11E2-A30C-D87795AEF6EE !  1  0      0 407552  27776  94368    0    0     0     2 29709 42012  5 13 83  0
558 F0EF4A12-7C3F-11E2-A30C-D87795AEF6EE !  3  0      0 402388  27792  94412    0    0     0    30 29774 42046  3 12 85  0
559 F7793C3A-7C3F-11E2-A30C-D87795AEF6EE !  0  0      0 397036  27812  94456    0    0     0     0 29785 42060  4 11 85  0
560 FE0917BE-7C3F-11E2-A30C-D87795AEF6EE !  2  0      0 390416  27828  94500    0    0     0     3 29905 42168  4 13 83  0
561 04997272-7C40-11E2-A30C-D87795AEF6EE !  3  0      0 383268  27844  94544    0    0     0    29 29941 42263  4 13 83  0
562 0B284082-7C40-11E2-A30C-D87795AEF6EE !  3  0      0 377608  27864  94588    0    0     0     2 30013 42360  4 12 84  0
563 11B7E6DC-7C40-11E2-A30C-D87795AEF6EE !  0  0      0 372708  27884  94632    0    0     0     1 30050 42393  4 12 84  0
564 1843F310-7C40-11E2-A30C-D87795AEF6EE !  0  0      0 367452  27900  94676    0    0     0     0 30069 42437  5 13 83  0
565 1ED0F732-7C40-11E2-A30C-D87795AEF6EE !  3  0      0 362232  27916  94720    0    0     0     3 30071 42496  4 13 82  0
566 255E68AA-7C40-11E2-A30C-D87795AEF6EE !  2  0      0 353488  27932  94764    0    0     0     4 30184 42608  4 12 84  0
567 2BE8B9A0-7C40-11E2-A30C-D87795AEF6EE !  3  0      0 347852  27948  94816    0    0     0     2 30280 42747  4 12 85  0
568 3275FB5C-7C40-11E2-A30C-D87795AEF6EE ! 15  0      0 342912  27968  94860    0    0     0    30 30323 42821  4 13 83  0
