1 1363300078 627C49AC-8CF6-11E2-89BA-FDD2B3D484CB !  0 0 0 129960440 106332 178220 0 0 0 0 160 307 0 0 100 0
2 1363300096 6C740BDE-8CF6-11E2-89BA-FDD2B3D484CB !  2 0 0 129955856 106336 178276 0 0 0 0 141 273 0 0 100 0
3 1363300114 77210ECE-8CF6-11E2-89BA-FDD2B3D484CB !  1 0 0 129950608 106340 178300 0 0 0 2 159 318 0 0 100 0
4 1363300132 81C962C2-8CF6-11E2-89BA-FDD2B3D484CB !  0 0 0 129945360 106344 178332 0 0 0 0 176 365 0 0 100 0
5 1363300150 8C7E9C1E-8CF6-11E2-89BA-FDD2B3D484CB !  1 0 0 129941688 106348 178360 0 0 0 2 198 422 0 0 100 0
6 1363300168 97429D44-8CF6-11E2-89BA-FDD2B3D484CB !  1 0 0 129937240 106352 178392 0 0 0 2 217 470 0 0 100 0
7 1363300187 A2524342-8CF6-11E2-89BA-FDD2B3D484CB !  0 0 0 129931936 106356 178420 0 0 0 23 239 528 0 0 100 0
8 1363300205 AD695F86-8CF6-11E2-89BA-FDD2B3D484CB !  1 0 0 129926912 106360 178448 0 0 0 2 266 604 0 0 100 0
9 1363300223 B8390830-8CF6-11E2-89BA-FDD2B3D484CB !  1 0 0 129923472 106364 178476 0 0 0 2 280 654 0 0 100 0
10 1363300241 C2F94154-8CF6-11E2-89BA-FDD2B3D484CB !  2 0 0 129919736 106364 178500 0 0 0 2 301 704 0 0 100 0
11 1363300259 CDBEF93A-8CF6-11E2-89BA-FDD2B3D484CB !  0 0 0 129915152 106364 178528 0 0 0 22 339 783 0 0 100 0
12 1363300278 D88BF5E8-8CF6-11E2-89BA-FDD2B3D484CB !  1 0 0 129908976 106368 178564 0 0 0 2 357 849 0 0 100 0
13 1363300296 E3B63546-8CF6-11E2-89BA-FDD2B3D484CB !  1 0 0 129904616 106368 178588 0 0 0 24 386 910 0 0 100 0
14 1363300314 EEA24D8C-8CF6-11E2-89BA-FDD2B3D484CB !  1 0 0 129898672 106368 178616 0 0 0 2 398 973 0 0 100 0
15 1363300333 F9711DCE-8CF6-11E2-89BA-FDD2B3D484CB !  1 0 0 129893088 106372 178644 0 0 0 2 420 1016 0 0 100 0
16 1363300351 048BCE48-8CF7-11E2-89BA-FDD2B3D484CB !  1 0 0 129889760 106376 178676 0 0 0 2 455 1097 0 0 100 0
17 1363300370 0F543C66-8CF7-11E2-89BA-FDD2B3D484CB !  1 0 0 129884672 106376 178704 0 0 0 23 509 1162 0 0 100 0
18 1363300388 1A77455C-8CF7-11E2-89BA-FDD2B3D484CB !  1 0 0 129880704 106380 178728 0 0 0 10 531 1224 0 0 100 0
19 1363300406 2558713A-8CF7-11E2-89BA-FDD2B3D484CB !  1 0 0 129875200 106380 178760 0 0 0 23 557 1283 0 0 100 0
20 1363300425 30429F62-8CF7-11E2-89BA-FDD2B3D484CB !  1 0 0 129870064 106380 178788 0 0 0 2 578 1329 0 0 100 0
21 1363300443 3B22BB38-8CF7-11E2-89BA-FDD2B3D484CB !  1 0 0 129864736 106380 178824 0 0 0 2 590 1398 0 0 100 0
22 1363300461 45F55462-8CF7-11E2-89BA-FDD2B3D484CB !  1 0 0 129861536 106380 178852 0 0 0 2 624 1473 0 0 100 0
23 1363300479 50CE3156-8CF7-11E2-89BA-FDD2B3D484CB !  1 0 0 129857144 106380 178880 0 0 0 26 653 1523 0 0 100 0
24 1363300498 5BA44976-8CF7-11E2-89BA-FDD2B3D484CB !  1 0 0 129851872 106380 178908 0 0 0 2 664 1599 0 0 100 0
25 1363300516 66A3B014-8CF7-11E2-89BA-FDD2B3D484CB !  0 0 0 129846128 106380 178940 0 0 0 26 684 1639 0 0 100 0
26 1363300535 71B70F96-8CF7-11E2-89BA-FDD2B3D484CB !  1 0 0 129840728 106380 178968 0 0 0 2 713 1719 0 0 100 0
27 1363300553 7CB2AFB8-8CF7-11E2-89BA-FDD2B3D484CB !  1 0 0 129836672 106380 179000 0 0 0 3 737 1773 0 0 100 0
28 1363300572 87C43FA2-8CF7-11E2-89BA-FDD2B3D484CB !  1 0 0 129831248 106384 179028 0 0 0 2 758 1834 0 0 100 0
29 1363300590 92D5D7B6-8CF7-11E2-89BA-FDD2B3D484CB !  1 0 0 129826656 106384 179056 0 0 0 25 797 1914 0 0 100 0
30 1363300609 9DDD577E-8CF7-11E2-89BA-FDD2B3D484CB !  1 0 0 129821296 106388 179084 0 0 0 2 815 1977 0 0 100 0
31 1363300627 A8DC97B6-8CF7-11E2-89BA-FDD2B3D484CB !  0 0 0 129817416 106388 179108 0 0 0 24 833 2022 0 0 100 0
32 1363300646 B3EE2296-8CF7-11E2-89BA-FDD2B3D484CB !  1 0 0 129812144 106388 179140 0 0 0 2 852 2047 0 0 100 0
33 1363300664 BF385400-8CF7-11E2-89BA-FDD2B3D484CB !  1 0 0 129807952 106388 179164 0 0 0 2 880 2115 0 0 100 0
34 1363300683 C9FB4244-8CF7-11E2-89BA-FDD2B3D484CB !  1 0 0 129804016 106388 179196 0 0 0 2 903 2178 0 0 100 0
35 1363300702 D52F9F8E-8CF7-11E2-89BA-FDD2B3D484CB !  1 0 0 129798560 106388 179224 0 0 0 2 923 2237 0 0 100 0
36 1363300721 E07B9906-8CF7-11E2-89BA-FDD2B3D484CB !  1 0 0 129792608 106388 179252 0 0 0 2 951 2303 0 0 100 0
37 1363300740 EBC4EEA2-8CF7-11E2-89BA-FDD2B3D484CB !  1 0 0 129788160 106388 179280 0 0 0 2 977 2362 0 0 100 0
38 1363300759 F7025B1A-8CF7-11E2-89BA-FDD2B3D484CB !  1 0 0 129784032 106388 179308 0 0 0 2 1003 2420 0 0 100 0
39 1363300778 02818A4C-8CF8-11E2-89BA-FDD2B3D484CB !  1 0 0 129779264 106392 179348 0 0 0 11 1106 2526 0 0 100 0
40 1363300797 0DE3B78E-8CF8-11E2-89BA-FDD2B3D484CB !  1 0 0 129774416 106392 179376 0 0 0 2 1119 2566 0 0 100 0
41 1363300817 193B7284-8CF8-11E2-89BA-FDD2B3D484CB !  1 0 0 129770576 106392 179404 0 0 0 2 1136 2625 0 0 100 0
42 1363300836 24C0235C-8CF8-11E2-89BA-FDD2B3D484CB !  1 0 0 129764760 106392 179436 0 0 0 21 1153 2691 0 0 100 0
43 1363300855 302A53B6-8CF8-11E2-89BA-FDD2B3D484CB !  1 0 0 129760656 106392 179460 0 0 0 2 1177 2755 0 0 100 0
44 1363300874 3B9823AE-8CF8-11E2-89BA-FDD2B3D484CB !  0 0 0 129755208 106396 179492 0 0 0 2 1204 2832 0 0 100 0
45 1363300893 4706F328-8CF8-11E2-89BA-FDD2B3D484CB !  0 0 0 129750008 106396 179516 0 0 0 10 1235 2881 0 0 100 0
46 1363300913 5273878A-8CF8-11E2-89BA-FDD2B3D484CB !  1 0 0 129746592 106396 179544 0 0 0 10 1252 2943 0 0 100 0
47 1363300932 5DFF5D36-8CF8-11E2-89BA-FDD2B3D484CB !  1 0 0 129742192 106396 179572 0 0 0 2 1282 3015 0 0 100 0
48 1363300951 6997B5EE-8CF8-11E2-89BA-FDD2B3D484CB !  1 0 0 129736688 106396 179604 0 0 0 22 1308 3071 0 0 100 0
49 1363300971 750761A4-8CF8-11E2-89BA-FDD2B3D484CB !  1 0 0 129730016 106396 179624 0 0 0 2 1350 3149 0 0 100 0
50 1363300990 80A5B632-8CF8-11E2-89BA-FDD2B3D484CB !  1 0 0 129725248 106396 179656 0 0 0 2 1364 3189 0 0 100 0
51 1363301010 8C2FE130-8CF8-11E2-89BA-FDD2B3D484CB !  0 0 0 129720576 106396 179684 0 0 0 2 1476 3291 0 0 100 0
52 1363301029 97C8A48C-8CF8-11E2-89BA-FDD2B3D484CB !  1 0 0 129715216 106396 179712 0 0 0 10 1504 3347 0 0 100 0
53 1363301048 A35FA372-8CF8-11E2-89BA-FDD2B3D484CB !  1 0 0 129711296 106396 179740 0 0 0 11 1611 3455 0 0 100 0
54 1363301068 AEF9A494-8CF8-11E2-89BA-FDD2B3D484CB !  0 0 0 129704544 106396 179768 0 0 0 10 1616 3508 0 0 100 0
55 1363301089 BAB9CE62-8CF8-11E2-89BA-FDD2B3D484CB !  1 0 0 129700560 106396 179792 0 0 0 10 1643 3571 0 0 100 0
56 1363301108 C6E3E9F2-8CF8-11E2-89BA-FDD2B3D484CB !  1 0 0 129695184 106396 179820 0 0 0 16 1696 3644 0 0 100 0
57 1363301128 D299A17E-8CF8-11E2-89BA-FDD2B3D484CB !  1 0 0 129690848 106396 179856 0 0 0 10 1705 3699 0 0 100 0
58 1363301147 DE776918-8CF8-11E2-89BA-FDD2B3D484CB !  0 0 0 129686616 106396 179884 0 0 0 2 1735 3762 0 0 100 0
59 1363301167 E997EA52-8CF8-11E2-89BA-FDD2B3D484CB !  1 0 0 129681056 106396 179908 0 0 0 2 1808 3863 0 0 100 0
60 1363301187 F5AB3470-8CF8-11E2-89BA-FDD2B3D484CB !  2 0 0 129677120 106396 179944 0 0 0 2 1834 3870 0 0 100 0
61 1363301207 01C4D3C4-8CF9-11E2-89BA-FDD2B3D484CB !  0 0 0 129671504 106396 179972 0 0 0 2 1898 3948 0 0 100 0
62 1363301227 0D980144-8CF9-11E2-89BA-FDD2B3D484CB !  0 0 0 129666544 106396 180000 0 0 0 2 1927 4076 0 0 100 0
63 1363301247 19896646-8CF9-11E2-89BA-FDD2B3D484CB !  0 0 0 129663072 106396 180032 0 0 0 20 1993 4122 0 0 100 0
64 1363301268 2583F254-8CF9-11E2-89BA-FDD2B3D484CB !  1 0 0 129657760 106396 180056 0 0 0 2 1968 4126 0 0 100 0
65 1363301288 319CBC60-8CF9-11E2-89BA-FDD2B3D484CB !  1 0 0 129652960 106396 180088 0 0 0 10 2028 4195 0 0 100 0
66 1363301309 3DF2B334-8CF9-11E2-89BA-FDD2B3D484CB !  0 0 0 129647488 106396 180112 0 0 0 10 2077 4231 0 0 100 0
67 1363301329 4A662EF2-8CF9-11E2-89BA-FDD2B3D484CB !  1 0 0 129643104 106396 180144 0 0 0 10 2108 4309 0 0 100 0
68 1363301350 56766D24-8CF9-11E2-89BA-FDD2B3D484CB !  1 0 0 129636480 106400 180168 0 0 0 28 2142 4378 0 0 100 0
69 1363301371 62880474-8CF9-11E2-89BA-FDD2B3D484CB !  1 0 0 129631992 106400 180196 0 0 0 11 2157 4427 0 0 100 0
70 1363301391 6F073486-8CF9-11E2-89BA-FDD2B3D484CB !  3 0 0 129629040 106400 180228 0 0 0 10 2190 4486 0 0 100 0
71 1363301411 7B68DAFE-8CF9-11E2-89BA-FDD2B3D484CB !  1 0 0 129623384 106400 180252 0 0 0 10 2224 4567 0 0 100 0
72 1363301432 870C1E84-8CF9-11E2-89BA-FDD2B3D484CB !  0 0 0 129617408 106400 180284 0 0 0 2 2243 4619 0 0 100 0
73 1363301453 939BC136-8CF9-11E2-89BA-FDD2B3D484CB !  0 0 0 129612936 106400 180312 0 0 0 2 2245 4696 0 0 100 0
74 1363301473 9FF64866-8CF9-11E2-89BA-FDD2B3D484CB !  1 0 0 129607888 106400 180336 0 0 0 10 2305 4783 0 0 100 0
75 1363301492 AC012CAC-8CF9-11E2-89BA-FDD2B3D484CB !  1 0 0 129603600 106400 180368 0 0 0 2 2321 4815 0 0 100 0
76 1363301512 B77AFC8E-8CF9-11E2-89BA-FDD2B3D484CB !  0 0 0 129597776 106400 180396 0 0 0 2 2396 4911 0 0 100 0
77 1363301533 C37B04E8-8CF9-11E2-89BA-FDD2B3D484CB !  1 0 0 129593336 106400 180420 0 0 0 2 2408 4946 0 0 100 0
78 1363301554 CFB5826A-8CF9-11E2-89BA-FDD2B3D484CB !  0 0 0 129589136 106400 180456 0 0 0 12 2417 5006 0 0 100 0
79 1363301575 DC6F28C6-8CF9-11E2-89BA-FDD2B3D484CB !  0 0 0 129583728 106400 180484 0 0 0 30 2445 5067 0 0 100 0
80 1363301596 E8E7A254-8CF9-11E2-89BA-FDD2B3D484CB !  1 0 0 129578784 106400 180516 0 0 0 13 2517 5140 0 0 100 0
81 1363301616 F547A74C-8CF9-11E2-89BA-FDD2B3D484CB !  1 0 0 129572080 106400 180540 0 0 0 1 2515 5175 0 0 100 0
82 1363301636 0123ECF6-8CFA-11E2-89BA-FDD2B3D484CB !  1 0 0 129567072 106400 180572 0 0 0 2 2555 5230 0 0 100 0
83 1363301658 0D5481AC-8CFA-11E2-89BA-FDD2B3D484CB !  0 0 0 129563040 106400 180604 0 0 0 2 2623 5284 0 0 100 0
84 1363301678 1A2063F6-8CFA-11E2-89BA-FDD2B3D484CB !  1 0 0 129557608 106400 180632 0 0 0 27 2643 5379 0 0 100 0
85 1363301699 26646AFE-8CFA-11E2-89BA-FDD2B3D484CB !  1 0 0 129553488 106400 180660 0 0 0 11 2666 5405 0 0 100 0
86 1363301720 32F91A08-8CFA-11E2-89BA-FDD2B3D484CB !  2 0 0 129547776 106400 180684 0 0 0 10 2744 5496 0 0 99 0
87 1363301741 3F6264E8-8CFA-11E2-89BA-FDD2B3D484CB !  0 0 0 129543176 106400 180716 0 0 0 10 2743 5522 0 0 100 0
88 1363301762 4BB2849E-8CFA-11E2-89BA-FDD2B3D484CB !  1 0 0 129537872 106400 180736 0 0 0 10 2750 5589 0 0 99 0
89 1363301783 58154BF4-8CFA-11E2-89BA-FDD2B3D484CB !  1 0 0 129532960 106400 180764 0 0 0 0 2760 5623 0 0 99 0
90 1363301804 64F52952-8CFA-11E2-89BA-FDD2B3D484CB !  1 0 0 129528088 106400 180796 0 0 0 10 2847 5695 0 0 100 0
91 1363301824 716883F0-8CFA-11E2-89BA-FDD2B3D484CB !  0 0 0 129523104 106400 180824 0 0 0 10 2929 5793 0 0 99 0
92 1363301845 7D7D4086-8CFA-11E2-89BA-FDD2B3D484CB !  1 0 0 129519392 106400 180852 0 0 0 10 2963 5845 0 0 99 0
93 1363301864 8980B9D0-8CFA-11E2-89BA-FDD2B3D484CB !  0 0 0 129513856 106400 180880 0 0 0 30 2967 5906 0 0 99 0
94 1363301883 94F4E80E-8CFA-11E2-89BA-FDD2B3D484CB !  1 0 0 129507920 106400 180908 0 0 0 10 3029 5963 0 0 99 0
95 1363301904 A09B3D7A-8CFA-11E2-89BA-FDD2B3D484CB !  1 0 0 129503280 106400 180932 0 0 0 10 3097 5996 0 0 99 0
96 1363301924 ACFB2A3A-8CFA-11E2-89BA-FDD2B3D484CB !  1 0 0 129498736 106400 180972 0 0 0 13 3160 6069 0 0 99 0
97 1363301944 B908BAF4-8CFA-11E2-89BA-FDD2B3D484CB !  0 0 0 129492752 106400 180996 0 0 0 17 3267 6151 0 1 99 0
98 1363301965 C4B173F0-8CFA-11E2-89BA-FDD2B3D484CB !  1 0 0 129488000 106400 181024 0 0 0 10 3261 6185 0 1 99 0
99 1363301986 D1872B2E-8CFA-11E2-89BA-FDD2B3D484CB !  1 0 0 129483432 106400 181056 0 0 0 10 3300 6274 0 1 99 0
100 1363302007 DD8D27F2-8CFA-11E2-89BA-FDD2B3D484CB !  1 0 0 129478176 106400 181084 0 0 0 13 3357 6306 0 1 99 0
101 1363302028 EA47310E-8CFA-11E2-89BA-FDD2B3D484CB !  0 0 0 129473040 106400 181112 0 0 0 1 3284 6359 0 0 99 0
102 1363302048 F7096B3C-8CFA-11E2-89BA-FDD2B3D484CB !  4 0 0 129468240 106400 181144 0 0 0 2 3392 6437 0 1 99 0
103 1363302068 02DCBAD6-8CFB-11E2-89BA-FDD2B3D484CB !  3 0 0 129463504 106400 181172 0 0 0 2 3425 6532 0 1 99 0
104 1363302089 0EEB5F80-8CFB-11E2-89BA-FDD2B3D484CB !  1 0 0 129457912 106400 181192 0 0 0 9 3635 6557 0 1 99 0
105 1363302109 1B2FDB86-8CFB-11E2-89BA-FDD2B3D484CB !  1 0 0 129453472 106400 181224 0 0 0 10 3741 6603 0 1 99 0
106 1363302131 273AEC68-8CFB-11E2-89BA-FDD2B3D484CB !  1 0 0 129448056 106400 181252 0 0 0 20 3826 6641 0 1 99 0
107 1363302152 3430C3B6-8CFB-11E2-89BA-FDD2B3D484CB !  3 0 0 129443808 106400 181280 0 0 0 10 3904 6690 0 1 99 0
108 1363302173 40F9DEE8-8CFB-11E2-89BA-FDD2B3D484CB !  0 0 0 129438992 106400 181312 0 0 0 2 3893 6754 0 1 99 0
109 1363302193 4CFBB3E2-8CFB-11E2-89BA-FDD2B3D484CB !  4 0 0 129432560 106400 181332 0 0 0 2 4025 6800 0 1 99 0
110 1363302213 59107564-8CFB-11E2-89BA-FDD2B3D484CB !  0 0 0 129427248 106400 181364 0 0 0 2 3950 6883 0 1 99 0
111 1363302234 6541376A-8CFB-11E2-89BA-FDD2B3D484CB !  6 0 0 129423352 106400 181392 0 0 0 10 3972 6890 0 1 99 0
112 1363302254 71A43304-8CFB-11E2-89BA-FDD2B3D484CB !  2 0 0 129417088 106400 181424 0 0 0 10 3588 7037 0 0 99 0
113 1363302274 7D80B058-8CFB-11E2-89BA-FDD2B3D484CB !  1 0 0 129412776 106400 181452 0 0 0 27 3655 7081 0 0 99 0
114 1363302295 89AFD246-8CFB-11E2-89BA-FDD2B3D484CB !  1 0 0 129408632 106400 181476 0 0 0 10 3621 7127 0 0 99 0
115 1363302316 95E89A16-8CFB-11E2-89BA-FDD2B3D484CB !  1 0 0 129403568 106400 181512 0 0 0 10 3685 7216 0 0 99 0
116 1363302337 A25714A8-8CFB-11E2-89BA-FDD2B3D484CB !  1 0 0 129399312 106400 181536 0 0 0 12 3658 7254 0 0 99 0
117 1363302357 AEB954EA-8CFB-11E2-89BA-FDD2B3D484CB !  4 0 0 129393744 106400 181568 0 0 0 2 3691 7335 0 0 99 0
118 1363302379 BB098E90-8CFB-11E2-89BA-FDD2B3D484CB !  1 0 0 129388160 106400 181600 0 0 0 13 3771 7371 0 0 99 0
119 1363302400 C7FB7000-8CFB-11E2-89BA-FDD2B3D484CB !  3 0 0 129383160 106400 181628 0 0 0 10 3857 7444 0 1 99 0
120 1363302422 D474BD82-8CFB-11E2-89BA-FDD2B3D484CB !  1 0 0 129378456 106400 181656 0 0 0 22 3888 7513 0 1 99 0
121 1363302443 E1EE54A0-8CFB-11E2-89BA-FDD2B3D484CB !  2 0 0 129373176 106400 181684 0 0 0 10 3893 7601 0 1 99 0
122 1363302465 EE40FB9A-8CFB-11E2-89BA-FDD2B3D484CB !  0 0 0 129367920 106400 181712 0 0 0 0 3935 7646 0 0 99 0
123 1363302486 FB5FABFA-8CFB-11E2-89BA-FDD2B3D484CB !  5 0 0 129362640 106400 181736 0 0 0 10 4048 7717 0 1 99 0
124 1363302508 07B9EBE0-8CFC-11E2-89BA-FDD2B3D484CB !  6 0 0 129358112 106400 181764 0 0 0 1 4069 7746 0 1 99 0
125 1363302529 14A53454-8CFC-11E2-89BA-FDD2B3D484CB !  1 0 0 129353328 106400 181792 0 0 0 28 4218 7776 0 1 99 0
126 1363302549 2130DEF8-8CFC-11E2-89BA-FDD2B3D484CB !  0 0 0 129348000 106400 181824 0 0 0 9 4208 7901 0 1 99 0
127 1363302571 2D788472-8CFC-11E2-89BA-FDD2B3D484CB !  0 0 0 129342864 106400 181852 0 0 0 10 4214 7960 0 1 99 0
128 1363302594 3A889BFC-8CFC-11E2-89BA-FDD2B3D484CB ! 22 0 0 129337536 106400 181880 0 0 0 18 4352 8007 0 1 99 0
129 1363302616 48078BEE-8CFC-11E2-89BA-FDD2B3D484CB !  1 0 0 129333040 106400 181908 0 0 0 10 4385 8035 0 1 99 0
130 1363302639 5529F488-8CFC-11E2-89BA-FDD2B3D484CB !  2 0 0 129328192 106400 181936 0 0 0 0 4456 8096 0 1 99 0
131 1363302661 62FBE378-8CFC-11E2-89BA-FDD2B3D484CB !  0 0 0 129323952 106400 181964 0 0 0 1 4531 8176 0 1 99 0
132 1363302683 7062CFCC-8CFC-11E2-89BA-FDD2B3D484CB !  1 0 0 129318744 106400 181992 0 0 0 10 4647 8196 0 1 99 0
133 1363302704 7D71A062-8CFC-11E2-89BA-FDD2B3D484CB !  4 0 0 129313640 106400 182020 0 0 0 21 4653 8242 0 1 99 0
134 1363302726 89E23906-8CFC-11E2-89BA-FDD2B3D484CB !  1 0 0 129308032 106400 182048 0 0 0 13 4692 8313 0 1 99 0
135 1363302747 96C0C412-8CFC-11E2-89BA-FDD2B3D484CB ! 18 0 0 129303640 106400 182080 0 0 0 9 4746 8374 0 1 99 0
136 1363302769 A3529F3E-8CFC-11E2-89BA-FDD2B3D484CB !  1 0 0 129298392 106400 182108 0 0 0 7 4846 8376 0 1 99 0
137 1363302790 B0BC8C0C-8CFC-11E2-89BA-FDD2B3D484CB !  0 0 0 129293328 106400 182140 0 0 0 11 4842 8474 0 1 99 0
138 1363302813 BD2DB524-8CFC-11E2-89BA-FDD2B3D484CB !  1 0 0 129288256 106400 182168 0 0 0 32 4843 8538 0 1 99 0
139 1363302834 CA9BFFD6-8CFC-11E2-89BA-FDD2B3D484CB ! 35 0 0 129284272 106400 182196 0 0 0 9 4886 8528 0 1 99 0
140 1363302856 D73F1958-8CFC-11E2-89BA-FDD2B3D484CB !  4 0 0 129278144 106400 182220 0 0 0 10 4921 8685 0 1 99 0
141 1363302880 E4868786-8CFC-11E2-89BA-FDD2B3D484CB ! 27 0 0 129274880 106400 182256 0 0 0 21 5394 8722 0 1 99 0
142 1363302904 F2963632-8CFC-11E2-89BA-FDD2B3D484CB !  0 0 0 129269848 106400 182280 0 0 0 0 5316 8801 0 1 99 0
143 1363302927 013BD8B8-8CFD-11E2-89BA-FDD2B3D484CB ! 18 0 0 129265112 106400 182308 0 0 0 6 6326 9441 0 1 98 0
144 1363302949 0EACD0F6-8CFD-11E2-89BA-FDD2B3D484CB ! 87 0 0 129260160 106400 182336 0 0 0 26 5342 8752 0 1 99 0
145 1363302972 1BE6510C-8CFD-11E2-89BA-FDD2B3D484CB ! 30 0 0 129254984 106400 182364 0 0 0 9 5847 9175 0 1 98 0
146 1363302994 29337F4C-8CFD-11E2-89BA-FDD2B3D484CB ! 65 0 0 129249664 106400 182392 0 0 0 1 5559 9419 0 1 99 0
147 1363303016 368857E4-8CFD-11E2-89BA-FDD2B3D484CB ! 148 0 0 129245312 106400 182416 0 0 0 0 5983 10034 0 1 98 0
148 1363303038 43CCC232-8CFD-11E2-89BA-FDD2B3D484CB !  0 0 0 129239392 106400 182452 0 0 0 10 5557 9398 0 1 99 0
149 1363303060 51129B4C-8CFD-11E2-89BA-FDD2B3D484CB ! 128 0 0 129233808 106400 182476 0 0 0 7 6456 9775 0 2 98 0
150 1363303083 5DBB8D40-8CFD-11E2-89BA-FDD2B3D484CB ! 39 0 0 129230048 106400 182508 0 0 0 10 6238 9840 0 1 98 0
151 1363303108 6B62726A-8CFD-11E2-89BA-FDD2B3D484CB ! 65 0 0 129224744 106400 182536 0 0 0 0 5812 9709 0 1 99 0
152 1363303130 7A5930BA-8CFD-11E2-89BA-FDD2B3D484CB ! 115 0 0 129220000 106400 182572 0 0 0 0 6378 10614 0 2 98 0
153 1363303153 87CEEFE6-8CFD-11E2-89BA-FDD2B3D484CB ! 151 0 0 129214784 106400 182596 0 0 0 10 6680 10863 0 2 98 0
154 1363303175 957EC954-8CFD-11E2-89BA-FDD2B3D484CB ! 154 0 0 129208640 106400 182624 0 0 0 0 6297 10400 0 1 98 0
155 1363303196 A25BD6D0-8CFD-11E2-89BA-FDD2B3D484CB ! 151 0 0 129203888 106400 182656 0 0 0 9 6842 11443 0 2 98 0
156 1363303221 AF20F2F6-8CFD-11E2-89BA-FDD2B3D484CB !  1 0 0 129198448 106400 182676 0 0 0 0 6114 10213 0 1 99 0
157 1363303242 BDBD2712-8CFD-11E2-89BA-FDD2B3D484CB ! 30 0 0 129193952 106400 182708 0 0 0 10 6393 10587 0 1 98 0
158 1363303266 CAA76DD4-8CFD-11E2-89BA-FDD2B3D484CB !  0 0 0 129190672 106400 182744 0 0 0 7 6476 10940 0 1 98 0
159 1363303287 D8742B0A-8CFD-11E2-89BA-FDD2B3D484CB !  0 0 0 129185104 106400 182768 0 0 0 0 6973 11482 0 2 98 0
160 1363303309 E575D6C8-8CFD-11E2-89BA-FDD2B3D484CB !  0 0 0 129179896 106400 182796 0 0 0 1 6443 10802 0 1 98 0
161 1363303332 F263F14E-8CFD-11E2-89BA-FDD2B3D484CB ! 138 0 0 129175584 106400 182824 0 0 0 9 6559 11166 0 2 98 0
162 1363303355 000ED408-8CFE-11E2-89BA-FDD2B3D484CB ! 159 0 0 129170416 106400 182852 0 0 0 7 6514 11161 0 2 98 0
163 1363303379 0DECC2A6-8CFE-11E2-89BA-FDD2B3D484CB ! 163 0 0 129165432 106400 182880 0 0 0 10 6673 11300 0 2 98 0
164 1363303402 1BDC24B0-8CFE-11E2-89BA-FDD2B3D484CB ! 140 0 0 129160064 106400 182904 0 0 0 0 6350 10928 0 1 98 0
165 1363303424 298D813A-8CFE-11E2-89BA-FDD2B3D484CB ! 164 0 0 129154264 106400 182936 0 0 0 21 6330 10923 0 2 98 0
166 1363303446 3725FE8A-8CFE-11E2-89BA-FDD2B3D484CB ! 164 0 0 129149952 106400 182968 0 0 0 10 6191 11096 0 1 98 0
167 1363303468 4418FB7E-8CFE-11E2-89BA-FDD2B3D484CB  168 0 0 129145688 106400 182992 0 0 0 10 6346 7992 0 3 97 0
168 1363303492 51137BB0-8CFE-11E2-89BA-FDD2B3D484CB ! 26 0 0 129138848 106400 183024 0 0 0 10 6629 11425 0 2 98 0
169 1363303514 5F20075A-8CFE-11E2-89BA-FDD2B3D484CB !  3 0 0 129134064 106400 183052 0 0 0 11 7101 12272 0 2 98 0
170 1363303538 6C8143FA-8CFE-11E2-89BA-FDD2B3D484CB !  0 0 0 129129472 106400 183076 0 0 0 30 6974 11530 0 2 98 0
171 1363303562 7AB5114A-8CFE-11E2-89BA-FDD2B3D484CB  160 0 0 129125280 106400 183108 0 0 0 7 7556 9615 0 3 97 0
172 1363303586 88ECAA7A-8CFE-11E2-89BA-FDD2B3D484CB  25 0 0 129120672 106408 183136 0 0 0 0 9140 12169 0 3 97 0
173 1363303609 97531D7E-8CFE-11E2-89BA-FDD2B3D484CB !  1 0 0 129113536 106408 183164 0 0 0 30 6601 11824 0 1 99 0
174 1363303632 A52C2044-8CFE-11E2-89BA-FDD2B3D484CB ! 175 0 0 129107728 106408 183192 0 0 0 7 6602 11807 0 1 99 0
175 1363303655 B2F88B22-8CFE-11E2-89BA-FDD2B3D484CB !  0 0 0 129103248 106408 183220 0 0 0 0 10202 15015 0 2 98 0
176 1363303678 C05AD644-8CFE-11E2-89BA-FDD2B3D484CB  79 0 0 129099664 106408 183252 0 0 0 28 7739 11440 0 3 97 0
177 1363303703 CE24F0AC-8CFE-11E2-89BA-FDD2B3D484CB  178 0 0 129094336 106408 183280 0 0 0 0 8907 11922 0 3 97 0
178 1363303729 DD3D6ECA-8CFE-11E2-89BA-FDD2B3D484CB  131 0 0 129089264 106408 183308 0 0 0 1 7489 11607 0 2 98 0
179 1363303752 ECEC8C16-8CFE-11E2-89BA-FDD2B3D484CB ! 183 0 0 129084768 106408 183336 0 0 0 30 4916 7965 0 2 98 0
180 1363303778 FA38D618-8CFE-11E2-89BA-FDD2B3D484CB   6 0 0 129080240 106408 183364 0 0 0 0 11625 16134 0 3 97 0
181 1363303801 09D709E6-8CFF-11E2-89BA-FDD2B3D484CB  157 0 0 129075424 106408 183392 0 0 0 7 15597 22086 0 3 97 0
182 1363303827 17C26398-8CFF-11E2-89BA-FDD2B3D484CB ! 162 0 0 129069584 106408 183420 0 0 0 26 7187 12454 0 2 98 0
183 1363303853 26EC199A-8CFF-11E2-89BA-FDD2B3D484CB  179 0 0 129066640 106408 183448 0 0 0 7 18858 26949 0 3 97 0
184 1363303880 36B1AE44-8CFF-11E2-89BA-FDD2B3D484CB ! 188 0 0 129059912 106408 183480 0 0 0 0 6001 10413 0 2 98 0
185 1363303903 46DD5B88-8CFF-11E2-89BA-FDD2B3D484CB  136 0 0 129054352 106408 183508 0 0 0 27 7856 11338 0 3 97 0
186 1363303928 542F3662-8CFF-11E2-89BA-FDD2B3D484CB  60 0 0 129050192 106408 183536 0 0 0 0 14418 20418 0 3 97 0
187 1363303952 6384CE1A-8CFF-11E2-89BA-FDD2B3D484CB !  1 0 0 129044416 106408 183560 0 0 0 7 6427 12069 0 1 99 0
188 1363303976 719448BE-8CFF-11E2-89BA-FDD2B3D484CB  174 0 0 129039792 106408 183592 0 0 0 21 7508 10131 0 3 97 0
189 1363304004 7FC0BFF8-8CFF-11E2-89BA-FDD2B3D484CB  177 0 0 129035584 106408 183620 0 0 0 0 9759 13174 0 3 97 0
190 1363304033 9085E57A-8CFF-11E2-89BA-FDD2B3D484CB   4 0 0 129029296 106408 183648 0 0 0 0 9684 13967 0 3 97 0
191 1363304060 A19CC176-8CFF-11E2-89BA-FDD2B3D484CB   0 0 0 129023184 106408 183680 0 0 0 7 7412 12685 0 2 98 0
192 1363304084 B1B5C7CE-8CFF-11E2-89BA-FDD2B3D484CB  192 0 0 129018480 106408 183708 0 0 0 1 8343 11692 0 3 97 0
193 1363304110 C08E8B1E-8CFF-11E2-89BA-FDD2B3D484CB  193 0 0 129012528 106408 183736 0 0 0 0 8069 10847 0 3 97 0
194 1363304137 D00352F0-8CFF-11E2-89BA-FDD2B3D484CB ! 188 0 0 129007984 106408 183768 0 0 0 0 7338 10436 0 3 97 0
195 1363304160 DFA02F12-8CFF-11E2-89BA-FDD2B3D484CB  196 0 0 129002416 106408 183796 0 0 0 0 10673 14376 0 3 97 0
196 1363304188 EDD5FAB2-8CFF-11E2-89BA-FDD2B3D484CB   1 0 0 128996744 106408 183824 0 0 0 0 7338 13114 0 2 98 0
197 1363304212 FE3124A4-8CFF-11E2-89BA-FDD2B3D484CB  197 0 0 128992912 106408 183852 0 0 0 7 6652 8498 0 3 97 0
198 1363304240 0CCC7888-8D00-11E2-89BA-FDD2B3D484CB  199 0 0 128988288 106408 183880 0 0 0 1 14178 19618 0 3 97 0
199 1363304268 1D827E20-8D00-11E2-89BA-FDD2B3D484CB   3 0 0 128983800 106408 183908 0 0 0 0 9202 13119 0 3 97 0
200 1363304293 2E3CCA9A-8D00-11E2-89BA-FDD2B3D484CB  201 0 0 128978728 106408 183936 0 0 0 7 6862 9084 0 3 97 0
201 1363304320 3CE2F740-8D00-11E2-89BA-FDD2B3D484CB   6 0 0 128974848 106408 183964 0 0 0 1 8809 12952 0 3 97 0
202 1363304345 4CC40762-8D00-11E2-89BA-FDD2B3D484CB  176 0 0 128969712 106408 183992 0 0 0 0 8700 12405 0 3 97 0
203 1363304373 5B9377C8-8D00-11E2-89BA-FDD2B3D484CB  195 0 0 128965792 106408 184020 0 0 0 0 7708 10320 0 3 97 0
204 1363304401 6C6ED998-8D00-11E2-89BA-FDD2B3D484CB   9 0 0 128960608 106408 184048 0 0 0 19 10958 16626 0 3 97 0
205 1363304427 7D2B4E06-8D00-11E2-89BA-FDD2B3D484CB  207 0 0 128956256 106408 184076 0 0 0 0 4594 5557 0 3 97 0
206 1363304455 8CAC5B90-8D00-11E2-89BA-FDD2B3D484CB  192 0 0 128950880 106408 184104 0 0 0 6 9286 13506 0 3 97 0
207 1363304482 9D593256-8D00-11E2-89BA-FDD2B3D484CB   0 0 0 128944504 106408 184132 0 0 0 1 7860 13068 0 3 97 0
208 1363304508 ADB5B28C-8D00-11E2-89BA-FDD2B3D484CB  150 0 0 128939496 106408 184160 0 0 0 0 9204 13096 0 3 97 0
209 1363304537 BCE77E20-8D00-11E2-89BA-FDD2B3D484CB  210 0 0 128936144 106408 184192 0 0 0 1 6900 9124 0 3 97 0
210 1363304568 CE49FDAA-8D00-11E2-89BA-FDD2B3D484CB  211 0 0 128932112 106408 184220 0 0 0 0 5546 7068 0 3 97 0
211 1363304597 E0872682-8D00-11E2-89BA-FDD2B3D484CB  212 0 0 128927552 106408 184248 0 0 0 0 11527 16221 0 3 97 0
212 1363304626 F23FD496-8D00-11E2-89BA-FDD2B3D484CB  213 0 0 128923376 106408 184272 0 0 0 1 4917 6186 0 3 97 0
213 1363304656 03991AE0-8D01-11E2-89BA-FDD2B3D484CB  214 0 0 128917344 106408 184304 0 0 0 0 11940 17179 0 3 97 0
214 1363304685 155814AC-8D01-11E2-89BA-FDD2B3D484CB  182 0 0 128907856 106408 184332 0 0 0 6 8618 12416 0 3 97 0
215 1363304712 264EF294-8D01-11E2-89BA-FDD2B3D484CB  158 0 0 128902272 106408 184364 0 0 0 10 10056 14732 0 3 97 0
216 1363304739 36C672FA-8D01-11E2-89BA-FDD2B3D484CB  199 0 0 128897888 106408 184392 0 0 0 6 7929 12241 0 3 97 0
217 1363304768 46CE43EE-8D01-11E2-89BA-FDD2B3D484CB  217 0 0 128894496 106408 184420 0 0 0 22 9020 12967 0 3 97 0
218 1363304796 57B40F72-8D01-11E2-89BA-FDD2B3D484CB  63 0 0 128890368 106408 184448 0 0 0 0 11652 16620 0 3 97 0
219 1363304826 68B28C72-8D01-11E2-89BA-FDD2B3D484CB  220 0 0 128884576 106408 184476 0 0 0 0 6670 8913 0 3 97 0
220 1363304858 7A589E1C-8D01-11E2-89BA-FDD2B3D484CB  19 0 0 128881976 106408 184508 0 0 0 1 8834 14048 0 3 97 0
221 1363304889 8DEB0AE6-8D01-11E2-89BA-FDD2B3D484CB  218 0 0 128876920 106408 184536 0 0 0 0 8443 12377 0 3 97 0
222 1363304932 A0455A2A-8D01-11E2-89BA-FDD2B3D484CB   6 0 0 128871696 106408 184564 0 0 0 10 8099 13242 0 3 97 0
223 1363304964 B9F9BBFA-8D01-11E2-89BA-FDD2B3D484CB   8 0 0 128865440 106408 184592 0 0 0 2 16653 24877 0 3 97 0
224 1363304993 CCC86ECA-8D01-11E2-89BA-FDD2B3D484CB  223 0 0 128860504 106408 184620 0 0 0 0 8625 13393 0 3 97 0
225 1363305023 DE56E9E6-8D01-11E2-89BA-FDD2B3D484CB  225 0 0 128854800 106408 184648 0 0 0 7 9588 13362 0 3 97 0
226 1363305054 F0371D34-8D01-11E2-89BA-FDD2B3D484CB  212 0 0 128849608 106408 184676 0 0 0 1 16269 23124 0 3 97 0
227 1363305086 0298700E-8D02-11E2-89BA-FDD2B3D484CB  228 0 0 128845152 106408 184704 0 0 0 1 5223 7312 0 3 97 0
228 1363305117 155E7D6E-8D02-11E2-89BA-FDD2B3D484CB  119 0 0 128839624 106408 184736 0 0 0 0 9594 14118 0 3 97 0
229 1363305158 2823C648-8D02-11E2-89BA-FDD2B3D484CB  200 0 0 128834264 106408 184764 0 0 0 18 9622 15225 0 3 97 0
230 1363305191 40B72C22-8D02-11E2-89BA-FDD2B3D484CB  218 0 0 128829792 106408 184792 0 0 0 18 10321 15156 0 3 97 0
231 1363305222 5411BF30-8D02-11E2-89BA-FDD2B3D484CB  184 0 0 128824832 106408 184820 0 0 0 1 11562 16429 0 3 96 0
232 1363305277 66D54E34-8D02-11E2-89BA-FDD2B3D484CB  233 0 0 128820704 106408 184848 0 0 0 8 16031 23880 0 3 97 0
233 1363305314 87894B3A-8D02-11E2-89BA-FDD2B3D484CB  232 0 0 128815376 106408 184876 0 0 0 0 9221 13995 0 3 97 0
234 1363305354 9D813F4C-8D02-11E2-89BA-FDD2B3D484CB   4 0 0 128808904 106408 184908 0 0 0 0 12241 19178 0 3 97 0
235 1363305385 B5739C80-8D02-11E2-89BA-FDD2B3D484CB  236 0 0 128802936 106408 184936 0 0 0 1 10681 15280 0 3 97 0
236 1363305419 C7A7F4F0-8D02-11E2-89BA-FDD2B3D484CB  222 0 0 128799768 106408 184964 0 0 0 1 9194 13383 0 3 97 0
237 1363305462 DC1950A0-8D02-11E2-89BA-FDD2B3D484CB  237 0 0 128796840 106408 184992 0 0 0 2 7580 10494 0 3 96 0
238 1363305506 F5616728-8D02-11E2-89BA-FDD2B3D484CB  237 0 0 128790184 106408 185020 0 0 0 0 14829 22033 0 3 97 0
239 1363305552 0FEF21FC-8D03-11E2-89BA-FDD2B3D484CB  87 0 0 128785432 106408 185048 0 0 0 2 10082 15808 0 3 97 0
240 1363305583 2B17AA9E-8D03-11E2-89BA-FDD2B3D484CB  219 0 0 128780000 106408 185076 0 0 0 1 9458 14981 0 3 97 0
241 1363305629 3D84B582-8D03-11E2-89BA-FDD2B3D484CB  236 0 0 128776064 106408 185104 0 0 0 2 10462 14902 0 4 96 0
242 1363305665 5945E0A2-8D03-11E2-89BA-FDD2B3D484CB  242 0 0 128770704 106408 185132 0 0 0 16 5737 7794 0 4 96 0
243 1363305714 6EDD9FE0-8D03-11E2-89BA-FDD2B3D484CB  246 0 0 128767248 106408 185160 0 0 0 0 11302 16867 0 3 97 0
244 1363305747 8BCBF1D8-8D03-11E2-89BA-FDD2B3D484CB  243 0 0 128761512 106408 185188 0 0 0 0 9305 13322 0 3 97 0
245 1363305778 9F971D00-8D03-11E2-89BA-FDD2B3D484CB  247 0 0 128754656 106408 185216 0 0 0 8 10695 16026 0 3 97 0
246 1363305823 B21C3D0C-8D03-11E2-89BA-FDD2B3D484CB  192 0 0 128750480 106408 185244 0 0 0 2 22873 33096 0 3 97 0
247 1363305855 CCA09F7E-8D03-11E2-89BA-FDD2B3D484CB  166 0 0 128745568 106408 185276 0 0 0 1 9204 15328 0 3 97 0
248 1363305891 DFBFDCF0-8D03-11E2-89BA-FDD2B3D484CB  236 0 0 128740304 106408 185304 0 0 0 0 14049 20867 0 3 97 0
249 1363305931 F513B7CA-8D03-11E2-89BA-FDD2B3D484CB  251 0 0 128735088 106408 185332 0 0 0 0 5534 7211 0 4 96 0
250 1363305987 0D49E774-8D04-11E2-89BA-FDD2B3D484CB  204 0 0 128732192 106408 185360 0 0 0 0 16065 23869 0 3 97 0
251 1363306068 2E437C9C-8D04-11E2-89BA-FDD2B3D484CB  184 0 0 128727848 106408 185388 0 0 0 0 19239 28153 0 3 97 0
252 1363306107 5E8A6CF8-8D04-11E2-89BA-FDD2B3D484CB  251 0 0 128721232 106408 185416 0 0 0 2 7765 10993 0 3 96 0
253 1363306199 7638179C-8D04-11E2-89BA-FDD2B3D484CB  188 0 0 128716528 106408 185452 0 0 0 0 20573 30478 0 3 97 0
254 1363306237 ACAA2428-8D04-11E2-89BA-FDD2B3D484CB  189 0 0 128709600 106408 185476 0 0 0 2 15606 23772 0 3 97 0
255 1363306290 C3AA2844-8D04-11E2-89BA-FDD2B3D484CB  254 0 0 128704888 106408 185504 0 0 0 0 4959 6557 0 4 96 0
256 1363306382 E31A35F2-8D04-11E2-89BA-FDD2B3D484CB  250 0 0 128701136 106424 185536 0 0 0 8 9728 14088 0 3 97 0
257 1363306447 19FFF192-8D05-11E2-89BA-FDD2B3D484CB  254 0 0 128693312 106464 185564 0 0 0 2 13375 19617 0 3 97 0
258 1363306498 40ADD868-8D05-11E2-89BA-FDD2B3D484CB  260 0 0 128689248 106516 185592 0 0 0 2 7225 10017 0 3 97 0
259 1363306564 5F690688-8D05-11E2-89BA-FDD2B3D484CB  259 0 0 128685536 106556 185620 0 0 0 0 9940 14080 0 3 96 0
260 1363306600 863B494C-8D05-11E2-89BA-FDD2B3D484CB  258 0 0 128682208 106596 185648 0 0 0 0 13269 19538 0 3 97 0
261 1363306647 9BCB5BBC-8D05-11E2-89BA-FDD2B3D484CB  261 0 0 128676640 106644 185676 0 0 0 2 12671 18761 0 3 97 0
262 1363306714 B80F31CC-8D05-11E2-89BA-FDD2B3D484CB  260 0 0 128670400 106684 185704 0 0 0 0 14953 22257 0 3 97 0
263 1363306756 DFD5A3DA-8D05-11E2-89BA-FDD2B3D484CB  259 0 0 128664832 106724 185732 0 0 0 2 16125 24045 0 3 97 0
264 1363306791 F90F00C6-8D05-11E2-89BA-FDD2B3D484CB  264 0 0 128658976 106764 185760 0 0 0 0 14527 21384 0 3 97 0
265 1363306832 0DA46A9E-8D06-11E2-89BA-FDD2B3D484CB  265 0 0 128654136 106812 185784 0 0 0 10 6639 9291 0 3 96 0
266 1363306888 25FAA20C-8D06-11E2-89BA-FDD2B3D484CB  267 0 0 128648512 106844 185820 0 0 0 0 17978 26466 0 3 97 0
267 1363306924 47A46D0C-8D06-11E2-89BA-FDD2B3D484CB  266 0 0 128643680 106884 185848 0 0 0 0 5988 7789 0 4 96 0
268 1363307058 5CCCCEC2-8D06-11E2-89BA-FDD2B3D484CB  270 0 0 128638792 106948 185876 0 0 0 6 12297 18299 0 3 97 0
269 1363307095 ACCA1C9A-8D06-11E2-89BA-FDD2B3D484CB  270 0 0 128634600 106988 185904 0 0 0 0 6796 9280 0 4 96 0
270 1363307175 C2E5DD84-8D06-11E2-89BA-FDD2B3D484CB  269 0 0 128629008 107044 185932 0 0 0 0 16991 25550 0 3 97 0
271 1363307218 F2EB0BC6-8D06-11E2-89BA-FDD2B3D484CB  273 0 0 128625136 107092 185960 0 0 0 1 11571 17025 0 3 97 0
272 1363307280 0C5A0BAC-8D07-11E2-89BA-FDD2B3D484CB  272 0 0 128620512 107132 185992 0 0 0 2 9066 13456 0 3 97 0
273 1363307347 314EF760-8D07-11E2-89BA-FDD2B3D484CB  272 0 0 128614616 107188 186020 0 0 0 1 14308 21408 0 3 97 0
274 1363307607 59784778-8D07-11E2-89BA-FDD2B3D484CB  274 1 0 128609816 107248 186040 0 0 0 5 9521 13968 0 3 96 0
275 1363307710 F3E830B6-8D07-11E2-89BA-FDD2B3D484CB  277 0 0 128603904 107308 186076 0 0 0 14 5165 4186 0 4 96 0
