 Id Name                 State
----------------------------------
  1 microMachine-1       running
  2 microMachine-2       running
  3 microMachine-3       running
  4 microMachine-4       running
  5 microMachine-5       running
  6 microMachine-6       running
  7 microMachine-7       running
  8 microMachine-8       running
  9 microMachine-9       running
 10 microMachine-10      running
 11 microMachine-11      running
 12 microMachine-12      running
 13 microMachine-13      running
 14 microMachine-14      running
 15 microMachine-15      running
 16 microMachine-16      running
 17 microMachine-17      running
 18 microMachine-18      running
 19 microMachine-19      running
 20 microMachine-20      running
 21 microMachine-21      running
 22 microMachine-22      running
 23 microMachine-23      running
 24 microMachine-24      running
 25 microMachine-25      running
 26 microMachine-26      running
 27 microMachine-27      running
 28 microMachine-28      running
 29 microMachine-29      running
 30 microMachine-30      running
 31 microMachine-31      running
 32 microMachine-32      running
 33 microMachine-33      running
 34 microMachine-34      running
 35 microMachine-35      running
 36 microMachine-36      running
 37 microMachine-37      running
 38 microMachine-38      running
 39 microMachine-39      running
 40 microMachine-40      running
 41 microMachine-41      running
 42 microMachine-42      running
 43 microMachine-43      running
 44 microMachine-44      running
 45 microMachine-45      running
 46 microMachine-46      running
 47 microMachine-47      running
 48 microMachine-48      running
 49 microMachine-49      running
 50 microMachine-50      running
 51 microMachine-51      running
 52 microMachine-52      running
 53 microMachine-53      running
 54 microMachine-54      running
 55 microMachine-55      running
 56 microMachine-56      running
 57 microMachine-57      running
 58 microMachine-58      running
 59 microMachine-59      running
 60 microMachine-60      running
 61 microMachine-61      running
 62 microMachine-62      running
 63 microMachine-63      running
 64 microMachine-64      running
 65 microMachine-65      running
 66 microMachine-66      running
 67 microMachine-67      running
 68 microMachine-68      running
 69 microMachine-69      running
 70 microMachine-70      running
 71 microMachine-71      running
 72 microMachine-72      running
 73 microMachine-73      running
 74 microMachine-74      running
 75 microMachine-75      running
 76 microMachine-76      running
 77 microMachine-77      running
 78 microMachine-78      running
 79 microMachine-79      running
 80 microMachine-80      running
 81 microMachine-81      running
 82 microMachine-82      running
 83 microMachine-83      running
 84 microMachine-84      running
 85 microMachine-85      running
 86 microMachine-86      running
 87 microMachine-87      running
 88 microMachine-88      running
 89 microMachine-89      running
 90 microMachine-90      running
 91 microMachine-91      running
 92 microMachine-92      running
 93 microMachine-93      running
 94 microMachine-94      running
 95 microMachine-95      running
 96 microMachine-96      running
 97 microMachine-97      running
 98 microMachine-98      running
 99 microMachine-99      running
100 microMachine-100     running
101 microMachine-101     running
102 microMachine-102     running
103 microMachine-103     running
104 microMachine-104     running
105 microMachine-105     running
106 microMachine-106     running
107 microMachine-107     running
108 microMachine-108     running
109 microMachine-109     running
110 microMachine-110     running
111 microMachine-111     running
112 microMachine-112     running
113 microMachine-113     running
114 microMachine-114     running
115 microMachine-115     running
116 microMachine-116     running
117 microMachine-117     running
118 microMachine-118     running
119 microMachine-119     running
120 microMachine-120     running
121 microMachine-121     running
122 microMachine-122     running
123 microMachine-123     running
124 microMachine-124     running
125 microMachine-125     running
126 microMachine-126     running
127 microMachine-127     running
128 microMachine-128     running
129 microMachine-129     running
130 microMachine-130     running
131 microMachine-131     running
132 microMachine-132     running
133 microMachine-133     running
134 microMachine-134     running
135 microMachine-135     running
136 microMachine-136     running
137 microMachine-137     running
138 microMachine-138     running
139 microMachine-139     running
140 microMachine-140     running
141 microMachine-141     running
142 microMachine-142     running
143 microMachine-143     running
144 microMachine-144     running
145 microMachine-145     running
146 microMachine-146     running
147 microMachine-147     running
148 microMachine-148     running
149 microMachine-149     running
150 microMachine-150     running
151 microMachine-151     running
152 microMachine-152     running
153 microMachine-153     running
154 microMachine-154     running
155 microMachine-155     running
156 microMachine-156     running
157 microMachine-157     running
158 microMachine-158     running
159 microMachine-159     running
160 microMachine-160     running
161 microMachine-161     running
162 microMachine-162     running
163 microMachine-163     running
164 microMachine-164     running
165 microMachine-165     running
166 microMachine-166     running
167 microMachine-167     running
168 microMachine-168     running
169 microMachine-169     running
170 microMachine-170     running
171 microMachine-171     running
172 microMachine-172     running
173 microMachine-173     running
174 microMachine-174     running
175 microMachine-175     running
176 microMachine-176     running
177 microMachine-177     running
178 microMachine-178     running
179 microMachine-179     running
180 microMachine-180     running
181 microMachine-181     running
182 microMachine-182     running
183 microMachine-183     running
184 microMachine-184     running
185 microMachine-185     running
186 microMachine-186     running
187 microMachine-187     running
188 microMachine-188     running
189 microMachine-189     running
190 microMachine-190     running
191 microMachine-191     running
192 microMachine-192     running
193 microMachine-193     running
194 microMachine-194     running
195 microMachine-195     running
196 microMachine-196     running
197 microMachine-197     running
198 microMachine-198     running
199 microMachine-199     running
200 microMachine-200     running
201 microMachine-201     running
202 microMachine-202     running
203 microMachine-203     running
204 microMachine-204     running
205 microMachine-205     running
206 microMachine-206     running
207 microMachine-207     running
208 microMachine-208     running
209 microMachine-209     running
210 microMachine-210     running
211 microMachine-211     running
212 microMachine-212     running
213 microMachine-213     running
214 microMachine-214     running
215 microMachine-215     running
216 microMachine-216     running
217 microMachine-217     running
218 microMachine-218     running
219 microMachine-219     running
220 microMachine-220     running
221 microMachine-221     running
222 microMachine-222     running
223 microMachine-223     running
224 microMachine-224     running
225 microMachine-225     running
226 microMachine-226     running
227 microMachine-227     running
228 microMachine-228     running
229 microMachine-229     running
230 microMachine-230     running
231 microMachine-231     running
232 microMachine-232     running
233 microMachine-233     running
234 microMachine-234     running
235 microMachine-235     running
236 microMachine-236     running
237 microMachine-237     running
238 microMachine-238     running
239 microMachine-239     running
240 microMachine-240     running
241 microMachine-241     running
242 microMachine-242     running
243 microMachine-243     running
244 microMachine-244     running
245 microMachine-245     running
246 microMachine-246     running
247 microMachine-247     running
248 microMachine-248     running
249 microMachine-249     running
250 microMachine-250     running
251 microMachine-251     running
252 microMachine-252     running
253 microMachine-253     running
254 microMachine-254     running
255 microMachine-255     running
256 microMachine-256     running
257 microMachine-257     running
258 microMachine-258     running
259 microMachine-259     running
260 microMachine-260     running
261 microMachine-261     running
262 microMachine-262     running
263 microMachine-263     running
264 microMachine-264     running
265 microMachine-265     running
266 microMachine-266     running
267 microMachine-267     running
268 microMachine-268     running
269 microMachine-269     running
270 microMachine-270     running
271 microMachine-271     running
272 microMachine-272     running
273 microMachine-273     running
274 microMachine-274     running
275 microMachine-275     running
276 microMachine-276     running
277 microMachine-277     running
278 microMachine-278     running
279 microMachine-279     running
280 microMachine-280     running
281 microMachine-281     running
282 microMachine-282     running
283 microMachine-283     running
284 microMachine-284     running
285 microMachine-285     running
286 microMachine-286     running
287 microMachine-287     running
288 microMachine-288     running
289 microMachine-289     running
290 microMachine-290     running
291 microMachine-291     running
292 microMachine-292     running
293 microMachine-293     running
294 microMachine-294     running
295 microMachine-295     running
296 microMachine-296     running
297 microMachine-297     running
298 microMachine-298     running
299 microMachine-299     running
300 microMachine-300     running
301 microMachine-301     running
302 microMachine-302     running
303 microMachine-303     running
304 microMachine-304     running
305 microMachine-305     running
306 microMachine-306     running
307 microMachine-307     running
308 microMachine-308     running
309 microMachine-309     running
310 microMachine-310     running
311 microMachine-311     running
312 microMachine-312     running
313 microMachine-313     running
314 microMachine-314     running
315 microMachine-315     running
316 microMachine-316     running
317 microMachine-317     running
318 microMachine-318     running
319 microMachine-319     running
320 microMachine-320     running
321 microMachine-321     running
322 microMachine-322     running
323 microMachine-323     running
324 microMachine-324     running
325 microMachine-325     running
326 microMachine-326     running
327 microMachine-327     running
328 microMachine-328     running
329 microMachine-329     running
330 microMachine-330     running
331 microMachine-331     running
332 microMachine-332     running
333 microMachine-333     running
334 microMachine-334     running
335 microMachine-335     running
336 microMachine-336     running
337 microMachine-337     running
338 microMachine-338     running
339 microMachine-339     running
340 microMachine-340     running
341 microMachine-341     running
342 microMachine-342     running
343 microMachine-343     running
344 microMachine-344     running
345 microMachine-345     running
346 microMachine-346     running
347 microMachine-347     running
348 microMachine-348     running
349 microMachine-349     running
350 microMachine-350     running
351 microMachine-351     running
352 microMachine-352     running
353 microMachine-353     running
354 microMachine-354     running
355 microMachine-355     running
356 microMachine-356     running
357 microMachine-357     running
358 microMachine-358     running
359 microMachine-359     running
360 microMachine-360     running
361 microMachine-361     running
362 microMachine-362     running
363 microMachine-363     running
364 microMachine-364     running
365 microMachine-365     running
366 microMachine-366     running
367 microMachine-367     running
368 microMachine-368     running
369 microMachine-369     running
370 microMachine-370     running
371 microMachine-371     running
372 microMachine-372     running
373 microMachine-373     running
374 microMachine-374     running
375 microMachine-375     running
376 microMachine-376     running
377 microMachine-377     running
378 microMachine-378     running
379 microMachine-379     running
380 microMachine-380     running
381 microMachine-381     running
382 microMachine-382     running
383 microMachine-383     running
384 microMachine-384     running
385 microMachine-385     running
386 microMachine-386     running
387 microMachine-387     running
388 microMachine-388     running
389 microMachine-389     running
390 microMachine-390     running
391 microMachine-391     running
392 microMachine-392     running
393 microMachine-393     running
394 microMachine-394     running
395 microMachine-395     running
396 microMachine-396     running
397 microMachine-397     running
398 microMachine-398     running
399 microMachine-399     running
400 microMachine-400     running
401 microMachine-401     running
402 microMachine-402     running
403 microMachine-403     running
404 microMachine-404     running
405 microMachine-405     running
406 microMachine-406     running
407 microMachine-407     running
408 microMachine-408     running
409 microMachine-409     running
410 microMachine-410     running
411 microMachine-411     running
412 microMachine-412     running
413 microMachine-413     running
414 microMachine-414     running
415 microMachine-415     running
416 microMachine-416     running
417 microMachine-417     running
418 microMachine-418     running
419 microMachine-419     running
420 microMachine-420     running
421 microMachine-421     running
422 microMachine-422     running
423 microMachine-423     running
424 microMachine-424     running
425 microMachine-425     running
426 microMachine-426     running
427 microMachine-427     running
428 microMachine-428     running
429 microMachine-429     running
430 microMachine-430     running
431 microMachine-431     running
432 microMachine-432     running
433 microMachine-433     running
434 microMachine-434     running
435 microMachine-435     running
436 microMachine-436     running
437 microMachine-437     running
438 microMachine-438     running
439 microMachine-439     running
440 microMachine-440     running
441 microMachine-441     running
442 microMachine-442     running
443 microMachine-443     running
444 microMachine-444     running
445 microMachine-445     running
446 microMachine-446     running
447 microMachine-447     running
448 microMachine-448     running
449 microMachine-449     running
450 microMachine-450     running
451 microMachine-451     running
452 microMachine-452     running
453 microMachine-453     running
454 microMachine-454     running
455 microMachine-455     running
456 microMachine-456     running
457 microMachine-457     running
458 microMachine-458     running
459 microMachine-459     running
460 microMachine-460     running
461 microMachine-461     running
462 microMachine-462     running
463 microMachine-463     running
464 microMachine-464     running
465 microMachine-465     running
466 microMachine-466     running
467 microMachine-467     running
468 microMachine-468     running
469 microMachine-469     running
470 microMachine-470     running
471 microMachine-471     running
472 microMachine-472     running
473 microMachine-473     running
474 microMachine-474     running
475 microMachine-475     running
476 microMachine-476     running
477 microMachine-477     running
478 microMachine-478     running
479 microMachine-479     running
480 microMachine-480     running
481 microMachine-481     running
482 microMachine-482     running
483 microMachine-483     running
484 microMachine-484     running
485 microMachine-485     running
486 microMachine-486     running
487 microMachine-487     running
488 microMachine-488     running
489 microMachine-489     running
490 microMachine-490     running
491 microMachine-491     running
492 microMachine-492     running
493 microMachine-493     running
494 microMachine-494     running
495 microMachine-495     running
496 microMachine-496     running
497 microMachine-497     running
498 microMachine-498     running
499 microMachine-499     running
500 microMachine-500     running
501 microMachine-501     running
502 microMachine-502     running
503 microMachine-503     running
504 microMachine-504     running
505 microMachine-505     running
506 microMachine-506     running
507 microMachine-507     running
508 microMachine-508     running
509 microMachine-509     running
510 microMachine-510     running
511 microMachine-511     running
512 microMachine-512     running
513 microMachine-513     running
514 microMachine-514     running
515 microMachine-515     running
516 microMachine-516     running
517 microMachine-517     running
518 microMachine-518     running
519 microMachine-519     running
520 microMachine-520     running
521 microMachine-521     running
522 microMachine-522     running
523 microMachine-523     running
524 microMachine-524     running
525 microMachine-525     running
526 microMachine-526     running
527 microMachine-527     running
528 microMachine-528     running
529 microMachine-529     running
530 microMachine-530     running
531 microMachine-531     running
532 microMachine-532     running
533 microMachine-533     running
534 microMachine-534     running
535 microMachine-535     running
536 microMachine-536     running
537 microMachine-537     running
538 microMachine-538     running
539 microMachine-539     running
540 microMachine-540     running
541 microMachine-541     running
542 microMachine-542     running
543 microMachine-543     running
544 microMachine-544     running
545 microMachine-545     running
546 microMachine-546     running
547 microMachine-547     running
548 microMachine-548     running
549 microMachine-549     running
550 microMachine-550     running
551 microMachine-551     running
552 microMachine-552     running
553 microMachine-553     running
554 microMachine-554     running
555 microMachine-555     running
556 microMachine-556     running
557 microMachine-557     running
558 microMachine-558     running
559 microMachine-559     running
560 microMachine-560     running
561 microMachine-561     running
562 microMachine-562     running
563 microMachine-563     running
564 microMachine-564     running
565 microMachine-565     running
566 microMachine-566     running
567 microMachine-567     running
568 microMachine-568     running
569 microMachine-569     running
570 microMachine-570     running
571 microMachine-571     running
572 microMachine-572     running
573 microMachine-573     running
574 microMachine-574     running
575 microMachine-575     running
576 microMachine-576     running
577 microMachine-577     running
578 microMachine-578     running
579 microMachine-579     running
580 microMachine-580     running
581 microMachine-581     running
582 microMachine-582     running
583 microMachine-583     running
584 microMachine-584     running
585 microMachine-585     running
586 microMachine-586     running
587 microMachine-587     running
588 microMachine-588     running
589 microMachine-589     running
590 microMachine-590     running
591 microMachine-591     running
592 microMachine-592     running
593 microMachine-593     running
594 microMachine-594     running
595 microMachine-595     running
596 microMachine-596     running
597 microMachine-597     running
598 microMachine-598     running
599 microMachine-599     running
600 microMachine-600     running
601 microMachine-601     running
602 microMachine-602     running
603 microMachine-603     running
604 microMachine-604     running
605 microMachine-605     running
606 microMachine-606     running
607 microMachine-607     running
608 microMachine-608     running
609 microMachine-609     running
610 microMachine-610     running
611 microMachine-611     running
612 microMachine-612     running
613 microMachine-613     running
614 microMachine-614     running
615 microMachine-615     running
616 microMachine-616     running
617 microMachine-617     running
618 microMachine-618     running
619 microMachine-619     running
620 microMachine-620     running
621 microMachine-621     running
622 microMachine-622     running
623 microMachine-623     running
624 microMachine-624     running
625 microMachine-625     running
626 microMachine-626     running
627 microMachine-627     running
628 microMachine-628     running
629 microMachine-629     running
630 microMachine-630     running
631 microMachine-631     running
632 microMachine-632     running
633 microMachine-633     running
634 microMachine-634     running
635 microMachine-635     running
636 microMachine-636     running
637 microMachine-637     running
638 microMachine-638     running
639 microMachine-639     running
640 microMachine-640     running
641 microMachine-641     running
642 microMachine-642     running
643 microMachine-643     running
644 microMachine-644     running
645 microMachine-645     running
646 microMachine-646     running
647 microMachine-647     running
648 microMachine-648     running
649 microMachine-649     running
650 microMachine-650     running
651 microMachine-651     running
652 microMachine-652     running
653 microMachine-653     running
654 microMachine-654     running
655 microMachine-655     running
656 microMachine-656     running
657 microMachine-657     running
658 microMachine-658     running
659 microMachine-659     running
660 microMachine-660     running
661 microMachine-661     running
662 microMachine-662     running
663 microMachine-663     running
664 microMachine-664     running
665 microMachine-665     running
666 microMachine-666     running
667 microMachine-667     running
668 microMachine-668     running
669 microMachine-669     running
670 microMachine-670     running
671 microMachine-671     running
672 microMachine-672     running
673 microMachine-673     running
674 microMachine-674     running
675 microMachine-675     running
676 microMachine-676     running
677 microMachine-677     running
678 microMachine-678     running
679 microMachine-679     running
680 microMachine-680     running
681 microMachine-681     running
682 microMachine-682     running
683 microMachine-683     running
684 microMachine-684     running
685 microMachine-685     running
686 microMachine-686     running
687 microMachine-687     running
688 microMachine-688     running
689 microMachine-689     running
690 microMachine-690     running
691 microMachine-691     running
692 microMachine-692     running
693 microMachine-693     running
694 microMachine-694     running
695 microMachine-695     running
696 microMachine-696     running
697 microMachine-697     running
698 microMachine-698     running
699 microMachine-699     running
700 microMachine-700     running
701 microMachine-701     running
702 microMachine-702     running
703 microMachine-703     running
704 microMachine-704     running
705 microMachine-705     running
706 microMachine-706     running
707 microMachine-707     running
708 microMachine-708     running
709 microMachine-709     running
710 microMachine-710     running
711 microMachine-711     running
712 microMachine-712     running
713 microMachine-713     running
714 microMachine-714     running
715 microMachine-715     running
716 microMachine-716     running
717 microMachine-717     running
718 microMachine-718     running
719 microMachine-719     running
720 microMachine-720     running
721 microMachine-721     running
722 microMachine-722     running
723 microMachine-723     running
724 microMachine-724     running
725 microMachine-725     running
726 microMachine-726     running
727 microMachine-727     running
728 microMachine-728     running
729 microMachine-729     running
730 microMachine-730     running
731 microMachine-731     running
732 microMachine-732     running
733 microMachine-733     running
734 microMachine-734     running
735 microMachine-735     running
736 microMachine-736     running
737 microMachine-737     running
738 microMachine-738     running
739 microMachine-739     running
740 microMachine-740     running
741 microMachine-741     running
742 microMachine-742     running
743 microMachine-743     running
744 microMachine-744     running
745 microMachine-745     running
746 microMachine-746     running
747 microMachine-747     running
748 microMachine-748     running
749 microMachine-749     running
750 microMachine-750     running
751 microMachine-751     running
752 microMachine-752     running
753 microMachine-753     running
754 microMachine-754     running
755 microMachine-755     running
756 microMachine-756     running
757 microMachine-757     running
758 microMachine-758     running
759 microMachine-759     running
760 microMachine-760     running
761 microMachine-761     running
762 microMachine-762     running
763 microMachine-763     running
764 microMachine-764     running
765 microMachine-765     running
766 microMachine-766     running
767 microMachine-767     running
768 microMachine-768     running
769 microMachine-769     running
770 microMachine-770     running
771 microMachine-771     running
772 microMachine-772     running
773 microMachine-773     running
774 microMachine-774     running
775 microMachine-775     running
776 microMachine-776     running
777 microMachine-777     running
778 microMachine-778     running
779 microMachine-779     running
780 microMachine-780     running
781 microMachine-781     running
782 microMachine-782     running
783 microMachine-783     running
784 microMachine-784     running
785 microMachine-785     running
786 microMachine-786     running
787 microMachine-787     running
788 microMachine-788     running
789 microMachine-789     running
790 microMachine-790     running
791 microMachine-791     running
792 microMachine-792     running
793 microMachine-793     running
794 microMachine-794     running
795 microMachine-795     running
796 microMachine-796     running
797 microMachine-797     running
798 microMachine-798     running
799 microMachine-799     running
800 microMachine-800     running
801 microMachine-801     running
802 microMachine-802     running
803 microMachine-803     running
804 microMachine-804     running
805 microMachine-805     running
806 microMachine-806     running
807 microMachine-807     running
808 microMachine-808     running
809 microMachine-809     running
810 microMachine-810     running
811 microMachine-811     running
812 microMachine-812     running
813 microMachine-813     running
814 microMachine-814     running
815 microMachine-815     running
816 microMachine-816     running
817 microMachine-817     running
818 microMachine-818     running
819 microMachine-819     running
820 microMachine-820     running
821 microMachine-821     running
822 microMachine-822     running

