1 1363178299 D866E342-8BDA-11E2-860D-A9035D0BE213 !  1 0 0 129964960 116456 169072 0 0 0 0 151 310 0 0 100 0
2 1363178317 E272D6CA-8BDA-11E2-860D-A9035D0BE213 !  0 0 0 129960912 116460 169128 0 0 0 2 142 274 0 0 100 0
3 1363178335 ED3C2D54-8BDA-11E2-860D-A9035D0BE213 !  1 0 0 129958640 116464 169148 0 0 0 3 156 318 0 0 100 0
4 1363178353 F8000E72-8BDA-11E2-860D-A9035D0BE213 !  1 0 0 129953968 116468 169180 0 0 0 2 174 361 0 0 100 0
5 1363178371 02B528F2-8BDB-11E2-860D-A9035D0BE213 !  1 0 0 129948704 116472 169204 0 0 0 2 202 429 0 0 100 0
6 1363178389 0D626350-8BDB-11E2-860D-A9035D0BE213 !  1 0 0 129944352 116476 169240 0 0 0 0 220 485 0 0 100 0
7 1363178407 1816B490-8BDB-11E2-860D-A9035D0BE213 !  1 0 0 129937632 116480 169272 0 0 0 2 247 550 0 0 100 0
8 1363178425 22D2563C-8BDB-11E2-860D-A9035D0BE213 !  1 0 0 129934944 116484 169304 0 0 0 3 263 595 0 0 100 0
9 1363178443 2D9175E4-8BDB-11E2-860D-A9035D0BE213 !  1 0 0 129929168 116488 169336 0 0 0 2 292 663 0 0 100 0
10 1363178461 383EB038-8BDB-11E2-860D-A9035D0BE213 !  1 0 0 129923920 116488 169360 0 0 0 2 334 745 0 0 100 0
11 1363178479 4315C1CC-8BDB-11E2-860D-A9035D0BE213 !  1 0 0 129919248 116488 169392 0 0 0 0 334 786 0 0 100 0
12 1363178497 4DDB31FA-8BDB-11E2-860D-A9035D0BE213 !  1 0 0 129914512 116492 169428 0 0 0 2 357 849 0 0 100 0
13 1363178516 58D37306-8BDB-11E2-860D-A9035D0BE213 !  0 0 0 129908224 116492 169464 0 0 0 3 380 911 0 0 100 0
14 1363178534 63FAAD94-8BDB-11E2-860D-A9035D0BE213 !  2 0 0 129904112 116492 169488 0 0 0 2 419 956 0 0 100 0
15 1363178553 6EBBC8EE-8BDB-11E2-860D-A9035D0BE213 !  1 0 0 129900384 116496 169524 0 0 0 2 452 1040 0 0 100 0
16 1363178572 79F7ADE0-8BDB-11E2-860D-A9035D0BE213 !  1 0 0 129895648 116500 169548 0 0 0 2 481 1104 0 0 100 0
17 1363178590 853DE278-8BDB-11E2-860D-A9035D0BE213 !  1 0 0 129890856 116500 169580 0 0 0 2 493 1146 0 0 100 0
18 1363178608 900CCD2C-8BDB-11E2-860D-A9035D0BE213 !  1 0 0 129886296 116504 169608 0 0 0 2 519 1214 0 0 100 0
19 1363178627 9AE4F760-8BDB-11E2-860D-A9035D0BE213 !  1 0 0 129880944 116504 169640 0 0 0 2 541 1269 0 0 100 0
20 1363178645 A6279DE4-8BDB-11E2-860D-A9035D0BE213 !  1 0 0 129876664 116504 169672 0 0 0 24 586 1363 0 0 100 0
21 1363178663 B0F502E8-8BDB-11E2-860D-A9035D0BE213 !  0 0 0 129871120 116504 169704 0 0 0 2 598 1419 0 0 100 0
22 1363178682 BBD3E102-8BDB-11E2-860D-A9035D0BE213 !  1 0 0 129865824 116504 169728 0 0 0 25 628 1459 0 0 100 0
23 1363178700 C6AE950E-8BDB-11E2-860D-A9035D0BE213 !  1 0 0 129861696 116504 169756 0 0 0 2 645 1538 0 0 100 0
24 1363178718 D19B1F78-8BDB-11E2-860D-A9035D0BE213 !  1 0 0 129856032 116504 169780 0 0 0 27 670 1579 0 0 100 0
25 1363178737 DC7E868C-8BDB-11E2-860D-A9035D0BE213 !  0 0 0 129851744 116504 169816 0 0 0 2 695 1663 0 0 100 0
26 1363178755 E7651CFA-8BDB-11E2-860D-A9035D0BE213 !  0 0 0 129846736 116504 169840 0 0 0 2 713 1704 0 0 100 0
27 1363178774 F27A4D90-8BDB-11E2-860D-A9035D0BE213 !  1 0 0 129842576 116504 169868 0 0 0 2 730 1767 0 0 100 0
28 1363178792 FD78A64C-8BDB-11E2-860D-A9035D0BE213 !  1 0 0 129837248 116504 169892 0 0 0 25 775 1852 0 0 100 0
29 1363178811 087C74B0-8BDC-11E2-860D-A9035D0BE213 !  0 0 0 129834008 116504 169928 0 0 0 2 782 1892 0 0 100 0
30 1363178829 13781C34-8BDC-11E2-860D-A9035D0BE213 !  0 0 0 129827648 116508 169952 0 0 0 26 811 1958 0 0 100 0
31 1363178847 1E7AAAAC-8BDC-11E2-860D-A9035D0BE213 !  1 0 0 129823920 116508 169980 0 0 0 2 824 2021 0 0 100 0
32 1363178866 29622A76-8BDC-11E2-860D-A9035D0BE213 !  1 0 0 129818552 116508 170008 0 0 0 2 865 2071 0 0 100 0
33 1363178884 3475DDAE-8BDC-11E2-860D-A9035D0BE213 !  0 0 0 129814856 116508 170040 0 0 0 2 900 2150 0 0 100 0
34 1363178903 3F7345B6-8BDC-11E2-860D-A9035D0BE213 !  1 0 0 129808544 116508 170064 0 0 0 26 943 2223 0 0 100 0
35 1363178922 4A8D1594-8BDC-11E2-860D-A9035D0BE213 !  0 0 0 129803472 116508 170092 0 0 0 2 955 2290 0 0 100 0
36 1363178940 55B83520-8BDC-11E2-860D-A9035D0BE213 !  0 0 0 129799616 116508 170120 0 0 0 2 1013 2355 0 0 100 0
37 1363178959 60DCB7BE-8BDC-11E2-860D-A9035D0BE213 !  0 0 0 129795536 116508 170156 0 0 0 2 1032 2413 0 0 100 0
38 1363178978 6C14D6FC-8BDC-11E2-860D-A9035D0BE213 !  1 0 0 129789104 116508 170176 0 0 0 25 1069 2477 0 0 100 0
39 1363178997 773A84B4-8BDC-11E2-860D-A9035D0BE213 !  1 0 0 129784080 116512 170216 0 0 0 3 1088 2539 0 0 100 0
40 1363179015 826AFA08-8BDC-11E2-860D-A9035D0BE213 !  1 0 0 129780440 116512 170244 0 0 0 3 1134 2604 0 0 100 0
41 1363179034 8D9CB556-8BDC-11E2-860D-A9035D0BE213 !  0 0 0 129774696 116512 170272 0 0 0 2 1149 2666 0 0 100 0
42 1363179054 98E22B30-8BDC-11E2-860D-A9035D0BE213 !  0 0 0 129771512 116512 170300 0 0 0 24 1167 2720 0 0 100 0
43 1363179072 A4643624-8BDC-11E2-860D-A9035D0BE213 !  1 0 0 129765648 116512 170328 0 0 0 2 1185 2769 0 0 100 0
44 1363179092 AF836D90-8BDC-11E2-860D-A9035D0BE213 !  1 0 0 129760448 116516 170352 0 0 0 2 1204 2840 0 0 100 0
45 1363179111 BB105790-8BDC-11E2-860D-A9035D0BE213 !  1 0 0 129756400 116516 170384 0 0 0 11 1228 2900 0 0 100 0
46 1363179130 C663D11C-8BDC-11E2-860D-A9035D0BE213 !  1 0 0 129751240 116516 170408 0 0 0 25 1264 2981 0 0 100 0
47 1363179149 D1ADE094-8BDC-11E2-860D-A9035D0BE213 !  1 0 0 129744512 116516 170440 0 0 0 2 1269 3032 0 0 100 0
48 1363179168 DD1C8A7A-8BDC-11E2-860D-A9035D0BE213 !  0 0 0 129741152 116516 170464 0 0 0 2 1276 3088 0 0 100 0
49 1363179188 E88A6D28-8BDC-11E2-860D-A9035D0BE213 !  0 0 0 129735472 116516 170496 0 0 0 2 1302 3159 0 0 100 0
50 1363179207 F43584AA-8BDC-11E2-860D-A9035D0BE213 !  1 0 0 129731168 116516 170520 0 0 0 2 1336 3229 0 0 100 0
51 1363179226 FF94B5DC-8BDC-11E2-860D-A9035D0BE213 !  0 0 0 129726496 116516 170552 0 0 0 8 1358 3279 0 0 100 0
52 1363179246 0B1CB2B0-8BDD-11E2-860D-A9035D0BE213 !  1 0 0 129721592 116516 170580 0 0 0 9 1377 3340 0 0 100 0
53 1363179265 16F38672-8BDD-11E2-860D-A9035D0BE213 !  1 0 0 129716800 116516 170612 0 0 0 10 1430 3424 0 0 100 0
54 1363179285 226F7DF8-8BDD-11E2-860D-A9035D0BE213 !  1 0 0 129710760 116516 170636 0 0 0 24 1447 3500 0 0 100 0
55 1363179304 2E0EA260-8BDD-11E2-860D-A9035D0BE213 !  1 1 0 129705152 116516 170660 0 0 0 20 1510 3565 0 0 100 0
56 1363179323 39955926-8BDD-11E2-860D-A9035D0BE213 !  1 0 0 129700128 116516 170692 0 0 0 2 1484 3613 0 0 100 0
57 1363179343 4523F6F8-8BDD-11E2-860D-A9035D0BE213 !  1 0 0 129695936 116516 170728 0 0 0 2 1517 3698 0 0 100 0
58 1363179363 511C8EB6-8BDD-11E2-860D-A9035D0BE213 !  1 0 0 129694176 116516 170748 0 0 0 3 1541 3743 0 0 100 0
59 1363179382 5CC06F3A-8BDD-11E2-860D-A9035D0BE213 !  2 0 0 129687176 116516 170780 0 0 0 2 1562 3802 0 0 100 0
60 1363179403 684D516A-8BDD-11E2-860D-A9035D0BE213 !  1 0 0 129680112 116516 170812 0 0 0 3 1595 3880 0 0 100 0
61 1363179423 7452F3B6-8BDD-11E2-860D-A9035D0BE213 !  1 0 0 129676656 116516 170836 0 0 0 11 1621 3940 0 0 100 0
62 1363179442 80684430-8BDD-11E2-860D-A9035D0BE213 !  1 0 0 129671768 116516 170868 0 0 0 10 1674 3996 0 0 100 0
63 1363179462 8C1DFF22-8BDD-11E2-860D-A9035D0BE213 !  0 0 0 129667168 116516 170896 0 0 0 10 1729 4061 0 0 100 0
64 1363179482 97D6B9B2-8BDD-11E2-860D-A9035D0BE213 !  0 0 0 129663600 116516 170924 0 0 0 10 1778 4141 0 0 100 0
65 1363179502 A398FE22-8BDD-11E2-860D-A9035D0BE213 !  1 0 0 129656512 116516 170952 0 0 0 11 1809 4207 0 0 100 0
66 1363179521 AF57B424-8BDD-11E2-860D-A9035D0BE213 !  2 0 0 129651672 116516 170984 0 0 0 10 1838 4254 0 0 100 0
67 1363179541 BB184062-8BDD-11E2-860D-A9035D0BE213 !  0 0 0 129648128 116516 171012 0 0 0 10 1878 4326 0 0 100 0
68 1363179561 C6F5F578-8BDD-11E2-860D-A9035D0BE213 !  1 0 0 129641936 116516 171036 0 0 0 10 1935 4381 0 0 100 0
69 1363179581 D2C8D5D2-8BDD-11E2-860D-A9035D0BE213 !  1 0 0 129637248 116516 171064 0 0 0 10 2020 4458 0 0 100 0
70 1363179601 DEB2DEC4-8BDD-11E2-860D-A9035D0BE213 !  1 0 0 129632016 116516 171092 0 0 0 10 2061 4532 0 0 100 0
71 1363179621 EA8BC990-8BDD-11E2-860D-A9035D0BE213 !  1 0 0 129627600 116516 171120 0 0 0 10 2089 4555 0 0 100 0
72 1363179641 F671D498-8BDD-11E2-860D-A9035D0BE213 !  2 0 0 129622792 116516 171148 0 0 0 10 2144 4641 0 0 100 0
73 1363179661 02532802-8BDE-11E2-860D-A9035D0BE213 !  2 0 0 129617216 116516 171180 0 0 0 11 2259 4733 0 0 100 0
74 1363179681 0E49795E-8BDE-11E2-860D-A9035D0BE213 !  1 0 0 129612656 116516 171204 0 0 0 10 2262 4795 0 0 100 0
75 1363179701 1A383C00-8BDE-11E2-860D-A9035D0BE213 !  0 0 0 129608384 116516 171236 0 0 0 12 2279 4831 0 0 100 0
76 1363179721 2637DA4C-8BDE-11E2-860D-A9035D0BE213 !  0 0 0 129602656 116516 171268 0 0 0 13 2307 4909 0 0 100 0
77 1363179741 32236DE4-8BDE-11E2-860D-A9035D0BE213 !  1 0 0 129596784 116516 171292 0 0 0 9 2323 4942 0 0 100 0
78 1363179760 3E2BAF66-8BDE-11E2-860D-A9035D0BE213 !  2 0 0 129591064 116516 171328 0 0 0 29 2366 5026 0 0 100 0
79 1363179781 49B14AA8-8BDE-11E2-860D-A9035D0BE213 !  1 0 0 129587376 116516 171352 0 0 0 2 2342 5062 0 0 100 0
80 1363179800 55A47E48-8BDE-11E2-860D-A9035D0BE213 !  0 0 0 129581384 116516 171384 0 0 0 2 2364 5157 0 0 100 0
81 1363179821 617A52F6-8BDE-11E2-860D-A9035D0BE213 !  1 0 0 129576288 116516 171416 0 0 0 10 2411 5198 0 0 100 0
82 1363179841 6D9787A2-8BDE-11E2-860D-A9035D0BE213 !  1 0 0 129572664 116516 171440 0 0 0 10 2451 5293 0 0 100 0
83 1363179862 79B71A2A-8BDE-11E2-860D-A9035D0BE213 !  1 0 0 129566240 116516 171468 0 0 0 28 2448 5318 0 0 100 0
84 1363179883 8652D328-8BDE-11E2-860D-A9035D0BE213 !  1 0 0 129560184 116516 171492 0 0 0 10 2485 5396 0 0 100 0
85 1363179904 92E8C37C-8BDE-11E2-860D-A9035D0BE213 !  1 0 0 129555296 116516 171524 0 0 0 10 2620 5475 0 0 100 0
86 1363179925 9F2B3EE4-8BDE-11E2-860D-A9035D0BE213 !  1 0 0 129552208 116516 171552 0 0 0 8 2634 5523 0 0 100 0
87 1363179944 AB87F524-8BDE-11E2-860D-A9035D0BE213 !  0 0 0 129547600 116516 171580 0 0 0 2 2664 5584 0 0 100 0
88 1363179964 B742B48A-8BDE-11E2-860D-A9035D0BE213 !  0 0 0 129542176 116516 171608 0 0 0 2 2733 5675 0 0 99 0
89 1363179984 C2E0F676-8BDE-11E2-860D-A9035D0BE213 !  0 0 0 129536208 116516 171636 0 0 0 2 2734 5730 0 0 100 0
90 1363180004 CF35F584-8BDE-11E2-860D-A9035D0BE213 !  1 0 0 129530960 116516 171660 0 0 0 2 2755 5791 0 0 100 0
91 1363180024 DAA858BC-8BDE-11E2-860D-A9035D0BE213 !  1 1 0 129526128 116516 171688 0 0 0 10 2805 5866 0 0 100 0
92 1363180045 E6B9DC70-8BDE-11E2-860D-A9035D0BE213 !  1 0 0 129520752 116516 171724 0 0 0 2 2806 5915 0 0 100 0
93 1363180065 F305A612-8BDE-11E2-860D-A9035D0BE213 !  1 0 0 129517480 116516 171748 0 0 0 2 2824 5977 0 0 99 0
94 1363180086 FF1BA276-8BDE-11E2-860D-A9035D0BE213 !  1 0 0 129512336 116516 171776 0 0 0 0 2850 6049 0 0 99 0
95 1363180107 0B8EF90E-8BDF-11E2-860D-A9035D0BE213 !  3 0 0 129505544 116516 171808 0 0 0 10 2873 6112 0 0 99 0
96 1363180127 17FB4FA8-8BDF-11E2-860D-A9035D0BE213 !  1 0 0 129501400 116516 171836 0 0 0 14 2904 6182 0 0 99 0
97 1363180148 24612236-8BDF-11E2-860D-A9035D0BE213 !  1 0 0 129494496 116516 171868 0 0 0 10 2942 6239 0 0 99 0
98 1363180167 30A3E434-8BDF-11E2-860D-A9035D0BE213 !  6 0 0 129491576 116516 171896 0 0 0 30 3030 6339 0 0 99 0
99 1363180186 3BF634B8-8BDF-11E2-860D-A9035D0BE213 !  4 0 0 129487368 116516 171924 0 0 0 10 3031 6362 0 0 99 0
100 1363180207 47424596-8BDF-11E2-860D-A9035D0BE213 !  1 0 0 129482416 116516 171956 0 0 0 10 3066 6429 0 0 99 0
101 1363180228 53FC9F84-8BDF-11E2-860D-A9035D0BE213 !  1 0 0 129477504 116516 171976 0 0 0 10 3114 6496 0 0 99 0
102 1363180249 607034CE-8BDF-11E2-860D-A9035D0BE213 !  1 0 0 129472984 116516 172004 0 0 0 8 3118 6548 0 0 99 0
103 1363180270 6CAB0E62-8BDF-11E2-860D-A9035D0BE213 !  0 0 0 129466472 116516 172036 0 0 0 10 3196 6629 0 0 99 0
104 1363180290 79235852-8BDF-11E2-860D-A9035D0BE213 !  2 0 0 129462656 116516 172064 0 0 0 2 3203 6661 0 0 99 0
105 1363180311 859AA702-8BDF-11E2-860D-A9035D0BE213 !  3 0 0 129457056 116516 172092 0 0 0 2 3280 6725 0 0 99 0
106 1363180330 9197ED62-8BDF-11E2-860D-A9035D0BE213 !  1 0 0 129453040 116516 172120 0 0 0 2 3339 6772 0 0 99 0
107 1363180351 9D4DF16A-8BDF-11E2-860D-A9035D0BE213 !  0 0 0 129449296 116516 172152 0 0 0 2 3403 6838 0 1 99 0
108 1363180372 A9728866-8BDF-11E2-860D-A9035D0BE213 !  5 0 0 129444048 116516 172172 0 0 0 10 3479 6892 0 1 99 0
109 1363180391 B5F7D384-8BDF-11E2-860D-A9035D0BE213 !  4 0 0 129438800 116516 172204 0 0 0 10 3498 6958 0 1 99 0
110 1363180413 C190C390-8BDF-11E2-860D-A9035D0BE213 !  2 0 0 129434152 116516 172228 0 0 0 10 3547 7028 0 1 99 0
111 1363180433 CE57ECFC-8BDF-11E2-860D-A9035D0BE213 !  1 0 0 129429096 116516 172260 0 0 0 30 3667 7101 0 1 99 0
112 1363180453 DA4B42C0-8BDF-11E2-860D-A9035D0BE213 !  1 0 0 129423984 116516 172296 0 0 0 10 3792 7161 0 1 99 0
113 1363180474 E62F17F6-8BDF-11E2-860D-A9035D0BE213 !  3 0 0 129417920 116516 172320 0 0 0 11 3866 7229 0 1 99 0
114 1363180494 F318E28A-8BDF-11E2-860D-A9035D0BE213 !  1 0 0 129412928 116516 172344 0 0 0 10 3868 7310 0 1 99 0
115 1363180514 FEBDA68E-8BDF-11E2-860D-A9035D0BE213 !  1 0 0 129407024 116516 172380 0 0 0 2 3811 7342 0 1 99 0
116 1363180534 0ABBC9E8-8BE0-11E2-860D-A9035D0BE213 !  0 0 0 129403840 116516 172412 0 0 0 4 3747 7408 0 1 99 0
117 1363180555 1707A9CE-8BE0-11E2-860D-A9035D0BE213 !  0 0 0 129398272 116516 172440 0 0 0 2 3602 7506 0 0 100 0
118 1363180575 232C408E-8BE0-11E2-860D-A9035D0BE213 !  2 0 0 129392904 116516 172464 0 0 0 2 3647 7552 0 0 99 0
119 1363180595 2F3E8CC4-8BE0-11E2-860D-A9035D0BE213 !  2 0 0 129387568 116516 172492 0 0 0 2 3737 7623 0 0 99 0
120 1363180616 3B30E4F0-8BE0-11E2-860D-A9035D0BE213 !  2 0 0 129383008 116516 172524 0 0 0 2 3728 7703 0 0 99 0
121 1363180636 4774932E-8BE0-11E2-860D-A9035D0BE213 !  0 0 0 129378128 116520 172556 0 0 0 2 3765 7777 0 0 99 0
122 1363180657 536C5DF6-8BE0-11E2-860D-A9035D0BE213 !  1 0 0 129373768 116520 172576 0 0 0 10 3810 7834 0 0 99 0
123 1363180677 5FE43E3C-8BE0-11E2-860D-A9035D0BE213 !  4 0 0 129369056 116520 172608 0 0 0 10 3870 7896 0 0 99 0
124 1363180697 6BF505F8-8BE0-11E2-860D-A9035D0BE213 !  0 0 0 129364384 116520 172640 0 0 0 10 3922 7943 0 0 99 0
125 1363180719 7818C13A-8BE0-11E2-860D-A9035D0BE213 !  0 0 0 129358904 116520 172664 0 0 0 10 3950 7999 0 0 99 0
126 1363180739 84BC0EC4-8BE0-11E2-860D-A9035D0BE213 !  0 0 0 129352704 116520 172692 0 0 0 10 4023 8033 0 0 99 0
127 1363180759 90CB2A4C-8BE0-11E2-860D-A9035D0BE213 !  0 0 0 129348496 116520 172724 0 0 0 10 4102 8098 0 0 99 0
128 1363180780 9CCBAC2C-8BE0-11E2-860D-A9035D0BE213 !  4 0 0 129343632 116520 172752 0 0 0 2 4042 8145 0 0 99 0
129 1363180802 A979F564-8BE0-11E2-860D-A9035D0BE213 !  0 0 0 129339120 116520 172776 0 0 0 0 4135 8239 0 0 99 0
130 1363180824 B64883F0-8BE0-11E2-860D-A9035D0BE213 !  0 0 0 129334128 116520 172804 0 0 0 1 4196 8276 0 1 99 0
131 1363180844 C35B99CE-8BE0-11E2-860D-A9035D0BE213 !  0 0 0 129328720 116520 172832 0 0 0 10 4235 8301 0 0 99 0
132 1363180865 CF3C736C-8BE0-11E2-860D-A9035D0BE213 !  0 0 0 129324152 116520 172864 0 0 0 1 4251 8394 0 0 99 0
133 1363180886 DC22EA48-8BE0-11E2-860D-A9035D0BE213 !  1 0 0 129319280 116520 172892 0 0 0 22 4373 8425 0 1 99 0
134 1363180907 E89438C2-8BE0-11E2-860D-A9035D0BE213 !  7 0 0 129313296 116520 172920 0 0 0 13 4515 8466 0 1 99 0
135 1363180928 F4DFE8CE-8BE0-11E2-860D-A9035D0BE213 !  1 0 0 129309216 116520 172948 0 0 0 10 4489 8556 0 1 99 0
136 1363180950 01C65CC6-8BE1-11E2-860D-A9035D0BE213 !  1 0 0 129304584 116520 172976 0 0 0 12 4573 8593 0 1 99 0
137 1363180971 0E839618-8BE1-11E2-860D-A9035D0BE213 !  4 0 0 129298704 116520 173008 0 0 0 0 4642 8631 0 1 99 0
138 1363180992 1B73F7A0-8BE1-11E2-860D-A9035D0BE213 !  1 0 0 129293424 116520 173032 0 0 0 10 4667 8717 0 1 99 0
139 1363181014 279EAEEE-8BE1-11E2-860D-A9035D0BE213 !  3 0 0 129289000 116520 173064 0 0 0 1 4712 8764 0 1 99 0
140 1363181034 34FA3C98-8BE1-11E2-860D-A9035D0BE213 !  0 0 0 129282424 116520 173092 0 0 0 10 4738 8786 0 1 99 0
141 1363181055 41088FE4-8BE1-11E2-860D-A9035D0BE213 !  1 0 0 129276576 116520 173120 0 0 0 2 4867 8815 0 1 99 0
142 1363181077 4D8B8A3C-8BE1-11E2-860D-A9035D0BE213 !  0 0 0 129272696 116520 173152 0 0 0 0 4845 8898 0 1 99 0
143 1363181098 5A25DD06-8BE1-11E2-860D-A9035D0BE213 !  0 0 0 129267240 116520 173176 0 0 0 10 4927 8924 0 1 99 0
144 1363181119 66D1FB48-8BE1-11E2-860D-A9035D0BE213 !  0 0 0 129261408 116520 173208 0 0 0 8 4953 8979 0 1 99 0
145 1363181140 7339C67C-8BE1-11E2-860D-A9035D0BE213 !  1 0 0 129256824 116520 173240 0 0 0 36 4956 9055 0 1 99 0
146 1363181162 8008E630-8BE1-11E2-860D-A9035D0BE213 !  0 0 0 129252672 116520 173264 0 0 0 7 5014 9097 0 1 99 0
147 1363181183 8D5878C8-8BE1-11E2-860D-A9035D0BE213 ! 32 0 0 129247168 116520 173292 0 0 0 10 5112 9129 0 1 99 0
148 1363181205 999BCF7C-8BE1-11E2-860D-A9035D0BE213 !  0 0 0 129243488 116520 173324 0 0 0 10 5036 9161 0 1 99 0
149 1363181227 A686A612-8BE1-11E2-860D-A9035D0BE213 !  1 0 0 129237728 116520 173352 0 0 0 0 5234 9156 0 1 99 0
150 1363181249 B3EE8428-8BE1-11E2-860D-A9035D0BE213 !  1 0 0 129234416 116520 173380 0 0 0 10 5287 9238 0 1 99 0
151 1363181271 C1214658-8BE1-11E2-860D-A9035D0BE213 !  1 0 0 129228544 116520 173408 0 0 0 10 5302 9265 0 1 99 0
152 1363181294 CE10EAE4-8BE1-11E2-860D-A9035D0BE213 !  0 0 0 129223216 116520 173436 0 0 0 0 5498 9374 0 1 99 0
153 1363181315 DBB8B014-8BE1-11E2-860D-A9035D0BE213 !  0 0 0 129218768 116520 173472 0 0 0 10 5447 9374 0 1 99 0
154 1363181339 E872885C-8BE1-11E2-860D-A9035D0BE213 ! 124 0 0 129213072 116520 173500 0 0 0 0 5973 9991 0 1 99 0
155 1363181360 F68652D4-8BE1-11E2-860D-A9035D0BE213 !  5 0 0 129208256 116520 173528 0 0 0 8 5611 9531 0 1 99 0
156 1363181383 031F9528-8BE2-11E2-860D-A9035D0BE213 !  0 0 0 129204280 116520 173556 0 0 0 10 5676 9588 0 1 99 0
157 1363181404 10B5CCCA-8BE2-11E2-860D-A9035D0BE213 !  1 0 0 129198240 116520 173584 0 0 0 10 6167 10314 0 1 99 0
158 1363181425 1D58C6E4-8BE2-11E2-860D-A9035D0BE213 !  0 0 0 129194016 116520 173612 0 0 0 10 5940 9796 0 1 99 0
159 1363181445 29A1DF8A-8BE2-11E2-860D-A9035D0BE213 !  0 0 0 129189120 116520 173640 0 0 0 2 5936 9903 0 1 99 0
160 1363181468 35FC97F2-8BE2-11E2-860D-A9035D0BE213 !  0 0 0 129183712 116520 173668 0 0 0 8 6199 10300 0 1 99 0
161 1363181490 439EA1D4-8BE2-11E2-860D-A9035D0BE213 !  0 0 0 129177808 116520 173700 0 0 0 1 6609 11133 0 1 98 0
162 1363181513 50CD9054-8BE2-11E2-860D-A9035D0BE213 ! 52 0 0 129173392 116544 173724 0 0 0 0 6358 10690 0 1 99 0
163 1363181534 5E281C4C-8BE2-11E2-860D-A9035D0BE213 ! 112 0 0 129168976 116576 173752 0 0 0 10 6146 10318 0 1 99 0
164 1363181555 6AC6C232-8BE2-11E2-860D-A9035D0BE213 !  0 0 0 129163704 116600 173780 0 0 0 10 6631 11224 0 1 98 0
165 1363181576 7767493A-8BE2-11E2-860D-A9035D0BE213 ! 163 0 0 129158496 116616 173808 0 0 0 23 6756 11448 0 1 98 0
166 1363181597 83AF762C-8BE2-11E2-860D-A9035D0BE213 !  1 0 0 129153688 116648 173832 0 0 0 8 6696 11278 0 1 98 0
167 1363181619 90705FF2-8BE2-11E2-860D-A9035D0BE213 !  0 0 0 129148120 116672 173868 0 0 0 9 7281 11793 0 2 98 0
168 1363181643 9D55781A-8BE2-11E2-860D-A9035D0BE213 ! 169 0 0 129143536 116704 173888 0 0 0 26 6990 11818 0 1 98 0
169 1363181667 ABFED816-8BE2-11E2-860D-A9035D0BE213   0 0 0 129139784 116736 173912 0 0 0 6 12214 18251 0 2 98 0
170 1363181689 BA4793FE-8BE2-11E2-860D-A9035D0BE213 !  0 0 0 129133584 116760 173948 0 0 0 6 7002 11873 0 2 98 0
171 1363181710 C6ED31E0-8BE2-11E2-860D-A9035D0BE213 ! 171 0 0 129127280 116784 173976 0 0 0 16 6537 10883 0 2 98 0
172 1363181733 D3700F6E-8BE2-11E2-860D-A9035D0BE213 ! 170 0 0 129122864 116816 174004 0 0 0 11 6790 11840 0 2 98 0
173 1363181755 E1221F4E-8BE2-11E2-860D-A9035D0BE213 ! 69 0 0 129117824 116840 174040 0 0 0 9 7739 11848 0 2 98 0
174 1363181779 EEC6DAAE-8BE2-11E2-860D-A9035D0BE213 !  0 0 0 129112832 116872 174068 0 0 0 9 7057 11980 0 1 98 0
175 1363181800 FCB3ADE0-8BE2-11E2-860D-A9035D0BE213 ! 146 0 0 129107968 116896 174096 0 0 0 10 7168 12166 0 2 98 0
176 1363181824 09780986-8BE3-11E2-860D-A9035D0BE213 !  1 0 0 129102752 116920 174124 0 0 0 0 7405 12708 0 2 98 0
177 1363181846 17B0ADB4-8BE3-11E2-860D-A9035D0BE213 ! 166 0 0 129097712 116952 174156 0 0 0 10 7134 12344 0 2 98 0
178 1363181869 247F4D16-8BE3-11E2-860D-A9035D0BE213 !  1 0 0 129093312 116984 174184 0 0 0 10 8721 14085 0 2 98 0
179 1363181890 32496CF6-8BE3-11E2-860D-A9035D0BE213 ! 180 0 0 129088592 117008 174208 0 0 0 36 8897 15030 0 1 98 0
180 1363181912 3F17C9DC-8BE3-11E2-860D-A9035D0BE213  181 0 0 129085136 117032 174236 0 0 0 0 6231 7402 0 3 97 0
181 1363181936 4C045AF2-8BE3-11E2-860D-A9035D0BE213 ! 182 0 0 129078672 117064 174264 0 0 0 10 6717 11687 0 2 98 0
182 1363181959 5A9DF410-8BE3-11E2-860D-A9035D0BE213 ! 26 0 0 129072544 117088 174292 0 0 0 7 6998 12269 0 2 98 0
183 1363181981 68524386-8BE3-11E2-860D-A9035D0BE213 !  1 0 0 129067456 117112 174324 0 0 0 9 7082 12540 0 2 98 0
184 1363182003 7556B288-8BE3-11E2-860D-A9035D0BE213  146 0 0 129064208 117136 174352 0 0 0 26 8247 10851 0 3 97 0
185 1363182028 829B1D8A-8BE3-11E2-860D-A9035D0BE213 !  0 0 0 129058504 117168 174372 0 0 0 6 7098 12613 0 2 98 0
186 1363182054 9149EB5E-8BE3-11E2-860D-A9035D0BE213 ! 187 0 0 129053760 117192 174408 0 0 0 0 9274 14837 0 2 98 0
187 1363182077 A077957C-8BE3-11E2-860D-A9035D0BE213 ! 187 0 0 129047888 117224 174436 0 0 0 8 5746 6807 0 3 97 0
188 1363182104 AE912056-8BE3-11E2-860D-A9035D0BE213 !  0 0 0 129043296 117252 174472 0 0 0 0 7867 14038 0 1 99 0
189 1363182126 BE438B42-8BE3-11E2-860D-A9035D0BE213 !  0 0 0 129036816 117284 174500 0 0 0 8 6887 12578 0 2 98 0
190 1363182149 CB7F51D8-8BE3-11E2-860D-A9035D0BE213 ! 166 0 0 129032208 117308 174528 0 0 0 10 6588 11089 0 2 98 0
191 1363182173 D91E8020-8BE3-11E2-860D-A9035D0BE213  191 0 0 129027472 117340 174556 0 0 0 7 8753 12193 0 3 97 0
192 1363182197 E7ED2110-8BE3-11E2-860D-A9035D0BE213   2 0 0 129023248 117364 174592 0 0 0 0 11636 16682 0 3 97 0
193 1363182221 F610393A-8BE3-11E2-860D-A9035D0BE213  194 0 0 129018784 117396 174620 0 0 0 7 9560 12693 0 3 97 0
194 1363182248 04245BFA-8BE4-11E2-860D-A9035D0BE213  194 0 0 129012928 117420 174648 0 0 0 1 11414 16507 0 3 97 0
195 1363182271 144DB9FE-8BE4-11E2-860D-A9035D0BE213  175 0 0 129009296 117452 174676 0 0 0 6 12497 17428 0 3 97 0
196 1363182296 22035C8E-8BE4-11E2-860D-A9035D0BE213   7 0 0 129003888 117476 174704 0 0 0 7 12135 16639 0 3 97 0
197 1363182321 30E1641C-8BE4-11E2-860D-A9035D0BE213 !  1 0 0 128997600 117500 174732 0 0 0 0 7827 13665 0 2 98 0
198 1363182346 3FE2C438-8BE4-11E2-860D-A9035D0BE213  123 0 0 128992112 117532 174760 0 0 0 6 7422 12735 0 2 98 0
199 1363182370 4ED55078-8BE4-11E2-860D-A9035D0BE213 ! 200 0 0 128987744 117564 174788 0 0 0 6 5636 7704 0 3 97 0
200 1363182393 5D3E4C28-8BE4-11E2-860D-A9035D0BE213  200 0 0 128982608 117588 174816 0 0 0 0 7494 9493 0 3 97 0
201 1363182421 6AF1AEBE-8BE4-11E2-860D-A9035D0BE213  202 0 0 128979552 117620 174844 0 0 0 0 9315 12424 0 3 97 0
202 1363182445 7B410490-8BE4-11E2-860D-A9035D0BE213  201 0 0 128972352 117660 174872 0 0 0 6 6286 11341 0 2 98 0
203 1363182470 8A07E944-8BE4-11E2-860D-A9035D0BE213   7 0 0 128967552 117684 174900 0 0 0 0 10255 14511 0 3 97 0
204 1363182496 98BC2D42-8BE4-11E2-860D-A9035D0BE213   1 0 0 128961600 117724 174928 0 0 0 6 7958 12479 0 2 98 0
205 1363182520 A86CBCAC-8BE4-11E2-860D-A9035D0BE213  183 0 0 128956944 117748 174956 0 0 0 0 9807 13542 0 3 97 0
206 1363182545 B64EE9F8-8BE4-11E2-860D-A9035D0BE213  206 0 0 128953536 117772 174984 0 0 0 19 7201 9589 0 3 97 0
207 1363182570 C519E4BA-8BE4-11E2-860D-A9035D0BE213  196 0 0 128949792 117804 175012 0 0 0 0 11651 16089 0 3 97 0
208 1363182597 D43B451A-8BE4-11E2-860D-A9035D0BE213  207 0 0 128944472 117836 175040 0 0 0 0 7839 10491 0 3 97 0
209 1363182628 E4458C36-8BE4-11E2-860D-A9035D0BE213   1 0 0 128936544 117876 175068 0 0 0 0 8676 13580 0 2 98 0
210 1363182654 F6D5E0A8-8BE4-11E2-860D-A9035D0BE213  212 0 0 128932896 117916 175100 0 0 0 8 9800 13712 0 3 97 0
211 1363182680 06570EDA-8BE5-11E2-860D-A9035D0BE213  169 0 0 128928192 117940 175132 0 0 0 0 10931 14753 0 3 97 0
212 1363182706 1623220E-8BE5-11E2-860D-A9035D0BE213  213 0 0 128924504 117964 175160 0 0 0 0 5080 6232 0 3 97 0
213 1363182735 2595163E-8BE5-11E2-860D-A9035D0BE213  215 0 0 128919464 117996 175184 0 0 0 0 4909 6038 0 3 97 0
214 1363182765 369C1C70-8BE5-11E2-860D-A9035D0BE213  214 0 0 128915896 118028 175216 0 0 0 0 4689 5734 0 3 97 0
215 1363182793 484C28A2-8BE5-11E2-860D-A9035D0BE213  215 0 0 128910816 118060 175248 0 0 0 1 4675 5690 0 3 97 0
216 1363182825 5963FAB6-8BE5-11E2-860D-A9035D0BE213  217 0 0 128906576 118092 175272 0 0 0 0 8030 11107 0 3 97 0
217 1363182852 6C12DE2A-8BE5-11E2-860D-A9035D0BE213  217 0 0 128899840 118124 175300 0 0 0 1 14661 20360 0 3 97 0
218 1363182881 7C74BA18-8BE5-11E2-860D-A9035D0BE213  217 0 0 128896272 118156 175328 0 0 0 1 29894 42522 0 3 97 0
219 1363182912 8D83FF58-8BE5-11E2-860D-A9035D0BE213  204 0 0 128890744 118196 175356 0 0 0 12 21518 31007 0 3 97 0
220 1363182940 9FE59D46-8BE5-11E2-860D-A9035D0BE213  221 0 0 128880632 118228 175388 0 0 0 0 10724 16567 0 3 97 0
221 1363182967 B0B9827C-8BE5-11E2-860D-A9035D0BE213 ! 221 1 0 128873904 118268 175416 0 0 0 34 5755 8275 0 3 97 0
222 1363182996 C119BEFC-8BE5-11E2-860D-A9035D0BE213  222 0 0 128870144 118292 175444 0 0 0 2 4617 5745 0 3 97 0
223 1363183023 D205D73C-8BE5-11E2-860D-A9035D0BE213  215 0 0 128866864 118324 175472 0 0 0 0 14045 19512 0 3 97 0
224 1363183051 E210FCCE-8BE5-11E2-860D-A9035D0BE213  212 0 0 128864608 118356 175500 0 0 0 0 12079 17023 0 3 97 0
225 1363183080 F2E035CE-8BE5-11E2-860D-A9035D0BE213  228 0 0 128859752 118388 175532 0 0 0 19 4985 6301 0 3 97 0
226 1363183109 040668C8-8BE6-11E2-860D-A9035D0BE213  179 0 0 128852448 118428 175556 0 0 0 6 9036 12339 0 3 97 0
227 1363183136 15A7A452-8BE6-11E2-860D-A9035D0BE213 ! 228 0 0 128846560 118460 175584 0 0 0 9 7549 10190 0 4 96 0
228 1363183164 25E402FC-8BE6-11E2-860D-A9035D0BE213   2 0 0 128841928 118484 175612 0 0 0 1 10300 15137 0 3 97 0
229 1363183198 3660AE46-8BE6-11E2-860D-A9035D0BE213  231 0 0 128838152 118524 175644 0 0 0 0 12918 18793 0 3 97 0
230 1363183226 4A5C661A-8BE6-11E2-860D-A9035D0BE213  217 0 0 128834424 118556 175672 0 0 0 0 9426 14432 0 3 97 0
231 1363183254 5B63DC5E-8BE6-11E2-860D-A9035D0BE213  232 0 0 128829648 118588 175704 0 0 0 0 7383 10089 0 3 97 0
232 1363183284 6C420F3C-8BE6-11E2-860D-A9035D0BE213  226 0 0 128824704 118620 175732 0 0 0 1 10508 14974 0 3 97 0
233 1363183314 7DE40768-8BE6-11E2-860D-A9035D0BE213  232 0 0 128820480 118652 175760 0 0 0 0 4342 5603 0 3 97 0
234 1363183342 8F7DA736-8BE6-11E2-860D-A9035D0BE213  234 0 0 128814352 118684 175788 0 0 0 0 7404 10001 0 3 97 0
235 1363183374 A02BBCD0-8BE6-11E2-860D-A9035D0BE213  235 0 0 128809184 118716 175820 0 0 0 0 4842 6307 0 3 97 0
236 1363183405 B3BBB4E4-8BE6-11E2-860D-A9035D0BE213  239 0 0 128804704 118748 175844 0 0 0 1 3946 5073 0 3 97 0
237 1363183443 C5E5A7C4-8BE6-11E2-860D-A9035D0BE213  238 0 0 128798816 118796 175872 0 0 0 28 27419 39055 0 3 97 0
238 1363183478 DCD999AE-8BE6-11E2-860D-A9035D0BE213  236 0 0 128792880 118828 175900 0 0 0 0 23556 33923 0 3 97 0
239 1363183509 F1A27158-8BE6-11E2-860D-A9035D0BE213  239 0 0 128787760 118868 175928 0 0 0 14 8190 11855 0 3 97 0
240 1363183545 043B721A-8BE7-11E2-860D-A9035D0BE213  243 0 0 128783392 118908 175956 0 0 0 7 9390 13336 0 3 97 0
241 1363183585 19628336-8BE7-11E2-860D-A9035D0BE213  241 0 0 128777592 118940 175984 0 0 0 0 13553 19466 0 3 97 0
242 1363183615 318684F8-8BE7-11E2-860D-A9035D0BE213  67 0 0 128771104 118980 176012 0 0 0 8 34149 50034 0 3 97 0
243 1363183644 4310A136-8BE7-11E2-860D-A9035D0BE213  238 0 0 128764256 119012 176040 0 0 0 6 9864 15291 0 3 97 0
244 1363183677 54751FD8-8BE7-11E2-860D-A9035D0BE213  108 0 0 128759168 119052 176060 0 0 0 25 9044 15029 0 3 97 0
245 1363183707 68640810-8BE7-11E2-860D-A9035D0BE213  246 0 0 128754480 119084 176096 0 0 0 9 9566 14590 0 3 97 0
246 1363183764 79C9D8E6-8BE7-11E2-860D-A9035D0BE213  42 0 0 128753216 119124 176124 0 0 0 0 17438 25810 0 3 97 0
247 1363183791 9C3D8E7C-8BE7-11E2-860D-A9035D0BE213  248 0 0 128748136 119148 176152 0 0 0 0 16909 25957 0 3 97 0
248 1363183828 ABE68E5A-8BE7-11E2-860D-A9035D0BE213  179 0 0 128742976 119196 176176 0 0 0 7 14371 20983 0 3 97 0
249 1363183855 C2396498-8BE7-11E2-860D-A9035D0BE213  62 0 0 128736352 119228 176212 0 0 0 6 11643 17253 0 3 97 0
250 1363183901 D2777D0E-8BE7-11E2-860D-A9035D0BE213  45 0 0 128731776 119268 176244 0 0 0 11 18955 28459 0 3 97 0
251 1363183950 ED8CB3B6-8BE7-11E2-860D-A9035D0BE213  231 0 0 128728384 119308 176272 0 0 0 7 7427 10656 0 4 96 0
252 1363183995 0AD9A3D4-8BE8-11E2-860D-A9035D0BE213  165 0 0 128725200 119340 176300 0 0 0 2 11284 16845 0 3 97 0
253 1363184122 25B3D2B0-8BE8-11E2-860D-A9035D0BE213  249 0 0 128718992 119396 176328 0 0 0 0 21911 31819 0 3 97 0
254 1363184157 71508DC6-8BE8-11E2-860D-A9035D0BE213  255 1 0 128713472 119440 176352 0 0 0 5 8182 11754 0 3 97 0
255 1363184225 862EDD7E-8BE8-11E2-860D-A9035D0BE213  257 0 0 128706960 119484 176384 0 0 0 24 6624 8440 0 3 96 0
256 1363184257 AE9CB524-8BE8-11E2-860D-A9035D0BE213  257 0 0 128703424 119524 176408 0 0 0 30 11525 16711 0 3 97 0
257 1363184286 C1E2BEC6-8BE8-11E2-860D-A9035D0BE213  256 0 0 128698896 119548 176444 0 0 0 0 6713 9398 0 3 97 0
258 1363184334 D35180E8-8BE8-11E2-860D-A9035D0BE213  252 0 0 128692672 119596 176472 0 0 0 0 21623 31192 0 3 97 0
259 1363184378 EF9FAFE0-8BE8-11E2-860D-A9035D0BE213  257 0 0 128687680 119644 176492 0 0 0 8 13474 19568 0 3 97 0
260 1363184463 09E15D04-8BE9-11E2-860D-A9035D0BE213  250 0 0 128681344 119692 176528 0 0 0 0 15961 23247 0 3 97 0
261 1363184509 3CBE5BD2-8BE9-11E2-860D-A9035D0BE213  257 0 0 128676256 119740 176556 0 0 0 8 13054 19154 0 3 97 0
262 1363184563 57EE9264-8BE9-11E2-860D-A9035D0BE213  261 0 0 128671800 119772 176584 0 0 0 0 13600 20041 0 3 97 0
263 1363184612 783CDD1E-8BE9-11E2-860D-A9035D0BE213  261 0 0 128667248 119820 176612 0 0 0 1 11747 17092 0 3 97 0
264 1363184643 9589008C-8BE9-11E2-860D-A9035D0BE213  262 0 0 128661008 119852 176640 0 0 0 1 12930 19078 0 3 97 0
265 1363184680 A7E278DA-8BE9-11E2-860D-A9035D0BE213  266 0 0 128655400 119892 176668 0 0 0 1 15895 23429 0 3 97 0
266 1363184734 BDC3B434-8BE9-11E2-860D-A9035D0BE213  260 0 0 128652608 119940 176700 0 0 0 26 18948 27675 0 3 97 0
267 1363184767 DE58ADDA-8BE9-11E2-860D-A9035D0BE213  260 0 0 128645696 119972 176728 0 0 0 1 16852 24872 0 3 97 0
268 1363184804 F1ADD9AA-8BE9-11E2-860D-A9035D0BE213  259 0 0 128639288 120004 176756 0 0 0 2 20099 29364 0 3 97 0
269 1363184842 079D4368-8BEA-11E2-860D-A9035D0BE213  258 0 0 128637152 120044 176788 0 0 0 20 13874 20478 0 3 97 0
270 1363184882 1EAD32FC-8BEA-11E2-860D-A9035D0BE213  265 0 0 128631344 120076 176820 0 0 0 21 9651 14079 0 3 97 0
271 1363184986 3613C30C-8BEA-11E2-860D-A9035D0BE213  274 0 0 128624768 120140 176844 0 0 0 0 7628 10414 0 5 95 0
272 1363185110 746B2776-8BEA-11E2-860D-A9035D0BE213  271 0 0 128623312 120204 176872 0 0 0 0 3988 5208 0 4 96 0
273 1363185247 BE0A0122-8BEA-11E2-860D-A9035D0BE213  272 0 0 128617472 120292 176900 0 0 0 0 9794 14003 0 4 96 0
274 1363185290 0FE03214-8BEB-11E2-860D-A9035D0BE213  277 0 0 128610408 120324 176928 0 0 0 2 13456 19799 0 3 97 0
275 1363185336 2952BDD4-8BEB-11E2-860D-A9035D0BE213  277 0 0 128605768 120372 176956 0 0 0 0 11401 16719 0 4 96 0
276 1363185380 44F83A46-8BEB-11E2-860D-A9035D0BE213  278 0 0 128600232 120420 176976 0 0 0 6 5061 6243 0 4 96 0
277 1363185445 5EFB40BE-8BEB-11E2-860D-A9035D0BE213  275 0 0 128597200 120460 177012 0 0 0 16 5012 6098 0 4 96 0
278 1363185514 862056A2-8BEB-11E2-860D-A9035D0BE213  278 0 0 128592160 120516 177036 0 0 0 0 14620 21533 0 4 96 0
279 1363185574 AF15EEDC-8BEB-11E2-860D-A9035D0BE213  282 0 0 128586000 120564 177060 0 0 0 21 13165 19326 0 3 97 0
280 1363185690 D2858E68-8BEB-11E2-860D-A9035D0BE213  280 0 0 128582160 120628 177096 0 0 0 0 18423 27372 0 3 97 0
281 1363185752 17AF43B2-8BEC-11E2-860D-A9035D0BE213  283 0 0 128578744 120684 177124 0 0 0 0 5166 6069 0 5 95 0
282 1363185867 3CAE2372-8BEC-11E2-860D-A9035D0BE213  286 0 0 128570848 120756 177152 0 0 0 1 10476 15412 0 3 97 0
283 1363185902 819D58FE-8BEC-11E2-860D-A9035D0BE213  285 0 0 128566144 120788 177180 0 0 0 0 17610 26282 0 3 97 0
284 1363185988 96314140-8BEC-11E2-860D-A9035D0BE213  284 0 0 128561040 120852 177212 0 0 0 0 11827 17365 0 3 97 0
285 1363186145 C969D234-8BEC-11E2-860D-A9035D0BE213  285 0 0 128557248 120900 177240 0 0 0 0 16630 24887 0 3 97 0
286 1363186228 27604EFE-8BED-11E2-860D-A9035D0BE213  287 0 0 128551328 120948 177268 0 0 0 9 16640 24908 0 3 97 0
287 1363186271 58569252-8BED-11E2-860D-A9035D0BE213  286 0 0 128546144 120988 177296 0 0 0 2 5983 7155 0 5 95 0
288 1363186457 71FC0D54-8BED-11E2-860D-A9035D0BE213  289 0 0 128542288 121036 177328 0 0 0 0 4622 4696 0 4 96 0
289 1363186736 E1650222-8BED-11E2-860D-A9035D0BE213  290 0 0 128536096 121132 177364 0 0 0 0 11706 17489 0 3 97 0
290 1363186844 876E37D8-8BEE-11E2-860D-A9035D0BE213  289 0 0 128531008 121180 177392 0 0 0 0 7177 9452 0 3 97 0
291 1363187001 C78A3B50-8BEE-11E2-860D-A9035D0BE213  293 0 0 128524584 121260 177420 0 0 0 1 4917 4794 0 4 96 0
292 1363187250 2582C588-8BEF-11E2-860D-A9035D0BE213  293 0 0 128519376 121380 177472 0 0 0 0 4619 4465 0 4 96 0
