1 1362911050 9B567302-896C-11E2-9478-2A4504C1AC42 !  0 0 0 130023600 44916 169376 0 0 0 29 142 180 0 0 100 0
2 1362911068 A596120A-896C-11E2-9478-2A4504C1AC42 !  0 0 0 130022832 44948 169416 0 0 0 12 179 261 0 0 100 0
3 1362911086 B07CB46C-896C-11E2-9478-2A4504C1AC42 !  1 0 0 130019016 44980 169460 0 0 0 10 228 343 0 0 100 0
4 1362911105 BB60B360-896C-11E2-9478-2A4504C1AC42 !  0 0 0 130012128 45016 169496 0 0 2 10 323 448 0 0 100 0
5 1362911123 C64EB772-896C-11E2-9478-2A4504C1AC42 !  1 0 0 130004528 45056 169540 0 0 0 8 331 504 0 0 100 0
6 1362911142 D147F53A-896C-11E2-9478-2A4504C1AC42 !  1 0 0 129996240 45084 169572 0 0 0 9 362 606 0 0 100 0
7 1362911161 DCA37ADA-896C-11E2-9478-2A4504C1AC42 !  0 0 0 129989520 45120 169612 0 0 0 10 392 681 0 0 100 0
8 1362911179 E7BB34F8-896C-11E2-9478-2A4504C1AC42 !  1 0 0 129981632 45144 169640 0 0 0 2 454 756 0 0 100 0
9 1362911198 F2B66FF8-896C-11E2-9478-2A4504C1AC42 !  1 0 0 129972720 45180 169680 0 0 0 2 498 846 0 0 100 0
10 1362911216 FDBEB5A4-896C-11E2-9478-2A4504C1AC42 !  0 0 0 129968200 45204 169716 0 0 0 4 513 897 0 0 100 0
11 1362911235 08BFE932-896D-11E2-9478-2A4504C1AC42 !  1 0 0 129960960 45240 169756 0 0 0 11 575 974 0 0 100 0
12 1362911254 14268A56-896D-11E2-9478-2A4504C1AC42 !  1 0 0 129953984 45276 169784 0 0 0 14 617 1046 0 0 100 0
13 1362911273 1F83454C-896D-11E2-9478-2A4504C1AC42 !  1 0 0 129945232 45300 169816 0 0 0 2 654 1139 0 0 100 0
14 1362911291 2A9AD13E-896D-11E2-9478-2A4504C1AC42 !  1 0 0 129934080 45336 169852 0 0 0 30 705 1233 0 0 100 0
15 1362911311 359EB97E-896D-11E2-9478-2A4504C1AC42 !  0 0 0 129925552 45372 169888 0 0 0 10 734 1307 0 0 100 0
16 1362911329 41209290-896D-11E2-9478-2A4504C1AC42 !  1 0 0 129918416 45404 169916 0 0 0 33 790 1389 0 0 100 0
17 1362911348 4C37DA12-896D-11E2-9478-2A4504C1AC42 !  1 0 0 129910752 45428 169956 0 0 0 10 829 1475 0 0 100 0
18 1362911366 5746B446-896D-11E2-9478-2A4504C1AC42 !  1 0 0 129902232 45456 169984 0 0 0 14 875 1542 0 0 100 0
19 1362911385 62672C8E-896D-11E2-9478-2A4504C1AC42 !  1 0 0 129895872 45484 170016 0 0 0 12 930 1643 0 0 100 0
20 1362911404 6D8F2594-896D-11E2-9478-2A4504C1AC42 !  0 0 0 129887576 45508 170052 0 0 0 13 970 1731 0 0 100 0
21 1362911423 78C73FBE-896D-11E2-9478-2A4504C1AC42 !  1 0 0 129879224 45536 170084 0 0 0 14 1032 1812 0 0 100 0
22 1362911441 83EA558E-896D-11E2-9478-2A4504C1AC42 !  1 0 0 129870160 45564 170120 0 0 0 12 1070 1863 0 0 100 0
23 1362911460 8F03E14C-896D-11E2-9478-2A4504C1AC42 !  1 0 0 129863128 45600 170160 0 0 0 10 1094 1950 0 0 100 0
24 1362911479 9A3BE6F4-896D-11E2-9478-2A4504C1AC42 !  1 0 0 129853760 45628 170196 0 0 0 11 1153 2046 0 0 100 0
25 1362911498 A5679960-896D-11E2-9478-2A4504C1AC42 !  1 0 0 129846016 45652 170228 0 0 0 11 1164 2105 0 0 100 0
26 1362911517 B0AAAD1C-896D-11E2-9478-2A4504C1AC42 !  1 0 0 129838688 45684 170260 0 0 0 13 1250 2203 0 0 100 0
27 1362911536 BC40B4DC-896D-11E2-9478-2A4504C1AC42 !  1 0 0 129830776 45708 170288 0 0 0 12 1287 2266 0 0 100 0
28 1362911555 C77B134C-896D-11E2-9478-2A4504C1AC42 !  1 0 0 129821344 45736 170324 0 0 0 13 1331 2360 0 0 100 0
29 1362911574 D2BDB228-896D-11E2-9478-2A4504C1AC42 !  1 0 0 129816280 45760 170360 0 0 0 12 1370 2439 0 0 100 0
30 1362911593 DE381F9E-896D-11E2-9478-2A4504C1AC42 !  1 0 0 129806464 45796 170400 0 0 0 15 1423 2523 0 0 100 0
31 1362911612 E97897F8-896D-11E2-9478-2A4504C1AC42 !  0 0 0 129797872 45828 170432 0 0 0 38 1458 2608 0 0 100 0
32 1362911631 F4DA8B56-896D-11E2-9478-2A4504C1AC42 !  1 0 0 129789256 45852 170464 0 0 0 13 1498 2706 0 0 100 0
33 1362911651 00502E1E-896E-11E2-9478-2A4504C1AC42 !  2 0 0 129783144 45880 170496 0 0 0 43 1548 2798 0 0 100 0
34 1362911670 0BE2A2D4-896E-11E2-9478-2A4504C1AC42 !  1 0 0 129775712 45904 170528 0 0 0 10 1565 2841 0 0 100 0
35 1362911689 1762EE34-896E-11E2-9478-2A4504C1AC42 !  1 0 0 129767528 45928 170568 0 0 0 2 1592 2932 0 0 100 0
36 1362911708 22C844A4-896E-11E2-9478-2A4504C1AC42 !  0 0 0 129757104 45960 170600 0 0 0 21 1656 3014 0 0 100 0
37 1362911727 2E24007C-896E-11E2-9478-2A4504C1AC42 !  0 0 0 129750624 45984 170628 0 0 0 37 1703 3097 0 0 100 0
38 1362911747 3992BEEE-896E-11E2-9478-2A4504C1AC42 !  0 0 0 129742552 46008 170672 0 0 0 13 1755 3185 0 0 100 0
39 1362911766 44EC0016-896E-11E2-9478-2A4504C1AC42 !  1 0 0 129731920 46036 170708 0 0 0 14 1793 3291 0 0 100 0
40 1362911785 505932E8-896E-11E2-9478-2A4504C1AC42 !  0 0 0 129725056 46060 170744 0 0 0 10 1820 3361 0 0 100 0
41 1362911804 5BC68C84-896E-11E2-9478-2A4504C1AC42 !  0 0 0 129716232 46084 170772 0 0 0 18 1903 3425 0 0 100 0
42 1362911823 6744FFFA-896E-11E2-9478-2A4504C1AC42 !  1 0 0 129707168 46116 170812 0 0 0 14 1916 3514 0 0 100 0
43 1362911842 72A4FB98-896E-11E2-9478-2A4504C1AC42 !  1 0 0 129701072 46140 170848 0 0 0 12 1960 3588 0 0 100 0
44 1362911862 7E1CF73C-896E-11E2-9478-2A4504C1AC42 !  1 0 0 129691488 46168 170880 0 0 0 13 1989 3677 0 0 100 0
45 1362911882 89FF59DC-896E-11E2-9478-2A4504C1AC42 !  1 0 0 129684448 46192 170908 0 0 0 12 2032 3771 0 0 100 0
46 1362911901 95885786-896E-11E2-9478-2A4504C1AC42 !  0 0 0 129678816 46216 170944 0 0 0 13 2153 3865 0 0 100 0
47 1362911920 A0FAD8E6-896E-11E2-9478-2A4504C1AC42 !  1 0 0 129671760 46244 170980 0 0 0 12 2142 3889 0 0 100 0
48 1362911940 AC7C050A-896E-11E2-9478-2A4504C1AC42 !  1 0 0 129662616 46268 171020 0 0 0 13 2206 4000 0 0 100 0
49 1362911959 B807FC62-896E-11E2-9478-2A4504C1AC42 !  1 0 0 129651808 46300 171036 0 0 0 16 2207 4085 0 0 100 0
50 1362911979 C3C0D36C-896E-11E2-9478-2A4504C1AC42 !  1 0 0 129644384 46324 171080 0 0 0 36 2279 4149 0 0 100 0
51 1362911998 CF48BCCC-896E-11E2-9478-2A4504C1AC42 !  1 0 0 129637952 46348 171120 0 0 0 11 2315 4234 0 0 100 0
52 1362912018 DACECA46-896E-11E2-9478-2A4504C1AC42 !  1 0 0 129630856 46372 171152 0 0 0 12 2350 4333 0 0 100 0
53 1362912037 E6A70626-896E-11E2-9478-2A4504C1AC42 !  1 0 0 129621312 46396 171180 0 0 0 12 2371 4422 0 0 100 0
54 1362912057 F2303D5A-896E-11E2-9478-2A4504C1AC42 !  1 0 0 129614208 46420 171220 0 0 0 12 2459 4503 0 0 100 0
55 1362912076 FDC05858-896E-11E2-9478-2A4504C1AC42 !  1 0 0 129605760 46448 171252 0 0 0 13 2496 4559 0 0 100 0
56 1362912095 094AEC2E-896F-11E2-9478-2A4504C1AC42 !  1 0 0 129596032 46476 171284 0 0 0 12 2536 4659 0 0 100 0
57 1362912113 14EA4BB0-896F-11E2-9478-2A4504C1AC42 !  1 0 0 129587104 46500 171320 0 0 0 13 2602 4749 0 0 100 0
58 1362912133 1F8A849A-896F-11E2-9478-2A4504C1AC42 !  1 0 0 129579776 46524 171348 0 0 0 12 2642 4851 0 0 100 0
59 1362912152 2B1F5934-896F-11E2-9478-2A4504C1AC42 !  1 0 0 129571600 46552 171392 0 0 0 37 2686 4899 0 0 100 0
60 1362912172 36C31F78-896F-11E2-9478-2A4504C1AC42 !  1 0 0 129564928 46576 171424 0 0 0 12 2716 4976 0 0 100 0
61 1362912191 4267132A-896F-11E2-9478-2A4504C1AC42 !  1 0 0 129557560 46600 171452 0 0 0 40 2791 5074 0 0 100 0
62 1362912211 4E143112-896F-11E2-9478-2A4504C1AC42 !  0 0 0 129549664 46628 171492 0 0 0 13 2811 5181 0 0 100 0
63 1362912231 59CFCC1E-896F-11E2-9478-2A4504C1AC42 !  1 0 0 129540896 46656 171528 0 0 0 13 2864 5223 0 0 100 0
64 1362912250 657FB592-896F-11E2-9478-2A4504C1AC42 !  2 0 0 129532848 46680 171556 0 0 0 10 2923 5289 0 0 100 0
65 1362912270 7139F2D0-896F-11E2-9478-2A4504C1AC42 !  0 0 0 129524016 46712 171596 0 0 0 30 2927 5381 0 0 100 0
66 1362912290 7CDE1D78-896F-11E2-9478-2A4504C1AC42 !  1 0 0 129514280 46736 171628 0 0 0 15 2966 5474 0 0 100 0
67 1362912309 889745FE-896F-11E2-9478-2A4504C1AC42 !  1 0 0 129504720 46760 171660 0 0 0 22 2983 5566 0 0 100 0
68 1362912329 944BC492-896F-11E2-9478-2A4504C1AC42 !  0 0 0 129499072 46784 171696 0 0 0 16 3095 5654 0 0 100 0
69 1362912349 A01D2540-896F-11E2-9478-2A4504C1AC42 !  1 0 0 129489984 46812 171720 0 0 0 14 3079 5699 0 0 100 0
70 1362912369 ABC1DD0A-896F-11E2-9478-2A4504C1AC42 !  1 0 0 129483008 46836 171760 0 0 0 13 3141 5815 0 0 100 0
71 1362912389 B7CF2922-896F-11E2-9478-2A4504C1AC42 !  0 0 0 129474848 46864 171796 0 0 0 14 3198 5883 0 0 100 0
72 1362912408 C396A816-896F-11E2-9478-2A4504C1AC42 !  2 0 0 129466016 46888 171832 0 0 0 15 3208 5959 0 0 100 0
73 1362912428 CF6A60C4-896F-11E2-9478-2A4504C1AC42 !  1 0 0 129459056 46912 171868 0 0 0 14 3263 6029 0 0 100 0
74 1362912448 DB403DEC-896F-11E2-9478-2A4504C1AC42 !  1 0 0 129449440 46936 171896 0 0 0 15 3328 6116 0 0 100 0
75 1362912468 E72BDC60-896F-11E2-9478-2A4504C1AC42 !  1 0 0 129440928 46960 171940 0 0 0 14 3350 6186 0 0 100 0
76 1362912488 F306057E-896F-11E2-9478-2A4504C1AC42 !  1 0 0 129431248 46984 171968 0 0 0 14 3392 6277 0 0 100 0
77 1362912508 FEF75AAE-896F-11E2-9478-2A4504C1AC42 !  0 0 0 129425592 47012 172000 0 0 0 14 3446 6342 0 0 100 0
78 1362912528 0AEB2D90-8970-11E2-9478-2A4504C1AC42 !  2 0 0 129418752 47036 172040 0 0 0 14 3504 6455 0 0 100 0
79 1362912548 16E54680-8970-11E2-9478-2A4504C1AC42 !  0 0 0 129411600 47068 172076 0 0 0 14 3528 6516 0 0 100 0
80 1362912569 22EB774C-8970-11E2-9478-2A4504C1AC42 !  0 0 0 129402368 47092 172108 0 0 0 14 3569 6600 0 0 100 0
81 1362912589 2EDE079A-8970-11E2-9478-2A4504C1AC42 !  1 0 0 129394128 47120 172140 0 0 0 13 3628 6694 0 0 100 0
82 1362912609 3ADBC5D2-8970-11E2-9478-2A4504C1AC42 !  1 0 0 129386896 47144 172172 0 0 0 14 3695 6802 0 0 100 0
83 1362912629 46D4E58A-8970-11E2-9478-2A4504C1AC42 !  1 0 0 129375224 47168 172208 0 0 0 14 3728 6884 0 0 100 0
84 1362912649 52F0DB26-8970-11E2-9478-2A4504C1AC42 !  2 0 0 129367720 47192 172244 0 0 0 14 3788 6981 0 0 100 0
85 1362912669 5EDFBF6A-8970-11E2-9478-2A4504C1AC42 !  1 0 0 129360176 47216 172280 0 0 0 14 3795 7068 0 0 100 0
86 1362912689 6AE33C9C-8970-11E2-9478-2A4504C1AC42 !  2 0 0 129351872 47240 172312 0 0 0 13 3856 7135 0 0 100 0
87 1362912710 76EF0EA8-8970-11E2-9478-2A4504C1AC42 !  1 0 0 129344856 47268 172348 0 0 0 14 3855 7177 0 0 100 0
88 1362912731 83098060-8970-11E2-9478-2A4504C1AC42 !  0 0 0 129336832 47292 172380 0 0 0 11 3902 7284 0 0 100 0
89 1362912752 8F84672E-8970-11E2-9478-2A4504C1AC42 !  1 0 0 129330464 47324 172404 0 0 0 13 3982 7398 0 0 100 0
90 1362912772 9C082CEC-8970-11E2-9478-2A4504C1AC42 !  1 0 0 129321296 47348 172444 0 0 0 11 3989 7425 0 0 100 0
91 1362912792 A81B1436-8970-11E2-9478-2A4504C1AC42 !  1 0 0 129312360 47372 172480 0 0 0 13 4037 7509 0 0 99 0
92 1362912813 B4342262-8970-11E2-9478-2A4504C1AC42 !  0 0 0 129303824 47396 172512 0 0 0 40 4125 7603 0 0 99 0
93 1362912833 C0585DD8-8970-11E2-9478-2A4504C1AC42 !  1 0 0 129295696 47420 172548 0 0 0 14 4147 7724 0 0 100 0
94 1362912853 CC848D2A-8970-11E2-9478-2A4504C1AC42 !  2 0 0 129288128 47444 172584 0 0 0 38 4219 7789 0 0 99 0
95 1362912874 D8990582-8970-11E2-9478-2A4504C1AC42 !  0 0 0 129280208 47472 172612 0 0 0 14 4230 7818 0 0 100 0
96 1362912894 E4DF9356-8970-11E2-9478-2A4504C1AC42 !  2 0 0 129270064 47496 172660 0 0 0 32 4273 7868 0 0 100 0
97 1362912915 F10C1082-8970-11E2-9478-2A4504C1AC42 !  0 0 0 129263056 47520 172688 0 0 0 14 4315 7954 0 0 100 0
98 1362912935 FD319F8A-8970-11E2-9478-2A4504C1AC42 !  1 0 0 129255296 47544 172716 0 0 0 14 4400 8075 0 0 99 0
99 1362912956 096AE1C6-8971-11E2-9478-2A4504C1AC42 !  1 0 0 129246816 47576 172756 0 0 0 12 4415 8105 0 0 99 0
100 1362912976 15A9B8CC-8971-11E2-9478-2A4504C1AC42 !  1 0 0 129240240 47600 172788 0 0 0 15 4457 8203 0 0 99 0
101 1362912997 21E42816-8971-11E2-9478-2A4504C1AC42 !  1 0 0 129232096 47624 172820 0 0 0 12 4524 8316 0 0 99 0
102 1362913018 2E9047DE-8971-11E2-9478-2A4504C1AC42 !  2 0 0 129221696 47648 172856 0 0 0 13 4537 8343 0 0 99 0
103 1362913039 3ACC93F4-8971-11E2-9478-2A4504C1AC42 !  1 0 0 129213200 47676 172892 0 0 0 14 4617 8493 0 0 99 0
104 1362913060 47307002-8971-11E2-9478-2A4504C1AC42 !  0 0 0 129206944 47700 172932 0 0 0 12 4628 8565 0 0 99 0
105 1362913080 53980F4E-8971-11E2-9478-2A4504C1AC42 !  1 0 0 129197744 47724 172960 0 0 0 32 4667 8601 0 0 99 0
106 1362913101 6004E55E-8971-11E2-9478-2A4504C1AC42 !  1 0 0 129188640 47756 172984 0 0 0 14 4779 8709 0 0 99 0
107 1362913122 6C7C3BF2-8971-11E2-9478-2A4504C1AC42 !  2 0 0 129183472 47780 173028 0 0 0 13 4787 8761 0 0 99 0
108 1362913143 78EA8D30-8971-11E2-9478-2A4504C1AC42 !  4 0 0 129174968 47804 173064 0 0 0 13 4882 8868 0 0 99 0
109 1362913164 8552105C-8971-11E2-9478-2A4504C1AC42 !  2 0 0 129167104 47828 173096 0 0 0 14 4878 8955 0 0 99 0
110 1362913185 91C243E8-8971-11E2-9478-2A4504C1AC42 !  0 0 0 129159376 47852 173132 0 0 0 14 4960 9034 0 0 99 0
111 1362913205 9E4F30C6-8971-11E2-9478-2A4504C1AC42 !  0 0 0 129151664 47880 173164 0 0 0 14 5067 9162 0 0 99 0
112 1362913226 AA518144-8971-11E2-9478-2A4504C1AC42 !  1 0 0 129140000 47912 173200 0 0 0 36 5065 9174 0 0 99 0
113 1362913247 B6D508DC-8971-11E2-9478-2A4504C1AC42 !  1 0 0 129132048 47936 173228 0 0 0 13 5114 9272 0 0 99 0
114 1362913269 C379681C-8971-11E2-9478-2A4504C1AC42 !  1 0 0 129123696 47960 173272 0 0 0 12 5127 9384 0 0 99 0
115 1362913291 D08C17D4-8971-11E2-9478-2A4504C1AC42 !  0 0 0 129116392 47984 173304 0 0 0 12 5144 9406 0 0 99 0
116 1362913312 DD3C7CD0-8971-11E2-9478-2A4504C1AC42 !  2 0 0 129109168 48020 173336 0 0 0 15 5260 9463 0 0 99 0
117 1362913334 EA0D840E-8971-11E2-9478-2A4504C1AC42 !  0 0 0 129101440 48044 173372 0 0 0 13 5277 9604 0 0 99 0
118 1362913356 F6FF5DCC-8971-11E2-9478-2A4504C1AC42 !  0 0 0 129094592 48068 173408 0 0 0 14 5363 9721 0 0 99 0
119 1362913377 041184D6-8972-11E2-9478-2A4504C1AC42 !  0 0 0 129086040 48104 173440 0 0 0 13 5406 9761 0 0 99 0
120 1362913399 10A56E1A-8972-11E2-9478-2A4504C1AC42 !  1 0 0 129077568 48128 173476 0 0 0 30 5433 9873 0 0 99 0
121 1362913420 1DBCD9BC-8972-11E2-9478-2A4504C1AC42 !  1 0 0 129070040 48152 173512 0 0 0 13 5482 9880 0 0 99 0
122 1362913442 2A834140-8972-11E2-9478-2A4504C1AC42 !  0 0 0 129062984 48184 173540 0 0 0 14 5554 9989 0 0 99 0
123 1362913461 37493BAA-8972-11E2-9478-2A4504C1AC42 !  2 0 0 129053664 48208 173572 0 0 0 17 5615 10089 0 1 99 0
124 1362913484 431D7B76-8972-11E2-9478-2A4504C1AC42 !  0 0 0 129044448 48232 173612 0 0 0 13 5590 10110 0 0 99 0
125 1362913505 5060CAFE-8972-11E2-9478-2A4504C1AC42 !  1 0 0 129034880 48256 173644 0 0 0 21 5766 10184 0 1 99 0
126 1362913527 5D4F3340-8972-11E2-9478-2A4504C1AC42 !  0 0 0 129027760 48288 173676 0 0 0 12 5712 10284 0 0 99 0
127 1362913549 6A33A5F0-8972-11E2-9478-2A4504C1AC42 !  1 0 0 129021680 48316 173712 0 0 0 12 5767 10382 0 0 99 0
128 1362913571 773B6C88-8972-11E2-9478-2A4504C1AC42 !  1 0 0 129013720 48340 173744 0 0 0 12 5820 10425 0 1 99 0
129 1362913593 846F77B4-8972-11E2-9478-2A4504C1AC42 !  1 0 0 129004592 48372 173772 0 0 0 10 5897 10502 0 1 99 0
130 1362913615 91971CB2-8972-11E2-9478-2A4504C1AC42 !  1 0 0 128998352 48396 173816 0 0 0 15 5972 10617 0 1 99 0
131 1362913637 9EC7A118-8972-11E2-9478-2A4504C1AC42 !  0 0 0 128990040 48420 173848 0 0 0 2 6035 10557 0 1 99 0
132 1362913659 ABE81A26-8972-11E2-9478-2A4504C1AC42 !  0 0 0 128981952 48452 173888 0 0 0 12 6081 10718 0 1 99 0
133 1362913681 B91EC8A2-8972-11E2-9478-2A4504C1AC42 !  1 0 0 128974328 48476 173920 0 0 0 14 6118 10815 0 1 99 0
134 1362913703 C6414B04-8972-11E2-9478-2A4504C1AC42 !  0 0 0 128964592 48508 173952 0 0 0 11 6129 10844 0 1 99 0
135 1362913725 D309A26E-8972-11E2-9478-2A4504C1AC42 !  1 0 0 128952896 48536 173988 0 0 0 14 6204 10985 0 1 99 0
136 1362913748 E073B1F6-8972-11E2-9478-2A4504C1AC42 !  1 0 0 128945976 48560 174020 0 0 0 0 6253 10980 0 1 99 0
137 1362913771 EDCDC7F6-8972-11E2-9478-2A4504C1AC42 !  1 0 0 128939152 48592 174052 0 0 0 12 6257 11073 0 1 99 0
138 1362913794 FBB5BEF0-8972-11E2-9478-2A4504C1AC42 !  1 0 0 128931920 48616 174080 0 0 0 12 6310 11142 0 1 99 0
139 1362913817 09636F5C-8973-11E2-9478-2A4504C1AC42   0 0 0 128924344 48640 174124 0 0 0 13 6682 11277 0 1 99 0
140 1362913840 170C2AD6-8973-11E2-9478-2A4504C1AC42 !  1 0 0 128915760 48672 174160 0 0 0 29 6381 11307 0 1 99 0
141 1362913863 2490D238-8973-11E2-9478-2A4504C1AC42 !  2 0 0 128909072 48696 174192 0 0 0 13 6409 11294 0 1 99 0
142 1362913885 32306DEA-8973-11E2-9478-2A4504C1AC42   0 0 0 128901120 48728 174224 0 0 0 10 6518 11548 0 1 99 0
143 1362913909 3FCBE86C-8973-11E2-9478-2A4504C1AC42 !  0 0 0 128893856 48764 174260 0 0 0 29 6526 11539 0 1 99 0
144 1362913932 4E1E8F0A-8973-11E2-9478-2A4504C1AC42 !  0 0 0 128886104 48792 174292 0 0 0 14 6661 11429 0 1 99 0
145 1362913956 5B8FB146-8973-11E2-9478-2A4504C1AC42   1 0 0 128878544 48824 174328 0 0 0 10 7455 11972 0 1 98 0
146 1362913980 69DFB25A-8973-11E2-9478-2A4504C1AC42   1 0 0 128870032 48856 174364 0 0 0 29 7344 11623 0 1 98 0
147 1362914004 7852EC80-8973-11E2-9478-2A4504C1AC42   1 0 0 128864504 48888 174396 0 0 0 9 7299 11861 0 1 98 0
148 1362914027 865F2BFE-8973-11E2-9478-2A4504C1AC42   2 0 0 128856992 48912 174432 0 0 0 14 7291 11727 0 1 98 0
149 1362914050 942D88CA-8973-11E2-9478-2A4504C1AC42 !  2 0 0 128848136 48944 174468 0 0 0 27 6839 11873 0 1 99 0
150 1362914075 A2053FBA-8973-11E2-9478-2A4504C1AC42   1 0 0 128840384 48976 174500 0 0 0 10 7343 11909 0 1 98 0
151 1362914103 B0A741BC-8973-11E2-9478-2A4504C1AC42   3 0 0 128830912 49012 174536 0 0 0 1 7548 11711 0 2 98 0
152 1362914128 C172FCC0-8973-11E2-9478-2A4504C1AC42   0 0 0 128822632 49052 174564 0 0 0 9 7546 12264 0 1 98 0
153 1362914152 D09C8590-8973-11E2-9478-2A4504C1AC42   0 0 0 128816568 49076 174604 0 0 0 11 7696 12083 0 2 98 0
154 1362914178 DEE66E40-8973-11E2-9478-2A4504C1AC42   0 0 0 128809920 49108 174640 0 0 0 8 7808 12212 0 2 98 0
155 1362914202 EE04C372-8973-11E2-9478-2A4504C1AC42   1 0 0 128801088 49132 174672 0 0 0 12 7648 12111 0 2 98 0
156 1362914226 FC3C4636-8973-11E2-9478-2A4504C1AC42   0 0 0 128792288 49168 174704 0 0 1 15 7895 12652 0 1 98 0
157 1362914251 0AD21EE6-8974-11E2-9478-2A4504C1AC42   2 0 0 128787296 49200 174744 0 0 0 7 8055 12623 0 2 98 0
158 1362914278 19D7DE44-8974-11E2-9478-2A4504C1AC42   2 0 0 128778976 49232 174776 0 0 0 9 8144 12514 0 2 98 0
159 1362914302 299B89E8-8974-11E2-9478-2A4504C1AC42   0 0 0 128770512 49268 174808 0 0 0 11 8095 12673 0 2 98 0
160 1362914327 384E1460-8974-11E2-9478-2A4504C1AC42   2 0 0 128762656 49300 174844 0 0 0 10 8415 12276 0 3 97 0
161 1362914353 473F91EC-8974-11E2-9478-2A4504C1AC42   1 0 0 128752368 49332 174876 0 0 0 11 8163 12774 0 2 98 0
162 1362914379 56383BEA-8974-11E2-9478-2A4504C1AC42   1 0 0 128744384 49380 174916 0 0 0 2 8328 12736 0 2 97 0
163 1362914404 65F1F8A0-8974-11E2-9478-2A4504C1AC42   1 0 0 128736832 49420 174952 0 0 0 7 8348 12321 0 3 97 0
164 1362914431 7513971C-8974-11E2-9478-2A4504C1AC42   2 0 0 128731376 49452 174988 0 0 0 11 8340 13242 0 2 98 0
165 1362914457 84EA8178-8974-11E2-9478-2A4504C1AC42   0 0 0 128721480 49484 175024 0 0 0 8 8448 12616 0 2 97 0
166 1362914484 94341554-8974-11E2-9478-2A4504C1AC42   0 0 0 128713304 49516 175056 0 0 0 20 8560 12683 0 3 97 0
167 1362914512 A4945A94-8974-11E2-9478-2A4504C1AC42   0 0 0 128705920 49560 175088 0 0 0 9 8699 12643 0 3 97 0
168 1362914538 B517001A-8974-11E2-9478-2A4504C1AC42   1 0 0 128697728 49596 175124 0 0 0 9 8706 12378 0 3 97 0
169 1362914565 C4D82EFC-8974-11E2-9478-2A4504C1AC42   0 0 0 128689504 49628 175160 0 0 0 10 8754 12305 0 4 96 0
170 1362914591 D4ADFE56-8974-11E2-9478-2A4504C1AC42   0 0 0 128681872 49660 175192 0 0 0 10 8883 12137 0 4 95 0
171 1362914617 E441BAD8-8974-11E2-9478-2A4504C1AC42   2 0 0 128674424 49692 175228 0 0 0 11 8408 12980 0 2 97 0
172 1362914645 F3CF29F4-8974-11E2-9478-2A4504C1AC42   1 0 0 128666256 49736 175268 0 0 0 9 8713 13091 0 2 97 0
173 1362914670 0454B870-8975-11E2-9478-2A4504C1AC42   0 0 0 128659568 49764 175300 0 0 0 20 8649 13713 0 2 98 0
174 1362914709 137A5EB8-8975-11E2-9478-2A4504C1AC42   1 0 0 128650512 49812 175336 0 0 0 16 8952 12296 0 4 95 0
175 1362914735 2ACA622A-8975-11E2-9478-2A4504C1AC42   2 0 0 128642704 49848 175372 0 0 0 6 8836 13288 0 3 97 0
176 1362914761 3A27AE12-8975-11E2-9478-2A4504C1AC42   2 0 0 128635752 49880 175408 0 0 0 10 8738 13406 0 2 97 0
177 1362914789 49AD47F2-8975-11E2-9478-2A4504C1AC42   1 0 0 128628072 49912 175440 0 0 0 10 8802 13388 0 3 97 0
178 1362914816 5A3610C2-8975-11E2-9478-2A4504C1AC42   1 0 0 128622000 49944 175464 0 0 0 26 8969 13108 0 3 97 0
179 1362914844 6A5C2176-8975-11E2-9478-2A4504C1AC42   5 0 0 128614672 49976 175508 0 0 0 0 8980 13225 0 3 97 0
180 1362914870 7B24F564-8975-11E2-9478-2A4504C1AC42   1 0 0 128606472 50016 175540 0 0 0 9 9100 13717 0 2 97 0
181 1362914898 8A8A51E8-8975-11E2-9478-2A4504C1AC42   0 0 0 128598880 50048 175576 0 0 0 10 9036 13620 0 3 97 0
182 1362914926 9B5C24C4-8975-11E2-9478-2A4504C1AC42   1 0 0 128591696 50088 175604 0 0 0 10 9077 12425 0 5 94 0
183 1362914957 ABF5B700-8975-11E2-9478-2A4504C1AC42   0 0 0 128585024 50124 175644 0 0 0 29 9117 13321 0 3 96 0
184 1362914986 BE45F37A-8975-11E2-9478-2A4504C1AC42   0 0 0 128575984 50160 175676 0 0 0 9 9125 13503 0 3 96 0
185 1362915016 CFC4E520-8975-11E2-9478-2A4504C1AC42   2 0 0 128567760 50192 175716 0 0 0 10 9258 13318 0 4 96 0
186 1362915046 E1A75912-8975-11E2-9478-2A4504C1AC42   0 0 0 128561240 50224 175748 0 0 0 9 9112 13079 0 4 96 0
187 1362915073 F3D9766A-8975-11E2-9478-2A4504C1AC42  11 0 0 128553392 50256 175784 0 0 0 9 9230 13148 0 4 95 0
188 1362915100 03A0C74C-8976-11E2-9478-2A4504C1AC42   2 0 0 128544320 50288 175816 0 0 0 13 9229 12869 0 5 94 0
189 1362915129 140B4468-8976-11E2-9478-2A4504C1AC42   1 0 0 128536240 50320 175852 0 0 0 0 9174 13037 0 5 95 0
190 1362915159 2505CD2E-8976-11E2-9478-2A4504C1AC42   3 0 0 128527304 50368 175888 0 0 0 8 9356 13922 0 4 96 0
191 1362915196 37175F46-8976-11E2-9478-2A4504C1AC42   0 0 0 128521504 50412 175920 0 0 0 13 9040 14636 0 2 98 0
192 1362915228 4D1B4168-8976-11E2-9478-2A4504C1AC42   1 0 0 128514064 50444 175952 0 0 0 11 9352 12588 1 6 93 0
193 1362915265 5FCF5DF8-8976-11E2-9478-2A4504C1AC42  17 0 0 128506568 50484 175992 0 0 0 2 9098 10945 1 12 87 0
194 1362915298 75F755F4-8976-11E2-9478-2A4504C1AC42   0 0 0 128498848 50524 176024 0 0 0 1 9147 11606 1 10 90 0
195 1362915329 8988F2F8-8976-11E2-9478-2A4504C1AC42   1 0 0 128491968 50564 176056 0 0 0 9 9339 13396 1 5 94 0
196 1362915359 9C212840-8976-11E2-9478-2A4504C1AC42   1 0 0 128484416 50604 176084 0 0 0 30 9488 13111 1 6 94 0
197 1362915389 AE4E2FE0-8976-11E2-9478-2A4504C1AC42   8 0 0 128478152 50636 176124 0 0 0 9 9006 12660 1 5 94 0
198 1362915420 BFE33D5E-8976-11E2-9478-2A4504C1AC42   5 0 0 128469808 50668 176156 0 0 0 10 9406 13343 0 5 94 0
199 1362915451 D2ADF1AE-8976-11E2-9478-2A4504C1AC42   3 0 0 128461344 50704 176196 0 0 0 10 9010 13796 0 4 96 0
200 1362915487 E4EDA7BA-8976-11E2-9478-2A4504C1AC42  11 0 0 128453984 50736 176228 0 0 0 0 8797 12749 0 5 94 0
201 1362915517 FA6F116E-8976-11E2-9478-2A4504C1AC42   2 0 0 128446968 50780 176260 0 0 0 11 9423 12906 1 8 91 0
202 1362915550 0C431F70-8977-11E2-9478-2A4504C1AC42   1 0 0 128439296 50820 176296 0 0 0 10 9559 12703 1 8 91 0
203 1362915595 1FF8C98E-8977-11E2-9478-2A4504C1AC42   1 0 0 128434784 50852 176328 0 0 0 2 9126 13100 1 5 94 0
204 1362915629 3A8C036A-8977-11E2-9478-2A4504C1AC42   0 0 0 128427928 50900 176364 0 0 0 10 9601 13844 1 4 95 0
205 1362915659 4ECE6200-8977-11E2-9478-2A4504C1AC42   2 0 0 128418784 50932 176400 0 0 0 10 9782 14065 1 5 94 0
206 1362915691 60F11978-8977-11E2-9478-2A4504C1AC42   2 0 0 128408800 50964 176432 0 0 0 0 9805 13703 1 6 93 0
207 1362915729 74125E90-8977-11E2-9478-2A4504C1AC42   1 0 0 128402656 51008 176468 0 0 0 0 9598 14573 1 4 96 0
208 1362915775 8A624A7A-8977-11E2-9478-2A4504C1AC42   3 0 0 128397552 51056 176500 0 0 0 0 9520 14071 0 4 95 0
209 1362915810 A63ABD86-8977-11E2-9478-2A4504C1AC42  11 0 0 128390944 51096 176532 0 0 0 0 8974 11879 1 10 89 0
210 1362915843 BAACFBBC-8977-11E2-9478-2A4504C1AC42  15 0 0 128383360 51136 176568 0 0 0 9 9576 13658 0 6 93 0
211 1362915890 CE514092-8977-11E2-9478-2A4504C1AC42  15 0 0 128376224 51176 176604 0 0 0 0 10040 14255 1 8 91 0
212 1362915922 EA5EF02C-8977-11E2-9478-2A4504C1AC42   4 0 0 128369616 51216 176640 0 0 0 1 9734 14744 1 4 95 0
213 1362915965 FDEEF678-8977-11E2-9478-2A4504C1AC42   5 0 0 128362200 51260 176684 0 0 0 2 9659 13282 1 8 92 0
214 1362916006 175EFD24-8978-11E2-9478-2A4504C1AC42   0 0 0 128355888 51300 176716 0 0 0 2 9071 10912 1 16 83 0
215 1362916041 2F83F5D0-8978-11E2-9478-2A4504C1AC42  10 0 0 128348360 51344 176752 0 0 0 0 9551 13872 1 6 94 0
216 1362916083 448DBD62-8978-11E2-9478-2A4504C1AC42  15 0 0 128342784 51392 176784 0 0 0 2 9277 12805 1 9 90 0
217 1362916121 5D8E243C-8978-11E2-9478-2A4504C1AC42   1 0 0 128331712 51432 176820 0 0 0 0 9804 13880 1 6 93 0
218 1362916170 741D5A4C-8978-11E2-9478-2A4504C1AC42   4 0 0 128326544 51488 176848 0 0 0 8 10139 13941 1 9 90 0
219 1362916220 918CED72-8978-11E2-9478-2A4504C1AC42   0 0 0 128321104 51532 176888 0 0 0 0 10070 13616 1 8 91 0
220 1362916257 AF0EE74C-8978-11E2-9478-2A4504C1AC42   1 0 0 128313568 51572 176920 0 0 0 0 9838 14421 1 5 94 0
221 1362916298 C5A62E70-8978-11E2-9478-2A4504C1AC42   5 0 0 128307216 51620 176956 0 0 0 2 9874 14572 0 5 95 0
222 1362916329 DDB929FE-8978-11E2-9478-2A4504C1AC42   6 0 0 128298064 51660 176992 0 0 0 11 9818 13436 1 8 91 0
223 1362916371 F0089388-8978-11E2-9478-2A4504C1AC42   1 0 0 128290592 51716 177020 0 0 0 7 8739 10890 1 19 79 0
224 1362916411 0920D128-8979-11E2-9478-2A4504C1AC42   0 0 0 128283840 51748 177064 0 0 0 2 11162 13490 1 10 90 0
225 1362916452 2118EED2-8979-11E2-9478-2A4504C1AC42   2 0 0 128274704 51796 177096 0 0 0 2 9988 13195 1 12 88 0
226 1362916503 39788FDC-8979-11E2-9478-2A4504C1AC42  15 0 0 128267248 51852 177128 0 0 0 8 10062 14890 0 4 96 0
227 1362916543 58117AB2-8979-11E2-9478-2A4504C1AC42   0 0 0 128259376 51892 177164 0 0 0 2 9093 12198 1 12 87 0
228 1362916582 6FF4F618-8979-11E2-9478-2A4504C1AC42   0 0 0 128249640 51932 177196 0 0 0 0 9844 13090 1 13 87 0
229 1362916626 86F98A40-8979-11E2-9478-2A4504C1AC42   1 0 0 128243360 51972 177232 0 0 0 2 9451 12017 1 15 84 0
230 1362916667 A1557CF0-8979-11E2-9478-2A4504C1AC42   7 0 0 128235768 52020 177268 0 0 0 0 9026 11609 1 15 84 0
231 1362916710 B9B723C0-8979-11E2-9478-2A4504C1AC42   5 0 0 128228848 52072 177300 0 0 0 0 9606 12236 1 15 84 0
232 1362916749 D33956D8-8979-11E2-9478-2A4504C1AC42   0 0 0 128220960 52112 177336 0 0 0 0 9312 12761 1 11 89 0
233 1362916791 EAE8CB24-8979-11E2-9478-2A4504C1AC42   3 0 0 128210064 52152 177368 0 0 0 19 9648 12726 1 13 86 0
234 1362916833 03625922-897A-11E2-9478-2A4504C1AC42   0 0 0 128200704 52200 177400 0 0 0 2 9537 13053 1 11 88 0
235 1362916876 1CDAF1FC-897A-11E2-9478-2A4504C1AC42   8 0 0 128193232 52248 177436 0 0 0 2 8721 10631 1 23 75 0
236 1362916918 36A0E7D6-897A-11E2-9478-2A4504C1AC42  11 0 0 128188176 52292 177472 0 0 0 2 10368 12759 1 16 83 0
237 1362916963 4F3C0E1A-897A-11E2-9478-2A4504C1AC42  12 0 0 128182072 52332 177504 0 0 0 2 8326 9428 2 38 60 0
238 1362917004 6A0CF79A-897A-11E2-9478-2A4504C1AC42   0 0 0 128173320 52372 177540 0 0 0 0 10303 13888 1 8 91 0
239 1362917046 82BC06BE-897A-11E2-9478-2A4504C1AC42  10 0 0 128165408 52416 177572 0 0 0 19 9807 11461 1 24 75 0
240 1362917091 9BD0CC84-897A-11E2-9478-2A4504C1AC42   1 0 0 128156480 52472 177604 0 0 0 8 10376 14480 1 8 91 0
241 1362917131 B67B5572-897A-11E2-9478-2A4504C1AC42   3 0 0 128150384 52512 177640 0 0 0 2 7855 9114 2 47 51 0
242 1362917180 CE849EC6-897A-11E2-9478-2A4504C1AC42  16 0 0 128142920 52572 177676 0 0 0 1 7587 8822 2 48 50 0
243 1362917225 EBA8BDD4-897A-11E2-9478-2A4504C1AC42  13 0 0 128132752 52620 177712 0 0 0 17 8839 10913 1 23 76 0
244 1362917271 063785B8-897B-11E2-9478-2A4504C1AC42   9 0 0 128126304 52668 177744 0 0 0 2 9224 12421 1 14 85 0
245 1362917313 21B827D4-897B-11E2-9478-2A4504C1AC42   6 0 0 128118400 52708 177776 0 0 0 2 7911 9052 2 47 51 0
246 1362917353 3AE81232-897B-11E2-9478-2A4504C1AC42   8 0 0 128111776 52756 177812 0 0 0 0 10211 14662 1 8 92 0
247 1362917394 52B0E7E0-897B-11E2-9478-2A4504C1AC42   0 0 0 128104112 52808 177844 0 0 0 2 9558 11530 1 23 76 0
248 1362917436 6AE968AA-897B-11E2-9478-2A4504C1AC42   4 0 0 128094336 52848 177880 0 0 0 2 8938 10610 1 29 70 0
249 1362917484 8455966A-897B-11E2-9478-2A4504C1AC42   2 0 0 128087088 52896 177916 0 0 0 13 10265 14033 1 10 89 0
250 1362917532 A0941B80-897B-11E2-9478-2A4504C1AC42   5 0 0 128080688 52928 177948 0 0 0 0 8495 9586 1 35 63 0
251 1362917575 BD19E320-897B-11E2-9478-2A4504C1AC42   9 0 0 128073600 52968 177980 0 0 0 2 9042 10574 2 34 64 0
252 1362917627 D6E8A840-897B-11E2-9478-2A4504C1AC42  16 0 0 128067184 53016 178016 0 0 0 0 8153 9571 2 46 52 0
253 1362917679 F5C1508C-897B-11E2-9478-2A4504C1AC42  13 0 0 128061120 53056 178048 0 0 0 0 9817 14059 1 10 89 0
254 1362917728 153D8E8A-897C-11E2-9478-2A4504C1AC42  10 0 0 128052080 53112 178088 0 0 0 11 8293 10557 1 29 70 0
255 1362917778 3201F33A-897C-11E2-9478-2A4504C1AC42  13 0 0 128047376 53164 178116 0 0 0 8 10085 13082 1 17 82 0
256 1362917822 4FEE9A4C-897C-11E2-9478-2A4504C1AC42   9 0 0 128037568 53212 178144 0 0 0 18 10198 12549 1 22 77 0
257 1362917868 6A344B18-897C-11E2-9478-2A4504C1AC42   1 0 0 128029248 53260 178188 0 0 0 10 9828 11599 1 28 70 0
258 1362917912 85B31144-897C-11E2-9478-2A4504C1AC42   2 0 0 128021776 53292 178224 0 0 0 2 9878 11242 2 34 64 0
259 1362917956 A008E640-897C-11E2-9478-2A4504C1AC42  24 0 0 128013168 53340 178256 0 0 0 2 9778 12119 1 23 76 0
260 1362918002 BA26C704-897C-11E2-9478-2A4504C1AC42  16 0 0 128004968 53396 178288 0 0 0 12 9977 12480 1 21 77 0
261 1362918045 D592B408-897C-11E2-9478-2A4504C1AC42   0 0 0 127997104 53428 178328 0 0 0 2 9581 12487 1 19 80 0
262 1362918094 EF08802A-897C-11E2-9478-2A4504C1AC42   6 0 0 127989952 53484 178360 0 0 0 8 10310 12353 1 25 74 0
263 1362918140 0C93EB48-897D-11E2-9478-2A4504C1AC42  25 0 0 127980848 53520 178396 0 0 0 3 11095 14924 1 14 85 0
264 1362918187 27E04CB6-897D-11E2-9478-2A4504C1AC42   1 0 0 127973888 53568 178428 0 0 0 12 10491 12471 1 26 73 0
265 1362918238 440BA9E4-897D-11E2-9478-2A4504C1AC42  11 0 0 127967936 53616 178456 0 0 0 8 10383 14374 1 11 88 0
266 1362918291 625BDF90-897D-11E2-9478-2A4504C1AC42   8 0 0 127959280 53664 178500 0 0 0 2 9096 11401 1 30 69 0
267 1362918349 81B3972A-897D-11E2-9478-2A4504C1AC42  10 0 0 127951968 53712 178532 0 0 0 0 10791 13227 1 22 77 0
268 1362918403 A46E7096-897D-11E2-9478-2A4504C1AC42   2 0 0 127946272 53760 178568 0 0 0 11 8019 9548 2 51 47 0
269 1362918444 C45A251C-897D-11E2-9478-2A4504C1AC42   6 0 0 127937176 53800 178600 0 0 0 2 10596 13916 1 14 85 0
270 1362918488 DCC25908-897D-11E2-9478-2A4504C1AC42   3 0 0 127929968 53840 178632 0 0 0 0 9937 12022 2 29 69 0
271 1362918532 F769A374-897D-11E2-9478-2A4504C1AC42  20 0 0 127922128 53892 178668 0 0 0 8 8317 10280 2 40 58 0
272 1362918586 117B4998-897E-11E2-9478-2A4504C1AC42  25 0 0 127914944 53940 178704 0 0 0 18 11020 15107 1 11 89 0
273 1362918629 31612F3E-897E-11E2-9478-2A4504C1AC42  11 1 0 127906176 53976 178732 0 0 0 7 11411 14295 1 16 83 0
274 1362918675 4B5F1D74-897E-11E2-9478-2A4504C1AC42   0 0 0 127899104 54012 178772 0 0 0 3 11652 15138 1 17 82 0
275 1362918731 66E7B632-897E-11E2-9478-2A4504C1AC42   6 0 0 127890784 54060 178804 0 0 0 0 10620 14717 1 12 87 0
276 1362918776 87C8823C-897E-11E2-9478-2A4504C1AC42   5 0 0 127883936 54100 178836 0 0 0 2 10377 13437 1 19 80 0
277 1362918828 A29CE76A-897E-11E2-9478-2A4504C1AC42  13 0 0 127875440 54148 178872 0 0 0 9 10425 12886 1 25 74 0
278 1362918890 C1AF567E-897E-11E2-9478-2A4504C1AC42  26 0 0 127868920 54196 178908 0 0 0 1 10062 12398 1 29 70 0
279 1362918938 E6C276F8-897E-11E2-9478-2A4504C1AC42  17 0 0 127861312 54240 178944 0 0 0 1 8524 10406 2 48 49 0
280 1362918980 034DF036-897F-11E2-9478-2A4504C1AC42  12 0 0 127853328 54288 178976 0 0 0 2 9043 10896 2 40 58 0
281 1362919027 1C1CF7EC-897F-11E2-9478-2A4504C1AC42   7 0 0 127845056 54336 179008 0 0 0 8 8304 10193 2 51 47 0
282 1362919072 384EFA00-897F-11E2-9478-2A4504C1AC42   3 0 0 127835736 54368 179044 0 0 0 3 9081 10957 2 39 59 0
283 1362919122 53A9D73E-897F-11E2-9478-2A4504C1AC42  33 0 0 127829192 54424 179076 0 0 0 10 8893 10750 2 43 55 0
284 1362919176 714CEFA6-897F-11E2-9478-2A4504C1AC42   9 0 0 127822912 54480 179112 0 0 0 0 9174 12277 1 25 74 0
285 1362919220 913F20AE-897F-11E2-9478-2A4504C1AC42   2 0 0 127815728 54520 179148 0 0 0 2 11281 12267 1 35 63 0
286 1362919264 AB8686FA-897F-11E2-9478-2A4504C1AC42   3 0 0 127808880 54560 179180 0 0 0 2 11090 12875 2 33 66 0
287 1362919317 C5E2F3EE-897F-11E2-9478-2A4504C1AC42  14 0 0 127799184 54620 179212 0 0 0 10 10133 11979 2 36 62 0
288 1362919360 E521726C-897F-11E2-9478-2A4504C1AC42   3 0 0 127791392 54652 179248 0 0 0 3 10368 12828 1 29 69 0
289 1362919401 FEE483C4-897F-11E2-9478-2A4504C1AC42   6 0 0 127780000 54692 179280 0 0 0 18 10167 13560 1 22 77 0
290 1362919443 17A4416A-8980-11E2-9478-2A4504C1AC42   6 0 0 127772600 54736 179320 0 0 0 0 11655 14925 1 16 83 0
291 1362919491 30399112-8980-11E2-9478-2A4504C1AC42  10 0 0 127764968 54784 179352 0 0 0 2 9400 11254 2 41 57 0
292 1362919528 4D0948AA-8980-11E2-9478-2A4504C1AC42   2 0 0 127756048 54832 179384 0 0 0 2 11324 14830 1 17 82 0
293 1362919579 6316A584-8980-11E2-9478-2A4504C1AC42  22 0 0 127749608 54880 179420 0 0 0 2 9498 10987 1 43 55 0
294 1362919623 8164C3F4-8980-11E2-9478-2A4504C1AC42   0 0 0 127735856 54932 179456 0 0 0 8 10300 13225 2 22 76 0
295 1362919674 9B9F9A82-8980-11E2-9478-2A4504C1AC42   5 0 0 127729800 54976 179488 0 0 0 22 11081 14494 1 18 81 0
296 1362919725 BA1BC756-8980-11E2-9478-2A4504C1AC42  10 0 0 127722544 55016 179528 0 0 0 4 10587 12827 2 31 67 0
297 1362919775 D8783B1C-8980-11E2-9478-2A4504C1AC42   6 0 0 127716192 55072 179560 0 0 0 9 8565 10583 2 49 49 0
298 1362919821 F61DB110-8980-11E2-9478-2A4504C1AC42   5 0 0 127708912 55112 179584 0 0 0 22 8684 10797 2 50 48 0
299 1362919874 11EE8798-8981-11E2-9478-2A4504C1AC42   9 0 0 127700432 55160 179628 0 0 0 10 10482 12349 1 40 59 0
300 1362919925 316802AC-8981-11E2-9478-2A4504C1AC42   7 0 0 127692120 55200 179660 0 0 0 2 9798 12266 2 34 64 0
301 1362919978 4FF0F92C-8981-11E2-9478-2A4504C1AC42   7 0 0 127685632 55248 179692 0 0 0 9 9345 11920 2 38 60 0
302 1362920032 6EFA567E-8981-11E2-9478-2A4504C1AC42   6 0 0 127680016 55296 179732 0 0 0 12 10233 12842 2 31 68 0
303 1362920090 8FA96BA8-8981-11E2-9478-2A4504C1AC42  24 0 0 127672096 55348 179764 0 0 0 10 10265 12945 1 32 67 0
304 1362920144 B203C810-8981-11E2-9478-2A4504C1AC42   1 0 0 127666992 55396 179800 0 0 0 0 10198 12564 1 35 63 0
305 1362920201 D1EBD5D2-8981-11E2-9478-2A4504C1AC42   6 0 0 127658056 55452 179832 0 0 0 10 8145 10492 2 56 42 0
306 1362920249 F44D928C-8981-11E2-9478-2A4504C1AC42   7 0 0 127650248 55492 179864 0 0 0 8 10159 12556 2 35 63 0
307 1362920295 10BD9462-8982-11E2-9478-2A4504C1AC42  16 0 0 127644016 55524 179900 0 0 0 3 8497 10753 2 52 46 0
308 1362920348 2C56559C-8982-11E2-9478-2A4504C1AC42  79 0 0 127634816 55572 179936 0 0 0 1 10940 14002 1 24 75 0
309 1362920399 4BAF70C2-8982-11E2-9478-2A4504C1AC42  17 0 0 127627512 55620 179968 0 0 0 8 10030 12715 2 31 67 0
310 1362920448 6A79E2B2-8982-11E2-9478-2A4504C1AC42  33 0 0 127620208 55672 180004 0 0 0 10 9101 11215 2 49 49 0
311 1362920490 8777C6F4-8982-11E2-9478-2A4504C1AC42  10 0 0 127614560 55708 180036 0 0 0 2 8433 10672 2 52 45 0
312 1362920533 A0AC5E14-8982-11E2-9478-2A4504C1AC42   0 0 0 127606304 55748 180068 0 0 0 2 12215 14865 2 26 72 0
313 1362920580 B9CDD7A6-8982-11E2-9478-2A4504C1AC42  39 0 0 127596720 55788 180104 0 0 0 3 11127 14885 1 21 77 0
314 1362920629 D6186ACA-8982-11E2-9478-2A4504C1AC42   7 0 0 127589280 55836 180140 0 0 0 3 11609 14335 1 28 71 0
315 1362920677 F341A5C6-8982-11E2-9478-2A4504C1AC42  10 0 0 127580352 55884 180176 0 0 0 2 9448 12071 2 37 61 0
316 1362920723 0FA08962-8983-11E2-9478-2A4504C1AC42  10 0 0 127570224 55940 180200 0 0 0 7 8473 10944 2 55 43 0
317 1362920773 2B7DAEDA-8983-11E2-9478-2A4504C1AC42  12 0 0 127562456 55988 180240 0 0 0 0 11272 13087 1 51 48 0
318 1362920822 48FA911C-8983-11E2-9478-2A4504C1AC42  21 0 0 127555384 56036 180276 0 0 0 22 10319 13773 1 28 70 0
319 1362920876 66494812-8983-11E2-9478-2A4504C1AC42   0 0 0 127548520 56096 180308 0 0 0 8 10115 13110 1 32 67 0
320 1362920920 864F043A-8983-11E2-9478-2A4504C1AC42   3 0 0 127539296 56140 180348 0 0 0 2 8450 11038 2 56 42 0
321 1362920965 A0A8F926-8983-11E2-9478-2A4504C1AC42  35 0 0 127530512 56180 180380 0 0 0 2 11059 14641 1 22 76 0
322 1362921018 BBA760BE-8983-11E2-9478-2A4504C1AC42   0 0 0 127520272 56244 180416 0 0 0 0 10594 14045 1 27 72 0
323 1362921060 DB62AF26-8983-11E2-9478-2A4504C1AC42   1 0 0 127510440 56284 180448 0 0 0 1 10534 13983 1 30 69 0
324 1362921116 F4217650-8983-11E2-9478-2A4504C1AC42  11 0 0 127502672 56340 180480 0 0 0 0 11103 13546 1 32 67 0
325 1362921159 1565291A-8984-11E2-9478-2A4504C1AC42   6 0 0 127495408 56388 180516 0 0 0 11 9835 13099 2 31 68 0
326 1362921207 2F537016-8984-11E2-9478-2A4504C1AC42   2 0 0 127487288 56428 180548 0 0 0 2 9643 13372 1 30 68 0
327 1362921252 4B9C2CF4-8984-11E2-9478-2A4504C1AC42  14 0 0 127480432 56480 180588 0 0 0 13 9415 11791 2 48 50 0
328 1362921300 665567A4-8984-11E2-9478-2A4504C1AC42  22 0 0 127471232 56528 180616 0 0 0 7 9853 12116 2 43 55 0
329 1362921345 832C08F6-8984-11E2-9478-2A4504C1AC42  15 0 0 127465008 56560 180656 0 0 0 2 8655 10882 3 62 35 0
330 1362921379 9DF43C3A-8984-11E2-9478-2A4504C1AC42   7 0 0 127457152 56612 180688 0 0 0 0 12445 16629 1 18 81 0
331 1362921436 B2928CE6-8984-11E2-9478-2A4504C1AC42   9 0 0 127450504 56676 180728 0 0 0 27 10520 13047 1 40 58 0
332 1362921485 D4202242-8984-11E2-9478-2A4504C1AC42   7 0 0 127441864 56724 180760 0 0 0 9 11372 14326 1 32 67 0
333 1362921533 F15B5A16-8984-11E2-9478-2A4504C1AC42  21 0 0 127433864 56772 180800 0 0 0 11 11186 14019 1 34 64 0
334 1362921610 0DDA2AF0-8985-11E2-9478-2A4504C1AC42  44 0 0 127426640 56824 180852 0 0 0 0 10344 13405 2 40 58 0
335 1362921658 3C109B34-8985-11E2-9478-2A4504C1AC42   2 0 0 127419776 56884 180888 0 0 0 2 12015 15963 1 23 76 0
336 1362921707 58B58B78-8985-11E2-9478-2A4504C1AC42   9 0 0 127412760 56932 180916 0 0 0 14 9892 12960 1 40 59 0
337 1362921751 75D093E2-8985-11E2-9478-2A4504C1AC42  17 0 0 127405968 56972 180956 0 0 0 8 9530 12198 2 48 50 0
338 1362921796 9035A95C-8985-11E2-9478-2A4504C1AC42  27 0 0 127397328 57004 180992 0 0 0 2 10909 14274 1 31 68 0
339 1362921844 AABEFDE6-8985-11E2-9478-2A4504C1AC42  47 0 0 127389240 57052 181024 0 0 0 8 8662 11733 2 46 51 0
340 1362921896 C75C5192-8985-11E2-9478-2A4504C1AC42  14 0 0 127381488 57092 181060 0 0 0 22 10124 13231 2 40 58 0
341 1362921942 E68CE7FC-8985-11E2-9478-2A4504C1AC42   9 0 0 127373832 57132 181096 0 0 0 3 11742 14779 1 34 65 0
342 1362921996 01BF9C40-8986-11E2-9478-2A4504C1AC42  10 0 0 127366256 57200 181132 0 0 0 10 9299 12080 2 52 46 0
343 1362922048 2223524C-8986-11E2-9478-2A4504C1AC42  40 0 0 127359072 57244 181164 0 0 0 20 12042 16504 1 17 82 0
344 1362922100 4147C7C0-8986-11E2-9478-2A4504C1AC42  14 0 0 127352128 57300 181192 0 0 0 10 10669 14118 1 31 67 0
345 1362922144 6054F408-8986-11E2-9478-2A4504C1AC42   6 0 0 127343120 57332 181232 0 0 0 2 11972 15285 1 27 72 0
346 1362922195 7A17D6DA-8986-11E2-9478-2A4504C1AC42   1 0 0 127336200 57388 181264 0 0 0 2 10131 13569 2 37 61 0
347 1362922238 987FD442-8986-11E2-9478-2A4504C1AC42  12 0 0 127328256 57428 181304 0 0 0 3 9302 12041 2 55 43 0
348 1362922282 B2540230-8986-11E2-9478-2A4504C1AC42   9 0 0 127320736 57472 181336 0 0 0 2 9995 13158 2 42 56 0
349 1362922331 CC97318A-8986-11E2-9478-2A4504C1AC42  16 0 0 127311680 57532 181372 0 0 0 0 9291 12203 2 52 46 0
350 1362922382 E9C60AB0-8986-11E2-9478-2A4504C1AC42   6 0 0 127304440 57588 181400 0 0 0 22 9161 11756 1 60 39 0
351 1362922429 07F278CA-8987-11E2-9478-2A4504C1AC42   6 0 0 127294240 57640 181440 0 0 0 10 11632 14879 1 31 67 0
352 1362922477 24148502-8987-11E2-9478-2A4504C1AC42  14 0 0 127283120 57680 181472 0 0 0 0 10109 13685 2 40 58 0
353 1362922525 40B1F6B8-8987-11E2-9478-2A4504C1AC42  13 0 0 127274656 57728 181512 0 0 0 2 11962 16061 1 26 73 0
354 1362922568 5D299314-8987-11E2-9478-2A4504C1AC42   7 0 0 127266336 57780 181544 0 0 0 9 10950 14403 1 33 66 0
355 1362922618 772972D4-8987-11E2-9478-2A4504C1AC42  28 0 0 127257896 57820 181580 0 0 0 10 10105 13274 1 43 56 0
356 1362922662 94CF66B8-8987-11E2-9478-2A4504C1AC42  12 0 0 127250080 57860 181604 0 0 0 8 10006 13162 2 47 52 0
357 1362922704 AF315598-8987-11E2-9478-2A4504C1AC42  35 0 0 127241520 57900 181648 0 0 0 19 11634 16146 1 22 77 0
358 1362922749 C7CD4B48-8987-11E2-9478-2A4504C1AC42   7 0 0 127232856 57940 181680 0 0 0 2 10487 14188 2 36 63 0
359 1362922796 E2CA8C58-8987-11E2-9478-2A4504C1AC42  15 0 0 127226200 57984 181716 0 0 0 0 9369 12510 2 50 47 0
360 1362922845 FF028F06-8987-11E2-9478-2A4504C1AC42  10 0 0 127216128 58024 181752 0 0 0 3 11512 14526 1 37 62 0
361 1362922891 1C4786C0-8988-11E2-9478-2A4504C1AC42   4 0 0 127209544 58072 181788 0 0 0 0 10040 13565 1 42 57 0
362 1362922939 37835FFE-8988-11E2-9478-2A4504C1AC42   0 0 0 127201904 58128 181820 0 0 0 7 10452 13816 2 41 57 0
363 1362922985 547C23D4-8988-11E2-9478-2A4504C1AC42   7 0 0 127196208 58160 181856 0 0 0 2 10336 13388 2 50 48 0
364 1362923028 6FD5FF1A-8988-11E2-9478-2A4504C1AC42   4 0 0 127184624 58208 181888 0 0 0 2 8812 11569 2 64 34 0
365 1362923075 89676612-8988-11E2-9478-2A4504C1AC42   1 0 0 127179040 58272 181920 0 0 0 7 11908 15538 1 27 71 0
366 1362923128 A530219A-8988-11E2-9478-2A4504C1AC42  24 0 0 127171640 58324 181960 0 0 0 0 8864 12106 2 59 39 0
367 1362923176 C4A5C264-8988-11E2-9478-2A4504C1AC42   2 0 0 127162624 58384 181996 0 0 0 10 9394 12752 2 53 45 0
368 1362923223 E156E8E8-8988-11E2-9478-2A4504C1AC42  12 0 0 127155248 58432 182032 0 0 0 10 11969 16296 1 26 73 0
369 1362923272 FD916FEC-8988-11E2-9478-2A4504C1AC42   1 0 0 127146112 58464 182064 0 0 0 2 11755 16118 1 28 71 0
370 1362923320 1A643DDE-8989-11E2-9478-2A4504C1AC42   1 1 0 127138240 58508 182096 0 0 0 12 13510 16236 1 35 64 0
371 1362923364 3730FB78-8989-11E2-9478-2A4504C1AC42  49 0 0 127129888 58544 182132 0 0 0 2 10776 14110 1 42 57 0
372 1362923410 51B90A08-8989-11E2-9478-2A4504C1AC42   1 0 0 127120920 58584 182172 0 0 0 4 11212 15104 1 36 63 0
373 1362923454 6CDB8C52-8989-11E2-9478-2A4504C1AC42   0 0 0 127114616 58632 182204 0 0 0 7 11169 14898 1 35 64 0
374 1362923501 87331908-8989-11E2-9478-2A4504C1AC42  26 0 0 127106608 58680 182240 0 0 0 2 9825 13643 2 45 54 0
375 1362923548 A31A799A-8989-11E2-9478-2A4504C1AC42  20 0 0 127099920 58732 182268 0 0 0 20 10354 13472 2 51 48 0
376 1362923589 BF5841DC-8989-11E2-9478-2A4504C1AC42   4 0 0 127091672 58764 182308 0 0 0 0 10773 14436 2 40 58 0
377 1362923634 D76F97DE-8989-11E2-9478-2A4504C1AC42  12 0 0 127082944 58804 182340 0 0 0 2 11118 15673 2 31 67 0
378 1362923674 F223AC64-8989-11E2-9478-2A4504C1AC42  15 0 0 127077072 58852 182380 0 0 0 7 9946 13131 2 56 42 0
379 1362923717 0A5222DE-898A-11E2-9478-2A4504C1AC42  11 0 0 127066512 58892 182412 0 0 0 0 11640 15952 1 32 67 0
380 1362923762 23F7678A-898A-11E2-9478-2A4504C1AC42  16 0 0 127057920 58936 182448 0 0 0 2 11460 15163 1 36 62 0
381 1362923808 3EBF58B6-898A-11E2-9478-2A4504C1AC42  24 0 0 127049344 58992 182472 0 0 0 7 9474 12907 2 57 41 0
382 1362923853 5A5D47FE-898A-11E2-9478-2A4504C1AC42  30 0 0 127043632 59040 182516 0 0 0 10 9405 13082 2 50 48 0
383 1362923897 75214BDA-898A-11E2-9478-2A4504C1AC42   7 0 0 127034376 59084 182548 0 0 0 18 12471 18172 1 20 79 0
384 1362923944 8F5AC558-898A-11E2-9478-2A4504C1AC42  18 0 0 127028784 59140 182580 0 0 0 10 11729 16251 2 32 67 0
385 1362923988 AB42C036-898A-11E2-9478-2A4504C1AC42   8 0 0 127018000 59172 182620 0 0 0 1 10284 13545 1 55 43 0
386 1362924037 C53EF64E-898A-11E2-9478-2A4504C1AC42   3 0 0 127009072 59220 182652 0 0 0 0 9878 13304 2 50 48 0
387 1362924080 E27F78B4-898A-11E2-9478-2A4504C1AC42   4 0 0 127003792 59268 182688 0 0 0 10 11795 16263 2 27 71 0
388 1362924120 FC3DACF8-898A-11E2-9478-2A4504C1AC42   4 0 0 126995664 59300 182720 0 0 0 2 12346 16341 1 31 68 0
389 1362924168 13F5DA28-898B-11E2-9478-2A4504C1AC42  12 0 0 126988528 59356 182756 0 0 0 10 9152 12746 2 62 35 0
390 1362924213 3095EDD0-898B-11E2-9478-2A4504C1AC42   0 0 0 126979344 59388 182792 0 0 0 3 11305 15480 1 37 62 0
391 1362924258 4BB0448A-898B-11E2-9478-2A4504C1AC42   2 0 0 126969376 59432 182828 0 0 0 18 9410 12954 2 60 38 0
392 1362924304 667CFD1C-898B-11E2-9478-2A4504C1AC42  10 0 0 126962232 59488 182860 0 0 0 16 10348 13957 2 53 45 0
393 1362924348 820BC054-898B-11E2-9478-2A4504C1AC42  15 1 0 126953328 59528 182888 0 0 0 10 9353 13050 2 58 40 0
394 1362924392 9BEF58DC-898B-11E2-9478-2A4504C1AC42   0 0 0 126944624 59568 182928 0 0 0 2 11260 15479 1 34 65 0
395 1362924440 B6509CB8-898B-11E2-9478-2A4504C1AC42   6 0 0 126937672 59624 182964 0 0 0 11 13414 18351 1 22 77 0
396 1362924483 D2FA2C1C-898B-11E2-9478-2A4504C1AC42  72 0 0 126928448 59656 183000 0 0 0 0 12438 16997 1 32 67 0
397 1362924529 EC9266E4-898B-11E2-9478-2A4504C1AC42  14 0 0 126922512 59704 183036 0 0 0 0 9936 13338 2 59 39 0
398 1362924571 07EA3764-898C-11E2-9478-2A4504C1AC42  30 0 0 126912488 59744 183068 0 0 0 2 10650 14529 2 41 57 0
399 1362924618 21016678-898C-11E2-9478-2A4504C1AC42  14 0 0 126905416 59804 183104 0 0 0 10 10247 13990 2 55 44 0
400 1362924659 3CABE47A-898C-11E2-9478-2A4504C1AC42  14 0 0 126898760 59844 183132 0 0 0 6 10576 14222 1 52 47 0
401 1362924701 552CFC96-898C-11E2-9478-2A4504C1AC42  17 0 0 126890240 59884 183172 0 0 0 2 13026 17452 1 27 72 0
402 1362924746 6E723D38-898C-11E2-9478-2A4504C1AC42  26 0 0 126883208 59932 183208 0 0 0 11 12323 16614 2 34 64 0
403 1362924790 890E4DE4-898C-11E2-9478-2A4504C1AC42  35 0 0 126875432 59972 183248 0 0 0 2 11106 15324 2 40 58 0
404 1362924834 A3AD7F3A-898C-11E2-9478-2A4504C1AC42  22 0 0 126867440 60028 183280 0 0 0 0 12408 16627 1 35 64 0
405 1362924875 BD6C3006-898C-11E2-9478-2A4504C1AC42   4 0 0 126859632 60068 183312 0 0 0 2 9046 12773 2 66 33 0
406 1362924920 D628D3B0-898C-11E2-9478-2A4504C1AC42  13 0 0 126851048 60132 183340 0 0 0 11 10261 14086 2 56 42 0
407 1362924966 F113C4FA-898C-11E2-9478-2A4504C1AC42   5 0 0 126842448 60184 183380 0 0 0 1 12482 16653 2 35 64 0
408 1362925006 0C4B152A-898D-11E2-9478-2A4504C1AC42   4 0 0 126835680 60224 183420 0 0 0 2 10922 14160 1 55 44 0
409 1362925054 24009924-898D-11E2-9478-2A4504C1AC42  14 0 0 126827136 60272 183452 0 0 0 2 14257 18382 1 28 71 0
410 1362925093 40D3ADB6-898D-11E2-9478-2A4504C1AC42   0 0 0 126820728 60312 183488 0 0 0 0 13108 17303 1 36 63 0
411 1362925138 57DF3B1A-898D-11E2-9478-2A4504C1AC42  10 0 0 126812664 60352 183520 0 0 0 2 11350 15426 2 39 60 0
412 1362925176 72F1493E-898D-11E2-9478-2A4504C1AC42   3 0 0 126806448 60392 183556 0 0 0 17 10285 14069 2 58 40 0
413 1362925218 8987DB4A-898D-11E2-9478-2A4504C1AC42   0 0 0 126795440 60432 183588 0 0 0 0 11100 14682 2 51 48 0
414 1362925262 A24F33F8-898D-11E2-9478-2A4504C1AC42   3 0 0 126788592 60476 183628 0 0 0 3 13004 17395 1 31 68 0
415 1362925314 BC99B080-898D-11E2-9478-2A4504C1AC42  16 0 0 126783112 60536 183660 0 0 0 8 12344 17582 1 30 69 0
416 1362925354 DBC1FADA-898D-11E2-9478-2A4504C1AC42  25 0 0 126770608 60568 183696 0 0 0 0 10405 14347 2 57 42 0
417 1362925395 F37AC7EC-898D-11E2-9478-2A4504C1AC42  29 0 0 126763904 60612 183728 0 0 0 0 13540 18508 1 28 71 0
418 1362925438 0C519A5C-898E-11E2-9478-2A4504C1AC42  19 0 0 126756664 60660 183764 0 0 0 21 12790 17196 1 37 62 0
419 1362925480 25F9254C-898E-11E2-9478-2A4504C1AC42  76 0 0 126748464 60700 183796 0 0 0 0 12832 18411 1 29 70 0
420 1362925523 3EEB5EA8-898E-11E2-9478-2A4504C1AC42  20 0 0 126742320 60748 183836 0 0 0 3 10715 14702 2 52 46 0
421 1362925573 5815EEAC-898E-11E2-9478-2A4504C1AC42   7 0 0 126732936 60808 183868 0 0 0 8 10088 14034 2 58 40 0
422 1362925613 761A8840-898E-11E2-9478-2A4504C1AC42  98 0 0 126725352 60840 183904 0 0 0 0 12280 17440 2 37 62 0
423 1362925657 8DF9D736-898E-11E2-9478-2A4504C1AC42  20 0 0 126717744 60896 183936 0 0 0 2 12748 18465 1 26 73 0
424 1362925699 A824037A-898E-11E2-9478-2A4504C1AC42   6 0 0 126709200 60936 183972 0 0 0 17 12544 16865 1 34 65 0
425 1362925745 C1479CB8-898E-11E2-9478-2A4504C1AC42  20 0 0 126702288 60984 184004 0 0 0 2 10390 14358 2 55 43 0
426 1362925791 DC8F4CD2-898E-11E2-9478-2A4504C1AC42  10 0 0 126695424 61040 184040 0 0 0 2 11241 15991 2 39 59 0
427 1362925843 F844F576-898E-11E2-9478-2A4504C1AC42  18 0 0 126688968 61096 184076 0 0 0 10 10939 14527 1 62 36 0
428 1362925884 16C8A902-898F-11E2-9478-2A4504C1AC42  16 0 0 126680672 61136 184108 0 0 0 2 13614 18902 1 29 70 0
429 1362925923 2FA50574-898F-11E2-9478-2A4504C1AC42  23 0 0 126668912 61176 184144 0 0 0 2 13191 18110 1 33 66 0
430 1362925968 4691CF1A-898F-11E2-9478-2A4504C1AC42  16 0 0 126663176 61220 184176 0 0 0 2 10619 14740 2 55 44 0
431 1362926007 615E663C-898F-11E2-9478-2A4504C1AC42  26 0 0 126652752 61272 184212 0 0 0 0 11079 15391 2 48 50 0
432 1362926048 78BDE104-898F-11E2-9478-2A4504C1AC42  35 0 0 126644984 61320 184248 0 0 0 10 11044 15355 2 48 49 0
433 1362926092 90FFDC9A-898F-11E2-9478-2A4504C1AC42  13 0 0 126638224 61360 184284 0 0 0 0 10522 14858 2 55 43 0
434 1362926135 AB48EE7A-898F-11E2-9478-2A4504C1AC42   8 0 0 126629784 61400 184316 0 0 0 2 12823 17336 1 38 61 0
435 1362926180 C55CDF38-898F-11E2-9478-2A4504C1AC42   1 0 0 126621456 61448 184352 0 0 0 2 14806 20655 1 21 78 0
436 1362926229 E008A01A-898F-11E2-9478-2A4504C1AC42  54 0 0 126615016 61496 184384 0 0 0 8 13215 17744 1 35 64 0
437 1362926274 FD394DE2-898F-11E2-9478-2A4504C1AC42  13 0 0 126606664 61540 184420 0 0 0 12 11591 15416 2 50 48 0
438 1362926311 1832312C-8990-11E2-9478-2A4504C1AC42   4 0 0 126600448 61580 184456 0 0 0 8 12586 17402 1 35 64 0
439 1362926354 2E48456E-8990-11E2-9478-2A4504C1AC42  45 0 0 126592104 61624 184496 0 0 0 2 12021 17205 2 34 64 0
440 1362926399 47B7F1CA-8990-11E2-9478-2A4504C1AC42  24 0 0 126583992 61672 184528 0 0 0 16 12410 16693 2 42 57 0
441 1362926439 624554D8-8990-11E2-9478-2A4504C1AC42   6 0 0 126573936 61720 184564 0 0 0 8 13198 17774 1 42 57 0
442 1362926485 7A12A0B6-8990-11E2-9478-2A4504C1AC42   2 0 0 126568864 61780 184588 0 0 0 8 12857 18113 1 33 66 0
443 1362926532 9582321C-8990-11E2-9478-2A4504C1AC42  41 0 0 126561904 61828 184632 0 0 0 10 14932 20287 1 24 75 0
444 1362926582 B1E8DBEA-8990-11E2-9478-2A4504C1AC42  19 0 0 126555744 61876 184668 0 0 0 25 10392 14881 1 43 56 0
445 1362926625 CFC9CBD8-8990-11E2-9478-2A4504C1AC42   9 0 0 126550112 61908 184700 0 0 0 2 11946 15770 1 56 43 0
446 1362926670 E8EB512C-8990-11E2-9478-2A4504C1AC42  27 0 0 126541696 61956 184736 0 0 0 12 10146 14646 2 65 33 0
447 1362926706 03D4C4D2-8991-11E2-9478-2A4504C1AC42   9 0 0 126529432 62000 184768 0 0 0 0 11598 16273 1 47 51 0
448 1362926769 19C2410C-8991-11E2-9478-2A4504C1AC42   4 0 0 126525824 62056 184824 0 0 0 0 12093 16402 2 48 51 0
449 1362926811 3EF05964-8991-11E2-9478-2A4504C1AC42   1 0 0 126518792 62096 184860 0 0 0 2 11003 15171 2 58 41 0
450 1362926853 581C83EA-8991-11E2-9478-2A4504C1AC42   4 0 0 126510928 62136 184892 0 0 0 0 13661 18865 1 32 68 0
451 1362926898 715E4104-8991-11E2-9478-2A4504C1AC42   3 0 0 126504592 62176 184928 0 0 0 2 11592 15695 2 60 38 0
452 1362926942 8C22E7CE-8991-11E2-9478-2A4504C1AC42   3 0 0 126493968 62216 184960 0 0 0 17 12527 16643 2 47 52 0
453 1362926978 A62C8800-8991-11E2-9478-2A4504C1AC42   0 0 0 126482480 62264 185000 0 0 0 25 14336 18487 1 32 67 0
454 1362927015 BBCFB3C6-8991-11E2-9478-2A4504C1AC42   4 0 0 126475232 62296 185032 0 0 0 0 14043 19083 1 31 68 0
455 1362927063 D1CC33C0-8991-11E2-9478-2A4504C1AC42  12 0 0 126468432 62356 185068 0 0 0 10 10215 14977 1 59 40 0
456 1362927106 EE547CF0-8991-11E2-9478-2A4504C1AC42  23 0 0 126461264 62388 185100 0 0 0 2 9757 14417 2 63 35 0
457 1362927147 07B7D1D8-8992-11E2-9478-2A4504C1AC42  14 0 0 126453016 62428 185136 0 0 0 0 11718 15960 2 56 42 0
458 1362927184 20969BD0-8992-11E2-9478-2A4504C1AC42   3 0 0 126446368 62468 185168 0 0 0 0 13997 19759 1 29 70 0
459 1362927226 367BF148-8992-11E2-9478-2A4504C1AC42  22 0 0 126439568 62508 185208 0 0 0 22 14414 19966 1 27 72 0
460 1362927263 4F7F719C-8992-11E2-9478-2A4504C1AC42   1 0 0 126430736 62548 185240 0 0 0 18 14147 19109 1 29 70 0
461 1362927307 65AD1050-8992-11E2-9478-2A4504C1AC42   9 0 0 126423584 62596 185276 0 0 0 22 11047 15859 2 53 45 0
462 1362927350 7FF1A4C6-8992-11E2-9478-2A4504C1AC42  15 0 0 126414944 62636 185312 0 0 0 2 14341 19612 1 30 69 0
463 1362927391 9975B180-8992-11E2-9478-2A4504C1AC42   6 0 0 126405224 62680 185348 0 0 0 2 14208 19379 1 33 66 0
464 1362927430 B1A87062-8992-11E2-9478-2A4504C1AC42   8 0 0 126397768 62728 185380 0 0 0 0 14004 19187 1 31 68 0
465 1362927470 C8B83936-8992-11E2-9478-2A4504C1AC42   6 0 0 126388464 62772 185420 0 0 0 0 13091 17727 1 37 62 0
466 1362927510 E0B13420-8992-11E2-9478-2A4504C1AC42  13 0 0 126382608 62812 185452 0 0 0 0 14210 19415 1 33 66 0
467 1362927549 F8783054-8992-11E2-9478-2A4504C1AC42   2 0 0 126373696 62852 185484 0 0 0 0 12513 16968 1 43 55 0
468 1362927588 0FC4527E-8993-11E2-9478-2A4504C1AC42   1 0 0 126364352 62892 185520 0 0 0 0 14187 18587 1 35 63 0
469 1362927634 26EA46DE-8993-11E2-9478-2A4504C1AC42   3 0 0 126358200 62940 185552 0 0 0 2 13912 19085 1 35 64 0
470 1362927679 4288944A-8993-11E2-9478-2A4504C1AC42   2 0 0 126348256 62992 185588 0 0 0 23 14825 19971 1 32 67 0
471 1362927719 5D89FF36-8993-11E2-9478-2A4504C1AC42   2 0 0 126340896 63044 185624 0 0 0 0 14561 19325 1 34 65 0
472 1362927765 756F1DF2-8993-11E2-9478-2A4504C1AC42  17 0 0 126331832 63092 185660 0 0 0 0 9874 14482 2 67 31 0
473 1362927804 90965348-8993-11E2-9478-2A4504C1AC42  24 1 0 126324632 63140 185692 0 0 0 5 12726 17467 2 47 52 0
474 1362927842 A7F7EC0E-8993-11E2-9478-2A4504C1AC42  27 0 0 126316272 63196 185728 0 0 0 0 12779 17722 2 43 55 0
475 1362927879 BE909E8E-8993-11E2-9478-2A4504C1AC42   1 0 0 126308912 63244 185760 0 0 0 0 11476 16069 2 53 45 0
476 1362927917 D4BC2B60-8993-11E2-9478-2A4504C1AC42   3 0 0 126300736 63292 185800 0 0 0 6 13519 18370 1 42 57 0
477 1362927954 EB1FD7E4-8993-11E2-9478-2A4504C1AC42   3 0 0 126290416 63332 185836 0 0 0 0 13137 17934 1 40 59 0
478 1362927994 011051D2-8994-11E2-9478-2A4504C1AC42   3 0 0 126282808 63380 185872 0 0 0 0 15364 19980 1 30 69 0
479 1362928035 19250A1A-8994-11E2-9478-2A4504C1AC42  16 0 0 126274872 63424 185904 0 0 0 19 14348 18861 1 36 62 0
480 1362928075 319F889A-8994-11E2-9478-2A4504C1AC42   7 0 0 126265856 63472 185940 0 0 0 0 12360 17187 2 47 52 0
481 1362928112 497BAB1A-8994-11E2-9478-2A4504C1AC42  10 0 0 126254800 63512 185972 0 0 0 0 14434 19450 1 38 61 0
482 1362928153 5FCD5454-8994-11E2-9478-2A4504C1AC42   3 0 0 126248416 63552 186008 0 0 0 2 13427 18162 1 42 57 0
483 1362928192 7833E684-8994-11E2-9478-2A4504C1AC42   6 0 0 126241344 63592 186044 0 0 0 0 14096 19207 1 38 61 0
484 1362928233 8F39AF30-8994-11E2-9478-2A4504C1AC42  20 0 0 126233384 63632 186080 0 0 0 2 11825 16417 2 59 40 0
485 1362928271 A7E832AE-8994-11E2-9478-2A4504C1AC42  11 0 0 126227240 63672 186112 0 0 0 0 11425 16097 1 62 36 0
486 1362928307 BE90C8D6-8994-11E2-9478-2A4504C1AC42   9 0 0 126219416 63720 186144 0 0 0 1 12567 17458 2 52 46 0
487 1362928348 D3E9BB7A-8994-11E2-9478-2A4504C1AC42  38 0 0 126209752 63772 186180 0 0 0 0 11939 16574 2 53 45 0
488 1362928390 EC2330AE-8994-11E2-9478-2A4504C1AC42   3 0 0 126201952 63812 186212 0 0 0 0 12937 18053 1 43 55 0
489 1362928425 04F9D038-8995-11E2-9478-2A4504C1AC42   6 1 0 126194336 63864 186244 0 0 0 5 10417 15132 2 67 31 0
490 1362928465 1A22B47A-8995-11E2-9478-2A4504C1AC42   9 0 0 126186136 63900 186284 0 0 0 0 12166 16923 2 58 41 0
491 1362928502 31E06012-8995-11E2-9478-2A4504C1AC42  11 0 0 126176888 63948 186320 0 0 0 19 12185 17092 2 54 44 0
492 1362928544 4817A016-8995-11E2-9478-2A4504C1AC42  30 0 0 126168880 64004 186352 0 0 0 2 13886 18751 2 43 56 0
493 1362928583 60EFEA12-8995-11E2-9478-2A4504C1AC42   9 0 0 126160928 64044 186388 0 0 0 2 12896 18061 1 44 55 0
494 1362928623 783D397C-8995-11E2-9478-2A4504C1AC42   6 0 0 126153840 64092 186420 0 0 0 2 12751 17550 1 48 51 0
495 1362928665 906055FC-8995-11E2-9478-2A4504C1AC42  18 0 0 126145872 64136 186456 0 0 0 0 10716 15668 2 66 33 0
496 1362928708 A94CABB0-8995-11E2-9478-2A4504C1AC42   7 0 0 126139128 64184 186492 0 0 0 2 12424 17590 1 47 51 0
497 1362928749 C2790232-8995-11E2-9478-2A4504C1AC42   7 0 0 126131264 64232 186528 0 0 0 2 10889 15888 2 64 34 0
498 1362928788 DAF8DC38-8995-11E2-9478-2A4504C1AC42   3 0 0 126123536 64280 186560 0 0 0 2 13522 18906 1 47 51 0
499 1362928827 F2864E6C-8995-11E2-9478-2A4504C1AC42  14 0 0 126115520 64320 186596 0 0 0 2 13505 18206 1 43 55 0
500 1362928869 09F9BE4E-8996-11E2-9478-2A4504C1AC42   0 0 0 126107824 64368 186628 0 0 0 2 13947 19166 1 44 55 0
501 1362928911 22B415BA-8996-11E2-9478-2A4504C1AC42   6 0 0 126101448 64408 186664 0 0 0 0 12506 17337 2 57 41 0
502 1362928955 3BFDE96A-8996-11E2-9478-2A4504C1AC42  12 0 0 126092208 64448 186700 0 0 0 2 11398 16177 1 63 36 0
503 1362928997 563BD594-8996-11E2-9478-2A4504C1AC42   6 0 0 126084416 64492 186736 0 0 0 0 14599 19496 1 40 59 0
504 1362929034 6EB7BB7E-8996-11E2-9478-2A4504C1AC42   8 0 0 126075968 64532 186768 0 0 0 0 12247 17119 2 58 40 0
505 1362929074 8552B03C-8996-11E2-9478-2A4504C1AC42  14 0 0 126069216 64580 186800 0 0 0 19 10815 15832 1 68 31 0
506 1362929114 9D2701CC-8996-11E2-9478-2A4504C1AC42  11 0 0 126059880 64628 186836 0 0 0 0 13966 18952 1 43 56 0
507 1362929157 B50539D0-8996-11E2-9478-2A4504C1AC42  14 0 0 126052896 64668 186868 0 0 0 2 12008 17005 1 58 40 0
508 1362929195 CE8778DC-8996-11E2-9478-2A4504C1AC42  14 0 0 126043824 64716 186904 0 0 0 6 12281 17579 1 56 43 0
509 1362929233 E5453A0A-8996-11E2-9478-2A4504C1AC42  34 0 0 126035584 64748 186940 0 0 0 0 13248 18423 1 47 52 0
510 1362929271 FBD5F912-8996-11E2-9478-2A4504C1AC42   1 0 0 126027984 64788 186976 0 0 0 0 15133 20425 1 37 62 0
511 1362929311 128271EA-8997-11E2-9478-2A4504C1AC42   9 0 0 126020968 64832 187008 0 0 0 0 13224 18248 1 50 49 0
512 1362929352 29F354F2-8997-11E2-9478-2A4504C1AC42   3 0 0 126012160 64888 187048 0 0 0 0 13690 18874 1 49 50 0
513 1362929395 42AED16A-8997-11E2-9478-2A4504C1AC42   6 0 0 126004208 64936 187080 0 0 0 2 13381 18534 2 46 52 0
514 1362929435 5CABF278-8997-11E2-9478-2A4504C1AC42   2 0 0 125997904 64976 187120 0 0 0 0 12548 17845 1 55 44 0
515 1362929474 73FF178E-8997-11E2-9478-2A4504C1AC42   6 0 0 125988960 65016 187152 0 0 0 2 11649 16865 2 62 37 0
516 1362929517 8B403B9E-8997-11E2-9478-2A4504C1AC42  17 0 0 125983456 65072 187188 0 0 0 18 13190 18306 2 47 51 0
517 1362929561 A53D1E54-8997-11E2-9478-2A4504C1AC42  12 0 0 125975112 65120 187220 0 0 0 2 14031 18903 1 45 53 0
518 1362929601 BF4D3AAE-8997-11E2-9478-2A4504C1AC42  11 0 0 125967528 65160 187256 0 0 0 0 10986 16336 2 65 34 0
519 1362929643 D6DC3328-8997-11E2-9478-2A4504C1AC42  10 1 0 125958624 65216 187284 0 0 0 7 13478 18887 1 49 50 0
520 1362929683 F01BE14E-8997-11E2-9478-2A4504C1AC42   5 0 0 125952048 65252 187328 0 0 0 0 14446 19450 2 43 56 0
521 1362929723 079D533E-8998-11E2-9478-2A4504C1AC42  41 0 0 125945552 65296 187360 0 0 0 2 14693 19414 2 42 56 0
522 1362929761 2007B9F0-8998-11E2-9478-2A4504C1AC42   7 0 0 125937408 65344 187396 0 0 0 0 13523 18599 2 50 48 0
523 1362929804 3689FEF4-8998-11E2-9478-2A4504C1AC42  24 0 0 125929808 65384 187428 0 0 0 2 10927 16314 2 68 31 0
524 1362929843 4FBB814A-8998-11E2-9478-2A4504C1AC42  10 0 0 125920912 65432 187464 0 0 0 0 11210 16748 1 64 35 0
525 1362929884 674E93B0-8998-11E2-9478-2A4504C1AC42  12 0 0 125912360 65472 187496 0 0 0 18 11926 17332 2 62 36 0
526 1362929925 7FDAF13A-8998-11E2-9478-2A4504C1AC42  10 0 0 125905920 65520 187532 0 0 0 2 13957 19244 2 47 51 0
527 1362929966 986140BA-8998-11E2-9478-2A4504C1AC42   6 0 0 125899856 65564 187568 0 0 0 0 13480 18817 2 45 54 0
528 1362930009 B0DFEFD8-8998-11E2-9478-2A4504C1AC42  10 0 0 125892432 65604 187600 0 0 0 2 11760 17477 1 62 37 0
529 1362930048 CA09274A-8998-11E2-9478-2A4504C1AC42  10 0 0 125883712 65644 187636 0 0 0 0 11673 17192 2 63 35 0
530 1362930089 E1A5DBBE-8998-11E2-9478-2A4504C1AC42   3 0 0 125875344 65684 187668 0 0 0 0 13756 19231 1 46 53 0
531 1362930131 F99FC0F4-8998-11E2-9478-2A4504C1AC42  17 0 0 125867424 65724 187704 0 0 0 2 11434 16955 2 63 35 0
532 1362930169 12BFDB96-8999-11E2-9478-2A4504C1AC42  40 0 0 125856232 65772 187732 0 0 0 10 10922 16542 1 66 32 0
533 1362930207 29AF63BC-8999-11E2-9478-2A4504C1AC42   9 0 0 125848352 65812 187776 0 0 0 0 13611 19026 1 53 46 0
534 1362930249 407D16A2-8999-11E2-9478-2A4504C1AC42   3 0 0 125840816 65852 187808 0 0 0 2 12388 17760 1 60 39 0
535 1362930286 597A4864-8999-11E2-9478-2A4504C1AC42  58 0 0 125834320 65896 187844 0 0 0 0 12148 17904 1 55 44 0
536 1362930326 6F20230A-8999-11E2-9478-2A4504C1AC42   1 0 0 125826848 65944 187876 0 0 0 23 13834 19329 1 49 50 0
537 1362930370 87679A74-8999-11E2-9478-2A4504C1AC42  12 0 0 125818784 65992 187912 0 0 0 2 14748 19717 1 45 53 0
538 1362930410 A1161158-8999-11E2-9478-2A4504C1AC42  12 0 0 125812256 66040 187948 0 0 0 0 13213 18537 1 54 44 0
539 1362930451 B97B69F0-8999-11E2-9478-2A4504C1AC42   7 0 0 125803736 66088 187984 0 0 0 0 13405 18578 2 52 46 0
540 1362930489 D1DFC734-8999-11E2-9478-2A4504C1AC42  12 0 0 125795168 66128 188016 0 0 0 2 12032 17631 1 65 34 0
541 1362930530 E88A639A-8999-11E2-9478-2A4504C1AC42  18 0 0 125787352 66168 188052 0 0 0 2 13499 19291 1 52 47 0
542 1362930574 00CAAC12-899A-11E2-9478-2A4504C1AC42   7 0 0 125779272 66208 188084 0 0 0 1 11502 17207 2 63 35 0
543 1362930616 1B11446E-899A-11E2-9478-2A4504C1AC42  18 0 0 125772120 66252 188120 0 0 0 20 14189 19554 1 49 50 0
544 1362930657 33E0A2AA-899A-11E2-9478-2A4504C1AC42  10 0 0 125763016 66292 188156 0 0 0 0 12985 18515 1 59 39 0
545 1362930696 4CB28622-899A-11E2-9478-2A4504C1AC42  18 0 0 125755232 66336 188188 0 0 0 0 11226 17015 2 68 30 0
546 1362930735 63C0C1B2-899A-11E2-9478-2A4504C1AC42  11 1 0 125745016 66384 188224 0 0 0 8 13948 19379 1 52 47 0
547 1362930777 7AFC52CE-899A-11E2-9478-2A4504C1AC42  16 0 0 125736416 66432 188256 0 0 0 2 12301 17965 2 57 41 0
548 1362930817 93EC37C2-899A-11E2-9478-2A4504C1AC42  13 0 0 125729440 66480 188296 0 0 0 9 12790 18436 2 57 41 0
549 1362930859 AB97E18C-899A-11E2-9478-2A4504C1AC42   4 0 0 125722808 66512 188328 0 0 0 0 12269 17958 1 59 40 0
550 1362930898 C50792A2-899A-11E2-9478-2A4504C1AC42   7 0 0 125713248 66552 188368 0 0 0 0 11487 17690 2 62 36 0
551 1362930939 DC4D7918-899A-11E2-9478-2A4504C1AC42  15 0 0 125707440 66596 188400 0 0 0 0 12934 18669 1 56 43 0
552 1362930978 F488FA52-899A-11E2-9478-2A4504C1AC42  32 0 0 125699328 66636 188436 0 0 0 0 13081 18599 1 54 45 0
553 1362931020 0BC3B4C8-899B-11E2-9478-2A4504C1AC42   4 0 0 125691424 66676 188468 0 0 0 2 14011 19842 1 51 48 0
554 1362931065 2512FB5A-899B-11E2-9478-2A4504C1AC42   9 0 0 125684544 66724 188504 0 0 0 0 13573 19018 1 55 44 0
555 1362931103 3F9E17CA-899B-11E2-9478-2A4504C1AC42  10 0 0 125677632 66772 188536 0 0 0 18 11083 17069 2 67 32 0
556 1362931142 56404AD4-899B-11E2-9478-2A4504C1AC42  13 0 0 125669648 66812 188576 0 0 0 0 14117 19589 1 52 46 0
557 1362931183 6DD3098E-899B-11E2-9478-2A4504C1AC42  13 0 0 125660912 66852 188608 0 0 0 0 12328 18049 2 60 38 0
558 1362931225 861ACBDA-899B-11E2-9478-2A4504C1AC42  18 0 0 125652192 66892 188644 0 0 0 0 12652 18552 1 59 40 0
559 1362931265 9F0A8DEC-899B-11E2-9478-2A4504C1AC42  15 0 0 125647072 66936 188676 0 0 0 0 13017 18866 1 56 42 0
560 1362931306 B6E81FBA-899B-11E2-9478-2A4504C1AC42  18 0 0 125638784 66976 188712 0 0 0 2 14787 19780 1 52 47 0
561 1362931349 CF699E10-899B-11E2-9478-2A4504C1AC42  32 0 0 125630120 67024 188744 0 0 0 2 14030 19534 1 52 46 0
562 1362931393 E90EBA4E-899B-11E2-9478-2A4504C1AC42   2 0 0 125624400 67064 188784 0 0 0 3 14117 19700 1 50 49 0
563 1362931436 0362FFEA-899C-11E2-9478-2A4504C1AC42  12 0 0 125615568 67104 188816 0 0 0 2 13067 18936 1 53 45 0
564 1362931482 1CE0F67A-899C-11E2-9478-2A4504C1AC42  42 0 0 125608800 67160 188848 0 0 0 8 13311 19162 2 55 44 0
565 1362931527 37F1CA20-899C-11E2-9478-2A4504C1AC42  18 0 0 125602672 67208 188884 0 0 0 27 11117 17426 1 72 27 0
566 1362931564 52FC23EC-899C-11E2-9478-2A4504C1AC42  13 0 0 125594272 67240 188916 0 0 0 18 13120 18868 2 59 40 0
567 1362931607 69098062-899C-11E2-9478-2A4504C1AC42  62 0 0 125587136 67292 188952 0 0 0 2 11821 17980 2 65 33 0
568 1362931649 82947E7E-899C-11E2-9478-2A4504C1AC42  14 0 0 125579672 67336 188988 0 0 0 0 11887 17882 2 65 33 0
569 1362931690 9BC83016-899C-11E2-9478-2A4504C1AC42  12 0 0 125569672 67376 189024 0 0 0 0 13761 19785 1 54 44 0
570 1362931732 B457D3FC-899C-11E2-9478-2A4504C1AC42  14 0 0 125563952 67416 189056 0 0 0 2 11078 17294 2 72 26 0
571 1362931773 CD5DE602-899C-11E2-9478-2A4504C1AC42  17 0 0 125553752 67456 189092 0 0 0 2 12689 18576 2 57 41 0
572 1362931813 E5D012C8-899C-11E2-9478-2A4504C1AC42  10 0 0 125543008 67496 189124 0 0 0 1 14187 19894 1 52 47 0
573 1362931854 FDB2A90A-899C-11E2-9478-2A4504C1AC42  23 0 0 125535072 67536 189160 0 0 0 0 12417 18648 1 64 35 0
574 1362931895 15EFA360-899D-11E2-9478-2A4504C1AC42   4 0 0 125528176 67576 189196 0 0 0 0 14319 19672 1 56 43 0
575 1362931934 2EA451DA-899D-11E2-9478-2A4504C1AC42   9 1 0 125519168 67636 189224 0 0 0 6 12632 18928 2 60 39 0
576 1362931975 45BE4BAA-899D-11E2-9478-2A4504C1AC42  31 0 0 125513704 67660 189264 0 0 0 20 13127 19283 1 56 43 0
577 1362932018 5E14358E-899D-11E2-9478-2A4504C1AC42  15 0 0 125505520 67708 189300 0 0 0 2 11551 17859 2 66 32 0
578 1362932057 77B53BE6-899D-11E2-9478-2A4504C1AC42   7 0 0 125499056 67748 189332 0 0 0 2 12860 19224 1 56 42 0
579 1362932099 8F3105DE-899D-11E2-9478-2A4504C1AC42   7 0 0 125491360 67788 189368 0 0 0 2 12254 18489 1 64 35 0
580 1362932138 A7BCE2C6-899D-11E2-9478-2A4504C1AC42  35 0 0 125483584 67836 189404 0 0 0 2 13135 19011 2 62 37 0
581 1362932180 BF6D94C4-899D-11E2-9478-2A4504C1AC42   5 0 0 125475336 67876 189440 0 0 0 0 13982 20052 1 54 45 0
582 1362932221 D8294D14-899D-11E2-9478-2A4504C1AC42   2 0 0 125466688 67912 189472 0 0 0 0 11714 18248 2 68 30 0
583 1362932260 F076B7A8-899D-11E2-9478-2A4504C1AC42  12 0 0 125460832 67948 189508 0 0 0 1 12228 18545 1 64 35 0
584 1362932301 0834F9B8-899E-11E2-9478-2A4504C1AC42   5 0 0 125452328 67992 189544 0 0 0 8 12237 18457 2 64 35 0
585 1362932344 20217038-899E-11E2-9478-2A4504C1AC42   9 0 0 125444304 68020 189576 0 0 0 10 12782 19144 1 60 38 0
586 1362932390 3A057ADA-899E-11E2-9478-2A4504C1AC42  10 0 0 125438224 68068 189616 0 0 0 4 13669 19849 1 54 45 0
587 1362932431 55691BF6-899E-11E2-9478-2A4504C1AC42  12 0 0 125429472 68100 189648 0 0 0 0 11826 18272 2 67 32 0
588 1362932471 6DDF66A4-899E-11E2-9478-2A4504C1AC42  17 0 0 125423688 68144 189684 0 0 0 0 14850 20643 1 52 46 0
589 1362932513 85CB6812-899E-11E2-9478-2A4504C1AC42  11 0 0 125413632 68184 189716 0 0 0 2 14740 20461 1 53 46 0
590 1362932557 9EE3EF22-899E-11E2-9478-2A4504C1AC42   5 0 0 125406800 68224 189752 0 0 0 2 12917 19141 2 60 38 0
591 1362932598 B92925F0-899E-11E2-9478-2A4504C1AC42  18 0 0 125398080 68260 189784 0 0 0 18 11170 17702 2 72 27 0
592 1362932636 D1901838-899E-11E2-9478-2A4504C1AC42  10 0 0 125389944 68308 189820 0 0 0 25 12349 18754 2 62 36 0
593 1362932676 E850667C-899E-11E2-9478-2A4504C1AC42  10 0 0 125382192 68356 189848 0 0 0 6 12912 19336 1 63 36 0
594 1362932715 FFCE8A18-899E-11E2-9478-2A4504C1AC42  29 0 0 125376120 68400 189892 0 0 0 0 15279 21204 1 50 49 0
595 1362932758 16D0DF0E-899F-11E2-9478-2A4504C1AC42  16 0 0 125368016 68436 189924 0 0 0 2 12460 18863 2 65 34 0
596 1362932798 30EDC6FE-899F-11E2-9478-2A4504C1AC42  24 0 0 125359816 68476 189960 0 0 0 2 13375 19635 2 61 37 0
597 1362932840 48539AE4-899F-11E2-9478-2A4504C1AC42  12 0 0 125353040 68512 189992 0 0 0 2 12816 19331 2 63 36 0
598 1362932882 615195BE-899F-11E2-9478-2A4504C1AC42  16 0 0 125342472 68552 190028 0 0 0 0 12243 18827 1 68 30 0
599 1362932921 7A934054-899F-11E2-9478-2A4504C1AC42  74 0 0 125336016 68588 190064 0 0 0 0 13973 20238 1 57 41 0
600 1362932963 91BAFFB0-899F-11E2-9478-2A4504C1AC42   6 0 0 125327536 68636 190100 0 0 0 2 12651 19158 1 60 39 0
601 1362933002 AAF0A2F0-899F-11E2-9478-2A4504C1AC42  12 0 0 125316432 68684 190132 0 0 0 0 12354 19049 1 62 37 0
602 1362933041 C21CEAEC-899F-11E2-9478-2A4504C1AC42  34 0 0 125308696 68720 190168 0 0 0 0 14470 20924 1 51 48 0
603 1362933084 D97846BE-899F-11E2-9478-2A4504C1AC42  13 0 0 125300752 68764 190200 0 0 0 2 13197 19615 1 59 39 0
604 1362933127 F35973C8-899F-11E2-9478-2A4504C1AC42   0 0 0 125293664 68804 190232 0 0 0 17 13363 19918 1 57 41 0
605 1362933169 0CA5262E-89A0-11E2-9478-2A4504C1AC42  14 0 0 125285568 68840 190272 0 0 0 3 11526 18243 2 71 26 0
606 1362933209 259117D8-89A0-11E2-9478-2A4504C1AC42  35 0 0 125278176 68876 190304 0 0 0 2 12747 19223 2 65 33 0
607 1362933254 3D5BB3FA-89A0-11E2-9478-2A4504C1AC42  15 0 0 125271456 68928 190340 0 0 0 0 13648 20491 1 55 44 0
608 1362933295 5827DA74-89A0-11E2-9478-2A4504C1AC42  26 0 0 125264504 68968 190372 0 0 0 2 12372 19034 2 65 34 0
609 1362933332 708B43C6-89A0-11E2-9478-2A4504C1AC42  26 0 0 125255464 69016 190408 0 0 0 0 14048 20775 1 56 43 0
610 1362933373 871EC540-89A0-11E2-9478-2A4504C1AC42   3 0 0 125247712 69052 190440 0 0 0 0 14404 20830 1 58 41 0
611 1362933415 9F5398C0-89A0-11E2-9478-2A4504C1AC42   4 0 0 125241200 69092 190480 0 0 0 3 12852 19431 2 62 36 0
612 1362933453 B8485550-89A0-11E2-9478-2A4504C1AC42  17 0 0 125233128 69128 190512 0 0 0 0 11826 18887 2 67 31 0
613 1362933491 CEF9130C-89A0-11E2-9478-2A4504C1AC42  22 0 0 125225208 69172 190548 0 0 0 0 13637 20070 2 60 38 0
614 1362933535 E5E26FBE-89A0-11E2-9478-2A4504C1AC42  10 0 0 125218384 69220 190580 0 0 0 2 11734 18850 2 69 30 0
615 1362933573 FFDDF726-89A0-11E2-9478-2A4504C1AC42   5 0 0 125207240 69256 190616 0 0 0 0 10970 18121 2 74 25 0
616 1362933613 164F929E-89A1-11E2-9478-2A4504C1AC42  14 0 0 125198064 69296 190648 0 0 0 18 14094 20438 1 56 43 0
617 1362933652 2E64165C-89A1-11E2-9478-2A4504C1AC42  20 0 0 125190368 69332 190688 0 0 0 0 12022 19043 2 70 28 0
618 1362933693 45B932F6-89A1-11E2-9478-2A4504C1AC42  27 0 0 125182856 69368 190720 0 0 0 0 14150 20810 1 58 41 0
619 1362933733 5E0541D8-89A1-11E2-9478-2A4504C1AC42  34 0 0 125175904 69408 190756 0 0 0 0 11844 19161 1 68 30 0
620 1362933775 7605EA80-89A1-11E2-9478-2A4504C1AC42   5 0 0 125166136 69448 190792 0 0 0 10 13065 19973 2 60 38 0
621 1362933815 8F06667C-89A1-11E2-9478-2A4504C1AC42  17 0 0 125160368 69484 190828 0 0 0 2 14515 20891 2 56 42 0
622 1362933856 A70C6FD2-89A1-11E2-9478-2A4504C1AC42   6 0 0 125151072 69520 190860 0 0 0 2 14513 20746 1 56 43 0
623 1362933895 BEF7B1F6-89A1-11E2-9478-2A4504C1AC42   7 0 0 125143632 69556 190896 0 0 0 18 13652 20362 1 60 39 0
624 1362933937 D69C596A-89A1-11E2-9478-2A4504C1AC42   7 0 0 125136552 69600 190932 0 0 0 2 12617 19650 1 63 35 0
625 1362933976 EF605E24-89A1-11E2-9478-2A4504C1AC42  71 0 0 125128208 69636 190964 0 0 0 2 11816 18934 2 70 28 0
626 1362934015 06F8326E-89A2-11E2-9478-2A4504C1AC42  15 0 0 125118992 69676 191000 0 0 0 0 14301 20941 2 57 42 0
627 1362934056 1DDB9A48-89A2-11E2-9478-2A4504C1AC42  15 0 0 125110208 69708 191032 0 0 0 2 12414 19626 2 69 30 0
628 1362934094 368D8C68-89A2-11E2-9478-2A4504C1AC42   4 0 0 125102096 69748 191068 0 0 0 0 12465 19606 2 64 34 0
629 1362934138 4D56FAE2-89A2-11E2-9478-2A4504C1AC42  11 0 0 125094560 69788 191104 0 0 0 0 13708 20590 1 60 39 0
630 1362934178 67010AA0-89A2-11E2-9478-2A4504C1AC42   5 0 0 125088224 69840 191140 0 0 0 0 12266 19513 1 69 29 0
631 1362934219 7F080A04-89A2-11E2-9478-2A4504C1AC42  64 0 0 125080784 69880 191172 0 0 0 0 11896 19253 2 69 29 0
632 1362934259 976CB946-89A2-11E2-9478-2A4504C1AC42   5 0 0 125073568 69912 191208 0 0 0 0 12631 19822 2 68 30 0
633 1362934299 AF86FF00-89A2-11E2-9478-2A4504C1AC42   9 0 0 125066336 69940 191240 0 0 0 0 14215 21042 1 57 42 0
634 1362934342 C6FA3B34-89A2-11E2-9478-2A4504C1AC42  33 1 0 125058984 69984 191276 0 0 0 12 10556 18255 1 73 25 0
635 1362934381 E0CB410C-89A2-11E2-9478-2A4504C1AC42  19 0 0 125049872 70016 191312 0 0 0 2 12704 19851 2 66 33 0
636 1362934420 F7F6626C-89A2-11E2-9478-2A4504C1AC42  20 1 0 125042328 70056 191344 0 0 0 11 12686 19936 1 68 31 0
637 1362934464 0F2D5E68-89A3-11E2-9478-2A4504C1AC42  47 0 0 125033840 70100 191380 0 0 0 18 11788 19286 2 70 29 0
638 1362934503 2997D742-89A3-11E2-9478-2A4504C1AC42  45 0 0 125026432 70128 191416 0 0 0 0 11814 19323 1 71 28 0
639 1362934540 411C1360-89A3-11E2-9478-2A4504C1AC42  11 0 0 125017632 70164 191448 0 0 0 22 12063 19368 1 71 28 0
640 1362934581 56CA0690-89A3-11E2-9478-2A4504C1AC42   4 0 0 125008128 70200 191484 0 0 0 2 12545 19772 1 67 31 0
641 1362934622 6F805AD6-89A3-11E2-9478-2A4504C1AC42  18 0 0 125001352 70224 191520 0 0 0 2 12605 19894 1 65 33 0
642 1362934663 8784632A-89A3-11E2-9478-2A4504C1AC42  20 0 0 124993520 70264 191556 0 0 0 0 12211 19668 2 66 33 0
643 1362934705 A065FF8E-89A3-11E2-9478-2A4504C1AC42  23 0 0 124987720 70304 191588 0 0 0 2 12182 19572 2 69 29 0
644 1362934748 B960283E-89A3-11E2-9478-2A4504C1AC42  10 0 0 124977776 70340 191620 0 0 0 2 13159 20512 2 67 32 0
645 1362934790 D2EF282C-89A3-11E2-9478-2A4504C1AC42  29 0 0 124969576 70384 191656 0 0 0 1 12204 19551 2 71 27 0
646 1362934828 EBD6E6E0-89A3-11E2-9478-2A4504C1AC42  24 0 0 124963432 70424 191688 0 0 0 0 11854 19200 1 72 27 0
647 1362934866 0274EC80-89A4-11E2-9478-2A4504C1AC42  43 0 0 124956144 70468 191728 0 0 0 0 12030 19459 1 70 29 0
648 1362934905 1917E898-89A4-11E2-9478-2A4504C1AC42  77 0 0 124948184 70504 191760 0 0 0 0 11922 19533 2 70 28 0
649 1362934947 303B952E-89A4-11E2-9478-2A4504C1AC42   8 1 0 124939216 70552 191788 0 0 0 12 14483 21448 1 59 40 0
650 1362934987 499C4FCC-89A4-11E2-9478-2A4504C1AC42  25 0 0 124930968 70580 191828 0 0 0 2 13812 20875 1 62 37 0
651 1362935026 61514A00-89A4-11E2-9478-2A4504C1AC42  11 0 0 124921856 70624 191864 0 0 0 1 15097 21997 1 58 41 0
652 1362935067 7856F344-89A4-11E2-9478-2A4504C1AC42  34 0 0 124913408 70672 191896 0 0 0 2 14198 21258 1 60 39 0
653 1362935108 91034B4A-89A4-11E2-9478-2A4504C1AC42  48 0 0 124904192 70708 191936 0 0 0 26 12699 20342 2 65 33 0
654 1362935146 A961ADE4-89A4-11E2-9478-2A4504C1AC42  15 0 0 124897992 70744 191968 0 0 0 0 11377 19184 2 74 25 0
655 1362935190 C03CBEE6-89A4-11E2-9478-2A4504C1AC42  15 0 0 124890256 70792 192004 0 0 0 2 11740 19539 1 71 27 0
656 1362935232 DA771F86-89A4-11E2-9478-2A4504C1AC42  18 0 0 124882176 70820 192036 0 0 0 2 11835 19543 2 75 24 0
657 1362935272 F324257E-89A4-11E2-9478-2A4504C1AC42  10 0 0 124876144 70856 192076 0 0 0 12 13221 20538 2 64 34 0
658 1362935313 0B5EFA42-89A5-11E2-9478-2A4504C1AC42  16 0 0 124869440 70892 192108 0 0 0 2 13038 20503 2 65 33 0
659 1362935352 23E21180-89A5-11E2-9478-2A4504C1AC42  13 0 0 124859872 70928 192148 0 0 0 0 13075 20463 2 66 32 0
660 1362935393 3AA736C0-89A5-11E2-9478-2A4504C1AC42   6 0 0 124853024 70968 192180 0 0 0 2 11491 19232 2 75 23 0
661 1362935433 535C3FEE-89A5-11E2-9478-2A4504C1AC42  40 0 0 124846752 71008 192216 0 0 0 0 12888 20474 2 63 35 0
662 1362935472 6B50E8B6-89A5-11E2-9478-2A4504C1AC42   6 0 0 124839488 71048 192248 0 0 0 0 13039 20563 1 67 32 0
663 1362935513 8266B6E8-89A5-11E2-9478-2A4504C1AC42  15 0 0 124829816 71084 192280 0 0 0 2 12255 19736 2 70 29 0
664 1362935555 9ACE10DC-89A5-11E2-9478-2A4504C1AC42  13 0 0 124822240 71116 192316 0 0 0 2 12883 20498 2 66 32 0
665 1362935597 B3D4EF06-89A5-11E2-9478-2A4504C1AC42  20 0 0 124815728 71160 192352 0 0 0 2 11870 19641 2 72 26 0
666 1362935640 CD2163A4-89A5-11E2-9478-2A4504C1AC42  21 0 0 124808128 71200 192388 0 0 0 0 13422 20958 1 66 32 0
667 1362935681 E6A70914-89A5-11E2-9478-2A4504C1AC42  16 0 0 124801096 71236 192420 0 0 0 0 13207 20857 2 66 33 0
668 1362935727 FF33933A-89A5-11E2-9478-2A4504C1AC42  14 0 0 124793472 71280 192452 0 0 0 10 12379 20137 2 70 28 0
669 1362935768 1A862224-89A6-11E2-9478-2A4504C1AC42   6 0 0 124786704 71312 192488 0 0 0 2 11887 19881 2 73 25 0
670 1362935810 32EDE266-89A6-11E2-9478-2A4504C1AC42  25 0 0 124777200 71344 192524 0 0 0 17 11415 19406 2 77 21 0
671 1362935851 4C25A3AE-89A6-11E2-9478-2A4504C1AC42  396 0 0 124768128 71392 192560 0 0 0 6 12418 16199 1 71 28 0
672 1362935893 6464EDE4-89A6-11E2-9478-2A4504C1AC42  16 0 0 124761600 71424 192596 0 0 0 2 13114 20953 2 66 32 0
673 1362935934 7D975C3E-89A6-11E2-9478-2A4504C1AC42  31 0 0 124753664 71460 192628 0 0 0 2 13843 21310 2 63 35 0
674 1362935975 95F9C3F2-89A6-11E2-9478-2A4504C1AC42   2 0 0 124744064 71504 192664 0 0 0 0 10522 19240 2 73 25 0
675 1362936015 AE4BC0CC-89A6-11E2-9478-2A4504C1AC42  32 0 0 124735408 71540 192696 0 0 0 0 12824 20563 2 69 29 0
676 1362936056 C5CD0148-89A6-11E2-9478-2A4504C1AC42  81 0 0 124727616 71576 192732 0 0 0 0 11322 19387 1 75 24 0
677 1362936101 DE768822-89A6-11E2-9478-2A4504C1AC42  19 0 0 124721312 71628 192768 0 0 0 2 13612 21405 1 63 36 0
678 1362936140 F91F2008-89A6-11E2-9478-2A4504C1AC42  16 0 0 124713424 71664 192804 0 0 0 0 12457 20418 2 67 31 0
679 1362936181 10E3793C-89A7-11E2-9478-2A4504C1AC42   7 0 0 124706192 71708 192836 0 0 0 0 11028 19413 2 74 24 0
680 1362936222 28CF49B8-89A7-11E2-9478-2A4504C1AC42  18 0 0 124699440 71744 192872 0 0 0 0 13597 21216 1 64 35 0
681 1362936264 413068B6-89A7-11E2-9478-2A4504C1AC42  38 0 0 124691232 71784 192904 0 0 0 2 10512 19105 2 77 22 0
682 1362936307 5A6302A8-89A7-11E2-9478-2A4504C1AC42  17 0 0 124683520 71836 192932 0 0 0 21 11651 19992 2 74 24 0
683 1362936349 74608D1A-89A7-11E2-9478-2A4504C1AC42  15 0 0 124675984 71872 192976 0 0 0 2 10900 19364 1 78 20 0
684 1362936391 8CF8CA68-89A7-11E2-9478-2A4504C1AC42   4 0 0 124669520 71908 193008 0 0 0 0 10848 19444 2 76 22 0
685 1362936434 A6014922-89A7-11E2-9478-2A4504C1AC42  23 0 0 124660624 71948 193044 0 0 0 2 11203 19675 1 74 24 0
686 1362936479 BFEABF1C-89A7-11E2-9478-2A4504C1AC42  60 0 0 124652112 71980 193076 0 0 0 2 12070 20449 2 71 27 0
687 1362936520 DA7737C0-89A7-11E2-9478-2A4504C1AC42  22 0 0 124645816 72024 193112 0 0 0 2 12209 20389 2 70 28 0
688 1362936561 F2D46CE8-89A7-11E2-9478-2A4504C1AC42  55 0 0 124637456 72060 193144 0 0 0 0 10923 19510 2 77 21 0
689 1362936604 0B80FED2-89A8-11E2-9478-2A4504C1AC42   8 0 0 124628848 72088 193184 0 0 0 3 12876 21041 1 70 29 0
690 1362936647 255D4806-89A8-11E2-9478-2A4504C1AC42  23 0 0 124621280 72124 193216 0 0 0 0 10910 19442 2 75 23 0
691 1362936689 3E98C016-89A8-11E2-9478-2A4504C1AC42  21 1 0 124614672 72160 193252 0 0 0 11 11541 20068 1 74 25 0
692 1362936731 57C4B02C-89A8-11E2-9478-2A4504C1AC42  12 0 0 124607576 72196 193284 0 0 0 2 11938 20332 2 71 27 0
693 1362936771 70A3CAE2-89A8-11E2-9478-2A4504C1AC42  33 0 0 124602192 72244 193324 0 0 0 8 13434 21319 2 64 35 0
694 1362936812 88A7F3B6-89A8-11E2-9478-2A4504C1AC42  10 0 0 124591728 72284 193356 0 0 0 0 12820 21077 2 67 32 0
695 1362936853 A15BECBE-89A8-11E2-9478-2A4504C1AC42  36 0 0 124584912 72328 193392 0 0 0 0 11180 19879 2 75 24 0
696 1362936895 B9904064-89A8-11E2-9478-2A4504C1AC42  11 0 0 124578160 72368 193428 0 0 0 20 10820 19731 2 78 21 0
697 1362936939 D29328EC-89A8-11E2-9478-2A4504C1AC42  21 1 0 124570448 72404 193464 0 0 0 10 11956 20344 2 73 25 0
698 1362936978 ECA512E0-89A8-11E2-9478-2A4504C1AC42  36 0 0 124561808 72440 193496 0 0 0 19 11244 19863 2 74 24 0
699 1362937021 03E80FF2-89A9-11E2-9478-2A4504C1AC42   7 0 0 124553760 72472 193532 0 0 0 2 11906 20627 2 73 25 0
700 1362937063 1DB3D740-89A9-11E2-9478-2A4504C1AC42  40 0 0 124546424 72504 193564 0 0 0 0 11912 20526 2 73 25 0
701 1362937104 3703267E-89A9-11E2-9478-2A4504C1AC42  11 0 0 124539672 72544 193600 0 0 0 0 11262 20045 2 74 24 0
702 1362937149 4EF21812-89A9-11E2-9478-2A4504C1AC42  10 0 0 124531184 72588 193636 0 0 0 2 13369 21516 2 68 31 0
703 1362937192 69D3435E-89A9-11E2-9478-2A4504C1AC42  26 0 0 124520928 72628 193668 0 0 0 2 12006 20625 2 74 25 0
704 1362937231 836A4164-89A9-11E2-9478-2A4504C1AC42   3 0 0 124513304 72656 193704 0 0 0 16 12747 21033 2 71 27 0
705 1362937272 9AB1BA82-89A9-11E2-9478-2A4504C1AC42  10 0 0 124504720 72684 193736 0 0 0 2 10461 19426 2 77 22 0
706 1362937313 B347C7B2-89A9-11E2-9478-2A4504C1AC42  36 0 0 124496768 72724 193772 0 0 0 0 12198 20655 2 74 25 0
707 1362937353 CB7B5F92-89A9-11E2-9478-2A4504C1AC42  53 0 0 124491600 72760 193804 0 0 0 0 11272 20055 1 77 22 0
708 1362937397 E370D992-89A9-11E2-9478-2A4504C1AC42   6 0 0 124482504 72800 193844 0 0 0 3 10954 19864 2 77 22 0
709 1362937439 FDC64FA2-89A9-11E2-9478-2A4504C1AC42  11 0 0 124475440 72844 193876 0 0 0 2 11368 20162 2 74 24 0
710 1362937481 16907A12-89AA-11E2-9478-2A4504C1AC42  15 0 0 124467056 72876 193912 0 0 0 2 13053 21439 1 69 29 0
711 1362937524 2F92F71A-89AA-11E2-9478-2A4504C1AC42  41 0 0 124458584 72916 193948 0 0 0 2 11844 20515 2 75 24 0
712 1362937567 494F905A-89AA-11E2-9478-2A4504C1AC42  18 0 0 124452640 72944 193984 0 0 0 2 10646 19709 2 78 20 0
713 1362937611 634607F0-89AA-11E2-9478-2A4504C1AC42  27 0 0 124443392 72956 194016 0 0 0 2 11773 20631 1 84 15 0
714 1362937653 7D94F47C-89AA-11E2-9478-2A4504C1AC42  24 0 0 124437176 72988 194056 0 0 0 3 11121 20179 2 77 21 0
715 1362937698 96228C16-89AA-11E2-9478-2A4504C1AC42  14 0 0 124430112 73016 194088 0 0 0 2 10663 19890 2 78 20 0
716 1362937740 B18173FA-89AA-11E2-9478-2A4504C1AC42  75 0 0 124421464 73044 194124 0 0 0 0 11661 20464 2 76 23 0
717 1362937783 C9F24EFA-89AA-11E2-9478-2A4504C1AC42  23 0 0 124414368 73076 194156 0 0 0 10 11453 20801 2 74 24 0
718 1362937829 E3CEE856-89AA-11E2-9478-2A4504C1AC42  13 0 0 124407208 73120 194192 0 0 0 3 12344 20989 2 72 26 0
719 1362937869 FF4C9182-89AA-11E2-9478-2A4504C1AC42  15 0 0 124399336 73164 194224 0 0 0 0 11851 20620 2 72 26 0
720 1362937910 1732F854-89AB-11E2-9478-2A4504C1AC42  17 0 0 124392368 73192 194264 0 0 0 3 11451 20370 2 77 21 0
721 1362937956 2FC3DCD0-89AB-11E2-9478-2A4504C1AC42  27 0 0 124383592 73232 194296 0 0 0 2 11725 20794 2 74 24 0
722 1362937999 4B23EE20-89AB-11E2-9478-2A4504C1AC42   6 0 0 124375680 73272 194328 0 0 0 2 12021 20839 1 75 23 0
723 1362938044 64D3C020-89AB-11E2-9478-2A4504C1AC42   4 0 0 124368576 73320 194364 0 0 0 2 12456 21279 2 72 26 0
724 1362938086 7F61CFFE-89AB-11E2-9478-2A4504C1AC42  16 0 0 124359896 73352 194396 0 0 0 2 12708 21400 2 69 29 0
725 1362938128 98379F7C-89AB-11E2-9478-2A4504C1AC42  22 0 0 124352744 73400 194432 0 0 0 34 10378 19716 2 79 19 0
726 1362938172 B164A238-89AB-11E2-9478-2A4504C1AC42  20 0 0 124344584 73432 194468 0 0 0 3 12019 20858 2 75 23 0
727 1362938214 CC068660-89AB-11E2-9478-2A4504C1AC42  71 0 0 124337248 73464 194504 0 0 0 0 11755 20772 2 73 26 0
728 1362938259 E4EA6336-89AB-11E2-9478-2A4504C1AC42  18 0 0 124329688 73504 194536 0 0 0 2 11234 20332 1 78 20 0
729 1362938305 FF89D1D6-89AB-11E2-9478-2A4504C1AC42   4 1 0 124322384 73552 194572 0 0 0 11 11740 20932 2 74 24 0
730 1362938347 1AEE3DE0-89AC-11E2-9478-2A4504C1AC42  34 0 0 124314640 73576 194608 0 0 0 2 11038 20423 2 76 22 0
731 1362938387 33F583B6-89AC-11E2-9478-2A4504C1AC42  16 0 0 124302752 73608 194644 0 0 0 19 10454 19949 2 79 19 0
732 1362938435 4C26C972-89AC-11E2-9478-2A4504C1AC42  84 0 0 124297368 73652 194680 0 0 0 2 11040 20557 2 77 22 0
733 1362938479 68707B28-89AC-11E2-9478-2A4504C1AC42  37 0 0 124287840 73680 194716 0 0 0 2 10204 19731 2 78 20 0
734 1362938523 8285B9CE-89AC-11E2-9478-2A4504C1AC42  11 0 0 124279088 73712 194748 0 0 0 2 11513 20754 2 76 22 0
735 1362938567 9D211B7A-89AC-11E2-9478-2A4504C1AC42  15 0 0 124272576 73756 194784 0 0 0 3 11516 20660 2 77 21 0
736 1362938615 B731021E-89AC-11E2-9478-2A4504C1AC42  52 0 0 124263872 73808 194816 0 0 0 9 11633 20804 2 78 20 0
737 1362938661 D3AC0812-89AC-11E2-9478-2A4504C1AC42  57 0 0 124259096 73832 194852 0 0 0 3 11606 20834 2 77 21 0
738 1362938708 EF5976C6-89AC-11E2-9478-2A4504C1AC42  31 0 0 124251424 73860 194888 0 0 0 20 11032 20397 2 77 21 0
739 1362938752 0B5CB5E0-89AD-11E2-9478-2A4504C1AC42  10 0 0 124247320 73888 194924 0 0 0 3 10424 20170 1 79 19 0
740 1362938795 25B850B6-89AD-11E2-9478-2A4504C1AC42  51 0 0 124237592 73924 194956 0 0 0 2 10903 20344 2 77 21 0
741 1362938837 3F21CE92-89AD-11E2-9478-2A4504C1AC42  106 0 0 124228432 73960 194988 0 0 0 2 10508 20052 2 79 19 0
742 1362938882 58672AB4-89AD-11E2-9478-2A4504C1AC42  24 0 0 124222176 74012 195024 0 0 0 12 13880 20537 1 82 17 0
743 1362938925 731F8EF0-89AD-11E2-9478-2A4504C1AC42  29 0 0 124212688 74056 195056 0 0 0 2 10482 20180 2 81 17 0
744 1362938968 8C7F26D0-89AD-11E2-9478-2A4504C1AC42  44 0 0 124206232 74088 195096 0 0 0 3 11356 20877 2 77 21 0
745 1362939018 A5E6FA8A-89AD-11E2-9478-2A4504C1AC42   4 0 0 124202096 74140 195128 0 0 0 8 11059 20578 2 77 21 0
746 1362939065 C40D4528-89AD-11E2-9478-2A4504C1AC42  24 0 0 124194224 74172 195160 0 0 0 15 10380 20213 2 80 18 0
747 1362939111 DFED243E-89AD-11E2-9478-2A4504C1AC42  146 0 0 124185272 74212 195196 0 0 0 2 11080 20605 2 78 20 0
748 1362939162 FB9B72BC-89AD-11E2-9478-2A4504C1AC42  28 0 0 124178648 74252 195232 0 0 0 10 11039 20777 2 78 20 0
749 1362939204 198B8C58-89AE-11E2-9478-2A4504C1AC42   4 0 0 124171040 74288 195264 0 0 0 2 10480 20391 2 80 18 0
750 1362939249 329C982C-89AE-11E2-9478-2A4504C1AC42  57 0 0 124163520 74320 195304 0 0 0 4 11442 21041 2 76 22 0
751 1362939294 4D6316FE-89AE-11E2-9478-2A4504C1AC42  42 0 0 124157264 74364 195336 0 0 0 2 12132 21334 2 76 22 0
752 1362939341 688A4650-89AE-11E2-9478-2A4504C1AC42  38 0 0 124149800 74408 195372 0 0 0 14 10999 20801 2 78 20 0
753 1362939385 84C342C2-89AE-11E2-9478-2A4504C1AC42  74 0 0 124141528 74428 195404 0 0 0 2 10969 20661 2 79 19 0
754 1362939429 9EA6FC60-89AE-11E2-9478-2A4504C1AC42  29 0 0 124133696 74468 195440 0 0 0 18 10532 20338 2 81 18 0
755 1362939476 B90C5870-89AE-11E2-9478-2A4504C1AC42  36 0 0 124127904 74492 195472 0 0 0 2 10072 20071 2 80 18 0
756 1362939523 D4BA8F56-89AE-11E2-9478-2A4504C1AC42  45 0 0 124118968 74548 195504 0 0 0 13 11069 20871 2 80 18 0
757 1362939568 F0E8BDC4-89AE-11E2-9478-2A4504C1AC42  165 0 0 124112248 74584 195544 0 0 0 9 10190 20217 2 80 18 0
758 1362939611 0BFFDAE8-89AF-11E2-9478-2A4504C1AC42  19 0 0 124103664 74616 195580 0 0 0 2 11321 21291 2 77 21 0
759 1362939656 25997E14-89AF-11E2-9478-2A4504C1AC42  29 0 0 124093808 74656 195612 0 0 0 2 10818 20807 2 79 20 0
760 1362939703 407FBD38-89AF-11E2-9478-2A4504C1AC42  20 0 0 124090592 74696 195644 0 0 0 10 10912 20890 2 79 19 0
761 1362939748 5C697F16-89AF-11E2-9478-2A4504C1AC42  15 0 0 124081744 74728 195680 0 0 0 0 10828 20486 2 79 19 0
762 1362939795 771A5E52-89AF-11E2-9478-2A4504C1AC42  39 0 0 124075216 74776 195716 0 0 0 12 10890 20572 2 80 18 0
763 1362939846 92F383F6-89AF-11E2-9478-2A4504C1AC42  72 0 0 124067840 74820 195752 0 0 0 24 11392 21152 2 77 21 0
764 1362939891 B181E8E4-89AF-11E2-9478-2A4504C1AC42  76 0 0 124058880 74852 195784 0 0 0 2 11510 21236 2 78 21 0
765 1362939939 CC545D50-89AF-11E2-9478-2A4504C1AC42  57 0 0 124050128 74888 195824 0 0 0 0 11116 21196 2 78 21 0
766 1362939982 E8E87B68-89AF-11E2-9478-2A4504C1AC42  39 0 0 124042536 74912 195856 0 0 0 2 12312 21776 1 75 23 0
767 1362940029 027B85F2-89B0-11E2-9478-2A4504C1AC42  10 0 0 124035936 74956 195884 0 0 0 10 11432 21380 2 78 21 0
768 1362940074 1EC2FFB0-89B0-11E2-9478-2A4504C1AC42  23 0 0 124028312 74996 195920 0 0 0 10 10823 20857 2 79 19 0
769 1362940121 39AE0612-89B0-11E2-9478-2A4504C1AC42  581 0 0 124021792 75020 195964 0 0 0 3 14222 16687 1 85 14 0
770 1362940218 553BA6B4-89B0-11E2-9478-2A4504C1AC42  747 0 0 124018976 75080 195996 0 0 0 8 17098 16002 1 92 7 0
771 1362940332 8EFC7D7E-89B0-11E2-9478-2A4504C1AC42  846 0 0 124016192 75144 196024 0 0 0 11 20896 20531 1 94 5 0
772 1362940432 D30DB8FC-89B0-11E2-9478-2A4504C1AC42  746 0 0 124012144 75184 196064 0 0 0 8 21681 21849 1 95 4 0
773 1362940547 0E9613D8-89B1-11E2-9478-2A4504C1AC42  903 0 0 124015416 75236 196100 0 0 0 0 18369 17130 1 93 6 0
774 1362940657 532DB2B2-89B1-11E2-9478-2A4504C1AC42  763 0 0 124013200 75284 196136 0 0 0 0 22300 21125 1 95 4 0
775 1362940789 94A8B23C-89B1-11E2-9478-2A4504C1AC42  755 0 0 124015632 75352 196172 0 0 0 7 25435 22577 1 95 4 0
776 1362940896 E386ECCA-89B1-11E2-9478-2A4504C1AC42  759 0 0 124012736 75408 196204 0 0 0 0 22041 20279 1 96 4 0
777 1362941001 239CCA00-89B2-11E2-9478-2A4504C1AC42  786 0 0 124014384 75456 196240 0 0 0 0 16475 16109 1 93 6 0
778 1362941129 61BE6C3A-89B2-11E2-9478-2A4504C1AC42  765 0 0 124013280 75520 196272 0 0 0 0 18618 18042 1 92 7 0
779 1362941253 AE6155B6-89B2-11E2-9478-2A4504C1AC42  789 0 0 124015752 75572 196308 0 0 0 0 21692 19935 1 96 3 0
780 1362941385 F8578546-89B2-11E2-9478-2A4504C1AC42  762 0 0 124011984 75632 196344 0 0 0 0 20769 19714 1 95 4 0
781 1362941514 4700732E-89B3-11E2-9478-2A4504C1AC42  783 0 0 124017072 75692 196380 0 0 0 0 19399 17663 1 93 6 0
782 1362941652 93DFE18E-89B3-11E2-9478-2A4504C1AC42  796 0 0 124020000 75764 196412 0 0 0 0 19602 18509 1 93 6 0
783 1362941784 E63F7F7A-89B3-11E2-9478-2A4504C1AC42  798 0 0 124022976 75828 196448 0 0 0 0 23398 21103 1 95 4 0
784 1362941904 34B2D40E-89B4-11E2-9478-2A4504C1AC42  817 0 0 124019656 75900 196480 0 0 0 0 19600 17762 1 96 4 0
785 1362942030 7C3078F4-89B4-11E2-9478-2A4504C1AC42  788 0 0 124022840 75952 196512 0 0 0 0 21688 19857 1 96 3 0
786 1362942172 C74DD110-89B4-11E2-9478-2A4504C1AC42  819 0 0 124024336 76032 196552 0 0 0 0 25276 23905 1 96 4 0
787 1362942311 1BF4B5E4-89B5-11E2-9478-2A4504C1AC42  790 0 0 124021392 76088 196584 0 0 0 13 19020 18795 1 95 4 0
788 1362942443 6EA56BA8-89B5-11E2-9478-2A4504C1AC42  784 0 0 124013496 76148 196620 0 0 0 0 24829 23849 1 96 3 0
789 1362942585 BD66CD68-89B5-11E2-9478-2A4504C1AC42  818 0 0 124007904 76216 196652 0 0 0 2 24674 22801 1 97 3 0
790 1362942723 11E3A0BE-89B6-11E2-9478-2A4504C1AC42  802 0 0 124001696 76276 196688 0 0 0 0 21920 21903 1 93 6 0
791 1362942847 64A125CE-89B6-11E2-9478-2A4504C1AC42  804 0 0 123993056 76328 196720 0 0 0 0 16946 16359 1 94 5 0
792 1362942976 AE076368-89B6-11E2-9478-2A4504C1AC42  740 0 0 123986912 76400 196760 0 0 0 6 23428 23004 1 95 4 0
793 1362943100 FB4628EE-89B6-11E2-9478-2A4504C1AC42  806 0 0 123979664 76456 196792 0 0 0 0 23255 21564 1 95 4 0
794 1362943244 45480BCE-89B7-11E2-9478-2A4504C1AC42  794 0 0 123975616 76508 196828 0 0 0 0 22051 20444 1 95 4 0
795 1362943354 9AC90B48-89B7-11E2-9478-2A4504C1AC42  816 0 0 123965952 76544 196860 0 0 0 7 22493 21490 1 94 5 0
796 1362943466 DC82FD28-89B7-11E2-9478-2A4504C1AC42  819 0 0 123956864 76600 196896 0 0 0 0 20404 18884 1 95 4 0
797 1362943625 1F5C8CCC-89B8-11E2-9478-2A4504C1AC42  913 0 0 123949584 76668 196928 0 0 0 0 18850 17782 1 95 4 0
798 1362943778 7E0033FA-89B8-11E2-9478-2A4504C1AC42  801 0 0 123944360 76744 196968 0 0 0 0 20375 19091 1 95 4 0
799 1362943922 D9109D2A-89B8-11E2-9478-2A4504C1AC42  816 0 0 123938496 76808 197000 0 0 0 0 20134 18602 1 96 3 0
800 1362944060 2ED3239A-89B9-11E2-9478-2A4504C1AC42  836 0 0 123930760 76880 197036 0 0 0 7 20946 19918 1 96 3 0
801 1362944201 81601384-89B9-11E2-9478-2A4504C1AC42  814 0 0 123924144 76936 197072 0 0 0 0 20581 19127 1 95 4 0
802 1362944334 D501C550-89B9-11E2-9478-2A4504C1AC42  836 0 0 123916832 76992 197108 0 0 0 0 19276 17812 1 93 6 0
803 1362944474 24751C72-89BA-11E2-9478-2A4504C1AC42  817 0 0 123908784 77052 197140 0 0 0 0 21384 20019 1 95 4 0
804 1362944600 77F93432-89BA-11E2-9478-2A4504C1AC42  798 0 0 123900040 77112 197180 0 0 0 0 21496 20121 1 96 4 0
805 1362944750 C35E82CE-89BA-11E2-9478-2A4504C1AC42  853 0 0 123893192 77168 197212 0 0 0 4 17665 16418 1 92 8 0
806 1362944906 1C5323F8-89BB-11E2-9478-2A4504C1AC42  825 0 0 123886040 77252 197248 0 0 0 11 27377 26068 1 97 3 0
807 1362945045 793FB6A8-89BB-11E2-9478-2A4504C1AC42  904 0 0 123877680 77308 197280 0 0 0 6 22276 20363 1 96 4 0
808 1362945182 CC565AF4-89BB-11E2-9478-2A4504C1AC42  845 1 0 123870784 77356 197308 0 0 0 5 23609 21421 1 96 3 0
809 1362945341 1DC3E97E-89BC-11E2-9478-2A4504C1AC42  665 0 0 123863216 77416 197348 0 0 0 8 29067 28081 1 96 3 0
810 1362945487 7CE7E892-89BC-11E2-9478-2A4504C1AC42  854 0 0 123855768 77504 197380 0 0 0 0 19994 18529 1 97 3 0
811 1362945631 D39C6F96-89BC-11E2-9478-2A4504C1AC42  829 0 0 123848208 77572 197420 0 0 0 5 23058 21010 1 95 4 0
812 1362945771 29C0F716-89BD-11E2-9478-2A4504C1AC42  929 0 0 123841056 77632 197452 0 0 0 0 18251 16822 1 94 5 0
813 1362945903 7D419468-89BD-11E2-9478-2A4504C1AC42  768 0 0 123834392 77700 197488 0 0 0 4 17682 16995 1 96 3 0
814 1362946063 CBFEEEFC-89BD-11E2-9478-2A4504C1AC42  820 0 0 123827040 77772 197520 0 0 0 0 22430 20776 1 96 3 0
815 1362946228 2AF90ED8-89BE-11E2-9478-2A4504C1AC42  857 0 0 123817272 77832 197556 0 0 0 0 19430 17736 1 95 4 0
816 1362946385 8D988DE8-89BE-11E2-9478-2A4504C1AC42  834 0 0 123812768 77904 197588 0 0 0 0 16511 15561 1 94 5 0
817 1362946523 EB2BAF26-89BE-11E2-9478-2A4504C1AC42  832 0 0 123806848 77972 197628 0 0 0 1 20952 20171 1 96 4 0
818 1362946687 3D48C082-89BF-11E2-9478-2A4504C1AC42  832 0 0 123800592 78028 197660 0 0 0 0 20319 17813 1 96 4 0
819 1362946844 9EC78442-89BF-11E2-9478-2A4504C1AC42  841 0 0 123793136 78096 197696 0 0 0 0 22605 20049 1 96 3 0
820 1362947014 FC99AC8A-89BF-11E2-9478-2A4504C1AC42  832 0 0 123785440 78164 197728 0 0 0 4 19282 17933 1 95 5 0
