1 1363365103 C88C4CC8-8D8D-11E2-9F6C-F95FE0F69D2B !  1 0 0 129973944 109304 170372 0 0 0 0 150 286 0 0 100 0
2 1363365121 D279CE72-8D8D-11E2-9F6C-F95FE0F69D2B !  1 0 0 129970064 109308 170436 0 0 0 2 147 283 0 0 100 0
3 1363365139 DD39F5EE-8D8D-11E2-9F6C-F95FE0F69D2B !  1 0 0 129963296 109312 170468 0 0 0 4 159 319 0 0 100 0
4 1363365157 E7F02706-8D8D-11E2-9F6C-F95FE0F69D2B !  0 0 0 129959848 109316 170508 0 0 0 2 177 367 0 0 100 0
5 1363365175 F2A218EE-8D8D-11E2-9F6C-F95FE0F69D2B !  1 0 0 129954832 109320 170532 0 0 0 3 200 427 0 0 100 0
6 1363365193 FD53B266-8D8D-11E2-9F6C-F95FE0F69D2B !  1 0 0 129949616 109324 170560 0 0 0 2 219 489 0 0 100 0
7 1363365211 08063698-8D8E-11E2-9F6C-F95FE0F69D2B !  1 0 0 129944560 109328 170588 0 0 0 2 243 552 0 0 100 0
8 1363365229 12C444BC-8D8E-11E2-9F6C-F95FE0F69D2B !  1 0 0 129939832 109332 170616 0 0 0 0 260 597 0 0 100 0
9 1363365247 1D820092-8D8E-11E2-9F6C-F95FE0F69D2B !  1 0 0 129935448 109336 170644 0 0 0 2 287 669 0 0 100 0
10 1363365265 28414D44-8D8E-11E2-9F6C-F95FE0F69D2B !  1 0 0 129931624 109336 170672 0 0 0 24 320 729 0 0 100 0
11 1363365284 3308894A-8D8E-11E2-9F6C-F95FE0F69D2B !  1 0 0 129926112 109336 170700 0 0 0 2 329 789 0 0 100 0
12 1363365302 3E2BB16C-8D8E-11E2-9F6C-F95FE0F69D2B !  1 0 0 129919936 109340 170724 0 0 0 23 417 871 0 0 100 0
13 1363365320 491C6E0E-8D8E-11E2-9F6C-F95FE0F69D2B !  1 0 0 129915784 109340 170760 0 0 0 2 387 922 0 0 100 0
14 1363365338 53DF5C0C-8D8E-11E2-9F6C-F95FE0F69D2B !  1 0 0 129911488 109340 170792 0 0 0 25 412 969 0 0 100 0
15 1363365357 5E9F8A36-8D8E-11E2-9F6C-F95FE0F69D2B !  1 0 0 129907680 109344 170816 0 0 0 2 423 1039 0 0 100 0
16 1363365375 6991186A-8D8E-11E2-9F6C-F95FE0F69D2B !  0 0 0 129902920 109348 170840 0 0 0 2 449 1103 0 0 100 0
17 1363365393 74639402-8D8E-11E2-9F6C-F95FE0F69D2B !  0 0 0 129898128 109348 170872 0 0 0 2 472 1164 0 0 100 0
18 1363365411 7F293F9A-8D8E-11E2-9F6C-F95FE0F69D2B !  1 0 0 129893088 109352 170900 0 0 0 24 515 1243 0 0 100 0
19 1363365430 89F56070-8D8E-11E2-9F6C-F95FE0F69D2B !  0 0 0 129888576 109352 170924 0 0 0 2 523 1296 0 0 100 0
20 1363365449 9531DEB4-8D8E-11E2-9F6C-F95FE0F69D2B !  1 0 0 129885040 109352 170960 0 0 0 24 563 1355 0 0 100 0
21 1363365467 A067012E-8D8E-11E2-9F6C-F95FE0F69D2B !  1 0 0 129879456 109356 170996 0 0 0 2 561 1400 0 0 100 0
22 1363365486 AB5B4D7E-8D8E-11E2-9F6C-F95FE0F69D2B !  1 0 0 129875928 109356 171020 0 0 0 3 590 1467 0 0 100 0
23 1363365504 B6A3AE2E-8D8E-11E2-9F6C-F95FE0F69D2B !  0 0 0 129870944 109356 171056 0 0 0 2 607 1522 0 0 100 0
24 1363365522 C1820700-8D8E-11E2-9F6C-F95FE0F69D2B !  2 0 0 129863992 109356 171080 0 0 0 24 642 1586 0 0 100 0
25 1363365541 CC64FDDA-8D8E-11E2-9F6C-F95FE0F69D2B !  0 1 0 129859448 109356 171108 0 0 0 11 664 1659 0 0 100 0
26 1363365559 D7454F48-8D8E-11E2-9F6C-F95FE0F69D2B !  1 0 0 129854040 109356 171140 0 0 0 28 732 1746 0 0 100 0
27 1363365577 E234E918-8D8E-11E2-9F6C-F95FE0F69D2B !  0 0 0 129848256 109356 171160 0 0 0 2 740 1792 0 0 100 0
28 1363365596 ED24A502-8D8E-11E2-9F6C-F95FE0F69D2B !  1 0 0 129844920 109356 171192 0 0 0 2 761 1847 0 0 100 0
29 1363365614 F82FDB9C-8D8E-11E2-9F6C-F95FE0F69D2B !  1 0 0 129839840 109356 171224 0 0 0 2 794 1940 0 0 100 0
30 1363365632 02FF995E-8D8F-11E2-9F6C-F95FE0F69D2B !  1 0 0 129833792 109360 171248 0 0 0 24 839 2004 0 0 100 0
31 1363365651 0DED827C-8D8F-11E2-9F6C-F95FE0F69D2B !  1 0 0 129828944 109360 171280 0 0 0 2 834 2036 0 0 100 0
32 1363365669 18DB6B9A-8D8F-11E2-9F6C-F95FE0F69D2B !  1 0 0 129824496 109360 171304 0 0 0 24 867 2107 0 0 100 0
33 1363365688 23F70296-8D8F-11E2-9F6C-F95FE0F69D2B !  0 0 0 129822000 109364 171336 0 0 0 2 882 2169 0 0 100 0
34 1363365707 2F0325AC-8D8F-11E2-9F6C-F95FE0F69D2B !  1 0 0 129815584 109364 171364 0 0 0 3 907 2235 0 0 100 0
35 1363365724 3A73BD34-8D8F-11E2-9F6C-F95FE0F69D2B !  1 0 0 129811072 109364 171396 0 0 0 10 935 2301 0 0 100 0
36 1363365743 44DF745C-8D8F-11E2-9F6C-F95FE0F69D2B !  1 0 0 129805272 109364 171424 0 0 0 25 956 2354 0 0 100 0
37 1363365762 4FF25774-8D8F-11E2-9F6C-F95FE0F69D2B !  1 0 0 129800896 109364 171452 0 0 0 2 980 2421 0 0 100 0
38 1363365781 5B545004-8D8F-11E2-9F6C-F95FE0F69D2B !  1 0 0 129795192 109364 171480 0 0 0 2 1005 2485 0 0 100 0
39 1363365800 668FE5BE-8D8F-11E2-9F6C-F95FE0F69D2B !  1 0 0 129791168 109368 171516 0 0 0 11 1040 2552 0 0 100 0
40 1363365818 719F4CE2-8D8F-11E2-9F6C-F95FE0F69D2B !  1 0 0 129786688 109368 171540 0 0 0 24 1078 2619 0 0 100 0
41 1363365837 7CDE11BA-8D8F-11E2-9F6C-F95FE0F69D2B !  2 0 0 129783552 109368 171572 0 0 0 2 1084 2674 0 0 100 0
42 1363365855 87E37514-8D8F-11E2-9F6C-F95FE0F69D2B !  1 0 0 129775904 109368 171600 0 0 0 2 1106 2725 0 0 100 0
43 1363365874 92F36E00-8D8F-11E2-9F6C-F95FE0F69D2B !  0 0 0 129770288 109372 171628 0 0 0 2 1136 2816 0 0 100 0
44 1363365893 9E0DE2AC-8D8F-11E2-9F6C-F95FE0F69D2B !  1 0 0 129764216 109376 171652 0 0 0 25 1166 2871 0 0 100 0
45 1363365912 A951BBD4-8D8F-11E2-9F6C-F95FE0F69D2B !  1 0 0 129759744 109380 171688 0 0 0 2 1174 2922 0 0 100 0
46 1363365930 B46391F0-8D8F-11E2-9F6C-F95FE0F69D2B !  0 0 0 129755616 109380 171708 0 0 0 2 1206 2988 0 0 100 0
47 1363365949 BF7E435A-8D8F-11E2-9F6C-F95FE0F69D2B !  0 0 0 129751376 109380 171744 0 0 0 2 1272 3080 0 0 100 0
48 1363365969 CAD620A6-8D8F-11E2-9F6C-F95FE0F69D2B !  1 0 0 129745104 109380 171768 0 0 0 22 1328 3133 0 0 100 0
49 1363365988 D6716ED4-8D8F-11E2-9F6C-F95FE0F69D2B !  0 0 0 129741192 109384 171796 0 0 0 2 1377 3211 0 0 100 0
50 1363366007 E2094D20-8D8F-11E2-9F6C-F95FE0F69D2B !  0 0 0 129735632 109384 171824 0 0 0 2 1397 3272 0 0 100 0
51 1363366027 ED52DB56-8D8F-11E2-9F6C-F95FE0F69D2B !  1 0 0 129732320 109388 171848 0 0 0 2 1428 3338 0 0 100 0
52 1363366046 F90621E2-8D8F-11E2-9F6C-F95FE0F69D2B !  1 0 0 129725840 109392 171880 0 0 0 10 1460 3426 0 0 100 0
53 1363366065 044BFBE4-8D90-11E2-9F6C-F95FE0F69D2B !  1 0 0 129721496 109392 171908 0 0 0 2 1469 3460 0 0 100 0
54 1363366083 0F9331CA-8D90-11E2-9F6C-F95FE0F69D2B !  0 0 0 129716408 109392 171940 0 0 0 24 1495 3525 0 0 100 0
55 1363366103 1AD8D8FA-8D90-11E2-9F6C-F95FE0F69D2B !  0 0 0 129712080 109392 171968 0 0 0 2 1506 3572 0 0 100 0
56 1363366122 2631867A-8D90-11E2-9F6C-F95FE0F69D2B !  1 0 0 129706696 109392 171996 0 0 0 2 1528 3640 0 0 100 0
57 1363366141 318EEF08-8D90-11E2-9F6C-F95FE0F69D2B !  0 0 0 129700832 109392 172028 0 0 0 11 1558 3719 0 0 100 0
58 1363366160 3CFF9216-8D90-11E2-9F6C-F95FE0F69D2B !  0 0 0 129697416 109392 172052 0 0 0 10 1579 3772 0 0 100 0
59 1363366180 4879D67E-8D90-11E2-9F6C-F95FE0F69D2B !  1 0 0 129692112 109392 172080 0 0 0 2 1610 3841 0 0 100 0
60 1363366199 541D1C66-8D90-11E2-9F6C-F95FE0F69D2B !  1 1 0 129686200 109392 172108 0 0 0 30 1650 3915 0 0 100 0
61 1363366218 5F894C0A-8D90-11E2-9F6C-F95FE0F69D2B !  0 0 0 129681608 109392 172136 0 0 0 2 1674 3994 0 0 100 0
62 1363366237 6AE3A924-8D90-11E2-9F6C-F95FE0F69D2B !  0 0 0 129677968 109392 172168 0 0 0 3 1707 4040 0 0 100 0
63 1363366256 76610B2A-8D90-11E2-9F6C-F95FE0F69D2B !  1 0 0 129672368 109392 172200 0 0 0 10 1758 4072 0 0 100 0
64 1363366276 81DE8FB8-8D90-11E2-9F6C-F95FE0F69D2B !  1 0 0 129666272 109392 172220 0 0 0 10 1803 4145 0 0 100 0
65 1363366294 8D7BA478-8D90-11E2-9F6C-F95FE0F69D2B !  0 0 0 129662944 109392 172248 0 0 0 2 1833 4207 0 0 100 0
66 1363366314 98845E5A-8D90-11E2-9F6C-F95FE0F69D2B !  1 0 0 129658048 109392 172276 0 0 0 23 1878 4286 0 0 100 0
67 1363366333 A40F67A6-8D90-11E2-9F6C-F95FE0F69D2B !  0 0 0 129652848 109396 172308 0 0 0 2 1881 4329 0 0 100 0
68 1363366352 AF97BF38-8D90-11E2-9F6C-F95FE0F69D2B !  1 0 0 129647856 109396 172340 0 0 0 2 1913 4416 0 0 100 0
69 1363366372 BB2669C6-8D90-11E2-9F6C-F95FE0F69D2B !  1 0 0 129643824 109396 172360 0 0 0 10 1935 4470 0 0 100 0
70 1363366391 C6BE2CCE-8D90-11E2-9F6C-F95FE0F69D2B !  0 0 0 129639648 109396 172388 0 0 0 10 1975 4522 0 0 100 0
71 1363366412 D2639D02-8D90-11E2-9F6C-F95FE0F69D2B !  0 0 0 129633600 109396 172420 0 0 0 10 1997 4580 0 0 100 0
72 1363366431 DE5EF494-8D90-11E2-9F6C-F95FE0F69D2B !  1 0 0 129629024 109400 172456 0 0 0 10 2018 4643 0 0 100 0
73 1363366451 E9F39C24-8D90-11E2-9F6C-F95FE0F69D2B !  1 0 0 129623888 109400 172476 0 0 0 10 2042 4706 0 0 100 0
74 1363366471 F6050B06-8D90-11E2-9F6C-F95FE0F69D2B !  1 0 0 129618336 109400 172504 0 0 0 10 2071 4770 0 0 100 0
75 1363366490 01CB7C0E-8D91-11E2-9F6C-F95FE0F69D2B !  1 0 0 129612840 109400 172540 0 0 0 12 2094 4833 0 0 100 0
76 1363366510 0D746822-8D91-11E2-9F6C-F95FE0F69D2B !  1 0 0 129606752 109400 172568 0 0 0 37 2138 4906 0 0 100 0
77 1363366529 1911D8B8-8D91-11E2-9F6C-F95FE0F69D2B !  1 0 0 129601256 109400 172592 0 0 0 2 2144 4965 0 0 100 0
78 1363366549 24A7EC8A-8D91-11E2-9F6C-F95FE0F69D2B !  0 0 0 129598592 109400 172624 0 0 0 2 2166 5024 0 0 100 0
79 1363366567 306819B4-8D91-11E2-9F6C-F95FE0F69D2B !  1 0 0 129593776 109400 172656 0 0 0 2 2198 5095 0 0 100 0
80 1363366587 3B4CEDD2-8D91-11E2-9F6C-F95FE0F69D2B !  2 0 0 129589056 109404 172684 0 0 0 2 2222 5145 0 0 100 0
81 1363366607 47078A42-8D91-11E2-9F6C-F95FE0F69D2B !  1 0 0 129583744 109404 172716 0 0 0 10 2245 5214 0 0 100 0
82 1363366627 52C9D3E4-8D91-11E2-9F6C-F95FE0F69D2B !  2 0 0 129578120 109404 172740 0 0 0 13 2272 5279 0 0 100 0
83 1363366646 5E908E5C-8D91-11E2-9F6C-F95FE0F69D2B !  1 0 0 129573368 109404 172764 0 0 0 10 2300 5344 0 0 100 0
84 1363366666 6A6A53F2-8D91-11E2-9F6C-F95FE0F69D2B !  1 0 0 129567776 109404 172796 0 0 0 10 2306 5438 0 0 100 0
85 1363366686 76405DCA-8D91-11E2-9F6C-F95FE0F69D2B !  0 0 0 129563728 109404 172824 0 0 0 10 2360 5496 0 0 100 0
86 1363366707 821EBF60-8D91-11E2-9F6C-F95FE0F69D2B !  0 0 0 129559992 109404 172856 0 0 0 10 2389 5575 0 0 100 0
87 1363366727 8E58BB5A-8D91-11E2-9F6C-F95FE0F69D2B !  0 0 0 129553856 109404 172880 0 0 0 10 2397 5613 0 0 100 0
88 1363366746 9A33BF1A-8D91-11E2-9F6C-F95FE0F69D2B !  0 0 0 129548960 109408 172908 0 0 0 10 2431 5686 0 0 100 0
89 1363366766 A60747EE-8D91-11E2-9F6C-F95FE0F69D2B !  0 0 0 129544072 109408 172932 0 0 0 11 2460 5755 0 0 100 0
90 1363366786 B1E4814E-8D91-11E2-9F6C-F95FE0F69D2B !  0 0 0 129540592 109408 172964 0 0 0 10 2526 5842 0 0 100 0
91 1363366806 BDD336D0-8D91-11E2-9F6C-F95FE0F69D2B !  0 0 0 129534080 109408 172996 0 0 0 10 2573 5911 0 0 100 0
92 1363366826 C9BA1D10-8D91-11E2-9F6C-F95FE0F69D2B !  1 0 0 129530256 109408 173028 0 0 0 12 2578 5960 0 0 100 0
93 1363366847 D5B5C452-8D91-11E2-9F6C-F95FE0F69D2B !  1 0 0 129525856 109408 173052 0 0 0 10 2618 6051 0 0 100 0
94 1363366867 E1BA37F6-8D91-11E2-9F6C-F95FE0F69D2B !  1 0 0 129521464 109408 173080 0 0 0 10 2638 6096 0 0 100 0
95 1363366887 EDA3E166-8D91-11E2-9F6C-F95FE0F69D2B !  1 0 0 129516064 109408 173112 0 0 0 10 2666 6153 0 0 100 0
96 1363366907 F991E43C-8D91-11E2-9F6C-F95FE0F69D2B !  1 0 0 129509984 109412 173140 0 0 0 10 2683 6217 0 0 100 0
97 1363366927 05A943FA-8D92-11E2-9F6C-F95FE0F69D2B !  0 0 0 129505040 109412 173168 0 0 0 11 2781 6257 0 0 100 0
98 1363366948 11CAFF70-8D92-11E2-9F6C-F95FE0F69D2B !  1 0 0 129500296 109412 173196 0 0 0 10 2782 6320 0 0 99 0
99 1363366968 1DDEA44C-8D92-11E2-9F6C-F95FE0F69D2B !  1 0 0 129495440 109412 173224 0 0 0 10 2790 6356 0 0 100 0
100 1363366988 29D2B310-8D92-11E2-9F6C-F95FE0F69D2B !  0 0 0 129490016 109412 173252 0 0 0 10 2823 6433 0 0 99 0
101 1363367009 361D5382-8D92-11E2-9F6C-F95FE0F69D2B !  0 0 0 129485608 109412 173284 0 0 0 10 2839 6488 0 0 100 0
102 1363367029 4262BC22-8D92-11E2-9F6C-F95FE0F69D2B !  1 0 0 129480096 109412 173304 0 0 0 13 2903 6565 0 0 99 0
103 1363367050 4E915062-8D92-11E2-9F6C-F95FE0F69D2B !  0 0 0 129476288 109416 173336 0 0 0 1 2932 6657 0 0 99 0
104 1363367070 5ACCE9D6-8D92-11E2-9F6C-F95FE0F69D2B !  0 0 0 129470640 109420 173368 0 0 0 2 2953 6689 0 0 99 0
105 1363367091 66FE4C18-8D92-11E2-9F6C-F95FE0F69D2B !  0 0 0 129465760 109420 173396 0 0 0 2 2964 6756 0 0 100 0
106 1363367111 733ACCC2-8D92-11E2-9F6C-F95FE0F69D2B !  1 0 0 129458992 109420 173420 0 0 0 10 3016 6826 0 0 99 0
107 1363367132 7F902E0E-8D92-11E2-9F6C-F95FE0F69D2B !  2 0 0 129455696 109420 173444 0 0 0 10 3045 6901 0 0 99 0
108 1363367154 8C0F2324-8D92-11E2-9F6C-F95FE0F69D2B !  1 0 0 129451768 109424 173476 0 0 0 10 3064 6958 0 0 99 0
109 1363367175 98CBE57A-8D92-11E2-9F6C-F95FE0F69D2B !  1 0 0 129445584 109424 173512 0 0 0 29 3098 7024 0 0 99 0
110 1363367196 A567D032-8D92-11E2-9F6C-F95FE0F69D2B !  0 0 0 129440400 109424 173536 0 0 0 12 3129 7087 0 0 99 0
111 1363367217 B1F901A4-8D92-11E2-9F6C-F95FE0F69D2B !  1 0 0 129435872 109424 173568 0 0 0 10 3133 7155 0 0 99 0
112 1363367237 BE3BBD08-8D92-11E2-9F6C-F95FE0F69D2B !  1 0 0 129430992 109428 173596 0 0 0 10 3144 7220 0 0 99 0
113 1363367258 CA98CA64-8D92-11E2-9F6C-F95FE0F69D2B !  0 0 0 129424680 109428 173624 0 0 0 10 3203 7298 0 0 99 0
114 1363367279 D701B75C-8D92-11E2-9F6C-F95FE0F69D2B !  0 0 0 129419824 109428 173652 0 0 0 22 3234 7344 0 0 99 0
115 1363367300 E3A9E7A4-8D92-11E2-9F6C-F95FE0F69D2B !  1 0 0 129413776 109428 173676 0 0 0 10 3235 7404 0 0 99 0
116 1363367321 F01AB72A-8D92-11E2-9F6C-F95FE0F69D2B !  1 0 0 129411184 109428 173704 0 0 0 2 3258 7477 0 0 99 0
117 1363367342 FC7A537C-8D92-11E2-9F6C-F95FE0F69D2B !  0 0 0 129405496 109428 173736 0 0 0 10 3279 7540 0 0 99 0
118 1363367363 08F92060-8D93-11E2-9F6C-F95FE0F69D2B !  1 0 0 129400912 109428 173764 0 0 0 10 3313 7605 0 0 99 0
119 1363367384 1583B2BE-8D93-11E2-9F6C-F95FE0F69D2B !  1 0 0 129396688 109428 173792 0 0 0 28 3336 7665 0 0 99 0
120 1363367405 21F768C4-8D93-11E2-9F6C-F95FE0F69D2B !  0 0 0 129390480 109432 173824 0 0 0 13 3369 7745 0 0 99 0
121 1363367427 2E70732A-8D93-11E2-9F6C-F95FE0F69D2B !  2 0 0 129386248 109432 173852 0 0 0 0 3381 7790 0 0 99 0
122 1363367448 3B85D744-8D93-11E2-9F6C-F95FE0F69D2B !  1 0 0 129381520 109432 173880 0 0 0 10 3412 7841 0 0 99 0
123 1363367469 4806EA8A-8D93-11E2-9F6C-F95FE0F69D2B !  1 0 0 129375264 109432 173908 0 0 0 10 3451 7935 0 0 99 0
124 1363367490 54ADBF84-8D93-11E2-9F6C-F95FE0F69D2B !  0 0 0 129370720 109432 173936 0 0 0 27 3467 7981 0 0 99 0
125 1363367511 614D0CCC-8D93-11E2-9F6C-F95FE0F69D2B !  1 0 0 129364936 109432 173964 0 0 0 0 3489 8035 0 0 99 0
126 1363367533 6DFF1DD4-8D93-11E2-9F6C-F95FE0F69D2B !  0 0 0 129361448 109432 173992 0 0 0 1 3498 8103 0 0 99 0
127 1363367554 7ACE8F9A-8D93-11E2-9F6C-F95FE0F69D2B !  1 0 0 129355328 109432 174024 0 0 0 10 3532 8167 0 0 99 0
128 1363367575 87886472-8D93-11E2-9F6C-F95FE0F69D2B !  0 0 0 129350704 109436 174048 0 0 0 10 3562 8237 0 0 99 0
129 1363367597 941ED202-8D93-11E2-9F6C-F95FE0F69D2B !  0 0 0 129345024 109436 174084 0 0 0 0 3606 8299 0 0 99 0
130 1363367619 A11860A4-8D93-11E2-9F6C-F95FE0F69D2B !  1 0 0 129341696 109436 174104 0 0 0 1 3625 8363 0 0 99 0
131 1363367640 ADFCDE26-8D93-11E2-9F6C-F95FE0F69D2B !  1 0 0 129336800 109436 174136 0 0 0 9 3645 8425 0 0 99 0
132 1363367662 BAC96B1A-8D93-11E2-9F6C-F95FE0F69D2B !  4 0 0 129332400 109436 174164 0 0 0 20 3686 8495 0 1 99 0
133 1363367684 C7B9C798-8D93-11E2-9F6C-F95FE0F69D2B !  2 0 0 129326848 109436 174192 0 0 0 10 3702 8549 0 0 99 0
134 1363367705 D48D6C72-8D93-11E2-9F6C-F95FE0F69D2B !  0 0 0 129320392 109436 174220 0 0 0 9 3795 8628 0 0 99 0
135 1363367726 E14B15F4-8D93-11E2-9F6C-F95FE0F69D2B !  1 0 0 129315808 109436 174244 0 0 0 1 3778 8683 0 1 99 0
136 1363367748 EDDF2922-8D93-11E2-9F6C-F95FE0F69D2B !  1 0 0 129310528 109440 174272 0 0 0 9 3805 8750 0 1 99 0
137 1363367770 FACEC6EC-8D93-11E2-9F6C-F95FE0F69D2B !  1 0 0 129305832 109440 174304 0 0 0 36 3838 8802 0 1 99 0
138 1363367792 07D8BDDE-8D94-11E2-9F6C-F95FE0F69D2B !  1 0 0 129300104 109440 174332 0 0 0 0 3865 8879 0 1 99 0
139 1363367813 1506DF90-8D94-11E2-9F6C-F95FE0F69D2B !  0 0 0 129295584 109440 174364 0 0 0 9 3884 8932 0 1 99 0
140 1363367835 21F4250A-8D94-11E2-9F6C-F95FE0F69D2B !  1 0 0 129291328 109440 174392 0 0 0 12 3960 9001 0 1 99 0
141 1363367857 2EF15C64-8D94-11E2-9F6C-F95FE0F69D2B !  3 0 0 129285920 109440 174420 0 0 0 0 3970 9064 0 1 99 0
142 1363367879 3BEFD080-8D94-11E2-9F6C-F95FE0F69D2B !  4 0 0 129280752 109440 174448 0 0 0 9 4002 9131 0 1 99 0
143 1363367901 491B32C2-8D94-11E2-9F6C-F95FE0F69D2B !  0 0 0 129275840 109440 174476 0 0 0 1 4005 9182 0 1 99 0
144 1363367923 56484660-8D94-11E2-9F6C-F95FE0F69D2B !  2 0 0 129271392 109444 174504 0 0 0 22 4101 9261 0 1 99 0
145 1363367946 637307DA-8D94-11E2-9F6C-F95FE0F69D2B !  0 0 0 129266360 109444 174536 0 0 0 11 4161 9352 0 1 99 0
146 1363367968 70D31A64-8D94-11E2-9F6C-F95FE0F69D2B !  3 0 0 129260528 109444 174556 0 0 0 0 4173 9403 0 1 99 0
147 1363367990 7DF0DCFE-8D94-11E2-9F6C-F95FE0F69D2B !  2 0 0 129256992 109444 174596 0 0 0 9 4256 9469 0 1 99 0
148 1363368012 8B227B08-8D94-11E2-9F6C-F95FE0F69D2B !  2 0 0 129251896 109444 174624 0 0 0 10 4283 9525 0 1 99 0
149 1363368035 98A05AD4-8D94-11E2-9F6C-F95FE0F69D2B !  1 0 0 129246464 109444 174648 0 0 0 34 4322 9581 0 1 99 0
150 1363368057 A61D8560-8D94-11E2-9F6C-F95FE0F69D2B !  0 0 0 129241976 109444 174680 0 0 0 1 4299 9641 0 1 99 0
151 1363368080 B300A5F0-8D94-11E2-9F6C-F95FE0F69D2B !  1 0 0 129237104 109444 174708 0 0 0 9 4333 9702 0 1 99 0
152 1363368102 C09A900E-8D94-11E2-9F6C-F95FE0F69D2B !  0 0 0 129230880 109448 174732 0 0 0 0 4478 9753 0 1 99 0
153 1363368124 CE1D8326-8D94-11E2-9F6C-F95FE0F69D2B !  1 0 0 129224512 109456 174772 0 0 0 1 4409 9856 0 1 99 0
154 1363368147 DB5EF952-8D94-11E2-9F6C-F95FE0F69D2B !  0 0 0 129219640 109456 174800 0 0 0 0 4463 9895 0 1 99 0
155 1363368170 E8F8591E-8D94-11E2-9F6C-F95FE0F69D2B !  2 0 0 129216632 109456 174828 0 0 0 10 4562 9989 0 1 99 0
156 1363368193 F6CD78F8-8D94-11E2-9F6C-F95FE0F69D2B !  1 0 0 129211200 109456 174856 0 0 0 0 4541 10053 0 1 99 0
157 1363368216 0477D156-8D95-11E2-9F6C-F95FE0F69D2B !  2 0 0 129206560 109456 174884 0 0 0 18 4744 10046 0 1 99 0
158 1363368238 11C0601C-8D95-11E2-9F6C-F95FE0F69D2B !  0 0 0 129200896 109456 174916 0 0 0 10 4682 10137 0 1 99 0
159 1363368261 1F1453AE-8D95-11E2-9F6C-F95FE0F69D2B !  1 0 0 129196592 109456 174940 0 0 0 10 4987 10129 0 1 99 0
160 1363368284 2CA16548-8D95-11E2-9F6C-F95FE0F69D2B !  2 0 0 129191520 109460 174972 0 0 0 21 4915 10271 0 1 99 0
161 1363368308 3AB9F56E-8D95-11E2-9F6C-F95FE0F69D2B !  0 0 0 129185552 109460 175004 0 0 0 0 4910 10308 0 1 99 0
162 1363368332 488B215E-8D95-11E2-9F6C-F95FE0F69D2B !  1 0 0 129180896 109460 175032 0 0 0 10 5210 10221 0 1 99 0
163 1363368356 56CAFA64-8D95-11E2-9F6C-F95FE0F69D2B !  1 0 0 129175912 109460 175064 0 0 0 28 5039 10359 0 1 99 0
164 1363368377 651E8D56-8D95-11E2-9F6C-F95FE0F69D2B !  0 0 0 129171072 109460 175088 0 0 0 0 5119 10355 0 1 99 0
165 1363368401 72266ECE-8D95-11E2-9F6C-F95FE0F69D2B !  1 0 0 129165808 109460 175116 0 0 0 1 5116 10455 0 1 99 0
166 1363368426 807D4114-8D95-11E2-9F6C-F95FE0F69D2B !  1 0 0 129160912 109464 175148 0 0 0 22 5292 10429 0 1 99 0
167 1363368450 8F562304-8D95-11E2-9F6C-F95FE0F69D2B ! 18 0 0 129154496 109464 175176 0 0 0 0 5786 10130 0 2 98 0
168 1363368474 9D848538-8D95-11E2-9F6C-F95FE0F69D2B ! 20 0 0 129149216 109468 175204 0 0 0 0 5544 10322 0 2 98 0
169 1363368499 AB995AEA-8D95-11E2-9F6C-F95FE0F69D2B ! 35 0 0 129146520 109468 175232 0 0 0 7 5600 10392 0 2 98 0
170 1363368523 BAAD8984-8D95-11E2-9F6C-F95FE0F69D2B !  0 0 0 129141264 109468 175260 0 0 0 0 5748 10381 0 2 98 0
171 1363368548 C8DCFE18-8D95-11E2-9F6C-F95FE0F69D2B !  7 0 0 129136488 109468 175288 0 0 0 0 6860 9472 0 4 96 0
172 1363368574 D7B15FCE-8D95-11E2-9F6C-F95FE0F69D2B !  9 0 0 129131456 109476 175316 0 0 0 7 5937 10288 0 2 98 0
173 1363368600 E763C768-8D95-11E2-9F6C-F95FE0F69D2B !  2 0 0 129125056 109476 175348 0 0 0 7 6142 10290 0 2 97 0
174 1363368625 F6A80A68-8D95-11E2-9F6C-F95FE0F69D2B ! 25 0 0 129120576 109476 175372 0 0 0 7 7095 9430 0 4 95 0
175 1363368651 05739562-8D96-11E2-9F6C-F95FE0F69D2B !  9 0 0 129115920 109476 175400 0 0 0 6 7364 9181 0 5 94 0
176 1363368676 1575E4A6-8D96-11E2-9F6C-F95FE0F69D2B !  8 0 0 129110312 109480 175428 0 0 0 7 7864 8709 0 7 93 0
177 1363368700 24174892-8D96-11E2-9F6C-F95FE0F69D2B ! 15 0 0 129104560 109480 175456 0 0 0 7 7726 8904 0 6 93 0
178 1363368725 3296C0C8-8D96-11E2-9F6C-F95FE0F69D2B ! 21 0 0 129099760 109484 175488 0 0 0 7 7409 9234 0 5 94 0
179 1363368751 4157F44C-8D96-11E2-9F6C-F95FE0F69D2B ! 25 0 0 129095144 109484 175516 0 0 0 6 7876 8683 0 7 93 0
180 1363368776 50D9FBCC-8D96-11E2-9F6C-F95FE0F69D2B !  1 0 0 129089296 109484 175544 0 0 0 6 7460 9229 0 6 94 0
181 1363368803 5FC105B8-8D96-11E2-9F6C-F95FE0F69D2B ! 21 0 0 129084464 109484 175572 0 0 0 0 7238 9629 0 5 95 0
182 1363368830 70093B5C-8D96-11E2-9F6C-F95FE0F69D2B ! 14 0 0 129079680 109484 175600 0 0 0 6 7882 8710 1 7 93 0
183 1363368853 7FAE7AD6-8D96-11E2-9F6C-F95FE0F69D2B ! 22 0 0 129074496 109484 175628 0 0 0 7 7406 9411 0 5 94 0
184 1363368877 8D63F6EC-8D96-11E2-9F6C-F95FE0F69D2B ! 11 0 0 129070192 109488 175660 0 0 0 0 8164 8770 0 8 91 0
185 1363368904 9C146CB2-8D96-11E2-9F6C-F95FE0F69D2B ! 12 0 0 129063552 109488 175692 0 0 0 0 7784 9107 0 7 93 0
186 1363368929 AC176F42-8D96-11E2-9F6C-F95FE0F69D2B ! 41 0 0 129060576 109488 175720 0 0 0 8 8036 8610 1 8 92 0
187 1363368954 BB2EB36E-8D96-11E2-9F6C-F95FE0F69D2B ! 30 0 0 129055368 109488 175744 0 0 0 0 7460 9720 0 5 94 0
188 1363368979 C9EBA452-8D96-11E2-9F6C-F95FE0F69D2B ! 41 0 0 129050152 109488 175776 0 0 0 0 8017 8576 1 8 91 0
189 1363369001 D8B75896-8D96-11E2-9F6C-F95FE0F69D2B ! 20 0 0 129045520 109488 175804 0 0 0 10 8058 8656 0 8 91 0
190 1363369026 E5BC47A4-8D96-11E2-9F6C-F95FE0F69D2B ! 24 0 0 129040264 109488 175832 0 0 0 6 8057 8456 1 9 90 0
191 1363369051 F4D053E8-8D96-11E2-9F6C-F95FE0F69D2B ! 15 0 0 129034720 109488 175860 0 0 0 20 8208 8620 1 9 91 0
192 1363369078 03C95A70-8D97-11E2-9F6C-F95FE0F69D2B !  2 0 0 129030240 109492 175884 0 0 0 0 7856 9186 0 7 92 0
193 1363369101 13A3C7BE-8D97-11E2-9F6C-F95FE0F69D2B ! 25 0 0 129024272 109492 175916 0 0 0 7 8148 8627 1 9 90 0
194 1363369128 2199AE9C-8D97-11E2-9F6C-F95FE0F69D2B ! 14 0 0 129020232 109492 175944 0 0 0 0 8129 8785 1 8 91 0
195 1363369153 3194D65A-8D97-11E2-9F6C-F95FE0F69D2B ! 28 0 0 129014584 109492 175972 0 0 0 19 8099 8568 1 9 91 0
196 1363369177 403ADD58-8D97-11E2-9F6C-F95FE0F69D2B !  0 0 0 129010272 109492 176000 0 0 0 0 8209 8769 1 9 90 0
197 1363369201 4EA96E18-8D97-11E2-9F6C-F95FE0F69D2B ! 27 0 0 129005032 109492 176032 0 0 0 7 7678 8262 1 8 92 0
198 1363369224 5D169BEC-8D97-11E2-9F6C-F95FE0F69D2B ! 23 0 0 128999520 109496 176076 0 0 0 37 8125 8680 1 9 90 0
199 1363369250 6ACFF03A-8D97-11E2-9F6C-F95FE0F69D2B ! 22 0 0 128994608 109496 176104 0 0 0 0 8149 8656 1 9 90 0
200 1363369272 7A1C6442-8D97-11E2-9F6C-F95FE0F69D2B ! 21 0 0 128988160 109504 176128 0 0 0 10 8207 8626 1 10 90 0
201 1363369295 8737D486-8D97-11E2-9F6C-F95FE0F69D2B !  0 0 0 128983208 109504 176164 0 0 0 10 8000 9470 0 8 92 0
202 1363369317 94CD5300-8D97-11E2-9F6C-F95FE0F69D2B ! 23 0 0 128977824 109504 176188 0 0 0 10 8447 9906 0 7 92 0
203 1363369339 A237E2B2-8D97-11E2-9F6C-F95FE0F69D2B ! 20 0 0 128972568 109504 176216 0 0 0 26 8406 8748 1 12 88 0
204 1363369365 AF7E1770-8D97-11E2-9F6C-F95FE0F69D2B ! 26 0 0 128968912 109504 176244 0 0 0 7 7743 9477 1 8 92 0
205 1363369391 BE9E87B2-8D97-11E2-9F6C-F95FE0F69D2B ! 49 0 0 128964720 109504 176276 0 0 0 6 8164 8661 1 11 89 0
206 1363369414 CE3E823A-8D97-11E2-9F6C-F95FE0F69D2B ! 41 0 0 128960432 109504 176304 0 0 0 0 8116 8671 1 11 89 0
207 1363369439 DBF01AA6-8D97-11E2-9F6C-F95FE0F69D2B ! 19 0 0 128955664 109504 176332 0 0 0 0 8372 9171 1 10 90 0
208 1363369463 EA9E15F8-8D97-11E2-9F6C-F95FE0F69D2B ! 49 0 0 128949360 109508 176356 0 0 0 0 8223 8742 1 12 88 0
209 1363369487 F958D2B8-8D97-11E2-9F6C-F95FE0F69D2B ! 23 0 0 128942928 109508 176388 0 0 0 10 8275 9361 1 9 91 0
210 1363369509 07A8E876-8D98-11E2-9F6C-F95FE0F69D2B ! 24 0 0 128937728 109508 176416 0 0 0 15 8201 9828 1 8 91 0
211 1363369534 14B7375C-8D98-11E2-9F6C-F95FE0F69D2B ! 28 0 0 128932272 109508 176444 0 0 0 0 8727 9734 1 8 91 0
212 1363369556 234C36A0-8D98-11E2-9F6C-F95FE0F69D2B !  9 0 0 128928192 109508 176472 0 0 0 26 8607 10178 0 6 93 0
213 1363369581 30D76FF6-8D98-11E2-9F6C-F95FE0F69D2B ! 29 0 0 128923096 109508 176504 0 0 0 0 8734 9551 1 9 91 0
214 1363369606 3F67F860-8D98-11E2-9F6C-F95FE0F69D2B ! 61 0 0 128917856 109508 176528 0 0 0 6 8410 10156 0 7 93 0
215 1363369630 4E301670-8D98-11E2-9F6C-F95FE0F69D2B ! 50 0 0 128913960 109508 176556 0 0 0 7 8553 9916 1 8 91 0
216 1363369654 5D013FEE-8D98-11E2-9F6C-F95FE0F69D2B ! 74 0 0 128909056 109560 176684 0 0 0 7 8010 8710 1 11 88 0
217 1363369677 6AEED508-8D98-11E2-9F6C-F95FE0F69D2B ! 11 1 0 128903864 109560 176712 0 0 0 7 8676 9617 1 9 91 0
218 1363369700 788FDDA6-8D98-11E2-9F6C-F95FE0F69D2B !  0 0 0 128898712 109560 176740 0 0 0 21 8647 9661 1 10 89 0
219 1363369726 8697EB46-8D98-11E2-9F6C-F95FE0F69D2B ! 33 0 0 128894560 109564 176768 0 0 0 0 8148 9718 1 10 89 0
220 1363369749 95DABA7A-8D98-11E2-9F6C-F95FE0F69D2B ! 24 0 0 128888928 109564 176800 0 0 0 0 8797 10016 0 8 91 0
221 1363369773 A3E471E2-8D98-11E2-9F6C-F95FE0F69D2B ! 37 0 0 128884904 109564 176828 0 0 0 20 8939 9849 1 9 91 0
222 1363369800 B1D685BA-8D98-11E2-9F6C-F95FE0F69D2B ! 13 0 0 128879456 109564 176856 0 0 0 6 8325 9086 1 13 87 0
223 1363369823 C1D1F30A-8D98-11E2-9F6C-F95FE0F69D2B ! 29 0 0 128875032 109564 176888 0 0 0 7 8884 9639 1 11 89 0
224 1363369846 CF8C6106-8D98-11E2-9F6C-F95FE0F69D2B ! 17 0 0 128869472 109568 176912 0 0 0 12 8889 9881 0 9 91 0
225 1363369871 DDBDEEB6-8D98-11E2-9F6C-F95FE0F69D2B ! 37 0 0 128864544 109568 176944 0 0 0 7 8209 10085 1 9 91 0
226 1363369895 EC4B8B46-8D98-11E2-9F6C-F95FE0F69D2B ! 27 0 0 128859360 109568 176972 0 0 0 7 8276 9162 1 13 86 0
227 1363369918 FA9D998C-8D98-11E2-9F6C-F95FE0F69D2B ! 24 0 0 128854464 109568 177000 0 0 0 18 8977 10188 0 8 91 0
228 1363369943 0884216A-8D99-11E2-9F6C-F95FE0F69D2B ! 10 0 0 128849472 109568 177028 0 0 0 7 8505 9343 1 13 86 0
229 1363369965 177A44BA-8D99-11E2-9F6C-F95FE0F69D2B ! 69 0 0 128843920 109568 177056 0 0 0 7 9183 10020 0 11 89 0
230 1363369986 248E7446-8D99-11E2-9F6C-F95FE0F69D2B ! 41 0 0 128838864 109568 177084 0 0 0 10 8467 10493 1 9 90 0
231 1363370010 312F8096-8D99-11E2-9F6C-F95FE0F69D2B ! 21 0 0 128833960 109568 177112 0 0 0 10 8807 9814 1 11 88 0
232 1363370036 3F8520F6-8D99-11E2-9F6C-F95FE0F69D2B ! 58 0 0 128827920 109572 177140 0 0 0 7 9032 11283 0 7 93 0
233 1363370060 4EA310F2-8D99-11E2-9F6C-F95FE0F69D2B ! 33 0 0 128823208 109572 177172 0 0 0 20 8807 9891 1 10 90 0
234 1363370084 5D29F0F0-8D99-11E2-9F6C-F95FE0F69D2B ! 26 0 0 128818720 109572 177196 0 0 0 0 9150 10102 1 10 89 0
235 1363370108 6BA16690-8D99-11E2-9F6C-F95FE0F69D2B !  4 0 0 128813456 109572 177224 0 0 0 0 9349 10940 0 8 92 0
236 1363370132 79DD0E4E-8D99-11E2-9F6C-F95FE0F69D2B ! 28 0 0 128809040 109572 177256 0 0 0 14 9304 11231 0 7 93 0
237 1363370153 87BEE5FA-8D99-11E2-9F6C-F95FE0F69D2B ! 53 0 0 128803440 109572 177284 0 0 0 7 8434 10359 1 11 88 0
238 1363370177 94C06DAA-8D99-11E2-9F6C-F95FE0F69D2B ! 42 0 0 128798280 109572 177312 0 0 0 30 8614 9731 1 11 89 0
239 1363370199 A2DE2526-8D99-11E2-9F6C-F95FE0F69D2B ! 16 0 0 128792336 109572 177340 0 0 0 7 9462 11410 0 7 93 0
240 1363370221 AFDC7854-8D99-11E2-9F6C-F95FE0F69D2B ! 24 0 0 128786528 109576 177368 0 0 0 1 8427 9485 1 15 84 0
241 1363370244 BD3A7E38-8D99-11E2-9F6C-F95FE0F69D2B !  6 0 0 128780856 109576 177396 0 0 0 31 8835 10246 1 10 89 0
242 1363370266 CA87D28E-8D99-11E2-9F6C-F95FE0F69D2B ! 12 0 0 128776832 109576 177428 0 0 0 13 9216 11390 0 8 92 0
243 1363370289 D8074A02-8D99-11E2-9F6C-F95FE0F69D2B ! 15 0 0 128771824 109576 177456 0 0 0 7 9384 11651 0 7 93 0
244 1363370310 E56EE7EA-8D99-11E2-9F6C-F95FE0F69D2B ! 37 0 0 128766504 109576 177484 0 0 0 9 9670 11589 0 7 93 0
245 1363370332 F1E86046-8D99-11E2-9F6C-F95FE0F69D2B ! 44 0 0 128761680 109580 177520 0 0 0 1 9841 11048 1 9 91 0
246 1363370354 FEFEDDAA-8D99-11E2-9F6C-F95FE0F69D2B ! 55 0 0 128757072 109580 177548 0 0 0 36 8470 9745 1 14 86 0
247 1363370379 0BFD005E-8D9A-11E2-9F6C-F95FE0F69D2B ! 25 0 0 128750904 109580 177576 0 0 0 7 8874 11240 0 10 90 0
248 1363370401 1B131722-8D9A-11E2-9F6C-F95FE0F69D2B ! 27 0 0 128746888 109584 177604 0 0 0 1 9538 11276 0 8 92 0
249 1363370425 285B8E78-8D9A-11E2-9F6C-F95FE0F69D2B ! 14 0 0 128742208 109584 177632 0 0 0 0 9889 11152 1 11 88 0
250 1363370449 3664DD62-8D9A-11E2-9F6C-F95FE0F69D2B ! 27 0 0 128737144 109584 177660 0 0 0 0 9973 12017 0 6 93 0
251 1363370471 44E64100-8D9A-11E2-9F6C-F95FE0F69D2B ! 34 0 0 128731488 109584 177688 0 0 0 10 8849 10115 1 12 87 0
252 1363370493 51EECD5E-8D9A-11E2-9F6C-F95FE0F69D2B ! 37 0 0 128726624 109584 177716 0 0 0 0 9927 11118 0 10 90 0
253 1363370513 5EF653A0-8D9A-11E2-9F6C-F95FE0F69D2B ! 18 0 0 128721744 109584 177744 0 0 0 8 9979 11562 0 8 92 0
254 1363370535 6B4227D8-8D9A-11E2-9F6C-F95FE0F69D2B ! 56 0 0 128718560 109584 177772 0 0 0 10 9473 11323 0 8 91 0
255 1363370556 786C7166-8D9A-11E2-9F6C-F95FE0F69D2B !  2 0 0 128713168 109584 177804 0 0 0 10 9523 11517 1 10 89 0
256 1363370576 84F954B2-8D9A-11E2-9F6C-F95FE0F69D2B ! 53 0 0 128706672 109588 177836 0 0 0 20 10036 11377 0 9 91 0
257 1363370598 90DF04A2-8D9A-11E2-9F6C-F95FE0F69D2B ! 47 0 0 128701632 109588 177864 0 0 0 0 9582 11165 1 9 90 0
258 1363370620 9DB42EDC-8D9A-11E2-9F6C-F95FE0F69D2B ! 11 0 0 128697408 109588 177892 0 0 0 10 10054 11544 0 9 91 0
259 1363370641 AA8F2D32-8D9A-11E2-9F6C-F95FE0F69D2B ! 10 0 0 128692264 109588 177920 0 0 0 10 9306 11599 0 8 92 0
260 1363370663 B71DE8C2-8D9A-11E2-9F6C-F95FE0F69D2B !  4 0 0 128687968 109588 177948 0 0 0 0 9843 11531 0 9 90 0
261 1363370686 C4B56992-8D9A-11E2-9F6C-F95FE0F69D2B ! 38 0 0 128682432 109588 177980 0 0 0 1 10039 11690 0 8 91 0
262 1363370707 D20EA34C-8D9A-11E2-9F6C-F95FE0F69D2B !  5 0 0 128676808 109588 178008 0 0 0 1 10281 12080 0 9 91 0
263 1363370729 DEBA666C-8D9A-11E2-9F6C-F95FE0F69D2B ! 31 0 0 128672704 109588 178036 0 0 0 0 9905 11134 1 12 88 0
264 1363370750 EBB6365C-8D9A-11E2-9F6C-F95FE0F69D2B ! 63 0 0 128667952 109592 178064 0 0 0 31 8901 11181 1 13 86 0
265 1363370770 F820086E-8D9A-11E2-9F6C-F95FE0F69D2B ! 50 0 0 128661152 109592 178092 0 0 0 10 8970 11453 1 13 86 0
266 1363370791 047A6AD2-8D9B-11E2-9F6C-F95FE0F69D2B ! 20 0 0 128656744 109592 178120 0 0 0 26 9216 11629 0 9 91 0
267 1363370812 108A98EC-8D9B-11E2-9F6C-F95FE0F69D2B ! 24 0 0 128652080 109592 178148 0 0 0 12 9671 11261 1 10 90 0
268 1363370834 1D75E962-8D9B-11E2-9F6C-F95FE0F69D2B ! 57 0 0 128647040 109592 178176 0 0 0 10 9596 11991 0 8 91 0
269 1363370855 2A5732B2-8D9B-11E2-9F6C-F95FE0F69D2B ! 28 0 0 128641840 109592 178204 0 0 0 10 9493 10704 1 15 85 0
270 1363370877 370D3E34-8D9B-11E2-9F6C-F95FE0F69D2B ! 72 0 0 128636368 109592 178232 0 0 0 10 9405 11802 1 10 90 0
271 1363370903 43DC7DBE-8D9B-11E2-9F6C-F95FE0F69D2B ! 49 0 0 128632144 109592 178260 0 0 0 1 9235 10995 1 17 83 0
272 1363370927 5398A8E0-8D9B-11E2-9F6C-F95FE0F69D2B !  2 0 0 128627696 109596 178288 0 0 0 6 9663 12590 0 9 90 0
273 1363370949 61EE3D38-8D9B-11E2-9F6C-F95FE0F69D2B ! 36 0 0 128622560 109596 178316 0 0 0 7 11208 12677 0 8 91 0
274 1363370969 6EFA80E0-8D9B-11E2-9F6C-F95FE0F69D2B ! 28 0 0 128617872 109596 178348 0 0 0 14 9793 11242 1 13 86 0
275 1363370990 7AF0D2C8-8D9B-11E2-9F6C-F95FE0F69D2B ! 97 0 0 128612128 109596 178376 0 0 0 9 9016 12726 0 11 89 0
276 1363371012 879B4E0E-8D9B-11E2-9F6C-F95FE0F69D2B !  8 0 0 128606576 109596 178404 0 0 0 20 10430 12711 0 8 92 0
277 1363371035 947531BC-8D9B-11E2-9F6C-F95FE0F69D2B ! 32 0 0 128600752 109596 178432 0 0 0 10 10399 11955 0 10 89 0
278 1363371056 A1EDB184-8D9B-11E2-9F6C-F95FE0F69D2B ! 20 0 0 128595048 109596 178460 0 0 0 9 9297 11532 1 15 84 0
279 1363371078 AE7E8298-8D9B-11E2-9F6C-F95FE0F69D2B ! 20 0 0 128591008 109596 178488 0 0 0 10 9844 12682 0 10 90 0
280 1363371099 BBAEB122-8D9B-11E2-9F6C-F95FE0F69D2B ! 22 0 0 128586480 109600 178520 0 0 0 12 10103 11675 1 12 87 0
281 1363371120 C851D0C6-8D9B-11E2-9F6C-F95FE0F69D2B ! 25 0 0 128580112 109600 178548 0 0 0 36 9260 12373 1 11 88 0
282 1363371142 D50D89CC-8D9B-11E2-9F6C-F95FE0F69D2B ! 44 0 0 128575408 109604 178576 0 0 0 9 10331 12646 0 9 91 0
283 1363371164 E1D6797A-8D9B-11E2-9F6C-F95FE0F69D2B ! 48 0 0 128570896 109604 178604 0 0 0 10 9415 11187 1 12 88 0
284 1363371185 EECF51C4-8D9B-11E2-9F6C-F95FE0F69D2B ! 58 0 0 128566448 109604 178632 0 0 0 10 8888 10542 1 17 82 0
285 1363371208 FB62B3E0-8D9B-11E2-9F6C-F95FE0F69D2B ! 45 0 0 128562104 109604 178660 0 0 0 10 9661 12425 1 10 89 0
286 1363371228 092AB144-8D9C-11E2-9F6C-F95FE0F69D2B ! 30 0 0 128557408 109604 178688 0 0 0 1 11319 13212 0 8 92 0
287 1363371249 1534EF5E-8D9C-11E2-9F6C-F95FE0F69D2B ! 26 0 0 128551752 109604 178716 0 0 0 10 11482 14109 0 6 94 0
288 1363371271 21C30D64-8D9C-11E2-9F6C-F95FE0F69D2B ! 34 0 0 128546688 109608 178744 0 0 0 34 11453 14166 0 6 94 0
289 1363371292 2EB16B60-8D9C-11E2-9F6C-F95FE0F69D2B !  0 0 0 128541728 109608 178772 0 0 0 10 11547 14180 0 6 94 0
290 1363371314 3B31E6D0-8D9C-11E2-9F6C-F95FE0F69D2B !  0 0 0 128537248 109612 178800 0 0 0 10 11229 14498 0 6 94 0
291 1363371337 487C2ABC-8D9C-11E2-9F6C-F95FE0F69D2B ! 12 0 0 128532880 109612 178828 0 0 0 9 11437 14184 0 6 94 0
292 1363371360 56379D4E-8D9C-11E2-9F6C-F95FE0F69D2B ! 27 0 0 128527904 109612 178860 0 0 0 7 10395 12482 0 10 90 0
293 1363371381 63AC5C12-8D9C-11E2-9F6C-F95FE0F69D2B !  7 0 0 128522864 109612 178888 0 0 0 9 10891 12781 0 9 90 0
294 1363371403 708011B8-8D9C-11E2-9F6C-F95FE0F69D2B ! 29 0 0 128517744 109612 178920 0 0 0 2 11309 14378 0 6 94 0
295 1363371425 7D795C12-8D9C-11E2-9F6C-F95FE0F69D2B ! 99 0 0 128511952 109612 178948 0 0 0 10 10757 13709 0 8 91 0
296 1363371445 8A7137A0-8D9C-11E2-9F6C-F95FE0F69D2B ! 53 0 0 128508128 109616 178976 0 0 0 9 10835 13338 0 10 90 0
297 1363371466 96B07D28-8D9C-11E2-9F6C-F95FE0F69D2B ! 42 0 0 128503144 109616 179004 0 0 0 10 11693 13958 0 7 93 0
298 1363371488 A3331628-8D9C-11E2-9F6C-F95FE0F69D2B !  6 0 0 128498320 109616 179036 0 0 0 3 11756 13832 0 7 93 0
299 1363371510 B037FBCC-8D9C-11E2-9F6C-F95FE0F69D2B ! 51 0 0 128493088 109616 179064 0 0 0 10 10385 13056 0 9 91 0
300 1363371531 BD0E9892-8D9C-11E2-9F6C-F95FE0F69D2B ! 25 0 0 128487248 109616 179092 0 0 0 30 10996 12821 0 12 88 0
301 1363371552 C9A73D70-8D9C-11E2-9F6C-F95FE0F69D2B ! 24 0 0 128481536 109616 179120 0 0 0 2 11155 13220 1 9 91 0
302 1363371573 D627DFF0-8D9C-11E2-9F6C-F95FE0F69D2B ! 20 0 0 128476480 109616 179148 0 0 0 2 11807 13758 0 8 92 0
303 1363371596 E314771E-8D9C-11E2-9F6C-F95FE0F69D2B ! 34 0 0 128472560 109616 179176 0 0 0 1 11966 14023 0 8 92 0
304 1363371618 F0A24168-8D9C-11E2-9F6C-F95FE0F69D2B ! 25 0 0 128467336 109620 179204 0 0 0 10 10874 13091 0 9 91 0
305 1363371639 FDB592C4-8D9C-11E2-9F6C-F95FE0F69D2B !  8 0 0 128462840 109632 179232 0 0 0 10 11823 13629 0 8 92 0
306 1363371660 0A2F0C42-8D9D-11E2-9F6C-F95FE0F69D2B ! 11 0 0 128457440 109656 179260 0 0 0 9 11870 13652 0 8 92 0
307 1363371683 16D09466-8D9D-11E2-9F6C-F95FE0F69D2B !  0 0 0 128452272 109680 179288 0 0 0 10 11325 14217 0 8 92 0
308 1363371705 243806E8-8D9D-11E2-9F6C-F95FE0F69D2B ! 12 0 0 128448128 109704 179316 0 0 0 34 11748 13599 0 8 92 0
309 1363371726 313EC052-8D9D-11E2-9F6C-F95FE0F69D2B ! 36 0 0 128442560 109728 179344 0 0 0 9 10937 13661 0 9 91 0
310 1363371747 3DFE1702-8D9D-11E2-9F6C-F95FE0F69D2B ! 53 0 0 128437440 109752 179372 0 0 0 30 11718 14649 0 7 93 0
311 1363371768 4A7CF73C-8D9D-11E2-9F6C-F95FE0F69D2B ! 32 0 0 128430728 109780 179400 0 0 0 12 11860 13529 0 9 91 0
312 1363371791 574195A4-8D9D-11E2-9F6C-F95FE0F69D2B ! 14 0 0 128427088 109808 179428 0 0 0 10 10150 13371 0 10 90 0
313 1363371813 6490F42A-8D9D-11E2-9F6C-F95FE0F69D2B !  0 0 0 128423104 109832 179460 0 0 0 11 11760 14190 0 7 92 0
314 1363371836 71DF91AE-8D9D-11E2-9F6C-F95FE0F69D2B ! 44 0 0 128417280 109856 179488 0 0 0 14 11199 13199 0 11 89 0
315 1363371858 7F871C28-8D9D-11E2-9F6C-F95FE0F69D2B ! 40 0 0 128412896 109880 179516 0 0 0 10 10521 13125 0 12 88 0
316 1363371879 8CAF9DEE-8D9D-11E2-9F6C-F95FE0F69D2B ! 25 0 0 128406640 109904 179544 0 0 0 10 12021 14152 0 8 92 0
317 1363371901 99504422-8D9D-11E2-9F6C-F95FE0F69D2B ! 66 0 0 128402496 109928 179572 0 0 0 9 9797 13912 0 15 85 0
318 1363371922 A657CD20-8D9D-11E2-9F6C-F95FE0F69D2B ! 18 0 0 128397328 109952 179604 0 0 0 11 11936 13851 0 8 91 0
319 1363371944 B2FFFCF0-8D9D-11E2-9F6C-F95FE0F69D2B ! 25 0 0 128391552 109976 179632 0 0 0 8 11910 13594 0 10 90 0
320 1363371965 BFD25798-8D9D-11E2-9F6C-F95FE0F69D2B !  6 0 0 128386112 110004 179660 0 0 0 9 11683 13952 0 9 91 0
321 1363371986 CC71A094-8D9D-11E2-9F6C-F95FE0F69D2B ! 35 0 0 128380176 110028 179688 0 0 0 11 12596 15098 0 7 92 0
322 1363372008 D939E728-8D9D-11E2-9F6C-F95FE0F69D2B ! 16 0 0 128376688 110052 179716 0 0 0 10 12222 14076 0 9 91 0
323 1363372033 E6634CD2-8D9D-11E2-9F6C-F95FE0F69D2B ! 76 0 0 128371360 110076 179744 0 0 0 10 11815 13999 0 8 91 0
324 1363372054 F4CA8E34-8D9D-11E2-9F6C-F95FE0F69D2B ! 37 0 0 128365960 110100 179772 0 0 0 7 12216 14077 0 9 91 0
325 1363372075 01B1CCE8-8D9E-11E2-9F6C-F95FE0F69D2B ! 43 0 0 128360520 110124 179800 0 0 0 9 12327 14827 0 8 92 0
326 1363372096 0E4C7232-8D9E-11E2-9F6C-F95FE0F69D2B ! 54 0 0 128355240 110148 179828 0 0 0 9 11968 14544 0 8 92 0
327 1363372118 1ACA700E-8D9E-11E2-9F6C-F95FE0F69D2B ! 39 0 0 128350112 110172 179856 0 0 0 10 11855 13701 0 10 90 0
328 1363372141 27BB9388-8D9E-11E2-9F6C-F95FE0F69D2B ! 24 0 0 128345816 110200 179888 0 0 0 35 11939 13895 0 9 91 0
329 1363372163 354E7DC6-8D9E-11E2-9F6C-F95FE0F69D2B !  0 0 0 128340904 110224 179916 0 0 0 13 11256 14249 0 16 84 0
330 1363372184 424FE280-8D9E-11E2-9F6C-F95FE0F69D2B ! 60 0 0 128336264 110248 179944 0 0 0 10 11895 14703 0 8 91 0
331 1363372205 4F3C32FA-8D9E-11E2-9F6C-F95FE0F69D2B ! 58 0 0 128331368 110272 179972 0 0 0 9 12291 14520 0 13 86 0
332 1363372228 5BCD4F68-8D9E-11E2-9F6C-F95FE0F69D2B ! 74 0 0 128326048 110296 180004 0 0 0 1 11760 13571 0 10 89 0
333 1363372250 6948E1E8-8D9E-11E2-9F6C-F95FE0F69D2B ! 25 0 0 128321600 110328 180032 0 0 0 38 11889 14431 0 9 91 0
334 1363372273 769930F0-8D9E-11E2-9F6C-F95FE0F69D2B ! 12 0 0 128317208 110352 180060 0 0 0 10 12485 14472 0 9 91 0
335 1363372295 842D7B40-8D9E-11E2-9F6C-F95FE0F69D2B ! 13 0 0 128311568 110376 180088 0 0 0 7 12201 15096 0 8 92 0
336 1363372317 9128E460-8D9E-11E2-9F6C-F95FE0F69D2B !  0 0 0 128305816 110404 180120 0 0 0 13 10437 13461 0 15 84 0
337 1363372339 9E511B26-8D9E-11E2-9F6C-F95FE0F69D2B ! 48 0 0 128300496 110428 180148 0 0 0 0 11975 14487 0 9 91 0
338 1363372361 AB9305E2-8D9E-11E2-9F6C-F95FE0F69D2B ! 50 0 0 128294832 110460 180176 0 0 0 26 11716 13549 0 11 88 0
339 1363372383 B8BD0E34-8D9E-11E2-9F6C-F95FE0F69D2B ! 42 0 0 128289360 110484 180204 0 0 0 10 12720 15522 0 8 91 0
340 1363372405 C58D57CC-8D9E-11E2-9F6C-F95FE0F69D2B ! 39 0 0 128284768 110508 180232 0 0 0 10 11733 14848 0 9 91 0
341 1363372426 D284E30A-8D9E-11E2-9F6C-F95FE0F69D2B !  9 0 0 128279584 110532 180260 0 0 0 9 13134 15373 0 8 92 0
342 1363372448 DF751A76-8D9E-11E2-9F6C-F95FE0F69D2B ! 54 0 0 128274368 110560 180288 0 0 0 10 12080 14594 0 9 90 0
343 1363372470 EC948A34-8D9E-11E2-9F6C-F95FE0F69D2B ! 26 0 0 128270032 110584 180316 0 0 0 10 12120 14373 0 9 90 0
344 1363372492 F9568EC0-8D9E-11E2-9F6C-F95FE0F69D2B ! 35 0 0 128264720 110612 180344 0 0 0 10 12129 14728 0 9 90 0
345 1363372513 0665EF3E-8D9F-11E2-9F6C-F95FE0F69D2B ! 43 0 0 128260048 110636 180372 0 0 0 11 11382 13472 0 17 83 0
346 1363372536 1363BAC2-8D9F-11E2-9F6C-F95FE0F69D2B ! 41 0 0 128254272 110660 180400 0 0 0 38 12459 14704 0 9 91 0
347 1363372558 20C2666E-8D9F-11E2-9F6C-F95FE0F69D2B ! 44 0 0 128251608 110684 180428 0 0 0 10 12361 14313 0 10 90 0
348 1363372581 2DEF1634-8D9F-11E2-9F6C-F95FE0F69D2B ! 23 0 0 128246016 110708 180456 0 0 0 10 11612 13719 1 12 88 0
349 1363372603 3B861072-8D9F-11E2-9F6C-F95FE0F69D2B ! 55 0 0 128241056 110732 180484 0 0 0 10 11958 14832 0 9 90 0
350 1363372624 4881DAB8-8D9F-11E2-9F6C-F95FE0F69D2B ! 16 0 0 128235280 110756 180512 0 0 0 10 12778 14952 0 9 91 0
351 1363372645 55301E8C-8D9F-11E2-9F6C-F95FE0F69D2B ! 43 0 0 128229040 110780 180540 0 0 0 9 13231 15206 0 10 90 0
352 1363372667 61CEBBD0-8D9F-11E2-9F6C-F95FE0F69D2B ! 67 0 0 128224224 110808 180572 0 0 0 14 12691 15087 0 8 91 0
353 1363372689 6F26FC5C-8D9F-11E2-9F6C-F95FE0F69D2B ! 24 0 0 128218992 110832 180600 0 0 0 0 12525 15401 0 9 91 0
354 1363372712 7C11B40C-8D9F-11E2-9F6C-F95FE0F69D2B ! 24 0 0 128214880 110868 180628 0 0 0 10 12759 14848 0 10 90 0
355 1363372734 898908CE-8D9F-11E2-9F6C-F95FE0F69D2B ! 42 0 0 128209344 110892 180660 0 0 0 10 12800 15366 0 9 91 0
356 1363372755 96952B24-8D9F-11E2-9F6C-F95FE0F69D2B ! 14 0 0 128203944 110916 180688 0 0 0 38 12686 14941 0 9 90 0
357 1363372777 A3529612-8D9F-11E2-9F6C-F95FE0F69D2B ! 40 0 0 128198240 110940 180716 0 0 0 9 12747 14970 0 9 90 0
358 1363372799 B07C82EE-8D9F-11E2-9F6C-F95FE0F69D2B ! 57 0 0 128193648 110964 180744 0 0 0 0 12326 14580 0 10 90 0
359 1363372821 BD8EDA04-8D9F-11E2-9F6C-F95FE0F69D2B ! 77 0 0 128188576 110996 180772 0 0 0 10 12832 14783 0 11 89 0
360 1363372843 CADF12F0-8D9F-11E2-9F6C-F95FE0F69D2B ! 53 0 0 128183728 111024 180800 0 0 0 10 12419 14925 0 10 89 0
361 1363372865 D8025960-8D9F-11E2-9F6C-F95FE0F69D2B ! 17 0 0 128176856 111048 180828 0 0 0 34 12270 14581 0 12 87 0
362 1363372886 E4E7F16C-8D9F-11E2-9F6C-F95FE0F69D2B ! 37 0 0 128172904 111072 180856 0 0 0 11 13235 16339 0 8 92 0
363 1363372909 F19A65E8-8D9F-11E2-9F6C-F95FE0F69D2B ! 40 0 0 128168800 111096 180888 0 0 0 29 13169 15490 0 9 91 0
364 1363372930 FF0F25B0-8D9F-11E2-9F6C-F95FE0F69D2B ! 75 0 0 128163632 111120 180916 0 0 0 10 12036 14405 0 10 89 0
365 1363372951 0B947010-8DA0-11E2-9F6C-F95FE0F69D2B ! 31 0 0 128158832 111144 180944 0 0 0 9 12638 14934 0 9 90 0
366 1363372973 180AAEA4-8DA0-11E2-9F6C-F95FE0F69D2B ! 62 0 0 128154096 111176 180972 0 0 0 8 12751 15100 0 10 90 0
367 1363372994 252B9CA6-8DA0-11E2-9F6C-F95FE0F69D2B ! 20 0 0 128147808 111200 181000 0 0 0 10 11819 14258 0 12 87 0
368 1363373015 31E7276C-8DA0-11E2-9F6C-F95FE0F69D2B ! 37 0 0 128143152 111228 181028 0 0 0 10 12853 15176 0 10 89 0
369 1363373037 3E850C82-8DA0-11E2-9F6C-F95FE0F69D2B ! 67 0 0 128137960 111252 181056 0 0 0 11 11916 14837 0 13 87 0
370 1363373058 4B4452C0-8DA0-11E2-9F6C-F95FE0F69D2B ! 31 0 0 128133136 111276 181084 0 0 0 10 12887 14899 0 14 86 0
371 1363373080 5847553A-8DA0-11E2-9F6C-F95FE0F69D2B ! 27 0 0 128127584 111300 181116 0 0 0 33 13146 15442 0 10 89 0
372 1363373101 6532A60A-8DA0-11E2-9F6C-F95FE0F69D2B ! 42 0 0 128122832 111324 181144 0 0 0 12 11843 14831 0 13 87 0
373 1363373124 7187528E-8DA0-11E2-9F6C-F95FE0F69D2B ! 78 0 0 128118416 111348 181172 0 0 0 34 12740 15150 0 10 90 0
374 1363373145 7F2159A8-8DA0-11E2-9F6C-F95FE0F69D2B ! 39 0 0 128112824 111372 181204 0 0 0 10 12920 15822 0 9 91 0
375 1363373167 8C245B00-8DA0-11E2-9F6C-F95FE0F69D2B ! 44 0 0 128107728 111396 181232 0 0 0 10 13280 15866 0 9 91 0
376 1363373187 98B4CD64-8DA0-11E2-9F6C-F95FE0F69D2B ! 44 0 0 128102560 111424 181260 0 0 0 9 11741 15249 0 12 88 0
377 1363373209 A52AD124-8DA0-11E2-9F6C-F95FE0F69D2B ! 30 0 0 128097904 111448 181288 0 0 0 10 13389 15728 0 10 90 0
378 1363373231 B2264D18-8DA0-11E2-9F6C-F95FE0F69D2B ! 25 0 0 128092432 111472 181316 0 0 0 10 13320 16078 0 10 90 0
379 1363373253 BF484AE6-8DA0-11E2-9F6C-F95FE0F69D2B ! 108 0 0 128087552 111496 181344 0 0 0 9 13159 15435 0 9 90 0
380 1363373274 CC2D90C2-8DA0-11E2-9F6C-F95FE0F69D2B ! 56 0 0 128082272 111520 181372 0 0 0 10 13479 15609 0 11 89 0
381 1363373296 D8D78E86-8DA0-11E2-9F6C-F95FE0F69D2B ! 16 0 0 128077024 111544 181400 0 0 0 34 13266 15875 0 9 90 0
382 1363373317 E59F992E-8DA0-11E2-9F6C-F95FE0F69D2B ! 62 0 0 128072400 111568 181428 0 0 0 9 13227 15731 0 10 90 0
383 1363373338 F22C1884-8DA0-11E2-9F6C-F95FE0F69D2B ! 76 0 0 128067200 111592 181456 0 0 0 28 13294 15636 0 11 89 0
384 1363373361 FEDB7890-8DA0-11E2-9F6C-F95FE0F69D2B  55 0 0 128062904 111620 181484 0 0 0 10 13701 16317 0 12 88 0
385 1363373383 0CDA8756-8DA1-11E2-9F6C-F95FE0F69D2B ! 50 0 0 128056256 111644 181512 0 0 0 11 13378 15810 0 10 90 0
386 1363373405 19B653B0-8DA1-11E2-9F6C-F95FE0F69D2B ! 12 0 0 128052008 111668 181540 0 0 0 33 13273 15803 0 10 90 0
387 1363373426 26DC4D56-8DA1-11E2-9F6C-F95FE0F69D2B ! 49 0 0 128046584 111692 181568 0 0 0 9 13159 15780 0 9 90 0
388 1363373447 334ADDC8-8DA1-11E2-9F6C-F95FE0F69D2B ! 37 0 0 128042208 111716 181596 0 0 0 29 13151 15872 0 10 90 0
389 1363373468 3FF9DF6A-8DA1-11E2-9F6C-F95FE0F69D2B ! 54 0 0 128037240 111740 181624 0 0 0 10 13315 15790 0 11 89 0
390 1363373491 4C9D41DA-8DA1-11E2-9F6C-F95FE0F69D2B ! 54 0 0 128031688 111764 181656 0 0 0 13 12909 15597 0 10 90 0
391 1363373512 59E6A598-8DA1-11E2-9F6C-F95FE0F69D2B ! 18 0 0 128025728 111788 181684 0 0 0 10 13022 15708 0 10 90 0
392 1363373534 66681FB8-8DA1-11E2-9F6C-F95FE0F69D2B ! 24 0 0 128021176 111816 181712 0 0 0 10 13447 15854 0 12 88 0
393 1363373556 73727DFC-8DA1-11E2-9F6C-F95FE0F69D2B ! 41 0 0 128015520 111840 181744 0 0 0 10 13198 15635 0 11 88 0
394 1363373577 80EC7582-8DA1-11E2-9F6C-F95FE0F69D2B ! 52 0 0 128011016 111864 181772 0 0 0 14 13194 15716 0 11 89 0
395 1363373599 8D72C388-8DA1-11E2-9F6C-F95FE0F69D2B  49 0 0 128006512 111880 181800 0 0 0 0 13071 15672 0 11 88 0
396 1363373621 9AA98D02-8DA1-11E2-9F6C-F95FE0F69D2B ! 48 0 0 128001696 111912 181828 0 0 0 33 13257 15666 0 12 88 0
397 1363373642 A7C9F418-8DA1-11E2-9F6C-F95FE0F69D2B ! 92 0 0 127995456 111936 181856 0 0 0 10 13058 15582 0 12 87 0
398 1363373663 B42E2C2E-8DA1-11E2-9F6C-F95FE0F69D2B ! 64 0 0 127990352 111960 181884 0 0 0 30 13338 15792 0 13 87 0
399 1363373686 C0A5CDCC-8DA1-11E2-9F6C-F95FE0F69D2B ! 53 0 0 127984072 111984 181916 0 0 0 10 13064 15590 0 12 87 0
400 1363373707 CE379826-8DA1-11E2-9F6C-F95FE0F69D2B ! 102 0 0 127980360 112012 181944 0 0 0 17 13248 15686 0 13 87 0
401 1363373729 DAF927F0-8DA1-11E2-9F6C-F95FE0F69D2B ! 44 0 0 127976416 112036 181972 0 0 0 23 13238 15713 0 13 87 0
402 1363373751 E81ABD4A-8DA1-11E2-9F6C-F95FE0F69D2B ! 49 0 0 127971032 112068 182000 0 0 0 8 13013 15660 0 12 88 0
403 1363373773 F4E800C8-8DA1-11E2-9F6C-F95FE0F69D2B ! 58 0 0 127965008 112092 182028 0 0 0 10 13254 15684 0 13 86 0
404 1363373794 01E5A244-8DA2-11E2-9F6C-F95FE0F69D2B ! 65 0 0 127961200 112116 182056 0 0 0 10 13334 15773 0 14 86 0
405 1363373815 0ED04F90-8DA2-11E2-9F6C-F95FE0F69D2B  68 0 0 127956608 112140 182084 0 0 0 9 13050 16045 0 14 86 0
406 1363373836 1B4099B0-8DA2-11E2-9F6C-F95FE0F69D2B ! 64 0 0 127951104 112164 182112 0 0 0 10 13078 15680 0 13 87 0
407 1363373857 27BC823A-8DA2-11E2-9F6C-F95FE0F69D2B ! 116 0 0 127944920 112188 182140 0 0 0 10 13319 15780 0 14 86 0
408 1363373879 3443B1EA-8DA2-11E2-9F6C-F95FE0F69D2B ! 57 0 0 127939728 112216 182168 0 0 0 0 13164 15766 0 14 86 0
409 1363373901 419C0DE2-8DA2-11E2-9F6C-F95FE0F69D2B ! 15 0 0 127935600 112248 182196 0 0 0 10 12931 15675 0 13 87 0
410 1363373923 4E8FFFA4-8DA2-11E2-9F6C-F95FE0F69D2B ! 56 0 0 127931680 112272 182228 0 0 0 14 12926 15689 0 13 86 0
411 1363373944 5B4D5584-8DA2-11E2-9F6C-F95FE0F69D2B ! 110 0 0 127925464 112296 182256 0 0 0 36 13100 15612 0 14 86 0
412 1363373965 684CCDD2-8DA2-11E2-9F6C-F95FE0F69D2B ! 96 0 0 127921456 112324 182288 0 0 0 12 13073 15627 0 14 86 0
413 1363373987 749ABD24-8DA2-11E2-9F6C-F95FE0F69D2B ! 84 0 0 127916200 112348 182316 0 0 0 36 12925 15670 0 14 85 0
414 1363374008 816E8846-8DA2-11E2-9F6C-F95FE0F69D2B ! 64 0 0 127911344 112372 182344 0 0 0 10 13150 15769 0 15 85 0
415 1363374030 8E2D5300-8DA2-11E2-9F6C-F95FE0F69D2B  90 0 0 127906800 112396 182368 0 0 0 10 13011 16034 0 15 85 0
416 1363374052 9B147B34-8DA2-11E2-9F6C-F95FE0F69D2B ! 64 0 0 127901600 112424 182400 0 0 0 9 12929 15772 0 13 86 0
417 1363374074 A8691326-8DA2-11E2-9F6C-F95FE0F69D2B ! 67 0 0 127896472 112448 182428 0 0 0 11 12903 15682 0 14 86 0
418 1363374095 B5728C50-8DA2-11E2-9F6C-F95FE0F69D2B ! 77 0 0 127892000 112472 182456 0 0 0 10 12748 15664 0 14 86 0
419 1363374118 C25DBEC6-8DA2-11E2-9F6C-F95FE0F69D2B ! 96 0 0 127887128 112496 182484 0 0 0 10 12844 15727 0 14 86 0
420 1363374141 CFAC628A-8DA2-11E2-9F6C-F95FE0F69D2B ! 129 1 0 127882080 112520 182512 0 0 0 23 13110 15686 0 14 86 0
421 1363374162 DD4D16AA-8DA2-11E2-9F6C-F95FE0F69D2B ! 104 0 0 127876920 112552 182540 0 0 0 10 12610 15666 0 13 87 0
422 1363374184 EA0BCBCA-8DA2-11E2-9F6C-F95FE0F69D2B ! 67 0 0 127872464 112576 182568 0 0 0 10 12924 15769 0 14 85 0
423 1363374206 F6F8B834-8DA2-11E2-9F6C-F95FE0F69D2B ! 56 0 0 127867000 112600 182596 0 0 0 10 12794 15765 0 14 86 0
424 1363374228 0462BD8A-8DA3-11E2-9F6C-F95FE0F69D2B ! 66 0 0 127862144 112632 182624 0 0 0 10 12921 15865 0 15 84 0
425 1363374251 1187ACFA-8DA3-11E2-9F6C-F95FE0F69D2B  121 0 0 127858400 112656 182652 0 0 0 25 12737 15986 0 16 84 0
426 1363374273 1F4DA632-8DA3-11E2-9F6C-F95FE0F69D2B ! 96 0 0 127851416 112684 182680 0 0 0 11 12740 15739 0 14 86 0
427 1363374295 2C1AB986-8DA3-11E2-9F6C-F95FE0F69D2B ! 94 1 0 127846624 112712 182704 0 0 0 6 12831 15695 0 16 84 0
428 1363374319 3989FCBC-8DA3-11E2-9F6C-F95FE0F69D2B ! 100 0 0 127840432 112740 182736 0 0 0 10 12965 15692 0 16 83 0
429 1363374341 47835606-8DA3-11E2-9F6C-F95FE0F69D2B ! 80 0 0 127835760 112764 182768 0 0 0 0 12909 15790 0 16 84 0
430 1363374363 54D4F332-8DA3-11E2-9F6C-F95FE0F69D2B ! 92 0 0 127831040 112796 182796 0 0 0 31 12999 15919 0 16 84 0
431 1363374385 61B310D4-8DA3-11E2-9F6C-F95FE0F69D2B ! 102 0 0 127825808 112828 182828 0 0 0 7 12908 15792 0 16 84 0
432 1363374407 6EE30A3E-8DA3-11E2-9F6C-F95FE0F69D2B ! 121 0 0 127819968 112860 182856 0 0 0 12 13001 15842 0 17 83 0
433 1363374429 7C29BDD2-8DA3-11E2-9F6C-F95FE0F69D2B ! 68 0 0 127815424 112884 182884 0 0 0 11 12796 15886 0 16 84 0
434 1363374453 8961474A-8DA3-11E2-9F6C-F95FE0F69D2B ! 56 0 0 127810480 112916 182916 0 0 0 6 12773 15899 0 15 84 0
435 1363374475 978DE13E-8DA3-11E2-9F6C-F95FE0F69D2B  93 0 0 127806400 112940 182944 0 0 0 0 12720 16291 0 16 83 0
436 1363374499 A4D853EC-8DA3-11E2-9F6C-F95FE0F69D2B ! 70 0 0 127800936 112972 182972 0 0 0 10 12888 15836 0 17 83 0
437 1363374522 B31A3DC6-8DA3-11E2-9F6C-F95FE0F69D2B ! 154 0 0 127795552 112996 183000 0 0 0 8 13533 15838 0 18 82 0
438 1363374543 C0BC33E4-8DA3-11E2-9F6C-F95FE0F69D2B ! 107 0 0 127790112 113020 183028 0 0 0 9 13040 15936 0 18 82 0
439 1363374565 CD627D4C-8DA3-11E2-9F6C-F95FE0F69D2B ! 139 0 0 127784696 113044 183056 0 0 0 9 13414 15929 0 19 81 0
440 1363374587 DA30ED42-8DA3-11E2-9F6C-F95FE0F69D2B ! 138 0 0 127778560 113072 183084 0 0 0 10 13058 15821 0 18 81 0
441 1363374609 E72382EE-8DA3-11E2-9F6C-F95FE0F69D2B ! 92 0 0 127771856 113096 183112 0 0 0 11 13281 15982 0 19 80 0
442 1363374632 F42B1FCE-8DA3-11E2-9F6C-F95FE0F69D2B ! 112 0 0 127767600 113120 183140 0 0 0 10 13081 15852 0 18 82 0
443 1363374653 01F1403E-8DA4-11E2-9F6C-F95FE0F69D2B ! 108 0 0 127762496 113144 183168 0 0 0 10 13216 15969 0 19 81 0
444 1363374675 0EA992C2-8DA4-11E2-9F6C-F95FE0F69D2B  109 0 0 127757792 113168 183196 0 0 0 0 13075 16227 0 19 81 0
445 1363374698 1BF2386C-8DA4-11E2-9F6C-F95FE0F69D2B  128 0 0 127754304 113200 183224 0 0 0 10 13142 16668 0 18 81 0
446 1363374723 2964B498-8DA4-11E2-9F6C-F95FE0F69D2B ! 120 0 0 127748400 113224 183252 0 0 0 7 13323 15974 0 20 80 0
447 1363374744 385CE93E-8DA4-11E2-9F6C-F95FE0F69D2B ! 132 0 0 127743792 113248 183280 0 0 0 10 13177 15866 0 19 80 0
448 1363374767 4512516E-8DA4-11E2-9F6C-F95FE0F69D2B ! 134 0 0 127737952 113276 183312 0 0 0 11 13125 15989 0 19 81 0
449 1363374788 52626674-8DA4-11E2-9F6C-F95FE0F69D2B ! 154 0 0 127733584 113300 183340 0 0 0 11 13336 15843 0 20 80 0
450 1363374810 5F66329C-8DA4-11E2-9F6C-F95FE0F69D2B ! 114 0 0 127729088 113324 183372 0 0 0 0 13111 16030 0 19 81 0
451 1363374834 6C803996-8DA4-11E2-9F6C-F95FE0F69D2B ! 153 0 0 127724512 113356 183400 0 0 0 8 13297 16081 0 20 80 0
452 1363374856 7A68C3C0-8DA4-11E2-9F6C-F95FE0F69D2B ! 107 0 0 127718888 113380 183428 0 0 0 9 13180 15956 0 19 80 0
453 1363374878 87937392-8DA4-11E2-9F6C-F95FE0F69D2B ! 127 0 0 127714160 113404 183456 0 0 0 10 13048 15919 0 20 79 0
454 1363374903 94E785D8-8DA4-11E2-9F6C-F95FE0F69D2B  153 0 0 127709392 113428 183484 0 0 0 7 13162 16013 0 21 78 0
455 1363374926 A3F82B68-8DA4-11E2-9F6C-F95FE0F69D2B  166 0 0 127705592 113452 183512 0 0 0 0 13122 16140 0 21 79 0
456 1363374948 B13DF334-8DA4-11E2-9F6C-F95FE0F69D2B ! 107 0 0 127698544 113540 183540 0 0 0 20 13137 16010 0 20 80 0
457 1363374970 BEAA3B18-8DA4-11E2-9F6C-F95FE0F69D2B ! 105 0 0 127693640 113572 183568 0 0 0 0 13110 16057 0 21 79 0
458 1363374992 CBE0FDF8-8DA4-11E2-9F6C-F95FE0F69D2B ! 119 0 0 127688224 113604 183596 0 0 0 10 12914 15899 0 19 80 0
459 1363375014 D8FCCDE6-8DA4-11E2-9F6C-F95FE0F69D2B ! 146 0 0 127683936 113700 183624 0 0 0 10 13102 15977 0 21 79 0
460 1363375037 E61BD8E6-8DA4-11E2-9F6C-F95FE0F69D2B ! 104 0 0 127679232 113724 183652 0 0 0 9 13179 16058 0 21 79 0
461 1363375059 F36957EE-8DA4-11E2-9F6C-F95FE0F69D2B ! 181 0 0 127673456 113748 183680 0 0 0 34 13103 15995 0 21 79 0
462 1363375082 00F39686-8DA5-11E2-9F6C-F95FE0F69D2B ! 97 0 0 127667656 113772 183708 0 0 0 10 12975 16022 0 20 80 0
463 1363375104 0E716914-8DA5-11E2-9F6C-F95FE0F69D2B ! 160 0 0 127663184 113796 183736 0 0 0 9 12982 15995 0 21 79 0
464 1363375126 1B8C9344-8DA5-11E2-9F6C-F95FE0F69D2B  165 0 0 127658816 113820 183764 0 0 0 26 12660 16429 0 21 79 0
465 1363375149 28E4CAF2-8DA5-11E2-9F6C-F95FE0F69D2B  143 0 0 127654096 113844 183792 0 0 0 10 12412 16272 0 19 80 0
466 1363375172 3619F88C-8DA5-11E2-9F6C-F95FE0F69D2B ! 149 0 0 127647936 113868 183820 0 0 0 6 13064 15994 0 22 77 0
467 1363375194 43D7C710-8DA5-11E2-9F6C-F95FE0F69D2B  125 0 0 127642832 113892 183848 0 0 0 10 12822 15948 0 21 79 0
468 1363375217 51230380-8DA5-11E2-9F6C-F95FE0F69D2B ! 146 0 0 127638480 113916 183880 0 0 0 12 12947 15961 0 21 78 0
469 1363375239 5EB74A2E-8DA5-11E2-9F6C-F95FE0F69D2B ! 126 0 0 127634136 113944 183916 0 0 0 12 13489 16156 0 24 76 0
470 1363375262 6C0325E0-8DA5-11E2-9F6C-F95FE0F69D2B ! 116 0 0 127628896 113968 183944 0 0 0 10 13008 16173 0 21 79 0
471 1363375284 7991E44E-8DA5-11E2-9F6C-F95FE0F69D2B ! 158 0 0 127622784 113992 183972 0 0 0 10 12914 16053 0 21 79 0
472 1363375307 86C2AAAE-8DA5-11E2-9F6C-F95FE0F69D2B ! 199 0 0 127616848 114016 184000 0 0 0 24 13704 16140 0 25 74 0
473 1363375330 94A07E3A-8DA5-11E2-9F6C-F95FE0F69D2B ! 195 0 0 127612480 114040 184028 0 0 0 0 12944 16063 0 22 77 0
474 1363375355 A23B45AC-8DA5-11E2-9F6C-F95FE0F69D2B  134 0 0 127608088 114072 184056 0 0 0 0 12837 16700 0 22 78 0
475 1363375379 B130FBB0-8DA5-11E2-9F6C-F95FE0F69D2B  191 0 0 127603968 114104 184084 0 0 0 29 12673 16183 0 22 77 0
476 1363375402 BF34B59E-8DA5-11E2-9F6C-F95FE0F69D2B ! 141 0 0 127597392 114128 184112 0 0 0 0 12774 16030 0 23 77 0
477 1363375424 CCD57DAA-8DA5-11E2-9F6C-F95FE0F69D2B ! 116 0 0 127591872 114164 184140 0 0 0 10 12804 16049 0 22 77 0
478 1363375448 DA30748C-8DA5-11E2-9F6C-F95FE0F69D2B ! 168 0 0 127588200 114188 184168 0 0 0 27 12526 15990 0 22 78 0
479 1363375474 E84E378E-8DA5-11E2-9F6C-F95FE0F69D2B ! 145 0 0 127583216 114220 184196 0 0 0 6 13013 16027 0 23 77 0
480 1363375497 F7F76DCC-8DA5-11E2-9F6C-F95FE0F69D2B ! 183 0 0 127577288 114236 184224 0 0 0 0 13649 16240 0 26 74 0
481 1363375520 05DF059E-8DA6-11E2-9F6C-F95FE0F69D2B ! 227 0 0 127571616 114268 184252 0 0 0 22 12900 16051 0 22 78 0
482 1363375543 13B93946-8DA6-11E2-9F6C-F95FE0F69D2B ! 130 0 0 127565744 114300 184280 0 0 0 10 13072 16281 0 23 77 0
483 1363375566 216A3284-8DA6-11E2-9F6C-F95FE0F69D2B ! 146 0 0 127561040 114324 184308 0 0 0 7 13004 16156 0 24 75 0
484 1363375589 2F197E30-8DA6-11E2-9F6C-F95FE0F69D2B  188 0 0 127557056 114348 184336 0 0 0 9 12446 16653 0 22 77 0
485 1363375612 3CDCAACE-8DA6-11E2-9F6C-F95FE0F69D2B  194 0 0 127552672 114376 184364 0 0 0 6 13358 17146 0 25 75 0
486 1363375637 4A548438-8DA6-11E2-9F6C-F95FE0F69D2B ! 178 0 0 127546560 114412 184384 0 0 0 6 12974 16220 0 23 76 0
487 1363375660 58EE602C-8DA6-11E2-9F6C-F95FE0F69D2B ! 158 0 0 127541800 114436 184424 0 0 0 1 13103 16190 0 24 75 0
488 1363375684 670E8DBC-8DA6-11E2-9F6C-F95FE0F69D2B ! 201 0 0 127536616 114468 184456 0 0 0 14 12763 15766 0 23 76 0
489 1363375706 74FFCA6C-8DA6-11E2-9F6C-F95FE0F69D2B ! 148 0 0 127529688 114500 184476 0 0 0 6 12727 16092 0 23 76 0
490 1363375730 8276F4D6-8DA6-11E2-9F6C-F95FE0F69D2B ! 247 0 0 127524712 114524 184512 0 0 0 11 12992 15486 0 26 74 0
491 1363375752 90576DCE-8DA6-11E2-9F6C-F95FE0F69D2B ! 204 0 0 127520368 114548 184540 0 0 0 7 12931 16107 0 25 75 0
492 1363375775 9E073922-8DA6-11E2-9F6C-F95FE0F69D2B ! 207 0 0 127515280 114572 184568 0 0 0 0 13304 16041 0 26 74 0
493 1363375798 ABA4E0CA-8DA6-11E2-9F6C-F95FE0F69D2B  193 0 0 127509824 114608 184596 0 0 0 9 13203 16250 0 26 73 0
494 1363375822 B93B4D28-8DA6-11E2-9F6C-F95FE0F69D2B  119 0 0 127506352 114632 184624 0 0 0 7 12914 16582 0 23 76 0
495 1363375846 C7748670-8DA6-11E2-9F6C-F95FE0F69D2B  199 0 0 127501752 114656 184652 0 0 0 20 12427 16379 0 24 76 0
496 1363375869 D5B7C4EA-8DA6-11E2-9F6C-F95FE0F69D2B ! 152 0 0 127495032 114688 184680 0 0 0 0 12374 16060 0 22 77 0
497 1363375893 E3C4C20E-8DA6-11E2-9F6C-F95FE0F69D2B ! 259 0 0 127489960 114720 184708 0 0 0 7 12695 15906 0 25 75 0
498 1363375917 F1DA116E-8DA6-11E2-9F6C-F95FE0F69D2B ! 202 0 0 127485696 114744 184736 0 0 0 26 13288 16281 0 27 73 0
499 1363375941 004997EC-8DA7-11E2-9F6C-F95FE0F69D2B ! 203 0 0 127479616 114768 184764 0 0 0 0 13510 16056 0 29 71 0
500 1363375964 0E72C73A-8DA7-11E2-9F6C-F95FE0F69D2B ! 218 0 0 127475288 114800 184792 0 0 0 10 12682 16159 0 24 76 0
501 1363375988 1C59F030-8DA7-11E2-9F6C-F95FE0F69D2B ! 165 0 0 127470176 114828 184820 0 0 0 26 13327 16456 0 28 71 0
502 1363376013 2AA70560-8DA7-11E2-9F6C-F95FE0F69D2B  165 0 0 127464864 114852 184848 0 0 0 7 12684 16590 0 25 75 0
503 1363376037 393AB6C6-8DA7-11E2-9F6C-F95FE0F69D2B  245 0 0 127459584 114876 184876 0 0 0 7 13711 16721 0 28 71 0
504 1363376062 47B2D242-8DA7-11E2-9F6C-F95FE0F69D2B  138 0 0 127454936 114900 184904 0 0 0 19 12680 16902 0 25 74 0
505 1363376089 56C46DEA-8DA7-11E2-9F6C-F95FE0F69D2B  188 0 0 127449792 114940 184936 0 0 0 6 12340 16863 0 23 76 0
506 1363376113 669CD748-8DA7-11E2-9F6C-F95FE0F69D2B ! 194 0 0 127444480 114964 184972 0 0 0 0 12882 16307 0 28 71 0
507 1363376137 753502F8-8DA7-11E2-9F6C-F95FE0F69D2B  145 0 0 127438704 114996 185000 0 0 0 37 12660 16354 0 26 74 0
508 1363376160 836DA5AA-8DA7-11E2-9F6C-F95FE0F69D2B  207 0 0 127434160 115020 185028 0 0 0 0 12862 16205 0 27 73 0
509 1363376184 91316546-8DA7-11E2-9F6C-F95FE0F69D2B ! 200 0 0 127426992 115056 185056 0 0 0 10 12640 16056 0 28 72 0
510 1363376209 9F41E020-8DA7-11E2-9F6C-F95FE0F69D2B ! 231 0 0 127422728 115080 185084 0 0 0 27 13049 16336 0 28 72 0
511 1363376232 ADD74AD0-8DA7-11E2-9F6C-F95FE0F69D2B ! 228 0 0 127418464 115104 185112 0 0 0 7 12625 16112 0 27 73 0
512 1363376256 BC002E24-8DA7-11E2-9F6C-F95FE0F69D2B  176 0 0 127413024 115128 185140 0 0 0 0 12452 16222 0 25 74 0
513 1363376281 CA5338B8-8DA7-11E2-9F6C-F95FE0F69D2B  309 0 0 127407800 115160 185168 0 0 0 0 12213 15791 0 28 72 0
514 1363376307 D8CD9488-8DA7-11E2-9F6C-F95FE0F69D2B  151 0 0 127404704 115184 185196 0 0 0 0 12344 16793 0 24 75 0
515 1363376333 E84862B2-8DA7-11E2-9F6C-F95FE0F69D2B  229 0 0 127400080 115216 185224 0 0 0 7 12457 17030 0 25 74 0
516 1363376358 F8411CFE-8DA7-11E2-9F6C-F95FE0F69D2B  195 0 0 127393488 115240 185252 0 0 0 6 12704 16892 1 26 73 0
517 1363376383 06F011E2-8DA8-11E2-9F6C-F95FE0F69D2B  189 0 0 127389088 115268 185280 0 0 0 22 12617 16421 0 27 72 0
518 1363376408 15AF0CA6-8DA8-11E2-9F6C-F95FE0F69D2B  207 0 0 127383320 115300 185308 0 0 0 0 12708 16273 0 28 72 0
519 1363376435 24C9CE56-8DA8-11E2-9F6C-F95FE0F69D2B  190 0 0 127379016 115332 185336 0 0 0 0 12832 16275 0 28 72 0
520 1363376460 350EE62A-8DA8-11E2-9F6C-F95FE0F69D2B  159 0 0 127373792 115364 185364 0 0 0 27 12895 16940 0 28 71 0
521 1363376484 43B182D2-8DA8-11E2-9F6C-F95FE0F69D2B ! 287 0 0 127368752 115396 185384 0 0 0 6 12844 16035 0 29 70 0
522 1363376509 5205B308-8DA8-11E2-9F6C-F95FE0F69D2B  241 0 0 127364288 115420 185420 0 0 0 8 13980 16312 0 36 64 0
523 1363376537 6138DAE4-8DA8-11E2-9F6C-F95FE0F69D2B ! 264 0 0 127359416 115444 185448 0 0 0 0 12491 15953 0 26 74 0
524 1363376564 716F77BA-8DA8-11E2-9F6C-F95FE0F69D2B  205 0 0 127355264 115476 185476 0 0 0 0 12884 16752 0 28 72 0
525 1363376589 81BD26A8-8DA8-11E2-9F6C-F95FE0F69D2B  229 0 0 127350096 115512 185508 0 0 0 0 12619 16943 0 28 72 0
526 1363376618 90AEB500-8DA8-11E2-9F6C-F95FE0F69D2B  249 0 0 127343408 115544 185540 0 0 0 0 12772 16583 0 29 70 0
527 1363376645 A1AF2DEE-8DA8-11E2-9F6C-F95FE0F69D2B  219 0 0 127338848 115576 185568 0 0 0 1 12286 15938 0 27 73 0
528 1363376669 B1C95C7C-8DA8-11E2-9F6C-F95FE0F69D2B ! 223 0 0 127333360 115608 185596 0 0 0 7 12597 16290 0 29 70 0
529 1363376698 C048C6C0-8DA8-11E2-9F6C-F95FE0F69D2B  256 0 0 127329784 115632 185624 0 0 0 0 12927 16320 1 28 71 0
530 1363376723 D181941C-8DA8-11E2-9F6C-F95FE0F69D2B  193 0 0 127324408 115656 185652 0 0 0 0 13658 16709 0 33 66 0
531 1363376749 E09E95B2-8DA8-11E2-9F6C-F95FE0F69D2B  395 0 0 127318888 115688 185680 0 0 0 19 12548 15893 0 31 69 0
532 1363376778 EFF9E0A2-8DA8-11E2-9F6C-F95FE0F69D2B  361 0 0 127314464 115720 185708 0 0 0 1 19101 18970 0 45 55 0
533 1363376813 014C6686-8DA9-11E2-9F6C-F95FE0F69D2B  443 0 0 127308728 115764 185736 0 0 0 1 18177 17785 0 45 55 0
534 1363376842 166D98AA-8DA9-11E2-9F6C-F95FE0F69D2B  531 0 0 127304000 115796 185764 0 0 0 0 14120 14957 0 42 58 0
535 1363376872 27632B98-8DA9-11E2-9F6C-F95FE0F69D2B  336 0 0 127300096 115836 185792 0 0 0 0 16933 18249 0 42 58 0
536 1363376897 394B9A66-8DA9-11E2-9F6C-F95FE0F69D2B  387 0 0 127292944 115868 185820 0 0 0 0 14481 16600 0 37 63 0
537 1363376928 4861B06C-8DA9-11E2-9F6C-F95FE0F69D2B  543 0 0 127288584 115900 185848 0 0 0 1 13400 15138 0 39 61 0
538 1363376958 5ACFE2F0-8DA9-11E2-9F6C-F95FE0F69D2B  539 0 0 127284128 115932 185876 0 0 0 1 13643 15199 0 40 60 0
539 1363376988 6C887E26-8DA9-11E2-9F6C-F95FE0F69D2B  548 0 0 127280064 115964 185904 0 0 0 0 13070 12358 0 43 57 0
540 1363377024 7E6872D6-8DA9-11E2-9F6C-F95FE0F69D2B  558 0 0 127276464 116004 185936 0 0 0 1 12697 11543 0 43 57 0
541 1363377059 941F2566-8DA9-11E2-9F6C-F95FE0F69D2B  542 0 0 127271088 116048 185964 0 0 0 0 17800 17373 0 44 56 0
542 1363377094 A88EFE7C-8DA9-11E2-9F6C-F95FE0F69D2B  555 0 0 127265144 116088 185992 0 0 0 1 13319 12206 0 43 56 0
543 1363377132 BD8B7C6A-8DA9-11E2-9F6C-F95FE0F69D2B  554 0 0 127260816 116128 186020 0 0 0 1 14945 13687 0 46 54 0
544 1363377173 D418A8FE-8DA9-11E2-9F6C-F95FE0F69D2B  550 0 0 127256080 116160 186056 0 0 0 0 19596 18051 0 46 54 0
545 1363377203 ECC19488-8DA9-11E2-9F6C-F95FE0F69D2B  541 0 0 127250856 116184 186084 0 0 0 1 19170 17447 0 46 54 0
546 1363377240 FEDF408E-8DA9-11E2-9F6C-F95FE0F69D2B  558 1 0 127245992 116228 186108 0 0 0 7 14788 13752 0 43 56 0
547 1363377290 14E2ACFE-8DAA-11E2-9F6C-F95FE0F69D2B  555 0 0 127241144 116272 186140 0 0 0 2 16916 15302 0 43 57 0
548 1363377327 32B7DCAE-8DAA-11E2-9F6C-F95FE0F69D2B  567 0 0 127235232 116312 186168 0 0 0 1 16786 15690 0 45 55 0
549 1363377366 48BC21B8-8DAA-11E2-9F6C-F95FE0F69D2B  567 1 0 127230432 116360 186192 0 0 0 10 14096 12914 0 44 55 0
550 1363377408 5F8BA08A-8DAA-11E2-9F6C-F95FE0F69D2B  566 0 0 127225976 116396 186224 0 0 0 0 16941 15625 0 46 54 0
551 1363377457 78F72B20-8DAA-11E2-9F6C-F95FE0F69D2B  571 0 0 127220816 116452 186248 0 0 0 22 15632 14118 0 45 55 0
552 1363377506 95CC8CF4-8DAA-11E2-9F6C-F95FE0F69D2B  573 0 0 127215448 116484 186280 0 0 0 2 13343 12329 0 44 56 0
553 1363377557 B3707446-8DAA-11E2-9F6C-F95FE0F69D2B  570 0 0 127210928 116524 186308 0 0 0 2 14698 13723 0 44 56 0
554 1363377595 D15A801E-8DAA-11E2-9F6C-F95FE0F69D2B  568 0 0 127206000 116572 186336 0 0 0 0 14708 13168 0 45 55 0
555 1363377653 E85390DA-8DAA-11E2-9F6C-F95FE0F69D2B  564 0 0 127201088 116628 186364 0 0 0 0 16769 15637 0 45 55 0
556 1363377720 0A8A5184-8DAB-11E2-9F6C-F95FE0F69D2B  563 0 0 127194176 116684 186392 0 0 0 8 17527 16345 0 45 54 0
557 1363377763 32D681DA-8DAB-11E2-9F6C-F95FE0F69D2B  570 0 0 127190752 116736 186420 0 0 0 10 17605 16027 0 45 55 0
558 1363377819 4C6ADC22-8DAB-11E2-9F6C-F95FE0F69D2B  568 0 0 127185288 116776 186448 0 0 0 0 19406 18276 0 47 53 0
559 1363377856 6DA79902-8DAB-11E2-9F6C-F95FE0F69D2B  578 0 0 127180480 116816 186476 0 0 0 0 17151 15968 0 46 54 0
560 1363377910 83FAEE3E-8DAB-11E2-9F6C-F95FE0F69D2B  575 0 0 127174848 116864 186504 0 0 0 16 13921 13012 0 42 58 0
561 1363377954 A431C38A-8DAB-11E2-9F6C-F95FE0F69D2B  571 0 0 127169376 116896 186532 0 0 0 0 14368 13175 0 46 54 0
562 1363378009 BE5A473C-8DAB-11E2-9F6C-F95FE0F69D2B  585 0 0 127164656 116948 186560 0 0 0 2 15179 13799 0 44 55 0
563 1363378067 DF103A68-8DAB-11E2-9F6C-F95FE0F69D2B  576 0 0 127160176 116996 186584 0 0 0 23 13473 12407 0 43 57 0
564 1363378141 01AAFE96-8DAC-11E2-9F6C-F95FE0F69D2B  590 0 0 127155720 117036 186624 0 0 0 1 12330 10940 0 45 55 0
565 1363378214 2D8D0AB8-8DAC-11E2-9F6C-F95FE0F69D2B  582 0 0 127151648 117104 186652 0 0 0 20 13651 12648 0 44 56 0
566 1363378284 590C1AE4-8DAC-11E2-9F6C-F95FE0F69D2B  583 0 0 127145856 117144 186680 0 0 0 16 17341 16321 0 45 55 0
567 1363378353 82F1DDE4-8DAC-11E2-9F6C-F95FE0F69D2B  575 0 0 127139984 117200 186708 0 0 0 20 13065 11837 0 46 54 0
568 1363378406 AC20BA8C-8DAC-11E2-9F6C-F95FE0F69D2B  586 0 0 127135456 117232 186736 0 0 0 2 13423 12207 0 43 57 0
569 1363378460 CBB62C42-8DAC-11E2-9F6C-F95FE0F69D2B  592 0 0 127130368 117272 186764 0 0 0 2 14228 13061 0 43 57 0
570 1363378517 EBC38DAE-8DAC-11E2-9F6C-F95FE0F69D2B  584 0 0 127124384 117320 186792 0 0 0 0 13138 11978 0 46 54 0
571 1363378576 0DE38952-8DAD-11E2-9F6C-F95FE0F69D2B  584 0 0 127119344 117368 186820 0 0 0 2 17456 16177 0 46 53 0
572 1363378652 3122F600-8DAD-11E2-9F6C-F95FE0F69D2B  589 0 0 127115344 117432 186848 0 0 0 24 14468 13301 0 44 56 0
573 1363378747 5E8DB86E-8DAD-11E2-9F6C-F95FE0F69D2B  585 0 0 127109896 117468 186876 0 0 0 0 12522 11328 0 44 56 0
574 1363378821 96DADA4E-8DAD-11E2-9F6C-F95FE0F69D2B  598 0 0 127106224 117532 186904 0 0 0 0 11242 9533 0 47 53 0
575 1363378891 C3383488-8DAD-11E2-9F6C-F95FE0F69D2B  610 0 0 127101344 117580 186932 0 0 0 6 13302 12394 0 44 56 0
576 1363378939 EC943AB6-8DAD-11E2-9F6C-F95FE0F69D2B  593 0 0 127096896 117628 186964 0 0 0 8 15178 14017 0 44 56 0
577 1363379019 097B941C-8DAE-11E2-9F6C-F95FE0F69D2B  591 0 0 127092256 117668 186992 0 0 0 0 11979 10730 0 45 54 0
578 1363379106 393581F4-8DAE-11E2-9F6C-F95FE0F69D2B  594 0 0 127085920 117740 187024 0 0 0 0 16051 15124 0 45 55 0
579 1363379177 6CFD38D8-8DAE-11E2-9F6C-F95FE0F69D2B  596 0 0 127081616 117796 187052 0 0 0 8 13095 11916 0 45 55 0
580 1363379239 970EDADC-8DAE-11E2-9F6C-F95FE0F69D2B  594 0 0 127076096 117844 187084 0 0 0 10 14966 13887 0 44 56 0
581 1363379307 BC671F9C-8DAE-11E2-9F6C-F95FE0F69D2B  595 0 0 127070960 117892 187112 0 0 0 0 13203 12385 0 43 57 0
582 1363379401 E4E841C6-8DAE-11E2-9F6C-F95FE0F69D2B  597 0 0 127064720 117932 187140 0 0 0 0 14319 13329 0 45 55 0
583 1363379494 1CB5E464-8DAF-11E2-9F6C-F95FE0F69D2B  583 0 0 127060160 117980 187172 0 0 0 0 14729 13661 0 43 57 0
584 1363379591 545E39DE-8DAF-11E2-9F6C-F95FE0F69D2B  593 0 0 127055248 118036 187200 0 0 0 6 14077 13132 0 45 55 0
585 1363379671 8DC99C2C-8DAF-11E2-9F6C-F95FE0F69D2B  600 0 0 127050016 118084 187228 0 0 0 0 12123 10775 0 46 54 0
586 1363379749 BD725E1E-8DAF-11E2-9F6C-F95FE0F69D2B  609 0 0 127044304 118140 187256 0 0 0 1 13129 12005 0 45 55 0
587 1363379844 EC585602-8DAF-11E2-9F6C-F95FE0F69D2B  604 0 0 127037816 118196 187284 0 0 0 0 14798 13998 0 43 57 0
588 1363379909 24A80DCC-8DB0-11E2-9F6C-F95FE0F69D2B  605 0 0 127033888 118244 187312 0 0 0 6 15695 14403 0 46 54 0
589 1363379997 4BB366FA-8DB0-11E2-9F6C-F95FE0F69D2B  611 0 0 127028240 118304 187340 0 0 0 0 13442 12424 0 45 55 0
590 1363380059 7FB285D0-8DB0-11E2-9F6C-F95FE0F69D2B  604 0 0 127022112 118344 187368 0 0 0 0 13716 12211 0 47 53 0
591 1363380157 A4BA1050-8DB0-11E2-9F6C-F95FE0F69D2B  610 0 0 127018224 118400 187396 0 0 0 0 14968 13935 0 46 53 0
592 1363380249 DF78AF9E-8DB0-11E2-9F6C-F95FE0F69D2B  611 0 0 127013240 118472 187424 0 0 0 6 10850 9364 0 46 54 0
593 1363380319 162D9C48-8DB1-11E2-9F6C-F95FE0F69D2B  608 0 0 127010128 118528 187452 0 0 0 0 12923 11289 0 47 53 0
594 1363380402 4012F486-8DB1-11E2-9F6C-F95FE0F69D2B  609 0 0 127004240 118592 187480 0 0 0 7 14772 13825 0 44 56 0
595 1363380487 71346964-8DB1-11E2-9F6C-F95FE0F69D2B  618 0 0 126999264 118632 187508 0 0 0 0 14223 13219 0 46 54 0
596 1363380586 A450B014-8DB1-11E2-9F6C-F95FE0F69D2B  613 0 0 126995280 118696 187536 0 0 0 0 13639 12839 0 42 58 0
597 1363380671 DECF106E-8DB1-11E2-9F6C-F95FE0F69D2B  612 0 0 126991032 118764 187564 0 0 0 0 10722 9562 0 44 56 0
598 1363380790 116B9A60-8DB2-11E2-9F6C-F95FE0F69D2B  622 0 0 126986200 118828 187592 0 0 0 6 14100 13018 0 45 54 0
599 1363380874 58C2D2F2-8DB2-11E2-9F6C-F95FE0F69D2B  619 0 0 126980032 118876 187624 0 0 0 9 13940 12881 0 45 55 0
600 1363380943 8A7784C8-8DB2-11E2-9F6C-F95FE0F69D2B  617 0 0 126975344 118932 187652 0 0 0 12 14031 13068 0 43 57 0
601 1363381042 B3BA4370-8DB2-11E2-9F6C-F95FE0F69D2B  627 0 0 126969856 118988 187680 0 0 0 0 14796 13563 0 47 53 0
602 1363381132 EED8D7BE-8DB2-11E2-9F6C-F95FE0F69D2B  619 0 0 126964944 119044 187712 0 0 0 0 12202 11096 0 45 55 0
603 1363381227 244B2E42-8DB3-11E2-9F6C-F95FE0F69D2B  627 0 0 126958736 119116 187736 0 0 0 10 15718 14601 0 45 55 0
604 1363381346 5CD5DE9C-8DB3-11E2-9F6C-F95FE0F69D2B  618 0 0 126954528 119164 187768 0 0 0 0 15936 14788 0 44 56 0
605 1363381459 A3C65D72-8DB3-11E2-9F6C-F95FE0F69D2B  596 0 0 126950288 119240 187796 0 0 0 0 12965 11781 0 45 55 0
606 1363381568 E7906E9E-8DB3-11E2-9F6C-F95FE0F69D2B  619 0 0 126944360 119296 187824 0 0 0 0 12661 11718 0 43 57 0
607 1363381667 286920E6-8DB4-11E2-9F6C-F95FE0F69D2B  542 0 0 126937576 119352 187852 0 0 0 0 13210 12441 0 44 56 0
608 1363381752 63350F96-8DB4-11E2-9F6C-F95FE0F69D2B  619 0 0 126930784 119408 187880 0 0 0 7 14806 13808 0 45 55 0
609 1363381873 95F6D748-8DB4-11E2-9F6C-F95FE0F69D2B  629 0 0 126926048 119464 187908 0 0 0 0 16516 15521 0 47 53 0
610 1363381961 DE37DB6A-8DB4-11E2-9F6C-F95FE0F69D2B  634 0 0 126920256 119512 187936 0 0 0 0 12764 11900 0 45 55 0
611 1363382069 12CCEFDC-8DB5-11E2-9F6C-F95FE0F69D2B  625 0 0 126916352 119560 187968 0 0 0 0 12106 11189 0 43 57 0
612 1363382179 52C9FA4E-8DB5-11E2-9F6C-F95FE0F69D2B  621 0 0 126912624 119616 187996 0 0 0 0 11908 10548 0 46 54 0
613 1363382268 94891DFC-8DB5-11E2-9F6C-F95FE0F69D2B  632 0 0 126907960 119668 188024 0 0 0 0 12992 11977 0 45 54 0
614 1363382384 C98D3F42-8DB5-11E2-9F6C-F95FE0F69D2B  630 0 0 126903856 119740 188052 0 0 0 0 13533 12613 0 43 57 0
615 1363382499 0EBF7F62-8DB6-11E2-9F6C-F95FE0F69D2B  626 0 0 126899232 119812 188080 0 0 0 0 13054 11972 0 44 55 0
616 1363382610 53475CFE-8DB6-11E2-9F6C-F95FE0F69D2B  633 0 0 126893152 119884 188112 0 0 0 1 12538 11433 0 45 55 0
617 1363382721 95528D4E-8DB6-11E2-9F6C-F95FE0F69D2B  629 0 0 126888288 119932 188140 0 0 0 11 14787 13963 0 44 56 0
618 1363382824 D7AE782E-8DB6-11E2-9F6C-F95FE0F69D2B  635 0 0 126883208 119980 188168 0 0 0 1 13157 12497 0 45 55 0
619 1363382931 151527B2-8DB7-11E2-9F6C-F95FE0F69D2B  637 0 0 126877184 120044 188196 0 0 0 6 14622 13515 0 44 55 0
620 1363383054 5501B584-8DB7-11E2-9F6C-F95FE0F69D2B  643 0 0 126871136 120092 188224 0 0 0 6 9894 8451 0 46 53 0
621 1363383202 9E52974E-8DB7-11E2-9F6C-F95FE0F69D2B  651 0 0 126865744 120160 188256 0 0 0 0 13030 12291 0 43 57 0
622 1363383326 F64154C2-8DB7-11E2-9F6C-F95FE0F69D2B  641 0 0 126860376 120224 188284 0 0 0 0 11568 10473 0 45 55 0
623 1363383417 407BF2B8-8DB8-11E2-9F6C-F95FE0F69D2B  638 0 0 126854032 120280 188312 0 0 0 0 12081 10921 0 44 56 0
624 1363383571 764F0F2E-8DB8-11E2-9F6C-F95FE0F69D2B  641 0 0 126849168 120344 188340 0 0 0 0 11178 9678 0 48 52 0
625 1363383697 D20D4434-8DB8-11E2-9F6C-F95FE0F69D2B  642 0 0 126845200 120408 188368 0 0 0 0 11586 10605 0 45 55 0
626 1363383819 1D4921F2-8DB9-11E2-9F6C-F95FE0F69D2B  644 0 0 126841360 120456 188396 0 0 0 0 13506 12736 0 44 56 0
627 1363383963 66553A8E-8DB9-11E2-9F6C-F95FE0F69D2B  642 0 0 126837056 120520 188424 0 0 0 0 13751 12686 0 46 54 0
628 1363384117 BC21BCB2-8DB9-11E2-9F6C-F95FE0F69D2B  641 0 0 126831776 120584 188452 0 0 0 0 12739 11300 0 45 55 0
629 1363384246 17AAA36E-8DBA-11E2-9F6C-F95FE0F69D2B  640 0 0 126827552 120644 188480 0 0 0 0 11566 10372 0 47 53 0
630 1363384406 64A44364-8DBA-11E2-9F6C-F95FE0F69D2B  638 0 0 126821888 120700 188500 0 0 0 7 13057 12149 0 44 56 0
631 1363384556 C4192B84-8DBA-11E2-9F6C-F95FE0F69D2B  647 0 0 126816864 120752 188536 0 0 0 0 12681 11318 0 48 52 0
632 1363384729 1D9F05B6-8DBB-11E2-9F6C-F95FE0F69D2B  653 0 0 126811608 120816 188564 0 0 0 0 10561 8819 0 49 51 0
633 1363384867 847F08B2-8DBB-11E2-9F6C-F95FE0F69D2B  651 0 0 126806056 120872 188596 0 0 0 0 11149 9953 0 46 54 0
634 1363385012 D670757A-8DBB-11E2-9F6C-F95FE0F69D2B  650 0 0 126800992 120944 188624 0 0 0 1 12077 11307 0 43 57 0
635 1363385148 2CFDCBD6-8DBC-11E2-9F6C-F95FE0F69D2B  651 0 0 126796512 121000 188652 0 0 0 0 11427 10102 0 48 52 0
636 1363385272 7E4C562E-8DBC-11E2-9F6C-F95FE0F69D2B  652 0 0 126792288 121064 188680 0 0 0 0 12850 11784 0 45 55 0
637 1363385417 C8311996-8DBC-11E2-9F6C-F95FE0F69D2B  646 0 0 126786752 121124 188708 0 0 0 0 12269 11093 0 46 54 0
638 1363385534 1EB67414-8DBD-11E2-9F6C-F95FE0F69D2B  652 0 0 126781760 121180 188736 0 0 0 0 12205 11445 0 43 56 0
639 1363385707 64306608-8DBD-11E2-9F6C-F95FE0F69D2B  656 0 0 126776432 121228 188764 0 0 0 0 12707 11302 0 44 56 0
640 1363385847 CB3408E6-8DBD-11E2-9F6C-F95FE0F69D2B  659 0 0 126770704 121300 188796 0 0 0 0 9848 8038 0 46 54 0
641 1363386025 1ECFFC1C-8DBE-11E2-9F6C-F95FE0F69D2B  659 0 0 126766632 121356 188824 0 0 0 0 11528 10376 0 45 55 0
642 1363386165 8933C700-8DBE-11E2-9F6C-F95FE0F69D2B  661 0 0 126762848 121420 188852 0 0 0 0 12845 11794 0 46 54 0
643 1363386346 DC2121EC-8DBE-11E2-9F6C-F95FE0F69D2B  664 0 0 126757600 121428 188880 0 0 0 0 12549 11719 0 46 54 0
644 1363386589 48121F3C-8DBF-11E2-9F6C-F95FE0F69D2B  660 0 0 126752704 121428 188908 0 0 0 6 10213 8918 0 48 52 0
645 1363386726 D92F8590-8DBF-11E2-9F6C-F95FE0F69D2B  660 0 0 126747872 121432 188936 0 0 0 0 12907 11984 0 45 55 0
646 1363386902 2AEFE06E-8DC0-11E2-9F6C-F95FE0F69D2B  658 0 0 126741808 121436 188964 0 0 0 0 10898 9393 0 48 52 0
647 1363387100 93D5A532-8DC0-11E2-9F6C-F95FE0F69D2B  671 0 0 126735616 121436 188996 0 0 0 0 11584 10379 0 48 52 0
648 1363387303 09F3CB72-8DC1-11E2-9F6C-F95FE0F69D2B  667 0 0 126730720 121436 189024 0 0 0 0 11799 10572 0 45 55 0
649 1363387473 82DD581E-8DC1-11E2-9F6C-F95FE0F69D2B  631 0 0 126725192 121436 189052 0 0 0 0 11883 10782 0 46 54 0
650 1363387628 E7F33084-8DC1-11E2-9F6C-F95FE0F69D2B  661 0 0 126722416 121440 189084 0 0 0 0 12094 11180 0 46 54 0
651 1363387777 44A87550-8DC2-11E2-9F6C-F95FE0F69D2B  666 0 0 126715808 121440 189112 0 0 0 0 10925 9347 0 50 50 0
652 1363387962 9D1FBC66-8DC2-11E2-9F6C-F95FE0F69D2B  668 0 0 126711208 121440 189140 0 0 0 0 10439 9062 0 47 53 0
653 1363388191 0B93429E-8DC3-11E2-9F6C-F95FE0F69D2B  668 0 0 126706048 121444 189168 0 0 0 0 10747 9520 0 46 53 0
654 1363388341 9407B8A8-8DC3-11E2-9F6C-F95FE0F69D2B  676 0 0 126702384 121444 189196 0 0 0 0 12005 10939 0 46 54 0
655 1363388560 ED4D93CE-8DC3-11E2-9F6C-F95FE0F69D2B  684 0 0 126695648 121444 189224 0 0 0 6 10418 8987 0 47 52 0
656 1363388757 6FD9BBC4-8DC4-11E2-9F6C-F95FE0F69D2B  672 0 0 126690568 121448 189252 0 0 0 0 9755 7792 0 52 48 0
657 1363388911 E567DB0A-8DC4-11E2-9F6C-F95FE0F69D2B  674 0 0 126685784 121448 189280 0 0 0 0 10267 8537 0 50 50 0
658 1363389120 413A1DBC-8DC5-11E2-9F6C-F95FE0F69D2B  701 0 0 126679664 121448 189308 0 0 0 0 12799 11481 0 49 51 0
659 1363389350 BDB0512C-8DC5-11E2-9F6C-F95FE0F69D2B  683 0 0 126674928 121448 189340 0 0 0 0 11415 10179 0 48 52 0
660 1363389540 4701645C-8DC6-11E2-9F6C-F95FE0F69D2B  683 0 0 126669136 121448 189372 0 0 0 5 14130 13299 0 45 55 0
661 1363389728 B7CAB350-8DC6-11E2-9F6C-F95FE0F69D2B  679 0 0 126665032 121452 189400 0 0 0 0 10483 9273 0 45 55 0
662 1363389923 27EEC374-8DC7-11E2-9F6C-F95FE0F69D2B  685 0 0 126660664 121452 189428 0 0 0 0 10435 9077 0 48 52 0
663 1363390098 9C321312-8DC7-11E2-9F6C-F95FE0F69D2B  676 0 0 126655328 121452 189456 0 0 0 0 11504 10391 0 47 53 0
664 1363390333 046AA8FE-8DC8-11E2-9F6C-F95FE0F69D2B  680 0 0 126651384 121452 189484 0 0 0 0 13336 12525 0 46 54 0
665 1363390531 907DA1F2-8DC8-11E2-9F6C-F95FE0F69D2B  681 0 0 126645216 121452 189516 0 0 0 0 11373 9955 0 49 51 0
666 1363390734 06A22FF6-8DC9-11E2-9F6C-F95FE0F69D2B  678 0 0 126640240 121460 189544 0 0 0 0 12383 11113 0 48 52 0
667 1363390982 7FFAAF18-8DC9-11E2-9F6C-F95FE0F69D2B  717 0 0 126635424 121460 189572 0 0 0 0 11435 10226 0 47 53 0
668 1363391156 1358A148-8DCA-11E2-9F6C-F95FE0F69D2B  690 0 0 126630320 121460 189600 0 0 0 0 9425 7991 0 48 52 0
669 1363391374 7B2084E4-8DCA-11E2-9F6C-F95FE0F69D2B  711 0 0 126624376 121464 189628 0 0 0 0 9639 8100 0 49 51 0
670 1363391638 FCE79C60-8DCA-11E2-9F6C-F95FE0F69D2B  695 0 0 126620832 121464 189656 0 0 0 0 10091 8354 0 49 51 0
671 1363391833 9ACF7EDE-8DCB-11E2-9F6C-F95FE0F69D2B  682 0 0 126615872 121464 189684 0 0 0 0 11854 10553 0 46 54 0
672 1363392025 0EE623E0-8DCC-11E2-9F6C-F95FE0F69D2B  684 0 0 126610624 121464 189712 0 0 0 0 12493 11707 0 45 55 0
673 1363392284 81588B16-8DCC-11E2-9F6C-F95FE0F69D2B  692 0 0 126605568 121464 189740 0 0 0 0 9724 8402 0 47 52 0
674 1363392513 1BD28110-8DCD-11E2-9F6C-F95FE0F69D2B  705 0 0 126601440 121464 189768 0 0 0 0 11605 10308 0 49 51 0
675 1363392717 A3E824BA-8DCD-11E2-9F6C-F95FE0F69D2B  685 0 0 126596048 121468 189796 0 0 0 0 12670 11876 0 46 54 0
676 1363392950 1DB9B088-8DCE-11E2-9F6C-F95FE0F69D2B  698 0 0 126590432 121468 189824 0 0 0 0 11309 9996 0 48 52 0
677 1363393148 A8971920-8DCE-11E2-9F6C-F95FE0F69D2B  705 0 0 126585424 121472 189852 0 0 0 0 11355 10241 0 46 54 0
678 1363393397 1E640A32-8DCF-11E2-9F6C-F95FE0F69D2B  705 0 0 126581664 121472 189880 0 0 0 0 8833 7135 0 49 51 0
679 1363393617 B2CEFD62-8DCF-11E2-9F6C-F95FE0F69D2B  701 0 0 126577864 121472 189912 0 0 0 0 9878 8187 0 51 49 0
680 1363393885 3664C058-8DD0-11E2-9F6C-F95FE0F69D2B  709 0 0 126571840 121472 189940 0 0 0 0 10328 8957 0 47 53 0
681 1363394115 D5F58C1A-8DD0-11E2-9F6C-F95FE0F69D2B  700 0 0 126567256 121472 189972 0 0 0 0 9606 8110 0 50 50 0
682 1363394347 5EEB1508-8DD1-11E2-9F6C-F95FE0F69D2B  708 0 0 126562728 121480 190000 0 0 0 0 10226 9019 0 48 52 0
683 1363394587 E979640E-8DD1-11E2-9F6C-F95FE0F69D2B  712 0 0 126556112 121480 190032 0 0 0 0 10614 9472 0 48 52 0
684 1363394781 7804CF7E-8DD2-11E2-9F6C-F95FE0F69D2B  708 0 0 126552320 121480 190060 0 0 0 0 8767 6923 0 52 47 0
685 1363394997 EC108F8E-8DD2-11E2-9F6C-F95FE0F69D2B  702 0 0 126549080 121484 190088 0 0 0 0 11318 10236 0 46 54 0
686 1363395299 6C78756A-8DD3-11E2-9F6C-F95FE0F69D2B  709 0 0 126544528 121484 190116 0 0 0 0 11662 10282 0 48 52 0
687 1363395544 20998354-8DD4-11E2-9F6C-F95FE0F69D2B  723 0 0 126537744 121484 190144 0 0 0 0 9829 8274 0 49 51 0
688 1363395782 B2887D7E-8DD4-11E2-9F6C-F95FE0F69D2B  714 0 0 126534352 121484 190172 0 0 0 0 11613 10319 0 47 53 0
689 1363396016 40CB4F62-8DD5-11E2-9F6C-F95FE0F69D2B  725 0 0 126530176 121484 190200 0 0 0 0 9913 8677 0 48 52 0
690 1363396305 CBBFF5E6-8DD5-11E2-9F6C-F95FE0F69D2B  711 0 0 126523456 121484 190228 0 0 0 0 11951 10379 0 50 50 0
691 1363396560 786E7E70-8DD6-11E2-9F6C-F95FE0F69D2B  727 0 0 126517928 121484 190256 0 0 0 0 8675 6921 0 52 48 0
692 1363396826 10250AE0-8DD7-11E2-9F6C-F95FE0F69D2B  710 0 0 126512800 121484 190284 0 0 0 0 10716 8807 0 51 49 0
693 1363397151 AEBC10C2-8DD7-11E2-9F6C-F95FE0F69D2B  717 0 0 126508624 121488 190312 0 0 0 0 10108 8835 0 49 51 0
694 1363397403 7044A25E-8DD8-11E2-9F6C-F95FE0F69D2B  721 0 0 126504144 121488 190340 0 0 0 0 10230 8858 0 49 51 0
695 1363397680 06947EC8-8DD9-11E2-9F6C-F95FE0F69D2B  716 0 0 126498752 121488 190368 0 0 0 0 10587 8862 0 50 50 0
696 1363397954 AC181B3E-8DD9-11E2-9F6C-F95FE0F69D2B  707 0 0 126493512 121488 190396 0 0 0 0 8831 7165 0 49 50 0
697 1363398286 4F17E2A6-8DDA-11E2-9F6C-F95FE0F69D2B  709 0 0 126487648 121488 190428 0 0 0 0 8975 7386 0 50 50 0
698 1363398583 15226188-8DDB-11E2-9F6C-F95FE0F69D2B  711 0 0 126482352 121492 190460 0 0 0 0 10271 9037 0 51 49 0
699 1363398841 C5CFB440-8DDB-11E2-9F6C-F95FE0F69D2B  730 0 0 126477680 121492 190488 0 0 0 0 11107 9569 0 51 49 0
700 1363399149 6018A1C4-8DDC-11E2-9F6C-F95FE0F69D2B  709 0 0 126473648 121492 190516 0 0 0 0 11525 10354 0 48 51 0
701 1363399355 175CD594-8DDD-11E2-9F6C-F95FE0F69D2B  742 1 0 126467840 121496 190544 0 0 0 6 18888 16375 0 50 49 0
702 1363399635 9281AEF2-8DDD-11E2-9F6C-F95FE0F69D2B  722 0 0 126463600 121496 190572 0 0 0 0 10479 9342 0 49 51 0
703 1363399967 3906C794-8DDE-11E2-9F6C-F95FE0F69D2B  728 0 0 126458128 121496 190600 0 0 0 8 11256 10247 0 48 52 0
704 1363400238 FEC17ED4-8DDE-11E2-9F6C-F95FE0F69D2B  727 0 0 126451472 121496 190632 0 0 0 0 9947 8317 0 50 50 0
705 1363400623 A06AFEE0-8DDF-11E2-9F6C-F95FE0F69D2B  729 0 0 126446864 121496 190660 0 0 0 0 10696 9620 0 46 54 0
706 1363400985 85CC4C1E-8DE0-11E2-9F6C-F95FE0F69D2B  720 0 0 126441600 121496 190688 0 0 0 0 7696 6066 0 52 48 0
707 1363401291 5D8FA952-8DE1-11E2-9F6C-F95FE0F69D2B  749 0 0 126435384 121496 190716 0 0 0 0 9547 7411 0 53 47 0
708 1363401553 1416E2BC-8DE2-11E2-9F6C-F95FE0F69D2B  725 0 0 126430168 121496 190744 0 0 0 6 9264 8162 0 48 52 0
709 1363401848 B04F47D2-8DE2-11E2-9F6C-F95FE0F69D2B  743 0 0 126423696 121500 190772 0 0 0 6 10559 9105 0 50 50 0
710 1363402161 601EDF38-8DE3-11E2-9F6C-F95FE0F69D2B  711 0 0 126418648 121500 190800 0 0 0 0 10650 9434 0 48 52 0
711 1363402552 1A74E9CC-8DE4-11E2-9F6C-F95FE0F69D2B  696 0 0 126414944 121500 190828 0 0 0 0 11186 9808 0 51 49 0
712 1363402818 03E47064-8DE5-11E2-9F6C-F95FE0F69D2B  753 0 0 126409456 121500 190860 0 0 0 0 10765 9641 0 48 51 0
713 1363403091 A212B1E2-8DE5-11E2-9F6C-F95FE0F69D2B  750 0 0 126404920 121500 190888 0 0 0 0 9088 6551 0 57 43 0
714 1363403451 44DBEC54-8DE6-11E2-9F6C-F95FE0F69D2B  747 0 0 126399912 121504 190916 0 0 0 0 9982 8392 0 49 51 0
715 1363403863 1BACA23C-8DE7-11E2-9F6C-F95FE0F69D2B  724 0 0 126393520 121504 190944 0 0 0 6 10845 9005 0 52 48 0
716 1363404278 115EB80A-8DE8-11E2-9F6C-F95FE0F69D2B  745 0 0 126388800 121504 190972 0 0 0 0 8576 6860 0 51 49 0
717 1363404520 08C8CE14-8DE9-11E2-9F6C-F95FE0F69D2B  735 0 0 126382888 121508 191004 0 0 0 6 10633 9489 0 47 53 0
718 1363404864 9886A008-8DE9-11E2-9F6C-F95FE0F69D2B  745 0 0 126379808 121508 191032 0 0 0 0 7954 6810 0 48 52 0
719 1363405223 65FFABEC-8DEA-11E2-9F6C-F95FE0F69D2B  745 0 0 126375296 121508 191064 0 0 0 6 12312 11403 0 47 53 0
720 1363405576 3C1E61A0-8DEB-11E2-9F6C-F95FE0F69D2B  741 0 0 126371456 121508 191092 0 0 0 0 10073 8590 0 51 49 0
721 1363405872 0DF4DA10-8DEC-11E2-9F6C-F95FE0F69D2B  746 0 0 126365648 121508 191120 0 0 0 0 10475 9160 0 47 53 0
722 1363406203 BEBFEBE6-8DEC-11E2-9F6C-F95FE0F69D2B  750 0 0 126360320 121508 191148 0 0 0 0 7159 5823 0 49 51 0
723 1363406497 83E49AAC-8DED-11E2-9F6C-F95FE0F69D2B  739 0 0 126353856 121508 191176 0 0 0 6 11529 10818 0 48 52 0
724 1363406833 32F7DA36-8DEE-11E2-9F6C-F95FE0F69D2B  740 0 0 126348704 121508 191204 0 0 0 0 11513 10560 0 47 53 0
725 1363407206 FBB571E0-8DEE-11E2-9F6C-F95FE0F69D2B  740 0 0 126343528 121512 191232 0 0 0 0 7548 6163 0 53 47 0
726 1363407555 D97F57FC-8DEF-11E2-9F6C-F95FE0F69D2B  768 0 0 126338384 121512 191264 0 0 0 0 9799 8844 0 48 51 0
727 1363407882 A9AF10D4-8DF0-11E2-9F6C-F95FE0F69D2B  740 0 0 126334368 121512 191292 0 0 0 0 10961 9528 0 52 48 0
728 1363408239 6C896B2C-8DF1-11E2-9F6C-F95FE0F69D2B  744 0 0 126329888 121512 191320 0 0 0 0 10701 9853 0 48 52 0
729 1363408656 41C39E34-8DF2-11E2-9F6C-F95FE0F69D2B  774 0 0 126325048 121512 191348 0 0 0 0 6768 5389 0 52 48 0
730 1363408986 3A362FF0-8DF3-11E2-9F6C-F95FE0F69D2B  745 0 0 126320528 121516 191376 0 0 0 0 10048 8841 0 51 49 0
731 1363409439 FEA13966-8DF3-11E2-9F6C-F95FE0F69D2B  750 0 0 126316016 121516 191404 0 0 0 0 10292 9013 0 50 50 0
732 1363409823 0CA35CE6-8DF5-11E2-9F6C-F95FE0F69D2B  757 0 0 126310624 121516 191432 0 0 0 0 9486 7806 0 54 46 0
733 1363410117 F16FED76-8DF5-11E2-9F6C-F95FE0F69D2B  756 1 0 126305416 121520 191460 0 0 0 5 8824 7065 0 50 49 0
734 1363410460 A0B2222C-8DF6-11E2-9F6C-F95FE0F69D2B  757 0 0 126300200 121520 191488 0 0 0 7 9361 7625 0 51 49 0
735 1363410824 6D39C2BE-8DF7-11E2-9F6C-F95FE0F69D2B  776 0 0 126296304 121520 191516 0 0 0 4 8245 6791 0 53 46 1
736 1363411071 465A9348-8DF8-11E2-9F6C-F95FE0F69D2B  691 0 0 126290000 121520 191552 0 0 0 6 9598 8605 0 50 50 0
737 1363411451 D93FD812-8DF8-11E2-9F6C-F95FE0F69D2B  769 0 0 126284240 121520 191580 0 0 0 0 7408 5909 0 52 48 0
738 1363411858 BBFA5E3E-8DF9-11E2-9F6C-F95FE0F69D2B  767 0 0 126243632 121548 227196 0 0 0 0 10187 8725 0 51 49 0
739 1363412706 AEA06B92-8DFA-11E2-9F6C-F95FE0F69D2B  771 1 0 125972472 131132 431680 0 0 463 294 10674 8307 0 53 45 1
740 1363413189 A7E75F7A-8DFC-11E2-9F6C-F95FE0F69D2B  779 0 0 125914480 166876 435144 0 0 0 0 7230 5702 0 52 48 0
741 1363413546 C80C7726-8DFD-11E2-9F6C-F95FE0F69D2B  759 0 0 125909072 166876 435172 0 0 0 0 9705 8137 0 53 47 0
742 1363413819 9C6D2696-8DFE-11E2-9F6C-F95FE0F69D2B  747 0 0 125902976 166876 435200 0 0 0 0 7851 6517 0 49 51 0
743 1363414293 3FA737A2-8DFF-11E2-9F6C-F95FE0F69D2B  767 0 0 125898496 166876 435228 0 0 0 0 10213 9498 0 46 54 0
744 1363414832 59D4D4C6-8E00-11E2-9F6C-F95FE0F69D2B  761 0 0 125893248 166876 435256 0 0 0 0 9201 7736 0 50 50 0
745 1363415132 9B6DAF38-8E01-11E2-9F6C-F95FE0F69D2B  760 0 0 125888904 166876 435284 0 0 0 0 9425 8097 0 53 47 0
746 1363415463 4E1F3912-8E02-11E2-9F6C-F95FE0F69D2B  763 0 0 125883616 166880 435312 0 0 0 0 8669 7595 0 52 48 0
747 1363415842 139B57AC-8E03-11E2-9F6C-F95FE0F69D2B  761 0 0 125880048 166880 435340 0 0 0 0 9574 8435 0 50 49 0
748 1363416220 F4F5D1FA-8E03-11E2-9F6C-F95FE0F69D2B  813 0 0 125875448 166880 435368 0 0 0 0 7473 6140 0 47 53 0
749 1363416651 D64A6C2E-8E04-11E2-9F6C-F95FE0F69D2B  775 0 0 125869056 166880 435412 0 0 0 0 8431 7139 0 50 50 0
750 1363417014 D731F7A0-8E05-11E2-9F6C-F95FE0F69D2B  767 0 0 125863984 166880 435440 0 0 0 0 9592 7566 0 53 47 0
751 1363417362 AFB7B812-8E06-11E2-9F6C-F95FE0F69D2B  772 0 0 125859136 166880 435468 0 0 0 0 6131 5764 0 42 58 0
752 1363417770 7F20670C-8E07-11E2-9F6C-F95FE0F69D2B  744 0 0 125856160 166916 435496 0 0 0 0 11317 9845 0 52 48 0
753 1363418218 7254E998-8E08-11E2-9F6C-F95FE0F69D2B  776 0 0 125850072 166976 435528 0 0 0 0 8638 7051 0 52 48 0
754 1363418614 7D3CC258-8E09-11E2-9F6C-F95FE0F69D2B  755 0 0 125846032 167052 435556 0 0 0 0 10020 8503 0 51 49 0
755 1363419176 6991DB52-8E0A-11E2-9F6C-F95FE0F69D2B  734 0 0 125839152 167140 435604 0 0 0 0 9219 8259 0 50 50 0
756 1363419519 B85EBBB4-8E0B-11E2-9F6C-F95FE0F69D2B  800 0 0 125836672 167196 435632 0 0 0 0 8656 7319 0 51 49 0
757 1363419871 84BFFA6A-8E0C-11E2-9F6C-F95FE0F69D2B  804 0 0 125832240 167256 435664 0 0 0 0 10005 8216 0 54 46 0
758 1363420280 5683F25E-8E0D-11E2-9F6C-F95FE0F69D2B  780 0 0 125825776 167336 435692 0 0 0 0 9418 8723 0 45 55 0
759 1363420599 4A50AA08-8E0E-11E2-9F6C-F95FE0F69D2B  777 0 0 125819568 167404 435720 0 0 0 0 9026 8087 0 48 52 0
760 1363420988 08C97F8C-8E0F-11E2-9F6C-F95FE0F69D2B  795 0 0 125815112 167468 435748 0 0 0 0 10106 8962 0 50 50 0
761 1363421238 F08DD32C-8E0F-11E2-9F6C-F95FE0F69D2B  796 0 0 125810464 167540 435780 0 0 0 0 9552 7588 0 58 42 0
762 1363421562 85506EA2-8E10-11E2-9F6C-F95FE0F69D2B  786 0 0 125807216 167612 435808 0 0 0 0 7917 7359 0 45 55 0
763 1363421951 46B15610-8E11-11E2-9F6C-F95FE0F69D2B  810 0 0 125800240 167676 435836 0 0 0 0 10646 8889 0 56 44 0
764 1363422566 2E4EA86A-8E12-11E2-9F6C-F95FE0F69D2B  783 0 0 125794456 167768 435896 0 0 0 0 9424 8140 0 47 53 0
765 1363423001 9CFEE4EA-8E13-11E2-9F6C-F95FE0F69D2B  791 0 0 125790656 167828 435924 0 0 0 0 7809 6295 0 56 44 0
766 1363423406 A0913292-8E14-11E2-9F6C-F95FE0F69D2B  783 0 0 125784664 167880 435952 0 0 0 0 8655 7416 0 51 49 0
767 1363423859 91DDF400-8E15-11E2-9F6C-F95FE0F69D2B  792 0 0 125780080 167968 435980 0 0 0 0 8971 7515 0 49 51 0
768 1363424261 9F79F018-8E16-11E2-9F6C-F95FE0F69D2B  789 0 0 125775696 168048 436024 0 0 0 0 8866 7751 0 49 51 0
769 1363424668 8F7A9310-8E17-11E2-9F6C-F95FE0F69D2B  805 0 0 125771680 168112 436052 0 0 0 0 8687 6918 0 53 47 0
770 1363425055 81DD3B94-8E18-11E2-9F6C-F95FE0F69D2B  742 1 0 125766400 168184 436076 0 0 0 6 9238 7710 0 53 47 0
771 1363425442 68E7001A-8E19-11E2-9F6C-F95FE0F69D2B  803 0 0 125761976 168248 436112 0 0 0 0 8586 7057 0 55 45 0
772 1363425908 4F03FB66-8E1A-11E2-9F6C-F95FE0F69D2B  727 0 0 125756432 168308 436140 0 0 0 0 10411 8667 0 49 51 0
773 1363426459 64D5F72C-8E1B-11E2-9F6C-F95FE0F69D2B  807 0 0 125750480 168364 436168 0 0 0 0 9261 7349 0 50 50 0
774 1363426934 AD6792B0-8E1C-11E2-9F6C-F95FE0F69D2B  777 0 0 125746600 168436 436196 0 0 0 0 9010 7560 0 52 48 0
775 1363427314 C871CE12-8E1D-11E2-9F6C-F95FE0F69D2B  816 0 0 125740576 168492 436224 0 0 0 1 8639 6770 0 56 43 0
776 1363427767 AB5FA0D2-8E1E-11E2-9F6C-F95FE0F69D2B  787 0 0 125734920 168552 436264 0 0 0 0 13806 13168 0 50 50 0
777 1363428467 B90B94D8-8E1F-11E2-9F6C-F95FE0F69D2B  684 0 0 125729136 168624 436292 0 0 0 0 9671 8008 0 55 45 0
778 1363428907 5A0A43CE-8E21-11E2-9F6C-F95FE0F69D2B  805 0 0 125724448 168684 436320 0 0 0 0 9681 8115 0 52 48 0
779 1363429386 60E2E790-8E22-11E2-9F6C-F95FE0F69D2B  803 0 0 125719544 168764 436348 0 0 0 0 9367 7924 0 54 46 0
780 1363429868 7E1CF28C-8E23-11E2-9F6C-F95FE0F69D2B  822 0 0 125713936 168828 436376 0 0 0 0 6872 5795 0 51 49 0
781 1363430204 9D812C46-8E24-11E2-9F6C-F95FE0F69D2B  786 0 0 125709008 168904 436408 0 0 0 0 10725 9793 0 52 48 0
782 1363430593 65D550DC-8E25-11E2-9F6C-F95FE0F69D2B  801 0 0 125704824 168964 436436 0 0 0 0 9559 8169 0 52 48 0
783 1363430988 4D42B0D6-8E26-11E2-9F6C-F95FE0F69D2B  787 0 0 125700952 169020 436464 0 0 0 0 7088 6081 0 47 52 0
784 1363431563 392B456C-8E27-11E2-9F6C-F95FE0F69D2B  803 0 0 125697208 169088 436492 0 0 0 0 8018 6270 0 50 50 0
785 1363432017 8F9397BE-8E28-11E2-9F6C-F95FE0F69D2B  738 0 0 125691872 169184 436540 0 0 0 0 7403 6122 0 50 50 0
786 1363432701 9E61A046-8E29-11E2-9F6C-F95FE0F69D2B  803 0 0 125685488 169252 436568 0 0 0 0 9436 8505 0 51 49 0
787 1363433271 35BCD7AC-8E2B-11E2-9F6C-F95FE0F69D2B  802 0 0 125679816 169320 436596 0 0 0 0 7535 6694 0 45 55 0
788 1363433806 8974A5E0-8E2C-11E2-9F6C-F95FE0F69D2B  813 0 0 125675752 169388 436624 0 0 0 0 9178 7574 0 52 47 0
789 1363434305 C88D10D6-8E2D-11E2-9F6C-F95FE0F69D2B  813 0 0 125670568 169456 436652 0 0 0 0 9744 8326 0 54 46 0
790 1363434694 F209BBF2-8E2E-11E2-9F6C-F95FE0F69D2B  811 0 0 125665496 169524 436676 0 0 0 6 8530 7275 0 53 47 0
791 1363435217 D9B50376-8E2F-11E2-9F6C-F95FE0F69D2B  825 0 0 125660576 169628 436736 0 0 0 0 6670 5811 0 55 45 0
792 1363435801 119BADD4-8E31-11E2-9F6C-F95FE0F69D2B  822 0 0 125655776 169700 436768 0 0 0 0 8680 7696 0 51 49 0
793 1363436351 6DA1F768-8E32-11E2-9F6C-F95FE0F69D2B  818 0 0 125650352 169804 436808 0 0 0 0 6944 5882 0 55 45 0
