1 1363691840 !  1 0 0 129973456 102248 172428 0 0 0 0 127 192 0 0 100 0
2 1363691852 !  1 0 0 129973984 102248 172476 0 0 0 6 172 253 0 0 100 0
3 1363691864 !  1 0 0 129972584 102248 172480 0 0 0 24 221 335 0 0 100 0
4 1363691876 !  0 0 0 129970600 102248 172488 0 0 0 7 269 406 0 0 100 0
5 1363691888 !  1 0 0 129963048 102248 172508 0 0 0 1 290 480 0 0 100 0
6 1363691900 !  0 0 0 129958440 102248 172512 0 0 0 8 345 565 0 0 100 0
7 1363691912 !  1 0 0 129953392 102248 172512 0 0 0 7 392 663 0 0 100 0
8 1363691924 !  1 0 0 129951440 102248 172520 0 0 0 7 426 720 0 0 100 0
9 1363691936 !  1 0 0 129946488 102248 172524 0 0 0 10 492 820 0 0 100 0
10 1363691948 !  1 0 0 129941856 102248 172524 0 0 0 7 563 897 0 0 100 0
11 1363691960 !  1 0 0 129934208 102248 172528 0 0 0 8 562 978 0 0 100 0
12 1363691972 !  1 0 0 129930192 102248 172532 0 0 0 7 586 1050 0 0 100 0
13 1363691985 !  2 0 0 129925304 102248 172536 0 0 0 9 648 1151 0 0 100 0
14 1363691997 !  0 0 0 129920128 102248 172540 0 0 0 6 686 1214 0 0 100 0
15 1363692009 !  0 0 0 129915080 102248 172544 0 0 0 12 715 1292 0 0 100 0
16 1363692021 !  0 0 0 129907240 102248 172556 0 0 0 7 756 1391 0 0 100 0
17 1363692033 !  0 0 0 129899440 102248 172560 0 0 0 7 812 1453 0 0 100 0
18 1363692045 !  0 0 0 129895888 102248 172564 0 0 0 11 845 1538 0 0 100 0
19 1363692057 !  0 0 0 129890272 102248 172568 0 0 0 6 896 1618 0 0 100 0
20 1363692069 !  1 0 0 129885232 102248 172568 0 0 0 7 918 1702 0 0 100 0
21 1363692081 !  0 0 0 129879696 102248 172576 0 0 0 13 958 1782 0 0 100 0
22 1363692093 !  1 0 0 129874496 102248 172576 0 0 0 8 1002 1857 0 0 100 0
23 1363692105 !  0 0 0 129867120 102248 172584 0 0 0 8 1044 1941 0 0 100 0
24 1363692117 !  0 0 0 129863584 102248 172588 0 0 0 7 1100 2036 0 0 100 0
25 1363692129 !  0 0 0 129857888 102248 172592 0 0 0 6 1128 2100 0 0 100 0
26 1363692141 !  0 0 0 129852864 102248 172592 0 0 0 6 1202 2187 0 0 100 0
27 1363692153 !  0 0 0 129848704 102248 172596 0 0 0 9 1233 2263 0 0 100 0
28 1363692165 !  0 0 0 129841064 102248 172600 0 0 0 6 1268 2344 0 0 100 0
29 1363692177 !  0 0 0 129834984 102252 172608 0 0 0 6 1307 2429 0 0 100 0
30 1363692189 !  1 0 0 129829488 102252 172604 0 0 0 16 1352 2509 0 0 100 0
31 1363692201 !  1 0 0 129826144 102252 172612 0 0 0 6 1397 2587 0 0 100 0
32 1363692213 !  1 0 0 129822024 102252 172616 0 0 0 7 1457 2663 0 0 100 0
33 1363692224 !  0 0 0 129812664 102252 172624 0 0 0 7 1487 2747 0 0 100 0
34 1363692236 !  1 0 0 129808784 102252 172624 0 0 0 0 1553 2843 0 0 100 0
35 1363692248 !  1 0 0 129805368 102252 172628 0 0 0 8 1568 2912 0 0 100 0
36 1363692260 !  1 0 0 129800032 102252 172632 0 0 0 12 1604 2999 0 0 100 0
37 1363692272 !  1 0 0 129795328 102252 172636 0 0 0 6 1672 3067 0 0 100 0
38 1363692284 !  1 0 0 129788048 102252 172640 0 0 0 7 1685 3154 0 0 100 0
39 1363692296 !  1 0 0 129782432 102252 172644 0 0 0 10 1714 3239 0 0 100 0
40 1363692308 !  1 0 0 129776912 102252 172644 0 0 0 14 1757 3319 0 0 100 0
41 1363692320 !  1 0 0 129771920 102252 172656 0 0 0 7 1797 3406 0 0 100 0
42 1363692332 !  1 0 0 129767104 102252 172660 0 0 0 7 1893 3481 0 0 100 0
43 1363692344 !  1 0 0 129761032 102252 172664 0 0 0 7 1895 3559 0 0 100 0
44 1363692357 !  0 0 0 129753664 102252 172672 0 0 0 6 1958 3647 0 0 100 0
45 1363692369 !  0 0 0 129749488 102256 172676 0 0 0 8 1972 3721 0 0 100 0
46 1363692381 !  1 0 0 129744208 102256 172680 0 0 0 8 2015 3800 0 0 100 0
47 1363692393 !  0 0 0 129740392 102256 172680 0 0 0 8 2046 3888 0 0 100 0
48 1363692405 !  0 0 0 129734296 102256 172684 0 0 0 7 2104 3968 0 0 100 0
49 1363692417 !  0 0 0 129728136 102256 172688 0 0 0 6 2137 4049 0 0 100 0
50 1363692429 !  0 0 0 129722032 102256 172692 0 0 0 7 2163 4129 0 0 100 0
51 1363692441 !  1 0 0 129716504 102256 172696 0 0 0 8 2204 4218 0 0 100 0
52 1363692453 !  1 0 0 129711984 102256 172700 0 0 0 7 2266 4293 0 0 100 0
53 1363692465 !  1 0 0 129705744 102256 172700 0 0 0 7 2309 4374 0 0 100 0
54 1363692477 !  1 0 0 129701600 102256 172708 0 0 0 6 2355 4458 0 0 100 0
55 1363692489 !  0 0 0 129694448 102256 172708 0 0 0 7 2390 4536 0 0 100 0
56 1363692501 !  0 0 0 129690000 102256 172716 0 0 0 6 2429 4615 0 0 100 0
57 1363692513 !  0 0 0 129684680 102256 172720 0 0 0 7 2494 4698 0 0 100 0
58 1363692525 !  0 0 0 129680480 102256 172728 0 0 0 9 2521 4779 0 0 100 0
59 1363692537 !  0 0 0 129675544 102256 172732 0 0 0 14 2569 4865 0 0 100 0
60 1363692549 !  0 0 0 129669272 102256 172736 0 0 0 7 2579 4939 0 0 100 0
61 1363692561 !  0 0 0 129662008 102260 172736 0 0 0 6 2637 5015 0 0 100 0
62 1363692573 !  1 0 0 129657488 102260 172748 0 0 0 9 2683 5097 0 0 100 0
63 1363692585 !  1 0 0 129652608 102260 172748 0 0 0 1 2747 5174 0 0 100 0
64 1363692597 !  1 0 0 129646888 102260 172748 0 0 0 6 2789 5262 0 0 100 0
65 1363692609 !  0 0 0 129643440 102260 172760 0 0 0 7 2822 5345 0 0 100 0
66 1363692621 !  1 0 0 129635984 102260 172760 0 0 0 0 2859 5413 0 0 100 0
67 1363692633 !  1 0 0 129629632 102260 172768 0 0 0 7 2896 5497 0 0 100 0
68 1363692645 !  1 0 0 129624912 102260 172768 0 0 0 7 2924 5571 0 0 100 0
69 1363692657 !  1 0 0 129620080 102260 172772 0 0 0 7 2981 5666 0 0 100 0
70 1363692669 !  1 0 0 129615344 102260 172776 0 0 0 7 3022 5748 0 0 100 0
71 1363692681 !  1 0 0 129609864 102260 172780 0 0 0 6 3062 5822 0 0 100 0
72 1363692693 !  0 0 0 129603056 102260 172784 0 0 0 7 3128 5903 0 0 100 0
73 1363692705 !  0 0 0 129597376 102260 172788 0 0 0 7 3143 5984 0 0 100 0
74 1363692718 !  2 0 0 129593208 102260 172792 0 0 0 7 3187 6067 0 0 100 0
75 1363692730 !  1 0 0 129587200 102260 172800 0 0 0 7 3239 6147 0 0 100 0
76 1363692742 !  2 0 0 129583056 102260 172800 0 0 0 6 3274 6232 0 0 100 0
77 1363692754 !  4 0 0 129575232 102264 172808 0 0 0 8 3335 6318 0 0 100 0
78 1363692766 !  1 0 0 129569632 102264 172808 0 0 0 8 3379 6391 0 0 100 0
79 1363692778 !  2 0 0 129565192 102264 172812 0 0 0 7 3409 6473 0 0 100 0
80 1363692790 !  1 0 0 129559192 102264 172816 0 0 0 7 3477 6564 0 0 100 0
81 1363692802 !  0 0 0 129556192 102264 172820 0 0 0 6 3531 6626 0 0 100 0
82 1363692814 !  0 0 0 129549816 102264 172824 0 0 0 8 3552 6706 0 0 100 0
83 1363692826 !  0 0 0 129542832 102264 172828 0 0 0 8 3642 6794 0 0 100 0
84 1363692838 !  1 0 0 129538480 102264 172828 0 0 0 8 3693 6877 0 0 100 0
85 1363692850 !  1 0 0 129533504 102264 172836 0 0 0 7 3667 6953 0 0 100 0
86 1363692862 !  0 0 0 129527440 102264 172836 0 0 0 13 3725 7033 0 0 100 0
87 1363692874 !  0 0 0 129522160 102264 172840 0 0 0 6 3762 7114 0 0 100 0
88 1363692886 !  1 0 0 129516296 102264 172848 0 0 0 6 3792 7191 0 0 100 0
89 1363692898 !  1 0 0 129510192 102264 172852 0 0 0 8 3809 7282 0 0 100 0
90 1363692910 !  2 0 0 129503776 102264 172856 0 0 0 6 3847 7365 0 0 100 0
91 1363692922 !  1 0 0 129499456 102264 172860 0 0 0 7 3905 7453 0 0 100 0
92 1363692934 !  0 0 0 129494880 102264 172864 0 0 0 2 3993 7532 0 0 100 0
93 1363692946 !  1 0 0 129488272 102268 172872 0 0 0 0 4034 7613 0 0 100 0
94 1363692958 !  1 1 0 129483248 102268 172872 0 0 0 8 4076 7697 0 0 100 0
95 1363692970 !  0 0 0 129478208 102268 172872 0 0 0 8 4117 7774 0 0 100 0
96 1363692982 !  1 0 0 129472000 102268 172880 0 0 0 6 4162 7852 0 0 100 0
97 1363692994 !  1 1 0 129467856 102268 172884 0 0 0 7 4215 7931 0 0 100 0
98 1363693006 !  1 0 0 129463488 102268 172892 0 0 0 7 4275 8033 0 0 100 0
99 1363693018 !  1 0 0 129454712 102268 172892 0 0 0 6 4318 8093 0 0 100 0
100 1363693030 !  1 0 0 129449192 102268 172900 0 0 0 7 4346 8172 0 0 100 0
101 1363693042 !  1 0 0 129444056 102268 172900 0 0 0 10 4413 8255 0 0 100 0
102 1363693054 !  2 0 0 129439768 102268 172908 0 0 0 7 4433 8334 0 0 100 0
103 1363693066 !  2 0 0 129435440 102268 172908 0 0 0 6 4522 8418 0 0 100 0
104 1363693078 !  0 0 0 129429008 102268 172912 0 0 0 13 4554 8497 0 0 100 0
105 1363693091 !  1 0 0 129422008 102268 172912 0 0 0 7 4567 8563 0 0 100 0
106 1363693103 !  1 0 0 129417824 102268 172920 0 0 0 7 4610 8651 0 0 100 0
107 1363693115 !  1 0 0 129412664 102268 172924 0 0 0 13 4689 8727 0 0 99 0
108 1363693127 !  1 0 0 129408704 102268 172928 0 0 0 6 4711 8816 0 0 99 0
109 1363693139 !  0 0 0 129402560 102272 172932 0 0 0 8 4740 8905 0 0 100 0
110 1363693151 !  0 0 0 129395128 102272 172936 0 0 0 14 4797 8968 0 0 100 0
111 1363693163 !  1 0 0 129390368 102272 172940 0 0 0 7 4855 9052 0 0 99 0
112 1363693175 !  1 0 0 129385424 102272 172948 0 0 0 9 4888 9116 0 0 100 0
113 1363693187 !  1 0 0 129379968 102272 172948 0 0 0 10 4991 9190 0 0 100 0
114 1363693199 !  1 0 0 129373872 102272 172956 0 0 0 7 4986 9269 0 0 99 0
115 1363693211 !  2 0 0 129367128 102272 172956 0 0 0 7 5014 9363 0 0 100 0
116 1363693223 !  0 0 0 129360864 102272 172960 0 0 0 7 5070 9455 0 0 100 0
117 1363693235 !  1 0 0 129357216 102272 172968 0 0 0 7 5119 9556 0 0 99 0
118 1363693247 !  1 0 0 129353184 102272 172968 0 0 0 6 5161 9629 0 0 99 0
119 1363693259 !  1 0 0 129348000 102272 172976 0 0 0 10 5203 9693 0 0 99 0
120 1363693271 !  3 0 0 129341528 102272 172976 0 0 0 6 5187 9779 0 0 99 0
121 1363693283 !  1 0 0 129336032 102272 172988 0 0 0 8 5281 9869 0 0 99 0
122 1363693295 !  0 0 0 129329808 102272 172988 0 0 0 12 5278 9950 0 0 99 0
123 1363693307 !  1 0 0 129325896 102272 172992 0 0 0 6 5402 10017 0 0 99 0
124 1363693319 !  1 0 0 129322440 102272 172996 0 0 0 8 5437 10096 0 0 99 0
125 1363693331 !  1 0 0 129316960 102276 173004 0 0 0 6 5470 10160 0 0 99 0
126 1363693343 !  1 0 0 129311592 102276 173004 0 0 0 9 5526 10266 0 0 99 0
127 1363693355 !  1 0 0 129304064 102276 173012 0 0 0 1 5542 10354 0 0 99 0
128 1363693367 !  0 0 0 129299088 102276 173008 0 0 0 6 5584 10412 0 0 99 0
129 1363693379 !  2 0 0 129294912 102276 173020 0 0 0 7 5618 10492 0 0 99 0
130 1363693391 !  1 0 0 129290416 102276 173024 0 0 0 0 5691 10556 0 0 99 0
131 1363693403 !  0 0 0 129284176 102276 173028 0 0 0 7 5704 10638 0 0 99 0
132 1363693415 !  1 0 0 129276432 102276 173028 0 0 0 7 5781 10731 0 0 99 0
133 1363693427 !  1 0 0 129270928 102276 173032 0 0 0 7 5833 10801 0 0 99 0
134 1363693440 !  1 0 0 129264768 102276 173032 0 0 0 10 5904 10874 0 0 99 0
135 1363693452 !  0 0 0 129261200 102276 173040 0 0 0 6 6002 10958 0 0 99 0
136 1363693464 !  1 0 0 129257312 102276 173040 0 0 0 8 5950 11059 0 0 99 0
137 1363693476 !  2 0 0 129251120 102276 173048 0 0 0 13 6030 11139 0 0 99 0
138 1363693488 !  3 0 0 129243768 102276 173048 0 0 0 7 6098 11184 0 0 99 0
139 1363693500 !  0 0 0 129239088 102276 173060 0 0 0 7 6173 11266 0 0 99 0
140 1363693512 !  0 0 0 129233448 102276 173064 0 0 0 16 6212 11355 0 0 99 0
141 1363693524 !  2 0 0 129227856 102280 173064 0 0 0 9 6212 11445 0 0 99 0
142 1363693536 !  2 0 0 129223296 102280 173068 0 0 0 9 6242 11497 0 0 99 0
143 1363693548 !  1 0 0 129218296 102280 173076 0 0 0 7 6301 11600 0 0 99 0
144 1363693560 !  2 0 0 129211464 102280 173072 0 0 0 7 6412 11668 0 0 99 0
145 1363693572 !  0 0 0 129206544 102280 173084 0 0 0 6 6405 11750 0 0 99 0
146 1363693584 !  2 0 0 129201680 102280 173080 0 0 0 10 6470 11847 0 0 99 0
147 1363693596 !  2 0 0 129195768 102280 173092 0 0 0 8 6426 11918 0 0 99 0
148 1363693608 !  1 0 0 129191144 102280 173088 0 0 0 8 6582 11995 0 0 99 0
149 1363693620 !  2 0 0 129183264 102280 173096 0 0 0 6 6548 12063 0 0 99 0
150 1363693632 !  1 0 0 129177912 102280 173096 0 0 0 6 6630 12124 0 0 99 0
151 1363693644 !  0 0 0 129173360 102280 173108 0 0 0 7 6693 12246 0 0 99 0
152 1363693656 !  1 0 0 129168976 102280 173104 0 0 0 5 6733 12318 0 0 99 0
153 1363693668 !  2 0 0 129164688 102280 173112 0 0 0 7 6803 12391 0 1 99 0
154 1363693680 !  1 0 0 129156768 102280 173116 0 0 0 7 6802 12484 0 0 99 0
155 1363693692 !  2 0 0 129150176 102280 173120 0 0 0 7 6932 12549 0 0 99 0
156 1363693704 !  2 0 0 129145960 102280 173120 0 0 0 8 7013 12622 0 1 99 0
157 1363693716 !  1 0 0 129139992 102284 173128 0 0 0 6 6958 12688 0 1 99 0
158 1363693728 !  1 0 0 129135600 102284 173128 0 0 0 14 7080 12801 0 0 99 0
159 1363693740 !  2 0 0 129131360 102284 173132 0 0 0 7 7152 12868 0 1 99 0
160 1363693752 !  0 0 0 129122400 102284 173136 0 0 0 7 7165 12948 0 0 99 0
161 1363693764 !  2 0 0 129117968 102284 173144 0 0 0 11 7185 13026 0 0 99 0
162 1363693776 !  1 0 0 129112880 102284 173148 0 0 0 6 7165 13128 0 0 99 0
163 1363693788 !  0 0 0 129109200 102284 173156 0 0 0 8 7287 13198 0 1 99 0
164 1363693801 !  0 0 0 129103488 102284 173156 0 0 0 6 7239 13253 0 1 99 0
165 1363693813 !  0 0 0 129097248 102284 173168 0 0 0 8 7279 13344 0 0 99 0
166 1363693825 !  1 0 0 129091584 102284 173168 0 0 0 10 7370 13431 0 1 99 0
167 1363693837 !  2 0 0 129086624 102284 173176 0 0 0 11 7412 13519 0 1 99 0
168 1363693849 !  0 0 0 129081968 102284 173176 0 0 0 8 7497 13587 0 1 99 0
169 1363693861 !  1 0 0 129076880 102284 173180 0 0 0 8 7520 13686 0 1 99 0
170 1363693873 !  1 0 0 129070256 102284 173188 0 0 0 8 7482 13757 0 1 99 0
171 1363693885 !  0 0 0 129064184 102284 173188 0 0 0 8 7578 13826 0 1 99 0
172 1363693897 !  0 0 0 129060176 102292 173196 0 0 0 6 7644 13884 0 0 99 0
173 1363693909 !  1 0 0 129054336 102296 173204 0 0 0 16 7722 14001 0 1 99 0
174 1363693921 !  1 0 0 129050320 102296 173208 0 0 0 9 7723 14080 0 1 99 0
175 1363693933 !  1 0 0 129045000 102296 173212 0 0 0 8 7759 14162 0 1 99 0
176 1363693945 !  0 0 0 129038848 102296 173216 0 0 0 14 7802 14238 0 1 99 0
177 1363693957 !  1 0 0 129033080 102296 173220 0 0 0 6 7819 14353 0 1 99 0
178 1363693969 !  1 0 0 129028544 102296 173220 0 0 0 8 7910 14341 0 1 99 0
179 1363693981 !  1 0 0 129023672 102296 173232 0 0 0 12 7924 14438 0 1 99 0
180 1363693993 !  2 0 0 129017264 102296 173232 0 0 0 8 7956 14468 0 1 99 0
181 1363694005 !  1 1 0 129012352 102296 173236 0 0 0 8 8069 14581 0 1 99 0
182 1363694017 !  1 0 0 129004400 102296 173240 0 0 0 8 8061 14647 0 1 99 0
183 1363694029 !  0 0 0 128999376 102296 173244 0 0 0 6 8083 14755 0 1 99 0
184 1363694041 !  0 0 0 128993776 102296 173248 0 0 0 6 8164 14821 0 1 99 0
185 1363694053 !  0 0 0 128990192 102296 173252 0 0 0 5 8187 14886 0 1 99 0
186 1363694065 !  1 0 0 128986056 102296 173260 0 0 0 8 8304 14994 0 1 99 0
187 1363694077 !  1 0 0 128976832 102296 173260 0 0 0 8 8238 15034 0 1 99 0
188 1363694089 !  1 0 0 128971680 102296 173264 0 0 0 12 8336 15129 0 1 99 0
189 1363694101 !  2 0 0 128967648 102300 173272 0 0 0 6 8351 15189 0 1 99 0
190 1363694113 !  0 0 0 128960456 102300 173276 0 0 0 8 8392 15273 0 1 99 0
191 1363694125 !  1 0 0 128957184 102300 173284 0 0 0 19 8458 15387 0 1 99 0
192 1363694137 !  1 0 0 128951856 102300 173292 0 0 0 11 8553 15441 0 1 99 0
193 1363694149 !  1 0 0 128945120 102300 173300 0 0 0 8 8521 15551 0 1 99 0
194 1363694162 !  3 0 0 128939456 102300 173300 0 0 0 14 8627 15587 0 1 99 0
195 1363694174 !  0 0 0 128934336 102300 173308 0 0 0 8 8596 15698 0 1 99 0
196 1363694186 !  2 0 0 128929632 102300 173308 0 0 0 8 8703 15772 0 1 99 0
197 1363694198 !  0 0 0 128925744 102300 173316 0 0 0 7 8777 15781 0 1 99 0
198 1363694210 !  1 0 0 128917872 102300 173316 0 0 0 7 8796 15921 0 1 99 0
199 1363694222 !  1 0 0 128911608 102300 173324 0 0 0 6 8753 15979 0 1 99 0
200 1363694234 !  1 0 0 128906528 102300 173324 0 0 0 10 8840 16052 0 1 99 0
201 1363694246 !  2 0 0 128902160 102300 173324 0 0 0 8 9004 16156 0 1 99 0
202 1363694258 !  0 0 0 128897096 102300 173336 0 0 0 8 9045 16195 0 1 99 0
203 1363694270 !  0 0 0 128892416 102300 173336 0 0 0 14 9030 16277 0 1 99 0
204 1363694282 !  1 0 0 128884344 102300 173340 0 0 0 6 9041 16369 0 1 99 0
205 1363694294 !  1 0 0 128879728 102304 173348 0 0 0 9 9134 16486 0 1 99 0
206 1363694306 !  2 0 0 128874136 102304 173348 0 0 0 14 9207 16566 0 1 99 0
207 1363694318 !  0 0 0 128869984 102304 173352 0 0 0 8 9205 16600 0 1 99 0
208 1363694330 !  1 0 0 128864816 102304 173356 0 0 0 8 9244 16691 0 1 99 0
209 1363694342 !  2 0 0 128857504 102304 173360 0 0 0 11 9255 16748 0 1 99 0
210 1363694354 !  2 1 0 128851864 102304 173368 0 0 0 7 9341 16814 0 1 99 0
211 1363694366 !  1 0 0 128846624 102304 173368 0 0 0 8 9353 16920 0 1 99 0
212 1363694378 !  1 0 0 128841664 102304 173372 0 0 0 8 9438 17002 0 1 99 0
213 1363694390 !  1 0 0 128836544 102304 173376 0 0 0 8 9461 17057 0 1 99 0
214 1363694402 !  1 0 0 128832032 102304 173380 0 0 0 6 9575 17172 0 1 99 0
215 1363694414 !  0 0 0 128825080 102304 173384 0 0 0 5 9611 17235 0 1 99 0
216 1363694426 !  1 1 0 128818992 102304 173384 0 0 0 8 9662 17270 0 1 99 0
217 1363694438 !  1 0 0 128815456 102304 173392 0 0 0 8 9677 17371 0 1 99 0
218 1363694450 !  1 0 0 128809408 102304 173396 0 0 0 13 9783 17469 0 1 99 0
219 1363694462 !  2 0 0 128805200 102304 173404 0 0 0 6 9907 17548 0 1 99 0
220 1363694474 !  1 0 0 128800624 102304 173412 0 0 0 10 9949 17618 0 1 99 0
221 1363694486 !  0 0 0 128792264 102308 173408 0 0 0 11 9892 17750 0 1 99 0
222 1363694498 !  0 0 0 128786648 102308 173416 0 0 0 9 9954 17782 0 1 99 0
223 1363694511 !  1 0 0 128782192 102308 173416 0 0 0 8 9903 17861 0 1 99 0
224 1363694523 !  2 0 0 128776640 102308 173424 0 0 0 6 10051 17961 0 1 99 0
225 1363694535 !  0 0 0 128772112 102308 173428 0 0 0 8 10067 18028 0 1 99 0
226 1363694547 !  1 0 0 128764056 102308 173432 0 0 0 6 10133 18110 0 1 99 0
227 1363694559 !  2 0 0 128759776 102308 173436 0 0 0 13 10195 18133 0 1 99 0
228 1363694571 !  0 0 0 128754448 102308 173440 0 0 0 8 10236 18255 0 1 99 0
229 1363694583 !  0 0 0 128750960 102308 173444 0 0 0 6 10254 18335 0 1 99 0
230 1363694595 !  3 0 0 128745464 102308 173448 0 0 0 13 10278 18451 0 1 99 0
231 1363694607 !  2 0 0 128739792 102308 173452 0 0 0 6 10360 18463 0 1 99 0
232 1363694619 !  2 0 0 128732944 102308 173452 0 0 0 7 10387 18580 0 1 99 0
233 1363694631 !  2 0 0 128725984 102308 173460 0 0 0 13 10451 18579 0 1 99 0
234 1363694643 !  1 0 0 128722008 102308 173464 0 0 0 6 10537 18717 0 1 99 0
235 1363694655 !  0 0 0 128715968 102308 173468 0 0 0 8 10606 18834 0 1 99 0
236 1363694667 !  2 0 0 128712432 102308 173472 0 0 0 11 10539 18865 0 1 99 0
237 1363694679 !  1 0 0 128704384 102312 173476 0 0 0 9 10597 18937 0 1 99 0
238 1363694691 !  1 0 0 128699440 102312 173480 0 0 0 1 10676 19013 0 1 99 0
239 1363694703 !  0 0 0 128693808 102312 173484 0 0 0 15 10728 19159 0 1 99 0
240 1363694715 !  5 0 0 128687744 102312 173488 0 0 0 8 10795 19173 0 1 99 0
241 1363694727 !  2 0 0 128683896 102312 173492 0 0 0 6 10887 19280 0 1 99 0
242 1363694739 !  0 0 0 128675920 102312 173496 0 0 0 18 10863 19302 0 1 99 0
243 1363694751 !  2 0 0 128671360 102312 173500 0 0 0 8 10919 19442 0 1 99 0
244 1363694763 !  2 0 0 128665712 102312 173504 0 0 0 8 10969 19517 0 1 99 0
245 1363694775 !  1 0 0 128661312 102312 173508 0 0 0 13 10953 19595 0 1 99 0
246 1363694787 !  0 0 0 128657536 102312 173512 0 0 0 6 10972 19627 0 1 99 0
247 1363694799 !  0 0 0 128652208 102312 173516 0 0 0 8 11108 19699 0 1 99 0
248 1363694811 !  0 0 0 128645168 102312 173520 0 0 0 13 11243 19809 0 1 99 0
249 1363694823 !  0 0 0 128639592 102312 173524 0 0 0 7 11182 19872 0 1 99 0
250 1363694835 !  2 0 0 128634128 102312 173528 0 0 0 7 11225 19987 0 1 99 0
251 1363694847 !  1 0 0 128630128 102312 173532 0 0 0 6 11227 20061 0 1 99 0
252 1363694860 !  1 0 0 128625336 102312 173536 0 0 0 8 11385 20138 0 1 99 0
253 1363694872 !  0 1 0 128620704 102316 173540 0 0 0 5 11360 20165 0 1 99 0
254 1363694884 !  0 0 0 128612992 102316 173544 0 0 0 8 11498 20267 0 1 99 0
255 1363694896 !  1 0 0 128607952 102316 173548 0 0 0 7 11554 20343 0 1 99 0
256 1363694907 !  2 0 0 128604032 102316 173552 0 0 0 0 11513 20382 0 1 99 0
257 1363694919 !  1 0 0 128597152 102316 173556 0 0 0 11 11598 20470 0 1 99 0
258 1363694931 !  0 0 0 128593008 102316 173560 0 0 0 6 11678 20528 0 1 99 0
259 1363694943 !  2 0 0 128585448 102316 173564 0 0 0 6 11672 20696 0 1 99 0
260 1363694955 !  0 0 0 128579888 102316 173568 0 0 0 11 11698 20716 0 1 99 0
261 1363694967 !  3 0 0 128575392 102316 173572 0 0 0 6 11778 20817 0 1 99 0
262 1363694979 !  0 0 0 128569400 102316 173576 0 0 0 8 11824 20888 0 1 99 0
263 1363694991 !  0 0 0 128565808 102316 173580 0 0 0 14 11893 20946 0 1 99 0
264 1363695003 !  0 0 0 128558264 102316 173584 0 0 0 6 11915 21075 0 1 99 0
265 1363695015 !  2 0 0 128552672 102316 173588 0 0 0 1 11951 21182 0 1 99 0
266 1363695027 !  0 0 0 128548584 102316 173592 0 0 0 6 11996 21210 0 1 99 0
267 1363695039 !  0 0 0 128543392 102316 173596 0 0 0 8 12064 21316 0 1 99 0
268 1363695051 !  1 0 0 128538432 102316 173600 0 0 0 1 12176 21347 0 1 99 0
269 1363695063 !  1 0 0 128532112 102320 173604 0 0 0 6 12074 21403 0 1 99 0
270 1363695075 !  0 0 0 128525488 102320 173608 0 0 0 1 12266 21461 0 1 99 0
271 1363695087 !  0 0 0 128520208 102320 173612 0 0 0 6 12184 21602 0 1 99 0
272 1363695099 !  3 0 0 128516400 102320 173620 0 0 0 1 12262 21678 0 1 99 0
273 1363695111 !  0 0 0 128511384 102320 173624 0 0 0 1 12326 21741 0 1 99 0
274 1363695123 !  0 0 0 128506512 102324 173628 0 0 0 9 12369 21777 0 1 99 0
275 1363695135 !  1 0 0 128499824 102324 173632 0 0 0 7 12555 21849 0 1 99 0
276 1363695147 !  0 0 0 128493352 102324 173636 0 0 0 6 12546 21904 0 1 99 0
277 1363695159 !  2 0 0 128488160 102324 173640 0 0 0 7 12504 22048 0 1 99 0
278 1363695171 !  2 0 0 128482072 102324 173644 0 0 0 11 12512 22148 0 1 99 0
279 1363695184 !  1 0 0 128477024 102324 173648 0 0 0 8 12584 22227 0 1 99 0
280 1363695196 !  0 0 0 128472528 102324 173652 0 0 0 8 12763 22245 0 1 99 0
281 1363695208 !  1 0 0 128464480 102324 173656 0 0 0 6 12720 22334 0 1 99 0
282 1363695220 !  0 0 0 128460144 102324 173660 0 0 0 8 12754 22373 0 1 99 0
283 1363695232 !  2 0 0 128455296 102324 173664 0 0 0 6 12735 22557 0 1 99 0
284 1363695244 !  0 0 0 128451152 102324 173668 0 0 0 8 12792 22571 0 1 99 0
285 1363695256 !  0 0 0 128444648 102328 173672 0 0 0 9 12805 22658 0 1 99 0
286 1363695268 !  2 0 0 128437664 102328 173676 0 0 0 9 12919 22741 0 1 99 0
287 1363695280 !  0 0 0 128433168 102328 173680 0 0 0 14 12922 22822 0 1 99 0
288 1363695292 !  1 0 0 128428728 102328 173684 0 0 0 6 13039 22862 0 1 99 0
289 1363695304 !  0 0 0 128420880 102328 173688 0 0 0 15 13127 23013 0 1 99 0
290 1363695316 !  0 0 0 128417888 102328 173692 0 0 0 18 13147 23055 0 1 99 0
291 1363695328 !  4 0 0 128411744 102328 173696 0 0 0 6 13246 23128 0 1 99 0
292 1363695340 !  0 0 0 128404048 102328 173700 0 0 0 7 13202 23149 0 1 99 0
293 1363695352 !  2 0 0 128399016 102328 173704 0 0 0 11 13308 23200 0 1 99 0
294 1363695364 !  0 0 0 128394376 102328 173708 0 0 0 1 13336 23362 0 1 99 0
295 1363695376 !  2 1 0 128389616 102328 173712 0 0 0 7 13430 23371 0 1 99 0
296 1363695388 !  1 0 0 128384384 102328 173716 0 0 0 7 13454 23454 0 1 99 0
297 1363695400 !  2 0 0 128377176 102328 173720 0 0 0 7 13395 23605 0 1 99 0
298 1363695412 !  2 0 0 128372352 102328 173724 0 0 0 0 13488 23652 0 1 99 0
299 1363695424 !  1 0 0 128365208 102328 173728 0 0 0 18 13629 23738 0 1 99 0
300 1363695436 !  1 0 0 128360912 102328 173732 0 0 0 8 13605 23881 0 1 99 0
301 1363695448 !  1 0 0 128357096 102332 173736 0 0 0 8 13609 23820 0 1 99 0
302 1363695460 !  0 0 0 128349536 102332 173740 0 0 0 20 13645 23918 0 1 99 0
303 1363695472 !  1 0 0 128344936 102332 173744 0 0 0 6 13839 24009 0 1 99 0
304 1363695484 !  0 1 0 128338400 102332 173748 0 0 0 6 13798 24140 0 1 99 0
305 1363695496 !  1 0 0 128334008 102332 173756 0 0 0 12 13806 24147 0 1 99 0
306 1363695508 !  3 0 0 128328192 102332 173756 0 0 0 8 13886 24285 0 1 99 0
307 1363695520 !  1 0 0 128322336 102332 173760 0 0 0 1 13979 24360 0 1 98 0
308 1363695533 !  0 0 0 128316704 102332 173764 0 0 0 10 13934 24472 0 1 99 0
309 1363695545 !  3 0 0 128311520 102332 173768 0 0 0 7 14055 24544 0 1 99 0
310 1363695557 !  0 0 0 128306592 102332 173772 0 0 0 7 14180 24633 0 1 99 0
311 1363695569 !  3 0 0 128301952 102332 173776 0 0 0 7 14243 24665 0 1 99 0
312 1363695581 !  0 0 0 128296568 102332 173780 0 0 0 7 14200 24762 0 1 99 0
313 1363695593 !  2 0 0 128291304 102332 173784 0 0 0 6 14215 24820 0 1 99 0
314 1363695605 !  1 0 0 128285664 102332 173788 0 0 0 11 14296 24968 0 1 99 0
315 1363695617 !  1 0 0 128279352 102332 173792 0 0 0 6 14387 25016 0 1 99 0
316 1363695629 !  0 0 0 128275024 102332 173796 0 0 0 7 14415 25093 0 1 99 0
317 1363695641 !  2 0 0 128269296 102336 173800 0 0 0 14 14420 25131 0 1 99 0
318 1363695653 !  1 0 0 128264768 102336 173804 0 0 0 6 14414 25207 0 1 98 0
319 1363695665 !  0 0 0 128255336 102336 173808 0 0 0 7 14453 25305 0 1 99 0
320 1363695677 !  0 0 0 128250312 102336 173812 0 0 0 12 14488 25333 0 1 99 0
321 1363695689 !  0 0 0 128246952 102336 173816 0 0 0 1 14562 25444 0 1 99 0
322 1363695701 !  1 0 0 128241200 102336 173820 0 0 0 7 14632 25517 0 1 99 0
323 1363695713 !  1 0 0 128237520 102336 173824 0 0 0 8 14796 25619 0 1 98 0
324 1363695725 !  0 0 0 128231616 102336 173828 0 0 0 8 14793 25752 0 1 98 0
325 1363695737 !  1 0 0 128223872 102336 173836 0 0 0 8 14799 25802 0 1 98 0
326 1363695749 !  3 0 0 128218352 102336 173840 0 0 0 14 14794 25877 0 1 99 0
327 1363695761 !  0 0 0 128214112 102336 173844 0 0 0 7 14882 25891 0 1 99 0
328 1363695773 !  1 0 0 128209264 102336 173848 0 0 0 7 14918 25945 0 1 98 0
329 1363695785 !  2 0 0 128203960 102336 173852 0 0 0 11 15002 26115 0 1 98 0
330 1363695797 !  1 0 0 128199360 102336 173856 0 0 0 6 15030 26187 0 1 99 0
331 1363695809 !  4 0 0 128191872 102336 173860 0 0 0 7 15067 26222 0 1 98 0
332 1363695821 !  0 0 0 128186456 102336 173864 0 0 0 11 15125 26270 0 1 98 0
333 1363695833 !  3 0 0 128181344 102340 173868 0 0 0 9 15184 26399 0 1 98 0
334 1363695845 !  2 0 0 128176080 102340 173872 0 0 0 8 15285 26521 0 1 98 0
335 1363695857 !  0 0 0 128171600 102340 173876 0 0 0 6 15377 26545 0 1 98 0
336 1363695869 !  1 0 0 128163280 102340 173880 0 0 0 7 15289 26535 0 1 98 0
337 1363695882 !  1 0 0 128158016 102340 173884 0 0 0 7 15478 26675 0 1 98 0
338 1363695894 !  1 0 0 128152800 102340 173888 0 0 0 7 15342 26789 0 1 99 0
339 1363695906 !  0 0 0 128146216 102340 173892 0 0 0 14 15596 26790 0 1 98 0
340 1363695918 !  1 0 0 128143464 102340 173896 0 0 0 6 15527 26806 0 1 98 0
341 1363695930 !  2 0 0 128135992 102340 173900 0 0 0 16 15594 26989 0 1 98 0
342 1363695942 !  0 0 0 128131560 102344 173904 0 0 0 8 15646 27058 0 1 98 0
343 1363695954 !  0 0 0 128126120 102344 173908 0 0 0 7 15713 27126 0 1 98 0
344 1363695966 !  1 0 0 128119872 102344 173912 0 0 0 14 15683 27242 0 1 98 0
345 1363695978 !  1 0 0 128115536 102344 173916 0 0 0 6 15723 27261 0 1 98 0
346 1363695990 !  0 0 0 128110176 102344 173920 0 0 0 7 15862 27425 0 1 98 0
347 1363696002 !  1 0 0 128104064 102344 173924 0 0 0 9 15856 27455 0 1 98 0
348 1363696014 !  1 0 0 128097752 102344 173928 0 0 0 1 15965 27534 0 1 98 0
349 1363696026 !  1 0 0 128092080 102348 173932 0 0 0 8 16051 27650 0 1 98 0
350 1363696038 !  1 0 0 128087896 102348 173936 0 0 0 6 16043 27719 0 1 98 0
351 1363696050 !  3 0 0 128083552 102348 173940 0 0 0 8 16115 27784 0 1 98 0
352 1363696062 !  1 0 0 128078536 102348 173944 0 0 0 6 16065 27862 0 1 98 0
353 1363696074 !  0 0 0 128070976 102348 173948 0 0 0 1 16183 27876 0 1 98 0
354 1363696086 !  2 0 0 128065808 102352 173952 0 0 0 1 16185 28045 0 1 98 0
355 1363696098 !  0 0 0 128061304 102352 173956 0 0 0 7 16368 28136 0 1 98 0
356 1363696110 !  1 0 0 128056656 102352 173960 0 0 0 14 16453 28220 0 1 98 0
357 1363696122 !  1 0 0 128051600 102352 173964 0 0 0 6 16404 28195 0 1 98 0
358 1363696134 !  2 0 0 128042808 102352 173968 0 0 0 1 16422 28282 0 1 98 0
359 1363696146 !  2 0 0 128037632 102352 173972 0 0 0 10 16491 28436 0 1 98 0
360 1363696158 !  0 0 0 128032880 102352 173976 0 0 0 8 16529 28369 0 1 98 0
361 1363696170 !  0 0 0 128028368 102352 173980 0 0 0 7 16596 28468 0 1 98 0
362 1363696182 !  2 0 0 128022064 102352 173984 0 0 0 12 16714 28518 0 1 98 0
363 1363696194 !  2 0 0 128015928 102352 173988 0 0 0 7 16723 28582 0 1 98 0
364 1363696206 !  0 0 0 128009552 102352 173992 0 0 0 7 16822 28739 0 1 98 0
365 1363696219 !  1 0 0 128004632 102356 173996 0 0 0 8 16827 28743 0 1 98 0
366 1363696231 !  3 0 0 128000768 102356 174000 0 0 0 8 16911 28833 0 1 98 0
367 1363696243 !  0 0 0 127994400 102356 174004 0 0 0 6 16903 28909 0 1 98 0
368 1363696255 !  2 0 0 127988600 102356 174008 0 0 0 14 16848 29005 0 1 98 0
369 1363696267 !  1 0 0 127985120 102356 174012 0 0 0 7 16889 29085 0 1 98 0
370 1363696279 !  1 0 0 127979536 102356 174016 0 0 0 7 17009 29180 0 1 98 0
371 1363696291 !  2 0 0 127973456 102356 174020 0 0 0 11 17107 29213 0 1 98 0
372 1363696303 !  1 0 0 127967304 102356 174024 0 0 0 6 17000 29334 0 1 98 0
373 1363696315 !  3 0 0 127964256 102356 174028 0 0 0 7 17071 29418 0 1 98 0
374 1363696327 !  2 0 0 127956240 102356 174032 0 0 0 9 17376 29468 1 1 98 0
375 1363696339 !  1 0 0 127950240 102356 174036 0 0 0 6 17272 29594 0 1 98 0
376 1363696351 !  0 0 0 127945344 102356 174040 0 0 0 6 17331 29631 0 1 98 0
377 1363696363 !  0 0 0 127941544 102356 174044 0 0 0 6 17338 29741 0 1 98 0
378 1363696375 !  0 0 0 127935952 102356 174052 0 0 0 7 17402 29757 0 1 98 0
379 1363696387 !  0 0 0 127930304 102356 174056 0 0 0 8 17507 29827 1 1 98 0
380 1363696399 !  1 0 0 127922480 102356 174060 0 0 0 1 17439 29905 0 1 98 0
381 1363696411 !  1 0 0 127917272 102360 174064 0 0 0 8 17457 29906 0 1 98 0
382 1363696423 !  1 0 0 127912264 102360 174068 0 0 0 6 17434 30058 1 1 98 0
383 1363696435 !  8 0 0 127908920 102360 174072 0 0 0 6 17546 30099 0 1 98 0
384 1363696447 !  1 0 0 127902752 102360 174076 0 0 0 6 17582 30235 0 1 98 0
385 1363696459 !  0 0 0 127897936 102360 174080 0 0 0 8 17693 30237 0 1 98 0
386 1363696471 !  0 0 0 127890816 102360 174084 0 0 0 12 17750 30296 0 1 98 0
387 1363696483 !  1 0 0 127885328 102360 174088 0 0 0 6 17838 30368 0 1 98 0
388 1363696495 !  1 0 0 127881808 102360 174092 0 0 0 8 17860 30503 1 1 98 0
389 1363696507 !  4 0 0 127875720 102360 174096 0 0 0 19 17955 30527 1 1 98 0
390 1363696519 !  1 0 0 127872208 102360 174100 0 0 0 7 18091 30591 1 1 98 0
391 1363696531 !  0 0 0 127863504 102360 174104 0 0 0 7 17907 30697 1 1 98 0
392 1363696543 !  1 0 0 127858096 102360 174108 0 0 0 7 18083 30760 0 1 98 0
393 1363696556 !  2 0 0 127852880 102360 174112 0 0 0 7 18139 30853 1 1 98 0
394 1363696568 !  4 0 0 127847296 102360 174116 0 0 0 6 18171 30967 0 1 98 0
395 1363696580 !  4 0 0 127840864 102360 174120 0 0 0 11 18213 30950 0 1 98 0
396 1363696592 !  1 0 0 127835072 102360 174124 0 0 0 8 18303 31056 1 1 98 0
397 1363696604 !  0 0 0 127829616 102364 174128 0 0 0 8 18274 31148 1 1 98 0
398 1363696616 !  1 0 0 127825064 102364 174132 0 0 0 14 18492 31238 0 1 98 0
399 1363696628 !  1 0 0 127819800 102364 174136 0 0 0 6 18424 31329 1 1 98 0
400 1363696640 !  1 0 0 127815480 102364 174140 0 0 0 8 18451 31382 1 1 98 0
401 1363696652 !  4 0 0 127809856 102364 174144 0 0 0 14 18505 31504 1 1 98 0
402 1363696664 !  1 0 0 127803920 102364 174148 0 0 0 8 18539 31536 1 1 98 0
403 1363696676 !  0 0 0 127797376 102364 174152 0 0 0 8 18532 31581 1 1 98 0
404 1363696688 !  0 0 0 127791936 102364 174156 0 0 0 6 18771 31684 1 1 98 0
405 1363696700 !  0 0 0 127787400 102364 174160 0 0 0 7 18668 31793 1 1 98 0
406 1363696712 !  0 0 0 127782616 102364 174164 0 0 0 0 18714 31851 1 1 98 0
407 1363696724 !  2 0 0 127777256 102364 174168 0 0 0 1 18866 31924 1 1 98 0
408 1363696736 !  1 0 0 127769080 102364 174172 0 0 0 1 18798 31945 1 1 98 0
409 1363696748 !  0 0 0 127764360 102364 174176 0 0 0 6 19022 32066 1 1 98 0
410 1363696760 !  1 0 0 127759648 102364 174180 0 0 0 11 19007 32171 1 1 98 0
411 1363696772 !  1 0 0 127754640 102364 174184 0 0 0 0 18998 32232 1 1 98 0
412 1363696784 !  1 0 0 127750008 102364 174188 0 0 0 1 19044 32286 1 1 98 0
413 1363696796 !  1 0 0 127741792 102368 174192 0 0 0 13 19060 32415 1 1 98 0
414 1363696808 !  4 0 0 127736384 102368 174196 0 0 0 9 19165 32457 1 1 98 0
415 1363696820 !  0 0 0 127731848 102368 174200 0 0 0 8 19244 32571 1 1 98 0
416 1363696832 !  1 0 0 127726528 102368 174204 0 0 0 13 19249 32562 1 1 98 0
417 1363696844 !  2 0 0 127721392 102368 174208 0 0 0 7 19211 32593 1 1 98 0
418 1363696856 !  1 0 0 127716160 102368 174212 0 0 0 7 19374 32729 1 1 98 0
419 1363696868 !  1 0 0 127709952 102368 174216 0 0 0 7 19457 32830 1 1 98 0
420 1363696881 !  1 0 0 127704448 102368 174220 0 0 0 7 19519 32830 1 1 98 0
421 1363696893 !  2 0 0 127698720 102368 174224 0 0 0 6 19579 32929 1 1 98 0
422 1363696905 !  2 0 0 127694944 102368 174228 0 0 0 12 19580 33011 1 1 98 0
423 1363696917 !  0 0 0 127689248 102368 174232 0 0 0 7 19715 33116 1 1 98 0
424 1363696929 !  0 0 0 127684528 102368 174236 0 0 0 7 19545 33103 1 2 98 0
425 1363696941 !  0 0 0 127676856 102368 174240 0 0 0 12 19678 33258 1 1 98 0
426 1363696953 !  2 0 0 127671304 102368 174244 0 0 0 6 19723 33264 1 1 98 0
427 1363696965 !  2 0 0 127666240 102368 174248 0 0 0 8 19916 33397 1 1 98 0
428 1363696977 !  0 0 0 127659600 102368 174252 0 0 0 14 19881 33388 1 2 98 0
429 1363696989 !  0 0 0 127655416 102372 174256 0 0 0 9 19939 33408 1 2 98 0
430 1363697001 !  1 0 0 127648000 102372 174260 0 0 0 9 19841 33530 1 1 98 0
431 1363697013 !  3 0 0 127643424 102372 174268 0 0 0 6 19951 33633 1 1 98 0
432 1363697025 !  0 0 0 127637808 102372 174272 0 0 0 8 19951 33587 1 2 98 0
433 1363697037 !  0 0 0 127633392 102372 174276 0 0 0 8 20065 33748 1 2 98 0
434 1363697049 !  0 0 0 127628464 102372 174280 0 0 0 1 20218 33850 1 2 98 0
435 1363697061 !  2 0 0 127622624 102372 174284 0 0 0 1 20289 33911 1 2 98 0
436 1363697073 !  3 0 0 127615056 102372 174288 0 0 0 8 20274 33928 1 1 98 0
437 1363697085 !  0 0 0 127610328 102372 174292 0 0 0 5 20306 33999 1 1 98 0
438 1363697097 !  1 0 0 127605312 102372 174296 0 0 0 6 20377 34064 1 2 98 0
439 1363697109 !  2 0 0 127599056 102372 174300 0 0 0 1 20496 34189 1 2 98 0
440 1363697121 !  3 1 0 127594320 102372 174304 0 0 0 19 20473 34204 1 2 98 0
441 1363697133 !  2 0 0 127587664 102372 174308 0 0 0 7 20479 34344 1 2 98 0
442 1363697145 !  2 0 0 127583408 102372 174312 0 0 0 7 20563 34405 1 2 98 0
443 1363697157 !  0 0 0 127578416 102372 174316 0 0 0 10 20645 34540 1 2 98 0
444 1363697169 !  3 0 0 127574168 102372 174320 0 0 0 7 20657 34609 1 2 98 0
445 1363697181 !  1 0 0 127568160 102376 174324 0 0 0 8 20792 34714 1 2 98 0
446 1363697193 !  2 0 0 127559784 102376 174328 0 0 0 8 20771 34749 1 2 98 0
447 1363697206 !  0 0 0 127555920 102376 174332 0 0 0 7 20818 34804 1 2 98 0
448 1363697218 !  3 0 0 127551288 102376 174336 0 0 0 6 20889 34810 1 2 98 0
449 1363697230 !  1 0 0 127545656 102376 174340 0 0 0 15 20866 34954 1 2 98 0
450 1363697242 !  1 0 0 127539784 102376 174344 0 0 0 8 21041 35086 1 2 98 0
451 1363697254 !  0 0 0 127534032 102376 174348 0 0 0 8 20926 35240 1 2 98 0
452 1363697266 !  1 0 0 127527056 102376 174352 0 0 0 12 21011 35147 1 2 98 0
453 1363697278 !  1 0 0 127522640 102376 174356 0 0 0 6 21109 35246 1 2 98 0
454 1363697290 !  1 0 0 127517520 102376 174360 0 0 0 7 21276 35375 1 2 98 0
455 1363697302 !  1 0 0 127514016 102376 174364 0 0 0 12 21224 35397 1 2 98 0
456 1363697314 !  0 0 0 127507808 102376 174368 0 0 0 8 21157 35424 1 2 98 0
457 1363697326 !  1 0 0 127501584 102376 174372 0 0 0 8 21280 35612 1 2 98 0
458 1363697338 !  2 0 0 127495248 102376 174376 0 0 0 5 21358 35633 1 2 98 0
459 1363697350 !  3 0 0 127490128 102376 174380 0 0 0 8 21359 35602 1 2 98 0
460 1363697362 !  1 0 0 127486288 102376 174384 0 0 0 8 21396 35685 1 2 98 0
461 1363697374 !  3 0 0 127480272 102380 174388 0 0 0 1 21459 35783 1 2 98 0
462 1363697386 !  2 0 0 127475568 102380 174392 0 0 0 9 21501 35864 1 2 98 0
463 1363697398 !  1 0 0 127467864 102380 174396 0 0 0 9 21521 35933 1 2 98 0
464 1363697410 !  3 0 0 127462304 102380 174400 0 0 0 6 21637 36089 1 2 98 0
465 1363697422 !  3 0 0 127458400 102380 174404 0 0 0 0 21666 35999 1 2 98 0
466 1363697434 !  0 0 0 127452976 102380 174408 0 0 0 8 21696 36034 1 2 98 0
467 1363697446 !  4 0 0 127448088 102380 174412 0 0 0 13 21793 36182 1 2 98 0
468 1363697458 !  1 0 0 127440856 102380 174416 0 0 0 7 21792 36182 1 2 98 0
469 1363697470 !  1 0 0 127435040 102380 174420 0 0 0 8 21766 36297 1 2 98 0
470 1363697482 !  1 0 0 127431568 102380 174424 0 0 0 5 21951 36303 1 2 98 0
471 1363697494 !  1 0 0 127426000 102380 174428 0 0 0 7 21879 36438 1 2 98 0
472 1363697506 !  2 0 0 127420464 102380 174432 0 0 0 9 22009 36509 1 2 98 0
473 1363697518 !  2 0 0 127416008 102380 174436 0 0 0 8 22098 36617 1 2 98 0
474 1363697531 !  4 0 0 127409712 102380 174440 0 0 0 7 22133 36553 1 2 98 0
475 1363697543 !  1 0 0 127402048 102380 174444 0 0 0 7 22065 36630 1 2 98 0
476 1363697555 !  0 0 0 127398792 102380 174448 0 0 0 12 22182 36752 1 2 98 0
477 1363697567 !  1 0 0 127393168 102384 174452 0 0 0 8 22189 36754 1 2 98 0
478 1363697579 !  1 0 0 127389224 102384 174456 0 0 0 8 22243 36851 1 2 98 0
479 1363697591 !  2 0 0 127382512 102384 174460 0 0 0 12 22313 36964 1 2 98 0
480 1363697603 !  0 0 0 127375024 102384 174464 0 0 0 6 22381 36935 1 2 98 0
481 1363697615 !  1 0 0 127370336 102384 174468 0 0 0 8 22406 37207 1 2 98 0
482 1363697627 !  1 0 0 127365936 102384 174472 0 0 0 14 22519 37235 1 2 98 0
483 1363697639 !  2 0 0 127359176 102384 174472 0 0 0 8 22586 37264 1 2 98 0
484 1363697651 !  2 0 0 127354440 102384 174484 0 0 0 10 22596 37255 1 2 98 0
485 1363697663 !  1 0 0 127347200 102384 174488 0 0 0 12 22658 37413 1 2 98 0
486 1363697675 !  2 0 0 127342224 102384 174492 0 0 0 8 22665 37458 1 2 98 0
487 1363697687 !  2 0 0 127337456 102384 174496 0 0 0 8 22624 37533 1 2 98 0
488 1363697699 !  0 0 0 127333592 102384 174500 0 0 0 8 22868 37645 1 2 98 0
489 1363697711 !  1 0 0 127325952 102384 174504 0 0 0 1 22851 37633 1 2 98 0
490 1363697723 !  1 0 0 127319952 102384 174508 0 0 0 8 22904 37831 1 2 98 0
491 1363697735 !  2 0 0 127313440 102384 174512 0 0 0 14 22847 37904 1 2 98 0
492 1363697747 !  0 0 0 127310192 102384 174516 0 0 0 6 22856 37929 1 2 98 0
493 1363697759 !  0 0 0 127304496 102388 174520 0 0 0 9 22948 37961 1 2 98 0
494 1363697771 !  2 0 0 127298896 102388 174524 0 0 0 7 23080 38057 1 2 98 0
495 1363697783 !  2 0 0 127293728 102388 174528 0 0 0 8 23073 38232 1 2 98 0
496 1363697795 !  2 0 0 127286688 102388 174532 0 0 0 8 23172 38253 1 2 98 0
497 1363697807 !  3 0 0 127281200 102388 174536 0 0 0 6 23258 38225 1 2 98 0
498 1363697819 !  2 0 0 127277488 102388 174540 0 0 0 7 23394 38293 1 2 98 0
499 1363697831 !  0 0 0 127271648 102388 174544 0 0 0 7 23320 38482 1 2 98 0
500 1363697844 !  2 0 0 127267112 102388 174548 0 0 0 7 23292 38477 1 2 98 0
501 1363697856 !  1 0 0 127259936 102388 174552 0 0 0 7 23399 38553 1 2 98 0
502 1363697868 !  1 0 0 127253392 102388 174556 0 0 0 6 23535 38615 1 2 98 0
503 1363697880 !  2 0 0 127249152 102388 174560 0 0 0 12 23472 38700 1 2 98 0
504 1363697892 !  1 0 0 127244280 102388 174564 0 0 0 8 23575 38708 1 2 98 0
505 1363697904 !  0 0 0 127238384 102388 174568 0 0 0 6 23609 38834 1 2 98 0
506 1363697916 !  1 0 0 127233392 102388 174572 0 0 0 14 23697 38980 1 2 98 0
507 1363697928 !  4 0 0 127227424 102388 174576 0 0 0 6 23660 39010 1 2 98 0
508 1363697940 !  3 0 0 127221648 102388 174580 0 0 0 8 23645 39071 1 2 98 0
509 1363697952 !  1 0 0 127216152 102392 174584 0 0 0 7 23733 39115 1 2 98 0
510 1363697964 !  0 0 0 127210016 102392 174588 0 0 0 9 23762 39203 1 2 98 0
511 1363697976 !  5 0 0 127205280 102392 174592 0 0 0 8 23823 39255 1 2 98 0
512 1363697988 !  3 0 0 127200720 102392 174596 0 0 0 12 24011 39292 1 2 97 0
513 1363698000 !  0 0 0 127193920 102392 174600 0 0 0 8 23981 39407 1 2 98 0
514 1363698012 !  4 0 0 127188832 102392 174604 0 0 0 1 24135 39462 1 2 98 0
515 1363698024 !  2 0 0 127184192 102392 174608 0 0 0 1 24113 39659 1 2 98 0
516 1363698036 !  1 0 0 127178688 102392 174612 0 0 0 8 24086 39609 1 2 98 0
517 1363698048 !  1 1 0 127174456 102392 174616 0 0 0 7 24170 39711 1 2 98 0
518 1363698060 !  2 0 0 127166576 102392 174620 0 0 0 6 24273 39774 1 2 97 0
519 1363698072 !  2 0 0 127161960 102392 174624 0 0 0 8 24312 39891 1 2 98 0
520 1363698084 !  0 0 0 127156456 102392 174628 0 0 0 7 24319 39864 1 2 98 0
521 1363698096 !  2 0 0 127151112 102392 174632 0 0 0 6 24354 39947 1 2 97 0
522 1363698108 !  3 0 0 127147168 102392 174636 0 0 0 7 24494 40105 1 2 97 0
523 1363698120 !  0 0 0 127141024 102392 174640 0 0 0 8 24479 40228 1 2 98 0
524 1363698132 !  0 0 0 127133656 102392 174644 0 0 0 12 24527 40070 1 2 97 0
525 1363698144 !  2 0 0 127128248 102396 174648 0 0 0 9 24627 40136 1 2 98 0
526 1363698156 !  1 0 0 127123040 102396 174652 0 0 0 7 24758 40283 1 2 97 0
527 1363698169 !  3 0 0 127118352 102396 174656 0 0 0 7 24690 40373 1 2 97 0
528 1363698181 !  2 0 0 127114176 102396 174660 0 0 0 8 24681 40622 1 2 98 0
529 1363698193 !  3 0 0 127108064 102396 174664 0 0 0 6 24713 40619 1 2 97 0
530 1363698205 !  2 0 0 127101408 102396 174668 0 0 0 12 24819 40632 1 2 97 0
531 1363698217 !  0 0 0 127097616 102396 174672 0 0 0 9 24949 40787 1 2 97 0
532 1363698229 !  2 0 0 127093296 102396 174676 0 0 0 6 24892 40804 1 2 98 0
533 1363698241 !  1 0 0 127086504 102396 174680 0 0 0 14 25032 40877 1 2 97 0
534 1363698253 !  0 0 0 127082088 102396 174684 0 0 0 7 25141 40940 1 2 97 0
535 1363698265 !  1 0 0 127074832 102396 174688 0 0 0 6 25170 41098 1 2 97 0
536 1363698277 !  1 0 0 127069984 102396 174692 0 0 0 14 25191 41027 1 2 97 0
537 1363698289 !  2 0 0 127064560 102396 174700 0 0 0 7 25205 41203 1 2 97 0
538 1363698301 !  3 0 0 127058608 102396 174704 0 0 0 10 25225 41306 1 2 97 0
539 1363698313 !  2 0 0 127053232 102396 174708 0 0 0 18 25307 41225 1 2 97 0
540 1363698325 !  2 0 0 127045848 102396 174712 0 0 0 7 25384 41307 1 2 97 0
541 1363698337 !  2 0 0 127040992 102400 174716 0 0 0 1 25368 41362 1 2 97 0
542 1363698349 !  3 1 0 127037104 102400 174720 0 0 0 7 25399 41429 1 2 97 0
543 1363698361 !  0 0 0 127031952 102400 174724 0 0 0 7 25455 41510 1 2 97 0
544 1363698373 !  2 0 0 127026192 102400 174728 0 0 0 6 25480 41599 1 2 97 0
545 1363698385 !  3 0 0 127020368 102400 174732 0 0 0 12 25605 41608 1 2 97 0
546 1363698397 !  1 0 0 127013208 102400 174736 0 0 0 1 25553 41648 1 2 97 0
547 1363698409 !  1 1 0 127008736 102400 174740 0 0 0 6 25644 41782 1 2 97 0
548 1363698421 !  3 0 0 127003672 102400 174744 0 0 0 14 25738 41809 1 2 97 0
549 1363698433 !  1 0 0 126997800 102400 174748 0 0 0 7 25733 41896 1 2 97 0
550 1363698445 !  0 0 0 126992800 102400 174752 0 0 0 7 25783 42009 1 2 97 0
551 1363698457 !  2 0 0 126985664 102400 174756 0 0 0 10 25866 42039 1 2 97 0
552 1363698469 !  2 0 0 126980664 102400 174760 0 0 0 7 25871 42118 1 2 97 0
553 1363698481 !  4 0 0 126974536 102400 174764 0 0 0 7 25887 42132 1 2 97 0
554 1363698494 !  6 0 0 126969600 102400 174768 0 0 0 7 25998 42405 1 2 97 0
555 1363698506 !  3 0 0 126963872 102400 174772 0 0 0 7 26012 42336 1 2 97 0
556 1363698518 !  1 0 0 126957096 102400 174776 0 0 0 6 26145 42287 1 2 97 0
557 1363698530 !  0 0 0 126952080 102404 174780 0 0 0 13 26086 42389 1 2 97 0
558 1363698542 !  1 0 0 126947840 102404 174784 0 0 0 9 26154 42561 1 2 97 0
559 1363698554 !  2 0 0 126942336 102404 174788 0 0 0 6 26169 42520 1 2 97 0
560 1363698566 !  0 0 0 126937456 102404 174792 0 0 0 14 26331 42702 1 2 97 0
561 1363698578 !  2 0 0 126932416 102404 174796 0 0 0 6 26329 42754 1 2 97 0
562 1363698590 !  2 0 0 126924880 102404 174800 0 0 0 8 26414 42719 1 2 97 0
563 1363698602 !  0 0 0 126920072 102404 174804 0 0 0 14 26360 42911 1 2 97 0
564 1363698614 !  1 0 0 126914528 102404 174808 0 0 0 6 26528 42941 1 2 97 0
565 1363698626 !  2 0 0 126909152 102404 174812 0 0 0 8 26471 43070 1 2 97 0
566 1363698638 !  3 0 0 126902824 102404 174816 0 0 0 11 26604 43136 1 2 97 0
567 1363698650 !  1 0 0 126900360 102404 174820 0 0 0 1 26636 43155 1 2 97 0
568 1363698662 !  0 0 0 126892736 102404 174824 0 0 0 8 26613 43268 1 2 97 0
569 1363698674 !  0 0 0 126887280 102404 174828 0 0 0 8 26596 43327 1 2 97 0
570 1363698686 !  6 0 0 126882464 102404 174832 0 0 0 8 26590 43358 1 2 97 0
571 1363698698 !  4 0 0 126875920 102404 174836 0 0 0 6 26865 43548 1 2 97 0
572 1363698710 !  1 0 0 126872280 102404 174840 0 0 0 14 26881 43630 1 2 97 0
573 1363698722 !  1 0 0 126864448 102408 174844 0 0 0 1 26828 43609 1 2 97 0
574 1363698734 !  3 0 0 126858240 102408 174848 0 0 0 1 26894 43709 1 2 97 0
575 1363698746 !  2 0 0 126853328 102408 174852 0 0 0 14 26970 43797 1 2 97 0
576 1363698758 !  1 0 0 126848640 102408 174856 0 0 0 6 27058 43891 1 2 97 0
577 1363698770 !  2 0 0 126844624 102408 174860 0 0 0 8 27208 43857 1 2 97 0
578 1363698782 !  3 0 0 126838080 102408 174864 0 0 0 11 27253 44171 1 2 97 0
579 1363698794 !  0 0 0 126832880 102408 174868 0 0 0 1 27131 44106 1 2 97 0
580 1363698807 !  3 0 0 126827456 102408 174872 0 0 0 8 27363 44215 1 2 97 0
581 1363698819 !  1 0 0 126821888 102408 174876 0 0 0 6 27294 44166 1 2 97 0
582 1363698831 !  0 0 0 126818344 102408 174880 0 0 0 6 27372 44331 1 2 97 0
583 1363698843 !  2 0 0 126813984 102408 174884 0 0 0 6 27408 44343 1 2 97 0
584 1363698855 !  0 0 0 126807784 102408 174888 0 0 0 7 27501 44445 1 2 97 0
585 1363698867 !  0 0 0 126800576 102408 174892 0 0 0 7 27509 44659 1 2 97 0
586 1363698879 !  1 0 0 126795024 102408 174896 0 0 0 6 27592 44711 1 2 97 0
587 1363698891 !  3 0 0 126791600 102408 174900 0 0 0 7 27601 44757 1 2 97 0
588 1363698903 !  1 0 0 126784400 102408 174904 0 0 0 10 27645 44937 1 2 97 0
589 1363698915 !  1 0 0 126779808 102412 174908 0 0 0 9 27682 44855 1 2 97 0
590 1363698927 !  1 0 0 126772432 102412 174916 0 0 0 9 27736 44882 1 2 97 0
591 1363698939 !  0 0 0 126766672 102412 174920 0 0 0 6 27900 44914 1 2 97 0
592 1363698951 !  4 0 0 126761560 102412 174924 0 0 0 10 27869 45069 1 2 97 0
593 1363698963 !  2 0 0 126756800 102412 174928 0 0 0 6 27897 45074 1 2 97 0
594 1363698975 !  3 0 0 126751224 102412 174932 0 0 0 7 28011 45229 1 2 97 0
595 1363698987 !  0 0 0 126744384 102412 174936 0 0 0 1 27982 45267 1 2 97 0
596 1363698999 !  2 0 0 126739936 102412 174940 0 0 0 8 28088 45295 1 2 97 0
597 1363699011 !  7 0 0 126735120 102412 174944 0 0 0 1 28174 45387 1 2 97 0
598 1363699023 !  4 0 0 126727656 102412 174948 0 0 0 13 28228 45556 1 2 97 0
599 1363699035 !  3 0 0 126723136 102412 174952 0 0 0 8 28190 45508 1 2 97 0
600 1363699047 !  2 0 0 126719712 102412 174956 0 0 0 8 28196 45615 1 2 97 0
601 1363699059 !  2 0 0 126713072 102412 174960 0 0 0 8 28312 45740 1 2 97 0
602 1363699071 !  0 0 0 126707344 102412 174964 0 0 0 8 28362 45698 1 2 97 0
603 1363699083 !  0 0 0 126703544 102412 174968 0 0 0 6 28252 45888 1 2 97 0
604 1363699095 !  1 0 0 126698000 102412 174972 0 0 0 7 28438 45880 1 2 97 0
605 1363699107 !  1 0 0 126692192 102416 174976 0 0 0 6 28427 46153 1 2 97 0
606 1363699120 !  2 0 0 126684816 102416 174980 0 0 0 8 28468 46056 1 2 97 0
607 1363699132 !  1 0 0 126680272 102416 174984 0 0 0 7 28579 46128 1 2 97 0
608 1363699144 !  4 0 0 126674832 102416 174988 0 0 0 7 28618 46173 1 2 97 0
609 1363699156 !  2 0 0 126669656 102416 174992 0 0 0 7 28622 46136 1 2 97 0
610 1363699168 !  1 0 0 126664832 102416 174996 0 0 0 6 28750 46373 1 2 97 0
611 1363699180 !  1 0 0 126659520 102416 175000 0 0 0 7 28813 46356 1 2 97 0
612 1363699192 !  2 0 0 126652240 102416 175004 0 0 0 7 28768 46431 1 2 97 0
613 1363699204 !  2 0 0 126648064 102416 175008 0 0 0 12 28898 46412 1 2 97 0
614 1363699216 !  0 0 0 126642512 102416 175012 0 0 0 7 28879 46577 1 2 97 0
615 1363699228 !  0 0 0 126637760 102416 175016 0 0 0 0 28962 46554 1 2 97 0
616 1363699240 !  0 0 0 126632576 102416 175020 0 0 0 1 28965 46762 1 2 97 0
617 1363699252 !  4 0 0 126625392 102416 175024 0 0 0 7 29158 46716 1 2 97 0
618 1363699264 !  1 0 0 126619376 102416 175028 0 0 0 7 29038 46850 1 2 97 0
619 1363699276 !  0 0 0 126614352 102416 175032 0 0 0 7 29128 46934 1 2 97 0
620 1363699288 !  2 0 0 126609336 102416 175036 0 0 0 6 29146 46967 1 2 97 0
621 1363699300 !  3 0 0 126603760 102420 175040 0 0 0 8 29026 47172 1 2 97 0
622 1363699312 !  3 0 0 126598792 102420 175044 0 0 0 1 29256 47000 1 2 97 0
623 1363699324 !  1 0 0 126590800 102420 175048 0 0 0 7 29409 47202 1 2 97 0
624 1363699336 !  5 0 0 126586352 102420 175052 0 0 0 7 29365 47057 1 2 97 0
625 1363699348 !  5 0 0 126582304 102420 175056 0 0 0 6 29400 47179 1 2 97 0
626 1363699360 !  1 0 0 126575184 102420 175060 0 0 0 8 29405 47222 1 2 97 0
627 1363699372 !  0 0 0 126569896 102420 175064 0 0 0 8 29468 47507 1 2 97 0
628 1363699384 !  0 0 0 126563160 102420 175068 0 0 0 8 29640 47465 1 2 97 0
629 1363699396 !  0 0 0 126557768 102420 175072 0 0 0 8 29512 47539 1 2 97 0
630 1363699408 !  1 0 0 126552800 102420 175076 0 0 0 6 29614 47547 1 2 97 0
631 1363699420 !  1 0 0 126548488 102424 175080 0 0 0 7 29711 47559 1 2 97 0
632 1363699433 !  2 0 0 126542144 102424 175084 0 0 0 0 29718 47730 1 2 97 0
633 1363699445 !  3 0 0 126537712 102424 175088 0 0 0 7 29814 47831 1 2 97 0
634 1363699457 !  2 0 0 126531392 102424 175092 0 0 0 7 29910 47882 1 2 97 0
635 1363699469 !  1 0 0 126526728 102424 175096 0 0 0 7 29878 48002 1 2 97 0
636 1363699481 !  0 0 0 126522000 102424 175100 0 0 0 7 29922 48001 1 2 97 0
637 1363699493 !  4 0 0 126516456 102428 175104 0 0 0 6 29994 48081 1 2 97 0
638 1363699505 !  1 0 0 126509672 102428 175108 0 0 0 15 30026 48305 1 2 97 0
639 1363699517 !  1 0 0 126505856 102428 175112 0 0 0 7 30087 48301 1 2 97 0
640 1363699529 !  4 0 0 126498712 102428 175116 0 0 0 6 30142 48379 1 2 97 0
641 1363699541 !  5 0 0 126493648 102428 175120 0 0 0 7 30042 48336 1 2 97 0
642 1363699553 !  1 0 0 126488216 102428 175124 0 0 0 6 30080 48457 1 2 97 0
643 1363699565 !  1 0 0 126483360 102428 175132 0 0 0 2 30260 48372 1 2 97 0
644 1363699577 !  1 0 0 126476768 102428 175136 0 0 0 7 30250 48622 1 2 97 0
645 1363699589 !  1 0 0 126469904 102428 175140 0 0 0 7 30324 48623 1 2 97 0
646 1363699601 !  0 0 0 126466224 102428 175144 0 0 0 7 30347 48673 1 2 97 0
647 1363699613 !  2 0 0 126459976 102428 175148 0 0 0 0 30384 48889 1 2 97 0
648 1363699625 !  1 0 0 126455152 102428 175152 0 0 0 1 30430 48908 1 2 97 0
649 1363699637 !  2 0 0 126449712 102428 175156 0 0 0 1 30502 48972 1 2 97 0
650 1363699649 !  2 0 0 126444504 102428 175160 0 0 0 7 30551 48997 1 2 97 0
651 1363699661 !  1 0 0 126437536 102428 175164 0 0 0 7 30693 49163 1 2 97 0
652 1363699673 !  3 0 0 126433232 102428 175168 0 0 0 0 30762 49086 1 2 97 0
653 1363699685 !  2 0 0 126428928 102432 175172 0 0 0 8 30688 49306 1 2 97 0
654 1363699697 !  1 0 0 126422432 102432 175176 0 0 0 8 30728 49380 1 2 97 0
655 1363699709 !  3 0 0 126417392 102432 175180 0 0 0 7 30775 49470 1 2 97 0
656 1363699721 !  2 0 0 126410432 102432 175184 0 0 0 7 30732 49569 1 2 97 0
657 1363699734 !  2 0 0 126404976 102432 175188 0 0 0 6 30680 49511 1 2 97 0
658 1363699746 !  0 0 0 126401024 102432 175192 0 0 0 7 30896 49662 1 2 97 0
659 1363699758 !  1 0 0 126395384 102432 175196 0 0 0 6 31099 49697 1 2 97 0
660 1363699770 !  1 0 0 126389712 102432 175200 0 0 0 7 31070 49790 1 2 97 0
661 1363699782 !  0 0 0 126382896 102432 175204 0 0 0 7 31097 49796 1 2 97 0
662 1363699794 !  3 0 0 126377216 102432 175208 0 0 0 7 31195 49947 1 2 97 0
663 1363699806 !  1 0 0 126372344 102432 175212 0 0 0 7 31307 50019 1 2 97 0
664 1363699818 !  0 0 0 126367184 102432 175216 0 0 0 6 31259 50098 1 2 97 0
665 1363699830 !  2 0 0 126362752 102432 175220 0 0 0 7 31265 50051 1 2 97 0
666 1363699842 !  1 0 0 126357056 102432 175224 0 0 0 1 31398 50125 1 2 97 0
667 1363699854 !  1 0 0 126351584 102432 175228 0 0 0 7 31305 50173 1 2 97 0
668 1363699866 !  2 0 0 126344976 102432 175232 0 0 0 7 31490 50227 1 2 97 0
669 1363699878 !  2 0 0 126340512 102436 175236 0 0 0 6 31410 50424 1 2 97 0
670 1363699890 !  3 0 0 126332848 102436 175240 0 0 0 1 31591 50429 1 2 97 0
671 1363699902 !  2 0 0 126328752 102436 175244 0 0 0 7 31418 50611 1 2 97 0
672 1363699914 !  0 0 0 126324960 102436 175248 0 0 0 1 31569 50719 1 2 97 0
673 1363699926 !  0 0 0 126316952 102436 175252 0 0 0 1 31728 50693 1 2 97 0
674 1363699938 !  1 0 0 126312128 102436 175256 0 0 0 0 31713 50780 1 2 97 0
675 1363699950 !  1 0 0 126306296 102440 175260 0 0 0 1 31734 50791 1 2 97 0
676 1363699962 !  2 0 0 126302704 102440 175264 0 0 0 8 31763 50908 1 2 97 0
677 1363699974 !  4 0 0 126297360 102440 175268 0 0 0 7 31843 50977 1 2 97 0
678 1363699986 !  0 1 0 126289776 102440 175272 0 0 0 6 31927 51042 1 2 97 0
679 1363699998 !  1 0 0 126284224 102440 175276 0 0 0 11 31899 51165 1 2 97 0
680 1363700010 !  0 0 0 126279200 102440 175280 0 0 0 7 31922 51206 1 2 97 0
681 1363700022 !  1 0 0 126274584 102440 175284 0 0 0 6 32091 51314 1 2 97 0
682 1363700035 !  3 0 0 126270672 102444 175288 0 0 0 14 32166 51250 1 2 97 0
683 1363700047 !  4 0 0 126264656 102444 175292 0 0 0 7 32186 51328 1 2 97 0
684 1363700059 !  6 0 0 126257520 102444 175296 0 0 0 6 32174 51435 1 2 97 0
685 1363700071 !  2 0 0 126252592 102448 175300 0 0 0 14 32163 51521 1 2 97 0
686 1363700083 !  0 0 0 126247920 102448 175304 0 0 0 6 32238 51564 1 2 97 0
687 1363700095 !  0 0 0 126242688 102448 175308 0 0 0 8 32325 51555 1 2 97 0
688 1363700107 !  2 0 0 126237352 102448 175312 0 0 0 22 32410 51784 1 2 97 0
689 1363700119 !  0 0 0 126231664 102448 175316 0 0 0 6 32389 51778 1 2 97 0
690 1363700131 !  2 0 0 126224808 102448 175320 0 0 0 8 32462 51814 1 2 97 0
691 1363700143 !  1 0 0 126220064 102448 175324 0 0 0 11 32575 51928 1 2 97 0
692 1363700155 !  2 0 0 126215456 102448 175328 0 0 0 8 32616 52000 1 2 97 0
693 1363700167 !  4 0 0 126209648 102448 175332 0 0 0 1 32660 52036 1 2 97 0
694 1363700179 !  2 0 0 126201584 102448 175336 0 0 0 7 32648 52121 1 2 97 0
695 1363700191 !  1 0 0 126195696 102448 175340 0 0 0 1 32544 52084 1 2 97 0
696 1363700203 !  1 0 0 126191984 102448 175348 0 0 0 6 32707 52279 1 2 97 0
697 1363700215 !  0 0 0 126185824 102448 175352 0 0 0 6 32785 52294 1 2 97 0
698 1363700227 !  2 0 0 126180864 102448 175356 0 0 0 1 32875 52404 1 2 97 0
699 1363700239 !  1 0 0 126175536 102448 175360 0 0 0 1 32832 52589 1 2 97 0
700 1363700251 !  8 0 0 126169168 102448 175364 0 0 0 6 32815 52460 1 2 97 0
701 1363700263 !  5 0 0 126163600 102452 175368 0 0 0 0 32934 52660 1 2 97 0
702 1363700275 !  2 0 0 126158480 102452 175372 0 0 0 8 32961 52640 1 2 97 0
703 1363700287 !  3 0 0 126153040 102452 175376 0 0 0 5 33019 52709 1 2 97 0
704 1363700299 !  3 0 0 126147616 102452 175380 0 0 0 8 33199 52905 1 2 97 0
705 1363700311 !  0 0 0 126142976 102452 175384 0 0 0 8 33182 52873 1 2 97 0
706 1363700324 !  0 0 0 126135824 102452 175388 0 0 0 7 33274 52973 1 2 97 0
707 1363700336 !  3 0 0 126130448 102452 175392 0 0 0 7 33187 52932 1 2 97 0
708 1363700348 !  2 0 0 126125208 102452 175396 0 0 0 6 33284 52957 1 2 97 0
709 1363700360 !  2 0 0 126119416 102452 175400 0 0 0 12 33374 53206 1 2 97 0
710 1363700372 !  1 0 0 126116704 102452 175404 0 0 0 8 33388 53220 1 2 97 0
711 1363700384 !  3 0 0 126109608 102452 175408 0 0 0 6 33415 53248 1 2 97 0
712 1363700396 !  1 0 0 126104760 102452 175412 0 0 0 14 33558 53333 1 2 97 0
713 1363700408 !  0 0 0 126098336 102452 175416 0 0 0 0 33421 53277 1 2 97 0
714 1363700420 !  1 0 0 126094240 102452 175420 0 0 0 8 33565 53486 1 2 97 0
715 1363700432 !  2 0 0 126089840 102452 175424 0 0 0 7 33666 53591 1 2 97 0
716 1363700444 !  2 0 0 126083840 102452 175428 0 0 0 6 33774 53575 1 2 97 0
717 1363700456 !  0 0 0 126076304 102456 175432 0 0 0 1 33727 53660 1 2 97 0
718 1363700468 !  2 0 0 126071696 102456 175436 0 0 0 13 33736 53835 1 2 97 0
719 1363700480 !  0 0 0 126067232 102456 175440 0 0 0 8 33799 53874 1 2 97 0
720 1363700492 !  2 0 0 126061760 102464 175444 0 0 0 1 33870 54032 1 2 97 0
721 1363700504 !  2 0 0 126056224 102480 175448 0 0 0 1 33874 54000 1 2 97 0
722 1363700516 !  0 0 0 126046784 102504 175448 0 0 0 6 34125 54047 1 3 97 0
723 1363700528 !  3 0 0 126040944 102512 175456 0 0 0 0 34159 54050 1 2 97 0
724 1363700540 !  1 0 0 126036320 102536 175452 0 0 0 13 34179 54089 1 2 97 0
725 1363700552 !  1 0 0 126033584 102544 175464 0 0 0 1 34107 54265 1 2 97 0
726 1363700564 !  1 0 0 126029424 102568 175468 0 0 0 8 34200 54197 1 3 97 0
727 1363700576 !  2 0 0 126023488 102584 175468 0 0 0 14 34272 54427 1 3 97 0
728 1363700588 !  1 0 0 126015760 102600 175468 0 0 0 6 34257 54480 1 2 97 0
729 1363700600 !  1 0 0 126011760 102616 175472 0 0 0 8 34317 54451 1 3 97 0
730 1363700613 !  2 0 0 126005984 102624 175484 0 0 0 6 34333 54592 1 2 97 0
731 1363700625 !  2 0 0 126000352 102648 175480 0 0 0 8 34505 54583 1 3 96 0
732 1363700637 !  2 0 0 125996400 102664 175488 0 0 0 8 34582 54680 1 3 97 0
733 1363700649 !  1 0 0 125988056 102684 175488 0 0 0 9 34431 54844 1 3 97 0
734 1363700661 !  4 0 0 125983600 102700 175500 0 0 0 9 34575 55161 1 2 97 0
735 1363700673 !  2 0 0 125978128 102716 175504 0 0 0 6 34613 54968 1 2 97 0
736 1363700685 !  1 0 0 125972992 102724 175508 0 0 0 7 34666 54937 1 3 97 0
737 1363700697 !  6 0 0 125967712 102748 175508 0 0 0 7 34662 55146 1 3 97 0
738 1363700709 !  0 0 0 125962696 102764 175516 0 0 0 14 34759 55105 1 3 96 0
739 1363700721 !  0 0 0 125955376 102780 175520 0 0 0 18 35009 55118 1 3 97 0
740 1363700733 !  0 0 0 125950064 102796 175520 0 0 0 6 34847 55321 1 3 97 0
741 1363700745 !  2 0 0 125945488 102812 175520 0 0 0 7 34962 55190 1 3 97 0
742 1363700757 !  2 0 0 125939840 102828 175524 0 0 0 12 34985 55407 1 3 96 0
743 1363700769 !  4 0 0 125933984 102844 175528 0 0 0 8 34961 55555 1 3 96 0
744 1363700781 !  4 0 0 125926032 102860 175540 0 0 0 8 35115 55588 1 3 97 0
745 1363700793 !  3 0 0 125921760 102876 175536 0 0 0 11 35086 55597 1 3 96 0
746 1363700805 !  0 0 0 125917400 102884 175548 0 0 0 1 35247 55680 1 3 97 0
747 1363700817 !  2 0 0 125913200 102900 175552 0 0 0 1 35220 55708 1 3 96 0
748 1363700829 !  0 0 0 125906320 102924 175552 0 0 0 6 35342 55825 1 3 96 0
749 1363700841 !  3 0 0 125899664 102936 175564 0 0 0 1 35134 56124 1 3 97 0
750 1363700853 !  1 0 0 125894040 102960 175560 0 0 0 6 35314 55867 1 3 96 0
751 1363700865 !  1 0 0 125889200 102976 175564 0 0 0 10 35507 55891 1 3 96 0
752 1363700877 !  4 0 0 125884928 102992 175568 0 0 0 7 35596 56044 1 3 96 0
753 1363700889 !  2 0 0 125880432 103008 175576 0 0 0 7 35465 56188 1 3 96 0
754 1363700901 !  2 0 0 125876864 103024 175576 0 0 0 7 35512 56242 1 3 96 0
755 1363700914 !  1 0 0 125868544 103040 175584 0 0 0 6 35603 56276 1 3 96 0
756 1363700926 !  6 0 0 125862848 103056 175588 0 0 0 7 35595 56249 1 3 96 0
757 1363700938 !  0 0 0 125857936 103072 175592 0 0 0 7 35723 56305 1 3 96 0
758 1363700950 !  2 0 0 125852888 103088 175600 0 0 0 7 35742 56484 1 3 97 0
759 1363700962 !  4 0 0 125847744 103104 175604 0 0 0 7 35789 56520 1 3 96 0
760 1363700974 !  2 0 0 125842800 103120 175604 0 0 0 6 35938 56609 1 3 96 0
761 1363700986 !  1 0 0 125834896 103136 175612 0 0 0 7 35874 56783 1 3 96 0
762 1363700998 !  4 0 0 125829664 103152 175608 0 0 0 6 35947 56776 1 3 96 0
763 1363701010 !  2 0 0 125824520 103168 175620 0 0 0 7 36007 56720 1 3 96 0
764 1363701022 !  2 0 0 125818464 103184 175624 0 0 0 7 35991 57272 1 3 97 0
765 1363701034 !  1 0 0 125814800 103204 175624 0 0 0 13 36068 56857 1 3 96 0
766 1363701046 !  0 0 0 125807280 103220 175632 0 0 0 8 36173 56917 1 3 96 0
767 1363701058 !  2 0 0 125802128 103236 175632 0 0 0 6 36244 56948 1 3 96 0
768 1363701070 !  2 0 0 125798240 103252 175636 0 0 0 7 36234 57074 1 3 96 0
769 1363701082 !  2 0 0 125792736 103260 175644 0 0 0 1 36378 57173 1 3 96 0
770 1363701094 !  2 0 0 125787976 103284 175640 0 0 0 7 36421 57306 1 3 96 0
771 1363701106 !  1 0 0 125781632 103304 175644 0 0 0 7 36405 57214 1 3 96 0
772 1363701118 !  3 0 0 125775680 103320 175648 0 0 0 6 36492 57269 1 3 96 0
773 1363701130 !  2 0 0 125770944 103328 175660 0 0 0 1 36350 57422 1 3 96 0
774 1363701142 !  3 0 0 125765664 103344 175664 0 0 0 1 36471 57462 1 3 96 0
775 1363701154 !  0 0 0 125759776 103368 175664 0 0 0 7 36567 57681 1 3 96 0
776 1363701166 !  0 0 0 125754000 103384 175672 0 0 0 7 36604 57586 1 3 96 0
777 1363701178 !  4 0 0 125748560 103400 175676 0 0 0 6 36622 57799 1 3 96 0
778 1363701190 !  1 0 0 125741712 103416 175676 0 0 0 7 36753 57698 1 3 96 0
779 1363701202 !  2 0 0 125737304 103432 175676 0 0 0 7 36782 57761 1 3 96 0
780 1363701215 !  3 0 0 125732480 103448 175680 0 0 0 7 36826 57927 1 3 96 0
781 1363701227 !  1 0 0 125727928 103468 175684 0 0 0 8 36913 57947 1 3 96 0
782 1363701239 !  2 0 0 125722192 103484 175696 0 0 0 6 36959 58077 1 3 96 0
783 1363701251 !  0 0 0 125713744 103500 175692 0 0 0 7 36971 58052 1 3 96 0
784 1363701263 !  2 0 0 125707840 103516 175696 0 0 0 7 36880 58218 1 3 96 0
785 1363701275 !  1 0 0 125704792 103532 175700 0 0 0 8 36938 58265 1 3 96 0
786 1363701287 !  3 0 0 125698400 103548 175704 0 0 0 7 37044 58306 1 3 96 0
787 1363701299 !  1 0 0 125693264 103564 175712 0 0 0 6 37174 58312 1 3 96 0
788 1363701311 !  0 0 0 125686904 103580 175720 0 0 0 7 37074 58410 1 3 96 0
789 1363701323 !  2 0 0 125681184 103596 175716 0 0 0 6 37128 58541 1 3 96 0
790 1363701335 !  0 0 0 125675504 103612 175728 0 0 0 7 37276 58648 1 3 96 0
791 1363701347 !  2 0 0 125670624 103628 175724 0 0 0 7 37361 58638 1 3 96 0
792 1363701359 !  2 0 0 125664648 103644 175728 0 0 0 11 37410 58699 1 3 96 0
793 1363701371 !  2 0 0 125660192 103652 175740 0 0 0 1 37380 58793 1 3 96 0
794 1363701383 !  2 0 0 125653120 103668 175744 0 0 0 0 37456 58731 1 3 96 0
795 1363701395 !  3 0 0 125648000 103692 175740 0 0 0 14 37667 58910 1 3 96 0
796 1363701407 !  2 0 0 125641888 103708 175744 0 0 0 8 37464 58954 1 3 96 0
797 1363701419 !  2 0 0 125636456 103728 175748 0 0 0 9 37586 58988 1 3 96 0
798 1363701431 !  5 0 0 125632096 103744 175752 0 0 0 15 37598 59107 1 3 96 0
799 1363701443 !  5 0 0 125624624 103760 175756 0 0 0 6 37742 59131 1 3 96 0
800 1363701455 !  2 0 0 125619240 103776 175768 0 0 0 7 37762 59030 1 3 96 0
801 1363701467 !  3 0 0 125614208 103784 175772 0 0 0 7 37860 59232 1 3 96 0
802 1363701479 !  4 0 0 125608856 103808 175780 0 0 0 10 37769 59386 1 3 96 0
803 1363701491 !  1 0 0 125604992 103824 175780 0 0 0 7 37880 59305 1 3 96 0
804 1363701503 !  3 0 0 125598992 103840 175788 0 0 0 11 37864 59404 1 3 96 0
805 1363701516 !  3 0 0 125593000 103856 175784 0 0 0 7 38004 59756 1 3 96 0
806 1363701528 !  5 0 0 125587960 103872 175788 0 0 0 8 37990 59584 1 3 96 0
807 1363701540 !  4 0 0 125583024 103888 175800 0 0 0 8 38065 59656 1 3 96 0
808 1363701552 !  3 0 0 125577552 103904 175800 0 0 0 8 38076 59646 1 3 96 0
809 1363701564 !  2 0 0 125572168 103920 175800 0 0 0 6 38072 59694 1 3 96 0
810 1363701576 !  3 0 0 125566240 103936 175812 0 0 0 14 38128 59805 1 3 96 0
811 1363701588 !  1 0 0 125559728 103952 175816 0 0 0 8 38251 59921 1 3 96 0
812 1363701600 !  2 0 0 125555184 103960 175820 0 0 0 1 38249 59912 1 3 96 0
813 1363701612 !  2 0 0 125550752 103980 175824 0 0 0 7 38352 60112 1 3 96 0
814 1363701624 !  3 0 0 125545824 104004 175820 0 0 0 6 38372 59965 1 3 96 0
815 1363701636 !  0 0 0 125540128 104020 175832 0 0 0 7 38351 60070 1 3 96 0
816 1363701648 !  2 0 0 125533776 104028 175836 0 0 0 5 38627 60246 1 3 96 0
817 1363701660 !  3 0 0 125528296 104044 175840 0 0 0 1 38501 60170 1 3 96 0
818 1363701672 !  1 0 0 125523264 104068 175836 0 0 0 8 38479 60285 1 3 96 0
819 1363701684 !  4 0 0 125517728 104084 175840 0 0 0 8 38586 60400 1 3 96 0
820 1363701696 !  2 0 0 125512224 104092 175852 0 0 0 1 38706 60433 1 3 96 0
821 1363701708 !  4 0 0 125506712 104116 175848 0 0 0 6 38675 60511 1 3 96 0
822 1363701720 !  5 0 0 125500736 104124 175860 0 0 0 6 38849 60506 1 3 96 0
823 1363701732 !  1 0 0 125495408 104148 175860 0 0 0 7 38884 60708 1 3 96 0
824 1363701744 !  1 0 0 125489856 104164 175868 0 0 0 7 38776 60810 1 3 96 0
825 1363701756 !  3 0 0 125485160 104180 175872 0 0 0 14 38924 60874 1 3 96 0
826 1363701768 !  1 0 0 125478648 104196 175876 0 0 0 6 38947 60869 1 3 96 0
827 1363701780 !  1 0 0 125472848 104212 175880 0 0 0 7 38964 60845 1 3 96 0
828 1363701792 !  3 0 0 125466544 104228 175876 0 0 0 12 39003 60955 1 3 96 0
829 1363701805 !  3 0 0 125461656 104248 175888 0 0 0 8 39103 60941 1 3 96 0
830 1363701817 !  0 0 0 125454920 104264 175888 0 0 0 8 39148 61181 1 3 96 0
831 1363701829 !  6 0 0 125450624 104280 175888 0 0 0 11 39352 61211 1 3 96 0
832 1363701841 !  2 0 0 125442440 104296 175892 0 0 0 7 39335 61174 1 3 96 0
833 1363701853 !  1 0 0 125437384 104312 175896 0 0 0 7 39190 61358 1 3 96 0
834 1363701865 !  2 0 0 125431984 104320 175908 0 0 0 1 39116 61450 1 3 96 0
835 1363701877 !  4 0 0 125426584 104344 175912 0 0 0 7 39289 61501 1 3 96 0
836 1363701889 !  2 0 0 125421840 104360 175908 0 0 0 7 39555 61367 1 3 96 0
837 1363701901 !  2 0 0 125416256 104368 175920 0 0 0 6 39446 61473 1 3 96 0
838 1363701913 !  4 0 0 125410400 104384 175924 0 0 0 0 39586 61499 1 3 96 0
839 1363701925 !  2 0 0 125405808 104400 175928 0 0 0 1 39481 61673 1 3 96 0
840 1363701937 !  1 0 0 125400304 104416 175932 0 0 0 13 39548 61746 1 3 96 0
841 1363701949 !  2 0 0 125395200 104440 175928 0 0 0 8 39773 61691 1 3 96 0
842 1363701961 !  2 0 0 125389888 104448 175940 0 0 0 1 39666 61853 1 3 96 0
843 1363701973 !  2 0 0 125385744 104464 175944 0 0 0 6 39705 62044 1 3 96 0
844 1363701985 !  5 0 0 125378336 104480 175948 0 0 0 1 39902 61877 1 3 96 0
845 1363701997 !  3 0 0 125374144 104508 175944 0 0 0 8 39909 62016 1 3 96 0
846 1363702009 !  1 0 0 125368288 104524 175948 0 0 0 9 39974 62092 1 3 96 0
847 1363702021 !  5 0 0 125361328 104540 175952 0 0 0 7 39951 62132 1 3 96 0
848 1363702033 !  1 0 0 125357984 104548 175964 0 0 0 0 40056 62212 1 3 96 0
849 1363702045 !  6 0 0 125350752 104572 175960 0 0 0 14 40059 62421 1 3 96 0
850 1363702057 !  1 0 0 125346560 104588 175964 0 0 0 8 40146 62333 1 3 96 0
851 1363702069 !  3 0 0 125340192 104604 175968 0 0 0 7 40234 62405 1 3 96 0
852 1363702082 !  2 0 0 125335640 104620 175976 0 0 0 14 40230 62474 1 3 96 0
853 1363702094 !  0 0 0 125331776 104636 175984 0 0 0 6 40347 62538 1 3 96 0
854 1363702106 !  4 0 0 125324848 104652 175988 0 0 0 7 40308 62631 1 3 96 0
855 1363702118 !  0 0 0 125318960 104668 175992 0 0 0 12 40435 62809 1 3 96 0
856 1363702130 !  3 0 0 125313552 104676 176000 0 0 0 2 40291 62924 1 3 96 0
857 1363702142 !  3 0 0 125308576 104692 176004 0 0 0 1 40396 62849 1 3 96 0
858 1363702154 !  3 0 0 125304600 104708 176008 0 0 0 8 40540 62920 1 3 96 0
859 1363702166 !  1 0 0 125299888 104724 176012 0 0 0 1 40634 63017 1 3 96 0
860 1363702178 !  0 0 0 125292968 104740 176016 0 0 0 1 40620 63047 1 3 96 0
861 1363702190 !  4 0 0 125286232 104760 176020 0 0 0 1 40656 63080 1 3 96 0
862 1363702202 !  2 0 0 125282176 104776 176024 0 0 0 1 40554 63154 1 3 96 0
863 1363702214 !  0 0 0 125277088 104800 176020 0 0 0 8 40744 63210 1 3 96 0
864 1363702226 !  1 0 0 125270640 104808 176032 0 0 0 6 40830 63225 1 3 96 0
865 1363702238 !  4 0 0 125267056 104824 176036 0 0 0 0 40757 63346 1 3 96 0
866 1363702250 !  1 0 0 125258544 104840 176040 0 0 0 2 40914 63416 1 3 96 0
867 1363702262 !  2 0 0 125253248 104864 176036 0 0 0 11 40970 63566 1 3 96 0
868 1363702274 !  3 0 0 125249496 104880 176040 0 0 0 7 40918 63595 1 3 96 0
869 1363702286 !  3 0 0 125243952 104888 176052 0 0 0 2 41114 63528 1 3 96 0
870 1363702298 !  1 0 0 125237712 104904 176056 0 0 0 5 41023 63625 1 3 96 0
871 1363702310 !  8 0 0 125230192 104928 176052 0 0 0 7 41130 63778 1 3 96 0
872 1363702322 !  1 0 0 125225920 104936 176064 0 0 0 2 41225 63660 1 3 96 0
873 1363702334 !  4 0 0 125221768 104952 176068 0 0 0 1 41200 63877 1 3 96 0
874 1363702346 !  4 0 0 125215776 104976 176068 0 0 0 7 41168 63929 1 3 96 0
875 1363702359 !  1 0 0 125212264 104992 176068 0 0 0 7 41296 63975 1 3 96 0
876 1363702371 !  4 0 0 125206752 105008 176076 0 0 0 6 41274 64110 1 3 96 0
877 1363702383 !  2 0 0 125198480 105028 176084 0 0 0 8 41273 64128 1 3 96 0
878 1363702395 !  1 0 0 125193584 105036 176088 0 0 0 1 41358 64231 1 3 96 0
879 1363702407 !  1 0 0 125187784 105060 176088 0 0 0 7 41442 64124 1 3 96 0
880 1363702419 !  4 0 0 125181976 105068 176096 0 0 0 0 41528 64383 1 3 96 0
881 1363702431 !  2 0 0 125178736 105084 176100 0 0 0 1 41686 64279 1 3 96 0
882 1363702443 !  1 0 0 125170600 105108 176096 0 0 0 7 41605 64456 1 3 96 0
883 1363702455 !  0 0 0 125165856 105116 176108 0 0 0 1 41565 64368 1 3 96 0
884 1363702467 !  2 0 0 125159936 105140 176104 0 0 0 7 41681 64523 1 3 96 0
885 1363702479 !  3 0 0 125156384 105156 176108 0 0 0 7 41592 64628 1 3 96 0
886 1363702491 !  2 0 0 125151408 105164 176120 0 0 0 1 41874 64612 1 3 96 0
887 1363702503 !  2 0 0 125142784 105180 176124 0 0 0 0 41874 64747 1 3 96 0
888 1363702515 !  2 0 0 125138144 105196 176128 0 0 0 1 41856 64760 1 3 96 0
889 1363702527 !  1 0 0 125133072 105212 176132 0 0 0 1 42019 64818 1 3 96 0
890 1363702539 !  2 0 0 125127568 105236 176128 0 0 0 11 42037 64918 1 3 96 0
891 1363702551 !  0 0 0 125121872 105252 176132 0 0 0 7 42177 65024 1 3 96 0
892 1363702563 !  3 0 0 125116256 105268 176136 0 0 0 6 42113 65100 1 3 96 0
893 1363702575 !  5 0 0 125109392 105288 176140 0 0 0 14 42205 65282 1 3 96 0
894 1363702587 !  3 0 0 125104184 105304 176144 0 0 0 9 42289 65295 1 3 96 0
895 1363702599 !  3 0 0 125100088 105312 176156 0 0 0 1 42202 65376 1 3 96 0
896 1363702611 !  3 0 0 125095392 105336 176156 0 0 0 14 42302 65324 1 3 96 0
897 1363702624 !  2 0 0 125088992 105352 176160 0 0 0 13 42354 65404 1 3 96 0
898 1363702636 !  1 0 0 125084656 105368 176168 0 0 0 8 42358 65399 1 3 96 0
899 1363702648 !  3 0 0 125076840 105384 176164 0 0 0 20 42484 65552 1 3 96 0
900 1363702660 !  4 0 0 125071936 105400 176176 0 0 0 7 42413 65556 1 3 96 0
901 1363702672 !  4 0 0 125067696 105408 176180 0 0 0 1 42461 65566 1 3 96 0
902 1363702684 !  3 0 0 125062080 105424 176184 0 0 0 6 42632 65704 1 3 96 0
903 1363702696 !  9 0 0 125058144 105448 176188 0 0 0 8 42644 65735 1 3 96 0
904 1363702708 !  1 0 0 125048944 105456 176192 0 0 0 1 42679 65826 1 3 96 0
905 1363702720 !  4 0 0 125044144 105472 176196 0 0 0 1 42711 65849 1 3 96 0
906 1363702732 !  1 0 0 125039520 105488 176200 0 0 0 1 42720 65971 1 3 96 0
907 1363702744 !  3 0 0 125034672 105512 176196 0 0 0 8 42797 66007 1 3 96 0
908 1363702756 !  3 0 0 125029568 105520 176208 0 0 0 7 42855 65966 1 3 96 0
909 1363702768 !  2 0 0 125023264 105540 176216 0 0 0 0 42873 66033 1 3 96 0
910 1363702780 !  1 0 0 125016448 105556 176220 0 0 0 2 43064 66027 1 3 96 0
911 1363702792 !  8 0 0 125012416 105572 176224 0 0 0 9 42997 66152 1 3 96 0
912 1363702804 !  3 0 0 125006016 105596 176220 0 0 0 6 43134 66326 1 3 96 0
913 1363702816 !  2 0 0 125001328 105604 176232 0 0 0 1 43031 66329 1 3 96 0
914 1363702828 !  6 0 0 124995160 105620 176236 0 0 0 6 43220 66335 1 3 96 0
915 1363702840 !  7 0 0 124990976 105644 176236 0 0 0 7 43269 66418 1 3 96 0
916 1363702852 !  1 0 0 124984480 105660 176244 0 0 0 7 43371 66469 1 3 96 0
917 1363702864 !  2 0 0 124978704 105676 176240 0 0 0 7 43272 66759 1 3 96 0
918 1363702876 !  1 0 0 124973512 105692 176248 0 0 0 7 43436 66644 1 3 96 0
919 1363702888 !  1 0 0 124968896 105708 176256 0 0 0 6 43345 66725 1 3 96 0
920 1363702901 !  5 0 0 124965296 105716 176260 0 0 0 6 43535 66779 1 3 96 0
921 1363702913 !  3 0 0 124957040 105740 176256 0 0 0 8 43440 66631 1 3 96 0
922 1363702925 !  1 0 0 124952928 105756 176268 0 0 0 6 43673 66857 1 3 96 0
923 1363702937 !  5 0 0 124946448 105772 176264 0 0 0 14 43579 66919 1 3 96 0
924 1363702949 !  4 0 0 124940952 105788 176276 0 0 0 6 43661 67020 1 3 96 0
925 1363702961 !  1 0 0 124937232 105808 176276 0 0 0 7 43625 66969 1 3 96 0
926 1363702973 !  2 0 0 124929328 105824 176280 0 0 0 15 43828 67091 1 3 96 0
927 1363702985 !  2 0 0 124923824 105840 176288 0 0 0 6 43868 67260 1 3 96 0
928 1363702997 !  4 0 0 124918024 105856 176288 0 0 0 7 43804 67255 1 3 95 0
929 1363703009 !  4 0 0 124914408 105872 176296 0 0 0 11 43909 67345 1 3 95 0
930 1363703021 !  1 0 0 124909344 105888 176300 0 0 0 7 43844 67464 1 3 96 0
931 1363703033 !  4 0 0 124904104 105904 176304 0 0 0 8 43922 67497 1 3 96 0
932 1363703045 !  4 0 0 124896896 105912 176308 0 0 0 1 43952 67605 1 3 96 0
933 1363703057 !  3 0 0 124891224 105936 176308 0 0 0 6 44148 67489 1 3 95 0
934 1363703069 !  4 0 0 124885920 105952 176308 0 0 0 7 44063 67667 1 3 95 0
935 1363703081 !  1 0 0 124881984 105968 176312 0 0 0 11 44209 67793 1 3 96 0
936 1363703093 !  1 0 0 124876752 105984 176316 0 0 0 6 44164 68066 1 3 96 0
937 1363703105 !  0 0 0 124866864 106000 176320 0 0 0 15 44202 67942 1 3 95 0
938 1363703117 !  3 0 0 124862336 106016 176324 0 0 0 17 44231 68015 1 3 95 0
939 1363703129 !  2 0 0 124857632 106032 176336 0 0 0 7 44266 68224 1 3 96 0
940 1363703141 !  0 0 0 124853224 106040 176340 0 0 0 2 44466 67972 1 3 95 0
941 1363703153 !  1 0 0 124848224 106068 176336 0 0 0 10 44441 68209 1 3 95 0
942 1363703165 !  2 0 0 124841944 106084 176344 0 0 0 9 44497 68343 1 3 96 0
943 1363703177 !  3 0 0 124834880 106092 176352 0 0 0 2 44539 68193 1 3 96 0
944 1363703190 !  0 0 0 124831168 106108 176356 0 0 0 1 44536 68233 1 3 95 0
945 1363703202 !  2 0 0 124825008 106132 176352 0 0 0 8 44633 68334 1 3 96 0
946 1363703214 !  8 0 0 124819472 106148 176360 0 0 0 6 44621 68449 1 3 95 0
947 1363703226 !  1 0 0 124815840 106164 176360 0 0 0 11 44703 68424 1 3 95 0
948 1363703238 !  1 0 0 124809880 106180 176364 0 0 0 6 44812 68444 1 3 95 0
949 1363703250 !  3 0 0 124802528 106196 176376 0 0 0 6 44897 68617 1 3 95 0
950 1363703262 !  2 0 0 124797744 106212 176380 0 0 0 10 44862 68755 1 3 95 0
951 1363703274 !  1 0 0 124792064 106228 176384 0 0 0 6 44887 68817 1 3 96 0
952 1363703286 !  2 0 0 124788200 106244 176388 0 0 0 6 44986 68788 1 3 95 0
953 1363703298 !  3 0 0 124781520 106252 176392 0 0 0 5 44993 68849 1 3 95 0
954 1363703310 !  4 0 0 124774792 106268 176396 0 0 0 1 45010 68820 1 3 95 0
955 1363703322 !  3 0 0 124769176 106284 176400 0 0 0 1 45132 68991 1 3 96 0
956 1363703334 !  2 0 0 124764512 106308 176396 0 0 0 6 45296 69015 1 3 95 0
957 1363703346 !  3 0 0 124759104 106320 176408 0 0 0 1 45158 69140 1 3 95 0
958 1363703358 !  2 0 0 124754096 106336 176412 0 0 0 0 45237 69116 1 3 95 0
959 1363703370 !  0 0 0 124745712 106352 176416 0 0 0 6 45265 69116 1 3 95 0
960 1363703382 !  4 0 0 124741344 106368 176420 0 0 0 1 45291 69212 1 3 95 0
961 1363703394 !  4 0 0 124736392 106392 176420 0 0 0 6 45420 69284 1 3 95 0
962 1363703406 !  3 0 0 124729760 106400 176432 0 0 0 4 45422 69228 1 3 95 0
963 1363703418 !  2 0 0 124726544 106424 176428 0 0 0 6 45618 69282 1 3 95 0
964 1363703430 !  2 0 0 124720016 106440 176432 0 0 0 10 45578 69465 1 4 95 0
965 1363703442 !  1 0 0 124712240 106448 176444 0 0 0 7 45585 69424 1 3 95 0
966 1363703455 !  6 0 0 124708104 106472 176448 0 0 0 8 45639 69500 1 3 95 0
967 1363703467 !  2 0 0 124703440 106488 176448 0 0 0 8 45562 69884 1 3 96 0
968 1363703479 !  3 0 0 124698240 106504 176448 0 0 0 11 45742 69496 1 3 95 0
969 1363703491 !  1 0 0 124692144 106520 176452 0 0 0 8 45901 69770 1 3 95 0
970 1363703503 !  5 0 0 124686336 106536 176460 0 0 0 6 45928 70003 1 3 95 0
971 1363703515 !  1 0 0 124681904 106552 176468 0 0 0 7 45954 69807 1 3 95 0
972 1363703527 !  0 0 0 124677400 106560 176472 0 0 0 1 45934 69748 1 4 95 0
973 1363703539 !  2 0 0 124672448 106580 176476 0 0 0 0 45980 69947 1 4 95 0
974 1363703551 !  3 0 0 124667416 106596 176480 0 0 0 6 46045 70046 1 4 95 0
975 1363703563 !  3 0 0 124660176 106612 176484 0 0 0 1 46165 69991 1 3 95 0
976 1363703575 !  6 0 0 124653464 106636 176480 0 0 0 8 46060 70076 1 3 95 0
977 1363703587 !  3 0 0 124649080 106644 176492 0 0 0 8 46245 70111 1 3 95 0
978 1363703599 !  3 1 0 124644160 106664 176492 0 0 0 7 46268 70270 1 3 95 0
979 1363703611 !  2 0 0 124638640 106676 176500 0 0 0 1 46263 70539 1 3 95 0
980 1363703623 !  1 0 0 124634928 106692 176504 0 0 0 6 46279 70449 1 4 95 0
981 1363703635 !  0 0 0 124627824 106708 176508 0 0 0 1 46479 70378 1 3 95 0
982 1363703647 !  7 0 0 124621728 106724 176512 0 0 0 1 46407 70472 1 3 95 0
983 1363703659 !  1 0 0 124615880 106748 176508 0 0 0 6 46293 70821 1 3 96 0
984 1363703671 !  6 0 0 124611408 106756 176520 0 0 0 1 46490 70684 1 3 95 0
985 1363703683 !  4 0 0 124606160 106780 176516 0 0 0 6 46542 70778 1 3 95 0
986 1363703695 !  1 0 0 124601336 106796 176528 0 0 0 10 46690 70638 1 4 95 0
987 1363703707 !  2 0 0 124593104 106812 176524 0 0 0 14 46750 70800 1 3 95 0
988 1363703720 !  1 0 0 124588976 106828 176536 0 0 0 6 46718 70847 1 4 95 0
989 1363703732 !  6 0 0 124583888 106848 176532 0 0 0 18 46758 71159 1 3 95 0
990 1363703744 !  1 0 0 124578632 106864 176536 0 0 0 6 46755 70994 1 4 95 0
991 1363703756 !  3 0 0 124573920 106880 176548 0 0 0 8 46970 70953 1 4 95 0
992 1363703768 !  6 0 0 124565840 106896 176548 0 0 0 14 46922 70902 1 4 95 0
993 1363703780 !  1 0 0 124561008 106912 176548 0 0 0 7 46912 71035 1 3 95 0
994 1363703792 !  2 0 0 124556352 106928 176552 0 0 0 7 46944 71190 1 3 95 0
995 1363703804 !  2 0 0 124549576 106936 176564 0 0 0 6 47064 71363 1 4 95 0
996 1363703816 !  3 0 0 124543504 106952 176568 0 0 0 1 47146 71413 1 4 95 0
997 1363703828 !  2 0 0 124539264 106968 176572 0 0 0 1 47096 71272 1 3 95 0
998 1363703840 !  2 0 0 124533200 106984 176576 0 0 0 1 47067 71420 1 3 95 0
999 1363703852 !  5 0 0 124527048 107000 176580 0 0 0 1 47207 71327 1 4 95 0
1000 1363703864 !  3 0 0 124521296 107016 176584 0 0 0 0 47320 71392 1 3 95 0
1001 1363703876 !  3 0 0 124515888 107032 176588 0 0 0 6 47409 71613 1 4 95 0
1002 1363703888 !  1 0 0 124509784 107048 176592 0 0 0 1 47427 71582 1 4 95 0
1003 1363703900 !  3 0 0 124506688 107072 176588 0 0 0 8 47263 71823 1 4 95 0
1004 1363703912 !  3 0 0 124499824 107084 176596 0 0 0 14 47515 71731 1 3 95 0
1005 1363703924 !  4 0 0 124494632 107108 176596 0 0 0 9 47554 72005 1 4 95 0
1006 1363703936 !  4 0 0 124490000 107124 176600 0 0 0 9 47543 71970 1 3 95 0
1007 1363703948 !  3 0 0 124484240 107140 176604 0 0 0 13 47629 72152 1 3 95 0
1008 1363703960 !  7 0 0 124479400 107156 176608 0 0 0 7 47745 72245 1 4 95 0
1009 1363703972 !  2 0 0 124472144 107172 176612 0 0 0 8 47671 72059 1 4 95 0
1010 1363703985 !  1 0 0 124467360 107188 176620 0 0 0 8 47843 72145 1 4 95 0
1011 1363703997 !  1 0 0 124462384 107204 176624 0 0 0 8 47840 72214 1 4 95 0
1012 1363704009 !  2 0 0 124456624 107212 176632 0 0 0 0 47872 72220 1 4 95 0
1013 1363704021 !  1 0 0 124451016 107228 176636 0 0 0 6 48008 72582 1 4 95 0
1014 1363704033 !  4 0 0 124445904 107252 176640 0 0 0 6 47850 72472 1 4 95 0
1015 1363704045 !  1 0 0 124440400 107260 176648 0 0 0 2 48048 72554 1 4 95 0
1016 1363704057 !  2 0 0 124433264 107276 176652 0 0 0 6 48069 72702 1 4 95 0
1017 1363704069 !  8 0 0 124429392 107292 176656 0 0 0 0 48110 72742 1 4 95 0
1018 1363704081 !  3 0 0 124423760 107308 176660 0 0 0 1 48065 72819 1 4 95 0
1019 1363704093 !  4 0 0 124419320 107324 176664 0 0 0 6 48186 72884 1 4 95 0
1020 1363704105 !  1 0 0 124411224 107340 176668 0 0 0 1 48157 73297 1 4 95 0
1021 1363704117 !  3 0 0 124406160 107360 176672 0 0 0 1 48231 73039 1 4 95 0
1022 1363704129 !  3 0 0 124401240 107376 176676 0 0 0 7 48385 73379 1 3 95 0
1023 1363704141 !  1 0 0 124397952 107392 176680 0 0 0 1 48475 72995 1 4 95 0
1024 1363704153 !  2 0 0 124391432 107408 176684 0 0 0 1 48446 73173 1 4 95 0
1025 1363704165 !  1 0 0 124384816 107432 176680 0 0 0 7 48505 73229 1 4 95 0
1026 1363704177 !  5 0 0 124378160 107440 176692 0 0 0 1 48521 73204 1 4 95 0
1027 1363704189 !  3 0 0 124374224 107464 176692 0 0 0 6 48554 73334 1 4 95 0
1028 1363704201 !  2 1 0 124368560 107476 176696 0 0 0 11 48581 73503 1 4 95 0
1029 1363704213 !  5 0 0 124363696 107488 176704 0 0 0 0 48686 73470 1 4 95 0
1030 1363704228 !  1 0 0 124357920 107512 176700 0 0 0 7 48780 73637 1 4 95 0
1031 1363704240 !  3 0 0 124352496 107528 176712 0 0 0 8 48790 73715 1 4 95 0
1032 1363704252 !  5 0 0 124345896 107536 176716 0 0 0 1 48819 73588 1 4 95 0
1033 1363704264 !  4 0 0 124340880 107552 176720 0 0 0 0 48951 73689 1 4 95 0
1034 1363704276 !  2 0 0 124335168 107576 176724 0 0 0 15 48993 73719 1 4 95 0
1035 1363704288 !  1 0 0 124329720 107584 176728 0 0 0 1 49013 73779 1 4 95 0
1036 1363704300 !  1 0 0 124325664 107600 176732 0 0 0 1 49087 73830 1 4 95 0
1037 1363704313 !  1 0 0 124317008 107620 176740 0 0 0 14 49230 73962 1 4 95 0
1038 1363704325 !  2 0 0 124312496 107636 176744 0 0 0 1 49109 73984 1 4 95 0
1039 1363704337 !  1 0 0 124308752 107652 176748 0 0 0 2 49134 73987 1 4 95 0
1040 1363704349 !  3 0 0 124303808 107668 176752 0 0 0 10 49247 74039 1 4 95 0
1041 1363704363 !  3 0 0 124298048 107684 176756 0 0 0 1 49283 74244 1 4 95 0
1042 1363704375 !  2 0 0 124294560 107700 176760 0 0 0 0 49215 74331 1 4 95 0
1043 1363704387 !  2 0 0 124285936 107716 176764 0 0 0 1 49259 75039 1 4 95 0
1044 1363704402 !  6 0 0 124280624 107732 176768 0 0 0 1 49399 74379 1 4 95 0
1045 1363704414 !  2 0 0 124276480 107748 176772 0 0 0 1 49460 74355 1 4 95 0
1046 1363704428 !  4 0 0 124271312 107772 176776 0 0 0 6 49588 74404 1 4 95 0
1047 1363704440 !  2 0 0 124266640 107780 176780 0 0 0 0 49585 74486 1 4 95 0
1048 1363704453 !  6 0 0 124261576 107796 176784 0 0 0 2 49571 74492 1 4 95 0
1049 1363704465 !  2 0 0 124255776 107812 176788 0 0 0 1 49619 74615 1 4 95 0
1050 1363704479 !  2 0 0 124247872 107828 176792 0 0 0 1 49625 74651 1 4 95 0
1051 1363704491 !  4 0 0 124242808 107844 176796 0 0 0 6 49698 74794 1 4 95 0
1052 1363704503 !  6 1 0 124238120 107860 176800 0 0 0 7 49720 74900 1 4 95 0
1053 1363704515 !  1 1 0 124233856 107880 176804 0 0 0 7 49797 74997 1 4 95 0
1054 1363704527 !  2 0 0 124227504 107904 176800 0 0 0 16 49876 75037 1 4 95 0
1055 1363704539 !  2 1 0 124223520 107916 176808 0 0 0 6 49941 74922 1 4 95 0
1056 1363704553 !  1 0 0 124218088 107936 176816 0 0 0 6 50023 74993 1 4 95 0
1057 1363704565 !  2 0 0 124210968 107952 176816 0 0 0 7 50059 75043 1 4 95 0
1058 1363704578 !  4 0 0 124205200 107968 176816 0 0 0 8 50037 75443 1 4 95 0
1059 1363704590 !  0 0 0 124201328 107984 176820 0 0 0 9 50138 75108 1 4 95 0
1060 1363704603 !  5 0 0 124195056 107992 176832 0 0 0 6 50250 75248 1 4 95 0
1061 1363704615 !  2 0 0 124189816 108016 176828 0 0 0 7 50248 75295 1 4 95 0
1062 1363704628 !  4 0 0 124182512 108024 176840 0 0 0 2 50294 75354 1 4 95 0
1063 1363704641 !  6 0 0 124178016 108040 176844 0 0 0 1 50331 75565 1 4 95 0
1064 1363704655 !  5 0 0 124173440 108064 176848 0 0 0 6 50445 75627 1 4 95 0
1065 1363704668 !  0 0 0 124168704 108080 176844 0 0 0 6 50395 75949 1 4 95 0
1066 1363704680 !  5 0 0 124164152 108096 176856 0 0 0 6 50401 75734 1 4 95 0
1067 1363704693 !  2 0 0 124158520 108104 176864 0 0 0 1 50426 75612 1 4 95 0
1068 1363704706 ! 10 0 0 124153232 108128 176864 0 0 0 12 50520 75685 1 4 95 0
1069 1363704721 !  3 0 0 124148096 108148 176872 0 0 0 10 50746 75878 1 4 95 0
1070 1363704735 !  3 0 0 124141600 108156 176876 0 0 0 1 50203 76896 1 4 95 0
1071 1363704747 !  6 0 0 124135912 108172 176880 0 0 0 0 50697 75870 1 4 95 0
1072 1363704761 !  1 0 0 124130648 108196 176884 0 0 0 6 50808 75826 1 4 95 0
1073 1363704774 !  5 0 0 124126128 108204 176888 0 0 0 6 50865 76197 1 4 95 0
1074 1363704789 !  2 0 0 124121584 108228 176892 0 0 0 6 50919 75951 1 4 95 0
1075 1363704803 !  2 0 0 124117488 108244 176896 0 0 0 6 50789 76290 1 4 95 0
1076 1363704815 !  3 0 0 124112496 108252 176900 0 0 0 0 50940 76075 1 4 95 0
1077 1363704829 !  2 0 0 124107696 108268 176904 0 0 0 1 50820 76736 1 4 95 0
1078 1363704841 !  4 0 0 124102040 108284 176908 0 0 0 4 51127 76217 1 4 95 0
1079 1363704857 !  2 0 0 124096688 108308 176912 0 0 0 6 51098 76611 1 4 95 0
1080 1363704870 !  2 0 0 124089152 108316 176916 0 0 0 0 51170 76550 1 4 95 0
1081 1363704882 !  4 0 0 124084776 108332 176920 0 0 0 0 51219 76475 1 4 95 0
1082 1363704894 !  0 0 0 124078784 108348 176924 0 0 0 1 51189 76464 1 4 95 0
1083 1363704906 !  4 0 0 124072296 108364 176928 0 0 0 1 51323 76488 1 4 95 0
1084 1363704920 !  1 0 0 124069168 108388 176924 0 0 0 6 51156 76909 1 4 95 0
1085 1363704933 !  4 0 0 124066496 108400 176936 0 0 0 1 51340 76759 1 4 95 0
1086 1363704945 !  3 0 0 124061040 108416 176940 0 0 0 4 51430 76714 1 4 95 0
1087 1363704960 !  5 0 0 124052816 108432 176944 0 0 0 2 51184 77388 1 4 95 0
1088 1363704972 !  3 0 0 124046408 108448 176948 0 0 0 1 51421 77036 1 4 95 0
1089 1363704985 !  4 0 0 124042848 108472 176952 0 0 0 10 51605 77011 1 4 95 0
1090 1363704998 !  1 0 0 124037480 108480 176956 0 0 0 1 51735 76975 1 4 95 0
1091 1363705010 !  2 0 0 124032496 108496 176960 0 0 0 0 51668 77086 1 4 95 0
1092 1363705024 !  4 0 0 124029008 108520 176956 0 0 0 7 43398 61904 1 28 71 0
1093 1363705036 !  6 0 0 124021664 108528 176968 0 0 0 1 51692 77177 1 4 95 0
1094 1363705051 !  0 0 0 124014976 108552 176972 0 0 0 10 51782 78840 1 5 94 0
1095 1363705066 !  6 0 0 124009632 108568 176972 0 0 0 6 51957 78638 1 4 94 0
1096 1363705078 !  5 0 0 124004576 108576 176980 0 0 0 0 51940 77411 1 4 95 0
1097 1363705091 !  2 0 0 123999056 108600 176976 0 0 0 6 51998 77401 1 4 95 0
1098 1363705105 !  6 0 0 123994576 108608 176988 0 0 0 1 51944 77636 1 4 95 0
1099 1363705119 !  2 0 0 123990464 108632 176992 0 0 0 7 52093 77618 1 4 95 0
1100 1363705133 !  4 0 0 123983488 108648 176996 0 0 0 6 52131 77585 1 4 95 0
1101 1363705145 !  1 0 0 123977016 108668 176992 0 0 0 7 52250 78017 1 4 95 0
1102 1363705159 !  2 0 0 123972160 108684 177000 0 0 0 7 52208 77903 1 4 95 0
1103 1363705172 !  1 0 0 123967568 108700 177008 0 0 0 6 52187 77652 1 4 95 0
1104 1363705185 !  5 0 0 123963920 108708 177012 0 0 0 1 52268 78116 2 4 95 0
1105 1363705199 !  4 0 0 123957256 108732 177012 0 0 0 7 52393 77916 1 4 95 0
1106 1363705212 !  4 0 0 123952544 108748 177020 0 0 0 6 52328 78366 1 4 95 0
1107 1363705225 !  0 0 0 123947640 108764 177016 0 0 0 7 52604 78196 2 4 94 0
1108 1363705241 !  1 0 0 123941200 108780 177024 0 0 0 7 52102 78925 1 4 95 0
