
Profiling started at Mon May 13 10:43:51 2013
Profiling stopped at Mon May 13 10:43:51 2013

-- OProfile/operf Statistics --
Nr. non-backtrace samples: 0
Nr. kernel samples: 0
Nr. user space samples: 0
Nr. samples lost due to sample address not in expected range for domain: 0
Nr. lost kernel samples: 0
Nr. samples lost due to sample file open failure: 0
Nr. samples lost due to no permanent mapping: 0
Nr. user context kernel samples lost due to no app info available: 0
Nr. user samples lost due to no app info available: 0
Nr. backtraces skipped due to no file mapping: 0
Nr. hypervisor samples dropped due to address out-of-range: 0
Nr. samples lost reported by perf_events kernel: 0

Profiling started at Mon May 13 10:47:43 2013
Profiling stopped at Mon May 13 10:47:43 2013

-- OProfile/operf Statistics --
Nr. non-backtrace samples: 0
Nr. kernel samples: 0
Nr. user space samples: 0
Nr. samples lost due to sample address not in expected range for domain: 0
Nr. lost kernel samples: 0
Nr. samples lost due to sample file open failure: 0
Nr. samples lost due to no permanent mapping: 0
Nr. user context kernel samples lost due to no app info available: 0
Nr. user samples lost due to no app info available: 0
Nr. backtraces skipped due to no file mapping: 0
Nr. hypervisor samples dropped due to address out-of-range: 0
Nr. samples lost reported by perf_events kernel: 0

Profiling started at Mon May 13 10:48:58 2013
Profiling stopped at Mon May 13 10:51:40 2013

-- OProfile/operf Statistics --
Nr. non-backtrace samples: 1777604
Nr. kernel samples: 1665974
Nr. user space samples: 111630
Nr. samples lost due to sample address not in expected range for domain: 0
Nr. lost kernel samples: 0
Nr. samples lost due to sample file open failure: 0
Nr. samples lost due to no permanent mapping: 0
Nr. user context kernel samples lost due to no app info available: 0
Nr. user samples lost due to no app info available: 0
Nr. backtraces skipped due to no file mapping: 0
Nr. hypervisor samples dropped due to address out-of-range: 0
Nr. samples lost reported by perf_events kernel: 0

Profiling started at Mon May 13 11:06:54 2013
Profiling stopped at Mon May 13 11:06:54 2013

-- OProfile/operf Statistics --
Nr. non-backtrace samples: 0
Nr. kernel samples: 0
Nr. user space samples: 0
Nr. samples lost due to sample address not in expected range for domain: 0
Nr. lost kernel samples: 0
Nr. samples lost due to sample file open failure: 0
Nr. samples lost due to no permanent mapping: 0
Nr. user context kernel samples lost due to no app info available: 0
Nr. user samples lost due to no app info available: 0
Nr. backtraces skipped due to no file mapping: 0
Nr. hypervisor samples dropped due to address out-of-range: 0
Nr. samples lost reported by perf_events kernel: 0

Profiling started at Mon May 13 11:09:14 2013
Profiling stopped at Mon May 13 11:11:21 2013

-- OProfile/operf Statistics --
Nr. non-backtrace samples: 1963234
Nr. kernel samples: 1852465
Nr. user space samples: 110769
Nr. samples lost due to sample address not in expected range for domain: 0
Nr. lost kernel samples: 0
Nr. samples lost due to sample file open failure: 0
Nr. samples lost due to no permanent mapping: 0
Nr. user context kernel samples lost due to no app info available: 0
Nr. user samples lost due to no app info available: 0
Nr. backtraces skipped due to no file mapping: 0
Nr. hypervisor samples dropped due to address out-of-range: 0
Nr. samples lost reported by perf_events kernel: 0

Profiling started at Mon May 13 11:11:35 2013
Profiling stopped at Mon May 13 11:13:00 2013

-- OProfile/operf Statistics --
Nr. non-backtrace samples: 1249971
Nr. kernel samples: 1155928
Nr. user space samples: 94043
Nr. samples lost due to sample address not in expected range for domain: 0
Nr. lost kernel samples: 0
Nr. samples lost due to sample file open failure: 0
Nr. samples lost due to no permanent mapping: 0
Nr. user context kernel samples lost due to no app info available: 0
Nr. user samples lost due to no app info available: 0
Nr. backtraces skipped due to no file mapping: 0
Nr. hypervisor samples dropped due to address out-of-range: 0
Nr. samples lost reported by perf_events kernel: 0

Profiling started at Mon May 13 11:14:45 2013
Profiling stopped at Mon May 13 11:16:06 2013

-- OProfile/operf Statistics --
Nr. non-backtrace samples: 1062753
Nr. kernel samples: 967194
Nr. user space samples: 95559
Nr. samples lost due to sample address not in expected range for domain: 0
Nr. lost kernel samples: 0
Nr. samples lost due to sample file open failure: 0
Nr. samples lost due to no permanent mapping: 0
Nr. user context kernel samples lost due to no app info available: 0
Nr. user samples lost due to no app info available: 0
Nr. backtraces skipped due to no file mapping: 0
Nr. hypervisor samples dropped due to address out-of-range: 0
Nr. samples lost reported by perf_events kernel: 0
